{"E:\\Luu_Tru_Code\\HOCTRENTRUONG\\LapTrinhDiDong\\E_LEARNING\\frontend\\api\\assignment.api.ts": {"path":"E:\\Luu_Tru_Code\\HOCTRENTRUONG\\LapTrinhDiDong\\E_LEARNING\\frontend\\api\\assignment.api.ts","statementMap":{"0":{"start":{"line":3,"column":16},"end":{"line":3,"column":33}},"1":{"start":{"line":6,"column":38},"end":{"line":9,"column":1}},"2":{"start":{"line":7,"column":2},"end":{"line":7,"column":57}},"3":{"start":{"line":8,"column":2},"end":{"line":8,"column":50}},"4":{"start":{"line":12,"column":33},"end":{"line":15,"column":1}},"5":{"start":{"line":13,"column":2},"end":{"line":13,"column":44}},"6":{"start":{"line":14,"column":2},"end":{"line":14,"column":37}},"7":{"start":{"line":18,"column":32},"end":{"line":28,"column":1}},"8":{"start":{"line":26,"column":2},"end":{"line":26,"column":43}},"9":{"start":{"line":27,"column":2},"end":{"line":27,"column":33}},"10":{"start":{"line":31,"column":32},"end":{"line":44,"column":1}},"11":{"start":{"line":42,"column":2},"end":{"line":42,"column":50}},"12":{"start":{"line":43,"column":2},"end":{"line":43,"column":43}},"13":{"start":{"line":47,"column":32},"end":{"line":50,"column":1}},"14":{"start":{"line":48,"column":2},"end":{"line":48,"column":47}},"15":{"start":{"line":49,"column":2},"end":{"line":49,"column":40}}},"fnMap":{"0":{"name":"(anonymous_0)","decl":{"start":{"line":6,"column":38},"end":{"line":6,"column":39}},"loc":{"start":{"line":6,"column":60},"end":{"line":9,"column":1}},"line":6},"1":{"name":"(anonymous_1)","decl":{"start":{"line":12,"column":33},"end":{"line":12,"column":34}},"loc":{"start":{"line":12,"column":49},"end":{"line":15,"column":1}},"line":12},"2":{"name":"(anonymous_2)","decl":{"start":{"line":18,"column":32},"end":{"line":18,"column":33}},"loc":{"start":{"line":25,"column":6},"end":{"line":28,"column":1}},"line":25},"3":{"name":"(anonymous_3)","decl":{"start":{"line":31,"column":32},"end":{"line":31,"column":33}},"loc":{"start":{"line":41,"column":5},"end":{"line":44,"column":1}},"line":41},"4":{"name":"(anonymous_4)","decl":{"start":{"line":47,"column":32},"end":{"line":47,"column":33}},"loc":{"start":{"line":47,"column":48},"end":{"line":50,"column":1}},"line":47}},"branchMap":{},"s":{"0":0,"1":0,"2":0,"3":0,"4":0,"5":0,"6":0,"7":0,"8":0,"9":0,"10":0,"11":0,"12":0,"13":0,"14":0,"15":0},"f":{"0":0,"1":0,"2":0,"3":0,"4":0},"b":{}}
,"E:\\Luu_Tru_Code\\HOCTRENTRUONG\\LapTrinhDiDong\\E_LEARNING\\frontend\\api\\auth.api.ts": {"path":"E:\\Luu_Tru_Code\\HOCTRENTRUONG\\LapTrinhDiDong\\E_LEARNING\\frontend\\api\\auth.api.ts","statementMap":{"0":{"start":{"line":3,"column":16},"end":{"line":3,"column":27}},"1":{"start":{"line":5,"column":27},"end":{"line":6,"column":60}},"2":{"start":{"line":6,"column":2},"end":{"line":6,"column":60}},"3":{"start":{"line":8,"column":26},"end":{"line":9,"column":60}},"4":{"start":{"line":9,"column":2},"end":{"line":9,"column":60}},"5":{"start":{"line":11,"column":28},"end":{"line":12,"column":67}},"6":{"start":{"line":12,"column":2},"end":{"line":12,"column":67}},"7":{"start":{"line":14,"column":24},"end":{"line":15,"column":51}},"8":{"start":{"line":15,"column":2},"end":{"line":15,"column":51}},"9":{"start":{"line":17,"column":24},"end":{"line":17,"column":54}},"10":{"start":{"line":17,"column":30},"end":{"line":17,"column":54}},"11":{"start":{"line":18,"column":25},"end":{"line":18,"column":60}},"12":{"start":{"line":18,"column":31},"end":{"line":18,"column":60}}},"fnMap":{"0":{"name":"(anonymous_0)","decl":{"start":{"line":5,"column":27},"end":{"line":5,"column":28}},"loc":{"start":{"line":6,"column":2},"end":{"line":6,"column":60}},"line":6},"1":{"name":"(anonymous_1)","decl":{"start":{"line":8,"column":26},"end":{"line":8,"column":27}},"loc":{"start":{"line":9,"column":2},"end":{"line":9,"column":60}},"line":9},"2":{"name":"(anonymous_2)","decl":{"start":{"line":11,"column":28},"end":{"line":11,"column":29}},"loc":{"start":{"line":12,"column":2},"end":{"line":12,"column":67}},"line":12},"3":{"name":"(anonymous_3)","decl":{"start":{"line":14,"column":24},"end":{"line":14,"column":25}},"loc":{"start":{"line":15,"column":2},"end":{"line":15,"column":51}},"line":15},"4":{"name":"(anonymous_4)","decl":{"start":{"line":17,"column":24},"end":{"line":17,"column":25}},"loc":{"start":{"line":17,"column":30},"end":{"line":17,"column":54}},"line":17},"5":{"name":"(anonymous_5)","decl":{"start":{"line":18,"column":25},"end":{"line":18,"column":26}},"loc":{"start":{"line":18,"column":31},"end":{"line":18,"column":60}},"line":18}},"branchMap":{},"s":{"0":0,"1":0,"2":0,"3":0,"4":0,"5":0,"6":0,"7":0,"8":0,"9":0,"10":0,"11":0,"12":0},"f":{"0":0,"1":0,"2":0,"3":0,"4":0,"5":0},"b":{}}
,"E:\\Luu_Tru_Code\\HOCTRENTRUONG\\LapTrinhDiDong\\E_LEARNING\\frontend\\api\\classmember.api.ts": {"path":"E:\\Luu_Tru_Code\\HOCTRENTRUONG\\LapTrinhDiDong\\E_LEARNING\\frontend\\api\\classmember.api.ts","statementMap":{"0":{"start":{"line":3,"column":16},"end":{"line":3,"column":34}},"1":{"start":{"line":4,"column":19},"end":{"line":4,"column":48}},"2":{"start":{"line":6,"column":30},"end":{"line":66,"column":1}},"3":{"start":{"line":9,"column":4},"end":{"line":9,"column":38}},"4":{"start":{"line":10,"column":4},"end":{"line":10,"column":28}},"5":{"start":{"line":15,"column":4},"end":{"line":15,"column":67}},"6":{"start":{"line":16,"column":4},"end":{"line":16,"column":57}},"7":{"start":{"line":21,"column":4},"end":{"line":21,"column":54}},"8":{"start":{"line":22,"column":4},"end":{"line":22,"column":44}},"9":{"start":{"line":27,"column":4},"end":{"line":27,"column":66}},"10":{"start":{"line":28,"column":4},"end":{"line":28,"column":56}},"11":{"start":{"line":33,"column":4},"end":{"line":33,"column":49}},"12":{"start":{"line":34,"column":4},"end":{"line":34,"column":39}},"13":{"start":{"line":39,"column":4},"end":{"line":39,"column":48}},"14":{"start":{"line":40,"column":4},"end":{"line":40,"column":38}},"15":{"start":{"line":45,"column":4},"end":{"line":45,"column":53}},"16":{"start":{"line":46,"column":4},"end":{"line":46,"column":43}},"17":{"start":{"line":51,"column":4},"end":{"line":51,"column":41}},"18":{"start":{"line":52,"column":4},"end":{"line":52,"column":31}},"19":{"start":{"line":57,"column":4},"end":{"line":57,"column":48}},"20":{"start":{"line":58,"column":4},"end":{"line":58,"column":38}},"21":{"start":{"line":62,"column":4},"end":{"line":62,"column":72}},"22":{"start":{"line":63,"column":4},"end":{"line":63,"column":62}}},"fnMap":{"0":{"name":"(anonymous_0)","decl":{"start":{"line":8,"column":21},"end":{"line":8,"column":22}},"loc":{"start":{"line":8,"column":27},"end":{"line":11,"column":3}},"line":8},"1":{"name":"(anonymous_1)","decl":{"start":{"line":14,"column":15},"end":{"line":14,"column":16}},"loc":{"start":{"line":14,"column":35},"end":{"line":17,"column":3}},"line":14},"2":{"name":"(anonymous_2)","decl":{"start":{"line":20,"column":13},"end":{"line":20,"column":14}},"loc":{"start":{"line":20,"column":36},"end":{"line":23,"column":3}},"line":20},"3":{"name":"(anonymous_3)","decl":{"start":{"line":26,"column":16},"end":{"line":26,"column":17}},"loc":{"start":{"line":26,"column":39},"end":{"line":29,"column":3}},"line":26},"4":{"name":"(anonymous_4)","decl":{"start":{"line":32,"column":23},"end":{"line":32,"column":24}},"loc":{"start":{"line":32,"column":29},"end":{"line":35,"column":3}},"line":32},"5":{"name":"(anonymous_5)","decl":{"start":{"line":38,"column":14},"end":{"line":38,"column":15}},"loc":{"start":{"line":38,"column":20},"end":{"line":41,"column":3}},"line":38},"6":{"name":"(anonymous_6)","decl":{"start":{"line":44,"column":22},"end":{"line":44,"column":23}},"loc":{"start":{"line":44,"column":28},"end":{"line":47,"column":3}},"line":44},"7":{"name":"(anonymous_7)","decl":{"start":{"line":50,"column":23},"end":{"line":50,"column":24}},"loc":{"start":{"line":50,"column":29},"end":{"line":53,"column":3}},"line":50},"8":{"name":"(anonymous_8)","decl":{"start":{"line":56,"column":15},"end":{"line":56,"column":16}},"loc":{"start":{"line":56,"column":21},"end":{"line":59,"column":3}},"line":56},"9":{"name":"(anonymous_9)","decl":{"start":{"line":61,"column":23},"end":{"line":61,"column":24}},"loc":{"start":{"line":61,"column":45},"end":{"line":64,"column":3}},"line":61}},"branchMap":{},"s":{"0":0,"1":0,"2":0,"3":0,"4":0,"5":0,"6":0,"7":0,"8":0,"9":0,"10":0,"11":0,"12":0,"13":0,"14":0,"15":0,"16":0,"17":0,"18":0,"19":0,"20":0,"21":0,"22":0},"f":{"0":0,"1":0,"2":0,"3":0,"4":0,"5":0,"6":0,"7":0,"8":0,"9":0},"b":{}}
,"E:\\Luu_Tru_Code\\HOCTRENTRUONG\\LapTrinhDiDong\\E_LEARNING\\frontend\\api\\course.api.ts": {"path":"E:\\Luu_Tru_Code\\HOCTRENTRUONG\\LapTrinhDiDong\\E_LEARNING\\frontend\\api\\course.api.ts","statementMap":{"0":{"start":{"line":4,"column":16},"end":{"line":4,"column":29}},"1":{"start":{"line":8,"column":37},"end":{"line":10,"column":1}},"2":{"start":{"line":9,"column":2},"end":{"line":9,"column":41}},"3":{"start":{"line":13,"column":37},"end":{"line":15,"column":1}},"4":{"start":{"line":14,"column":2},"end":{"line":14,"column":43}},"5":{"start":{"line":18,"column":31},"end":{"line":20,"column":1}},"6":{"start":{"line":19,"column":2},"end":{"line":19,"column":33}},"7":{"start":{"line":23,"column":31},"end":{"line":25,"column":1}},"8":{"start":{"line":24,"column":2},"end":{"line":24,"column":43}},"9":{"start":{"line":28,"column":31},"end":{"line":30,"column":1}},"10":{"start":{"line":29,"column":2},"end":{"line":29,"column":40}},"11":{"start":{"line":34,"column":39},"end":{"line":36,"column":1}},"12":{"start":{"line":35,"column":2},"end":{"line":35,"column":43}},"13":{"start":{"line":39,"column":39},"end":{"line":41,"column":1}},"14":{"start":{"line":40,"column":2},"end":{"line":40,"column":45}},"15":{"start":{"line":44,"column":39},"end":{"line":46,"column":1}},"16":{"start":{"line":45,"column":2},"end":{"line":45,"column":47}},"17":{"start":{"line":50,"column":39},"end":{"line":52,"column":1}},"18":{"start":{"line":51,"column":2},"end":{"line":51,"column":50}},"19":{"start":{"line":55,"column":39},"end":{"line":57,"column":1}},"20":{"start":{"line":56,"column":2},"end":{"line":56,"column":52}}},"fnMap":{"0":{"name":"(anonymous_0)","decl":{"start":{"line":8,"column":37},"end":{"line":8,"column":38}},"loc":{"start":{"line":8,"column":43},"end":{"line":10,"column":1}},"line":8},"1":{"name":"(anonymous_1)","decl":{"start":{"line":13,"column":37},"end":{"line":13,"column":38}},"loc":{"start":{"line":13,"column":53},"end":{"line":15,"column":1}},"line":13},"2":{"name":"(anonymous_2)","decl":{"start":{"line":18,"column":31},"end":{"line":18,"column":32}},"loc":{"start":{"line":18,"column":46},"end":{"line":20,"column":1}},"line":18},"3":{"name":"(anonymous_3)","decl":{"start":{"line":23,"column":31},"end":{"line":23,"column":32}},"loc":{"start":{"line":23,"column":58},"end":{"line":25,"column":1}},"line":23},"4":{"name":"(anonymous_4)","decl":{"start":{"line":28,"column":31},"end":{"line":28,"column":32}},"loc":{"start":{"line":28,"column":47},"end":{"line":30,"column":1}},"line":28},"5":{"name":"(anonymous_5)","decl":{"start":{"line":34,"column":39},"end":{"line":34,"column":40}},"loc":{"start":{"line":34,"column":45},"end":{"line":36,"column":1}},"line":34},"6":{"name":"(anonymous_6)","decl":{"start":{"line":39,"column":39},"end":{"line":39,"column":40}},"loc":{"start":{"line":39,"column":55},"end":{"line":41,"column":1}},"line":39},"7":{"name":"(anonymous_7)","decl":{"start":{"line":44,"column":39},"end":{"line":44,"column":40}},"loc":{"start":{"line":44,"column":45},"end":{"line":46,"column":1}},"line":44},"8":{"name":"(anonymous_8)","decl":{"start":{"line":50,"column":39},"end":{"line":50,"column":40}},"loc":{"start":{"line":50,"column":45},"end":{"line":52,"column":1}},"line":50},"9":{"name":"(anonymous_9)","decl":{"start":{"line":55,"column":39},"end":{"line":55,"column":40}},"loc":{"start":{"line":55,"column":55},"end":{"line":57,"column":1}},"line":55}},"branchMap":{},"s":{"0":0,"1":0,"2":0,"3":0,"4":0,"5":0,"6":0,"7":0,"8":0,"9":0,"10":0,"11":0,"12":0,"13":0,"14":0,"15":0,"16":0,"17":0,"18":0,"19":0,"20":0},"f":{"0":0,"1":0,"2":0,"3":0,"4":0,"5":0,"6":0,"7":0,"8":0,"9":0},"b":{}}
,"E:\\Luu_Tru_Code\\HOCTRENTRUONG\\LapTrinhDiDong\\E_LEARNING\\frontend\\api\\courseschedule.api.ts": {"path":"E:\\Luu_Tru_Code\\HOCTRENTRUONG\\LapTrinhDiDong\\E_LEARNING\\frontend\\api\\courseschedule.api.ts","statementMap":{"0":{"start":{"line":3,"column":16},"end":{"line":3,"column":38}},"1":{"start":{"line":7,"column":45},"end":{"line":9,"column":1}},"2":{"start":{"line":8,"column":2},"end":{"line":8,"column":31}},"3":{"start":{"line":12,"column":45},"end":{"line":14,"column":1}},"4":{"start":{"line":13,"column":2},"end":{"line":13,"column":37}},"5":{"start":{"line":17,"column":39},"end":{"line":19,"column":1}},"6":{"start":{"line":18,"column":2},"end":{"line":18,"column":43}},"7":{"start":{"line":22,"column":39},"end":{"line":24,"column":1}},"8":{"start":{"line":23,"column":2},"end":{"line":23,"column":40}},"9":{"start":{"line":28,"column":46},"end":{"line":30,"column":1}},"10":{"start":{"line":29,"column":2},"end":{"line":29,"column":52}},"11":{"start":{"line":34,"column":40},"end":{"line":39,"column":1}},"12":{"start":{"line":35,"column":2},"end":{"line":37,"column":3}},"13":{"start":{"line":36,"column":4},"end":{"line":36,"column":89}},"14":{"start":{"line":38,"column":2},"end":{"line":38,"column":65}},"15":{"start":{"line":42,"column":55},"end":{"line":44,"column":1}},"16":{"start":{"line":43,"column":2},"end":{"line":43,"column":71}}},"fnMap":{"0":{"name":"(anonymous_0)","decl":{"start":{"line":7,"column":45},"end":{"line":7,"column":46}},"loc":{"start":{"line":7,"column":51},"end":{"line":9,"column":1}},"line":7},"1":{"name":"(anonymous_1)","decl":{"start":{"line":12,"column":45},"end":{"line":12,"column":46}},"loc":{"start":{"line":12,"column":61},"end":{"line":14,"column":1}},"line":12},"2":{"name":"(anonymous_2)","decl":{"start":{"line":17,"column":39},"end":{"line":17,"column":40}},"loc":{"start":{"line":17,"column":66},"end":{"line":19,"column":1}},"line":17},"3":{"name":"(anonymous_3)","decl":{"start":{"line":22,"column":39},"end":{"line":22,"column":40}},"loc":{"start":{"line":22,"column":55},"end":{"line":24,"column":1}},"line":22},"4":{"name":"(anonymous_4)","decl":{"start":{"line":28,"column":46},"end":{"line":28,"column":47}},"loc":{"start":{"line":28,"column":52},"end":{"line":30,"column":1}},"line":28},"5":{"name":"(anonymous_5)","decl":{"start":{"line":34,"column":40},"end":{"line":34,"column":41}},"loc":{"start":{"line":34,"column":63},"end":{"line":39,"column":1}},"line":34},"6":{"name":"(anonymous_6)","decl":{"start":{"line":42,"column":55},"end":{"line":42,"column":56}},"loc":{"start":{"line":42,"column":96},"end":{"line":44,"column":1}},"line":42}},"branchMap":{"0":{"loc":{"start":{"line":35,"column":2},"end":{"line":37,"column":3}},"type":"if","locations":[{"start":{"line":35,"column":2},"end":{"line":37,"column":3}},{"start":{},"end":{}}],"line":35}},"s":{"0":0,"1":0,"2":0,"3":0,"4":0,"5":0,"6":0,"7":0,"8":0,"9":0,"10":0,"11":0,"12":0,"13":0,"14":0,"15":0,"16":0},"f":{"0":0,"1":0,"2":0,"3":0,"4":0,"5":0,"6":0},"b":{"0":[0,0]}}
,"E:\\Luu_Tru_Code\\HOCTRENTRUONG\\LapTrinhDiDong\\E_LEARNING\\frontend\\api\\lesson.api.ts": {"path":"E:\\Luu_Tru_Code\\HOCTRENTRUONG\\LapTrinhDiDong\\E_LEARNING\\frontend\\api\\lesson.api.ts","statementMap":{"0":{"start":{"line":4,"column":17},"end":{"line":4,"column":30}},"1":{"start":{"line":10,"column":29},"end":{"line":11,"column":46}},"2":{"start":{"line":11,"column":2},"end":{"line":11,"column":46}},"3":{"start":{"line":16,"column":35},"end":{"line":17,"column":32}},"4":{"start":{"line":17,"column":2},"end":{"line":17,"column":32}},"5":{"start":{"line":23,"column":29},"end":{"line":24,"column":36}},"6":{"start":{"line":24,"column":2},"end":{"line":24,"column":36}},"7":{"start":{"line":30,"column":28},"end":{"line":33,"column":4}},"8":{"start":{"line":31,"column":2},"end":{"line":33,"column":4}},"9":{"start":{"line":40,"column":28},"end":{"line":43,"column":4}},"10":{"start":{"line":41,"column":2},"end":{"line":43,"column":4}},"11":{"start":{"line":49,"column":28},"end":{"line":50,"column":39}},"12":{"start":{"line":50,"column":2},"end":{"line":50,"column":39}}},"fnMap":{"0":{"name":"(anonymous_0)","decl":{"start":{"line":10,"column":29},"end":{"line":10,"column":30}},"loc":{"start":{"line":11,"column":2},"end":{"line":11,"column":46}},"line":11},"1":{"name":"(anonymous_1)","decl":{"start":{"line":16,"column":35},"end":{"line":16,"column":36}},"loc":{"start":{"line":17,"column":2},"end":{"line":17,"column":32}},"line":17},"2":{"name":"(anonymous_2)","decl":{"start":{"line":23,"column":29},"end":{"line":23,"column":30}},"loc":{"start":{"line":24,"column":2},"end":{"line":24,"column":36}},"line":24},"3":{"name":"(anonymous_3)","decl":{"start":{"line":30,"column":28},"end":{"line":30,"column":29}},"loc":{"start":{"line":31,"column":2},"end":{"line":33,"column":4}},"line":31},"4":{"name":"(anonymous_4)","decl":{"start":{"line":40,"column":28},"end":{"line":40,"column":29}},"loc":{"start":{"line":41,"column":2},"end":{"line":43,"column":4}},"line":41},"5":{"name":"(anonymous_5)","decl":{"start":{"line":49,"column":28},"end":{"line":49,"column":29}},"loc":{"start":{"line":50,"column":2},"end":{"line":50,"column":39}},"line":50}},"branchMap":{},"s":{"0":0,"1":0,"2":0,"3":0,"4":0,"5":0,"6":0,"7":0,"8":0,"9":0,"10":0,"11":0,"12":0},"f":{"0":0,"1":0,"2":0,"3":0,"4":0,"5":0},"b":{}}
,"E:\\Luu_Tru_Code\\HOCTRENTRUONG\\LapTrinhDiDong\\E_LEARNING\\frontend\\api\\registercourse.api.ts": {"path":"E:\\Luu_Tru_Code\\HOCTRENTRUONG\\LapTrinhDiDong\\E_LEARNING\\frontend\\api\\registercourse.api.ts","statementMap":{"0":{"start":{"line":3,"column":16},"end":{"line":3,"column":37}},"1":{"start":{"line":5,"column":33},"end":{"line":39,"column":1}},"2":{"start":{"line":13,"column":4},"end":{"line":13,"column":45}},"3":{"start":{"line":14,"column":4},"end":{"line":14,"column":35}},"4":{"start":{"line":19,"column":4},"end":{"line":19,"column":38}},"5":{"start":{"line":20,"column":4},"end":{"line":20,"column":28}},"6":{"start":{"line":30,"column":4},"end":{"line":30,"column":61}},"7":{"start":{"line":31,"column":4},"end":{"line":31,"column":51}},"8":{"start":{"line":36,"column":4},"end":{"line":36,"column":46}},"9":{"start":{"line":37,"column":4},"end":{"line":37,"column":36}}},"fnMap":{"0":{"name":"(anonymous_0)","decl":{"start":{"line":7,"column":16},"end":{"line":7,"column":17}},"loc":{"start":{"line":12,"column":8},"end":{"line":15,"column":3}},"line":12},"1":{"name":"(anonymous_1)","decl":{"start":{"line":18,"column":10},"end":{"line":18,"column":11}},"loc":{"start":{"line":18,"column":16},"end":{"line":21,"column":3}},"line":18},"2":{"name":"(anonymous_2)","decl":{"start":{"line":24,"column":22},"end":{"line":24,"column":23}},"loc":{"start":{"line":29,"column":8},"end":{"line":32,"column":3}},"line":29},"3":{"name":"(anonymous_3)","decl":{"start":{"line":35,"column":23},"end":{"line":35,"column":24}},"loc":{"start":{"line":35,"column":29},"end":{"line":38,"column":3}},"line":35}},"branchMap":{},"s":{"0":0,"1":0,"2":0,"3":0,"4":0,"5":0,"6":0,"7":0,"8":0,"9":0},"f":{"0":0,"1":0,"2":0,"3":0},"b":{}}
,"E:\\Luu_Tru_Code\\HOCTRENTRUONG\\LapTrinhDiDong\\E_LEARNING\\frontend\\api\\subject.api.ts": {"path":"E:\\Luu_Tru_Code\\HOCTRENTRUONG\\LapTrinhDiDong\\E_LEARNING\\frontend\\api\\subject.api.ts","statementMap":{"0":{"start":{"line":4,"column":16},"end":{"line":4,"column":31}},"1":{"start":{"line":7,"column":32},"end":{"line":9,"column":1}},"2":{"start":{"line":8,"column":2},"end":{"line":8,"column":33}},"3":{"start":{"line":12,"column":33},"end":{"line":14,"column":1}},"4":{"start":{"line":13,"column":2},"end":{"line":13,"column":26}},"5":{"start":{"line":17,"column":33},"end":{"line":19,"column":1}},"6":{"start":{"line":18,"column":2},"end":{"line":18,"column":37}},"7":{"start":{"line":22,"column":32},"end":{"line":24,"column":1}},"8":{"start":{"line":23,"column":2},"end":{"line":23,"column":43}},"9":{"start":{"line":27,"column":32},"end":{"line":29,"column":1}},"10":{"start":{"line":28,"column":2},"end":{"line":28,"column":40}}},"fnMap":{"0":{"name":"(anonymous_0)","decl":{"start":{"line":7,"column":32},"end":{"line":7,"column":33}},"loc":{"start":{"line":7,"column":47},"end":{"line":9,"column":1}},"line":7},"1":{"name":"(anonymous_1)","decl":{"start":{"line":12,"column":33},"end":{"line":12,"column":34}},"loc":{"start":{"line":12,"column":39},"end":{"line":14,"column":1}},"line":12},"2":{"name":"(anonymous_2)","decl":{"start":{"line":17,"column":33},"end":{"line":17,"column":34}},"loc":{"start":{"line":17,"column":49},"end":{"line":19,"column":1}},"line":17},"3":{"name":"(anonymous_3)","decl":{"start":{"line":22,"column":32},"end":{"line":22,"column":33}},"loc":{"start":{"line":22,"column":59},"end":{"line":24,"column":1}},"line":22},"4":{"name":"(anonymous_4)","decl":{"start":{"line":27,"column":32},"end":{"line":27,"column":33}},"loc":{"start":{"line":27,"column":48},"end":{"line":29,"column":1}},"line":27}},"branchMap":{},"s":{"0":1,"1":1,"2":0,"3":1,"4":0,"5":1,"6":0,"7":1,"8":0,"9":1,"10":0},"f":{"0":0,"1":0,"2":0,"3":0,"4":0},"b":{},"_coverageSchema":"1a1c01bbd47fc00a2c39e90264f33305004495a9","hash":"85d27391d607879312a109b2e674ab12baf628f1"}
,"E:\\Luu_Tru_Code\\HOCTRENTRUONG\\LapTrinhDiDong\\E_LEARNING\\frontend\\api\\submission.api.ts": {"path":"E:\\Luu_Tru_Code\\HOCTRENTRUONG\\LapTrinhDiDong\\E_LEARNING\\frontend\\api\\submission.api.ts","statementMap":{"0":{"start":{"line":4,"column":16},"end":{"line":4,"column":33}},"1":{"start":{"line":7,"column":42},"end":{"line":10,"column":1}},"2":{"start":{"line":8,"column":2},"end":{"line":8,"column":65}},"3":{"start":{"line":9,"column":2},"end":{"line":9,"column":58}},"4":{"start":{"line":13,"column":33},"end":{"line":16,"column":1}},"5":{"start":{"line":14,"column":2},"end":{"line":14,"column":44}},"6":{"start":{"line":15,"column":2},"end":{"line":15,"column":37}},"7":{"start":{"line":19,"column":32},"end":{"line":26,"column":1}},"8":{"start":{"line":24,"column":2},"end":{"line":24,"column":43}},"9":{"start":{"line":25,"column":2},"end":{"line":25,"column":33}},"10":{"start":{"line":29,"column":32},"end":{"line":38,"column":1}},"11":{"start":{"line":36,"column":2},"end":{"line":36,"column":50}},"12":{"start":{"line":37,"column":2},"end":{"line":37,"column":43}},"13":{"start":{"line":41,"column":32},"end":{"line":44,"column":1}},"14":{"start":{"line":42,"column":2},"end":{"line":42,"column":47}},"15":{"start":{"line":43,"column":2},"end":{"line":43,"column":40}},"16":{"start":{"line":47,"column":31},"end":{"line":56,"column":1}},"17":{"start":{"line":54,"column":2},"end":{"line":54,"column":56}},"18":{"start":{"line":55,"column":2},"end":{"line":55,"column":49}},"19":{"start":{"line":59,"column":36},"end":{"line":62,"column":1}},"20":{"start":{"line":60,"column":2},"end":{"line":60,"column":41}},"21":{"start":{"line":61,"column":2},"end":{"line":61,"column":34}}},"fnMap":{"0":{"name":"(anonymous_0)","decl":{"start":{"line":7,"column":42},"end":{"line":7,"column":43}},"loc":{"start":{"line":7,"column":68},"end":{"line":10,"column":1}},"line":7},"1":{"name":"(anonymous_1)","decl":{"start":{"line":13,"column":33},"end":{"line":13,"column":34}},"loc":{"start":{"line":13,"column":49},"end":{"line":16,"column":1}},"line":13},"2":{"name":"(anonymous_2)","decl":{"start":{"line":19,"column":32},"end":{"line":19,"column":33}},"loc":{"start":{"line":23,"column":6},"end":{"line":26,"column":1}},"line":23},"3":{"name":"(anonymous_3)","decl":{"start":{"line":29,"column":32},"end":{"line":29,"column":33}},"loc":{"start":{"line":35,"column":5},"end":{"line":38,"column":1}},"line":35},"4":{"name":"(anonymous_4)","decl":{"start":{"line":41,"column":32},"end":{"line":41,"column":33}},"loc":{"start":{"line":41,"column":48},"end":{"line":44,"column":1}},"line":41},"5":{"name":"(anonymous_5)","decl":{"start":{"line":47,"column":31},"end":{"line":47,"column":32}},"loc":{"start":{"line":53,"column":5},"end":{"line":56,"column":1}},"line":53},"6":{"name":"(anonymous_6)","decl":{"start":{"line":59,"column":36},"end":{"line":59,"column":37}},"loc":{"start":{"line":59,"column":42},"end":{"line":62,"column":1}},"line":59}},"branchMap":{},"s":{"0":0,"1":0,"2":0,"3":0,"4":0,"5":0,"6":0,"7":0,"8":0,"9":0,"10":0,"11":0,"12":0,"13":0,"14":0,"15":0,"16":0,"17":0,"18":0,"19":0,"20":0,"21":0},"f":{"0":0,"1":0,"2":0,"3":0,"4":0,"5":0,"6":0},"b":{}}
,"E:\\Luu_Tru_Code\\HOCTRENTRUONG\\LapTrinhDiDong\\E_LEARNING\\frontend\\api\\user.api.ts": {"path":"E:\\Luu_Tru_Code\\HOCTRENTRUONG\\LapTrinhDiDong\\E_LEARNING\\frontend\\api\\user.api.ts","statementMap":{"0":{"start":{"line":3,"column":16},"end":{"line":3,"column":28}},"1":{"start":{"line":6,"column":30},"end":{"line":8,"column":1}},"2":{"start":{"line":7,"column":2},"end":{"line":7,"column":26}},"3":{"start":{"line":11,"column":30},"end":{"line":13,"column":1}},"4":{"start":{"line":12,"column":2},"end":{"line":12,"column":37}},"5":{"start":{"line":16,"column":29},"end":{"line":18,"column":1}},"6":{"start":{"line":17,"column":2},"end":{"line":17,"column":33}},"7":{"start":{"line":21,"column":29},"end":{"line":23,"column":1}},"8":{"start":{"line":22,"column":2},"end":{"line":22,"column":43}},"9":{"start":{"line":26,"column":29},"end":{"line":28,"column":1}},"10":{"start":{"line":27,"column":2},"end":{"line":27,"column":40}},"11":{"start":{"line":31,"column":33},"end":{"line":33,"column":1}},"12":{"start":{"line":32,"column":2},"end":{"line":32,"column":40}},"13":{"start":{"line":36,"column":34},"end":{"line":39,"column":1}},"14":{"start":{"line":37,"column":2},"end":{"line":37,"column":56}},"15":{"start":{"line":38,"column":2},"end":{"line":38,"column":46}}},"fnMap":{"0":{"name":"(anonymous_0)","decl":{"start":{"line":6,"column":30},"end":{"line":6,"column":31}},"loc":{"start":{"line":6,"column":36},"end":{"line":8,"column":1}},"line":6},"1":{"name":"(anonymous_1)","decl":{"start":{"line":11,"column":30},"end":{"line":11,"column":31}},"loc":{"start":{"line":11,"column":46},"end":{"line":13,"column":1}},"line":11},"2":{"name":"(anonymous_2)","decl":{"start":{"line":16,"column":29},"end":{"line":16,"column":30}},"loc":{"start":{"line":16,"column":44},"end":{"line":18,"column":1}},"line":16},"3":{"name":"(anonymous_3)","decl":{"start":{"line":21,"column":29},"end":{"line":21,"column":30}},"loc":{"start":{"line":21,"column":56},"end":{"line":23,"column":1}},"line":21},"4":{"name":"(anonymous_4)","decl":{"start":{"line":26,"column":29},"end":{"line":26,"column":30}},"loc":{"start":{"line":26,"column":45},"end":{"line":28,"column":1}},"line":26},"5":{"name":"(anonymous_5)","decl":{"start":{"line":31,"column":33},"end":{"line":31,"column":34}},"loc":{"start":{"line":31,"column":39},"end":{"line":33,"column":1}},"line":31},"6":{"name":"(anonymous_6)","decl":{"start":{"line":36,"column":34},"end":{"line":36,"column":35}},"loc":{"start":{"line":36,"column":54},"end":{"line":39,"column":1}},"line":36}},"branchMap":{},"s":{"0":0,"1":0,"2":0,"3":0,"4":0,"5":0,"6":0,"7":0,"8":0,"9":0,"10":0,"11":0,"12":0,"13":0,"14":0,"15":0},"f":{"0":0,"1":0,"2":0,"3":0,"4":0,"5":0,"6":0},"b":{}}
,"E:\\Luu_Tru_Code\\HOCTRENTRUONG\\LapTrinhDiDong\\E_LEARNING\\frontend\\services\\assignment.service.ts": {"path":"E:\\Luu_Tru_Code\\HOCTRENTRUONG\\LapTrinhDiDong\\E_LEARNING\\frontend\\services\\assignment.service.ts","statementMap":{"0":{"start":{"line":3,"column":33},"end":{"line":85,"column":1}},"1":{"start":{"line":6,"column":4},"end":{"line":14,"column":5}},"2":{"start":{"line":7,"column":6},"end":{"line":7,"column":74}},"3":{"start":{"line":8,"column":18},"end":{"line":8,"column":70}},"4":{"start":{"line":9,"column":6},"end":{"line":9,"column":62}},"5":{"start":{"line":10,"column":6},"end":{"line":10,"column":22}},"6":{"start":{"line":12,"column":6},"end":{"line":12,"column":88}},"7":{"start":{"line":13,"column":6},"end":{"line":13,"column":87}},"8":{"start":{"line":19,"column":4},"end":{"line":27,"column":5}},"9":{"start":{"line":20,"column":6},"end":{"line":20,"column":59}},"10":{"start":{"line":21,"column":18},"end":{"line":21,"column":59}},"11":{"start":{"line":22,"column":6},"end":{"line":22,"column":68}},"12":{"start":{"line":23,"column":6},"end":{"line":23,"column":22}},"13":{"start":{"line":25,"column":6},"end":{"line":25,"column":87}},"14":{"start":{"line":26,"column":6},"end":{"line":26,"column":86}},"15":{"start":{"line":39,"column":4},"end":{"line":47,"column":5}},"16":{"start":{"line":40,"column":6},"end":{"line":40,"column":71}},"17":{"start":{"line":41,"column":18},"end":{"line":41,"column":60}},"18":{"start":{"line":42,"column":6},"end":{"line":42,"column":61}},"19":{"start":{"line":43,"column":6},"end":{"line":43,"column":22}},"20":{"start":{"line":45,"column":6},"end":{"line":45,"column":87}},"21":{"start":{"line":46,"column":6},"end":{"line":46,"column":77}},"22":{"start":{"line":62,"column":4},"end":{"line":70,"column":5}},"23":{"start":{"line":63,"column":6},"end":{"line":63,"column":79}},"24":{"start":{"line":64,"column":18},"end":{"line":64,"column":64}},"25":{"start":{"line":65,"column":6},"end":{"line":65,"column":61}},"26":{"start":{"line":66,"column":6},"end":{"line":66,"column":22}},"27":{"start":{"line":68,"column":6},"end":{"line":68,"column":87}},"28":{"start":{"line":69,"column":6},"end":{"line":69,"column":82}},"29":{"start":{"line":75,"column":4},"end":{"line":83,"column":5}},"30":{"start":{"line":76,"column":6},"end":{"line":76,"column":59}},"31":{"start":{"line":77,"column":18},"end":{"line":77,"column":58}},"32":{"start":{"line":78,"column":6},"end":{"line":78,"column":61}},"33":{"start":{"line":79,"column":6},"end":{"line":79,"column":22}},"34":{"start":{"line":81,"column":6},"end":{"line":81,"column":87}},"35":{"start":{"line":82,"column":6},"end":{"line":82,"column":77}}},"fnMap":{"0":{"name":"(anonymous_0)","decl":{"start":{"line":5,"column":2},"end":{"line":5,"column":3}},"loc":{"start":{"line":5,"column":49},"end":{"line":15,"column":3}},"line":5},"1":{"name":"(anonymous_1)","decl":{"start":{"line":18,"column":2},"end":{"line":18,"column":3}},"loc":{"start":{"line":18,"column":38},"end":{"line":28,"column":3}},"line":18},"2":{"name":"(anonymous_2)","decl":{"start":{"line":31,"column":2},"end":{"line":31,"column":3}},"loc":{"start":{"line":38,"column":5},"end":{"line":48,"column":3}},"line":38},"3":{"name":"(anonymous_3)","decl":{"start":{"line":51,"column":2},"end":{"line":51,"column":3}},"loc":{"start":{"line":61,"column":4},"end":{"line":71,"column":3}},"line":61},"4":{"name":"(anonymous_4)","decl":{"start":{"line":74,"column":2},"end":{"line":74,"column":3}},"loc":{"start":{"line":74,"column":37},"end":{"line":84,"column":3}},"line":74}},"branchMap":{"0":{"loc":{"start":{"line":12,"column":61},"end":{"line":12,"column":86}},"type":"binary-expr","locations":[{"start":{"line":12,"column":61},"end":{"line":12,"column":79}},{"start":{"line":12,"column":83},"end":{"line":12,"column":86}}],"line":12},"1":{"loc":{"start":{"line":13,"column":22},"end":{"line":13,"column":85}},"type":"binary-expr","locations":[{"start":{"line":13,"column":22},"end":{"line":13,"column":47}},{"start":{"line":13,"column":51},"end":{"line":13,"column":85}}],"line":13},"2":{"loc":{"start":{"line":25,"column":60},"end":{"line":25,"column":85}},"type":"binary-expr","locations":[{"start":{"line":25,"column":60},"end":{"line":25,"column":78}},{"start":{"line":25,"column":82},"end":{"line":25,"column":85}}],"line":25},"3":{"loc":{"start":{"line":26,"column":22},"end":{"line":26,"column":84}},"type":"binary-expr","locations":[{"start":{"line":26,"column":22},"end":{"line":26,"column":47}},{"start":{"line":26,"column":51},"end":{"line":26,"column":84}}],"line":26},"4":{"loc":{"start":{"line":45,"column":60},"end":{"line":45,"column":85}},"type":"binary-expr","locations":[{"start":{"line":45,"column":60},"end":{"line":45,"column":78}},{"start":{"line":45,"column":82},"end":{"line":45,"column":85}}],"line":45},"5":{"loc":{"start":{"line":46,"column":22},"end":{"line":46,"column":75}},"type":"binary-expr","locations":[{"start":{"line":46,"column":22},"end":{"line":46,"column":47}},{"start":{"line":46,"column":51},"end":{"line":46,"column":75}}],"line":46},"6":{"loc":{"start":{"line":68,"column":60},"end":{"line":68,"column":85}},"type":"binary-expr","locations":[{"start":{"line":68,"column":60},"end":{"line":68,"column":78}},{"start":{"line":68,"column":82},"end":{"line":68,"column":85}}],"line":68},"7":{"loc":{"start":{"line":69,"column":22},"end":{"line":69,"column":80}},"type":"binary-expr","locations":[{"start":{"line":69,"column":22},"end":{"line":69,"column":47}},{"start":{"line":69,"column":51},"end":{"line":69,"column":80}}],"line":69},"8":{"loc":{"start":{"line":81,"column":60},"end":{"line":81,"column":85}},"type":"binary-expr","locations":[{"start":{"line":81,"column":60},"end":{"line":81,"column":78}},{"start":{"line":81,"column":82},"end":{"line":81,"column":85}}],"line":81},"9":{"loc":{"start":{"line":82,"column":22},"end":{"line":82,"column":75}},"type":"binary-expr","locations":[{"start":{"line":82,"column":22},"end":{"line":82,"column":47}},{"start":{"line":82,"column":51},"end":{"line":82,"column":75}}],"line":82}},"s":{"0":1,"1":2,"2":2,"3":2,"4":1,"5":1,"6":1,"7":1,"8":2,"9":2,"10":2,"11":1,"12":1,"13":1,"14":1,"15":2,"16":2,"17":2,"18":1,"19":1,"20":1,"21":1,"22":2,"23":2,"24":2,"25":1,"26":1,"27":1,"28":1,"29":2,"30":2,"31":2,"32":1,"33":1,"34":1,"35":1},"f":{"0":2,"1":2,"2":2,"3":2,"4":2},"b":{"0":[1,1],"1":[1,1],"2":[1,1],"3":[1,1],"4":[1,1],"5":[1,1],"6":[1,1],"7":[1,1],"8":[1,1],"9":[1,1]},"_coverageSchema":"1a1c01bbd47fc00a2c39e90264f33305004495a9","hash":"c3a6bdc86e254d24871996f060f48d7d53c38b4e"}
,"E:\\Luu_Tru_Code\\HOCTRENTRUONG\\LapTrinhDiDong\\E_LEARNING\\frontend\\services\\auth.service.ts": {"path":"E:\\Luu_Tru_Code\\HOCTRENTRUONG\\LapTrinhDiDong\\E_LEARNING\\frontend\\services\\auth.service.ts","statementMap":{"0":{"start":{"line":11,"column":29},"end":{"line":56,"column":3}},"1":{"start":{"line":13,"column":18},"end":{"line":13,"column":58}},"2":{"start":{"line":14,"column":6},"end":{"line":14,"column":22}},"3":{"start":{"line":18,"column":18},"end":{"line":18,"column":57}},"4":{"start":{"line":19,"column":6},"end":{"line":19,"column":22}},"5":{"start":{"line":23,"column":18},"end":{"line":23,"column":64}},"6":{"start":{"line":24,"column":6},"end":{"line":24,"column":22}},"7":{"start":{"line":28,"column":18},"end":{"line":28,"column":49}},"8":{"start":{"line":31,"column":6},"end":{"line":36,"column":7}},"9":{"start":{"line":32,"column":8},"end":{"line":32,"column":60}},"10":{"start":{"line":33,"column":8},"end":{"line":35,"column":9}},"11":{"start":{"line":34,"column":10},"end":{"line":34,"column":82}},"12":{"start":{"line":37,"column":6},"end":{"line":37,"column":40}},"13":{"start":{"line":38,"column":6},"end":{"line":38,"column":22}},"14":{"start":{"line":42,"column":18},"end":{"line":42,"column":34}},"15":{"start":{"line":43,"column":6},"end":{"line":43,"column":22}},"16":{"start":{"line":47,"column":6},"end":{"line":47,"column":24}},"17":{"start":{"line":48,"column":6},"end":{"line":48,"column":45}},"18":{"start":{"line":49,"column":6},"end":{"line":49,"column":47}},"19":{"start":{"line":53,"column":19},"end":{"line":53,"column":56}},"20":{"start":{"line":54,"column":6},"end":{"line":54,"column":46}}},"fnMap":{"0":{"name":"(anonymous_0)","decl":{"start":{"line":12,"column":14},"end":{"line":12,"column":15}},"loc":{"start":{"line":12,"column":71},"end":{"line":15,"column":5}},"line":12},"1":{"name":"(anonymous_1)","decl":{"start":{"line":17,"column":13},"end":{"line":17,"column":14}},"loc":{"start":{"line":17,"column":70},"end":{"line":20,"column":5}},"line":17},"2":{"name":"(anonymous_2)","decl":{"start":{"line":22,"column":15},"end":{"line":22,"column":16}},"loc":{"start":{"line":22,"column":85},"end":{"line":25,"column":5}},"line":22},"3":{"name":"(anonymous_3)","decl":{"start":{"line":27,"column":11},"end":{"line":27,"column":12}},"loc":{"start":{"line":27,"column":54},"end":{"line":39,"column":5}},"line":27},"4":{"name":"(anonymous_4)","decl":{"start":{"line":41,"column":11},"end":{"line":41,"column":12}},"loc":{"start":{"line":41,"column":23},"end":{"line":44,"column":5}},"line":41},"5":{"name":"(anonymous_5)","decl":{"start":{"line":46,"column":12},"end":{"line":46,"column":13}},"loc":{"start":{"line":46,"column":24},"end":{"line":50,"column":5}},"line":46},"6":{"name":"(anonymous_6)","decl":{"start":{"line":52,"column":13},"end":{"line":52,"column":14}},"loc":{"start":{"line":52,"column":49},"end":{"line":55,"column":5}},"line":52}},"branchMap":{"0":{"loc":{"start":{"line":31,"column":6},"end":{"line":36,"column":7}},"type":"if","locations":[{"start":{"line":31,"column":6},"end":{"line":36,"column":7}},{"start":{},"end":{}}],"line":31},"1":{"loc":{"start":{"line":33,"column":8},"end":{"line":35,"column":9}},"type":"if","locations":[{"start":{"line":33,"column":8},"end":{"line":35,"column":9}},{"start":{},"end":{}}],"line":33},"2":{"loc":{"start":{"line":54,"column":13},"end":{"line":54,"column":45}},"type":"cond-expr","locations":[{"start":{"line":54,"column":20},"end":{"line":54,"column":38}},{"start":{"line":54,"column":41},"end":{"line":54,"column":45}}],"line":54}},"s":{"0":1,"1":2,"2":1,"3":2,"4":1,"5":2,"6":1,"7":3,"8":2,"9":1,"10":1,"11":1,"12":2,"13":2,"14":2,"15":1,"16":2,"17":1,"18":1,"19":2,"20":2},"f":{"0":2,"1":2,"2":2,"3":3,"4":2,"5":2,"6":2},"b":{"0":[1,1],"1":[1,0],"2":[1,1]},"_coverageSchema":"1a1c01bbd47fc00a2c39e90264f33305004495a9","hash":"a2e0edd89e28597229a02d3f07819e8097ee761e"}
,"E:\\Luu_Tru_Code\\HOCTRENTRUONG\\LapTrinhDiDong\\E_LEARNING\\frontend\\services\\classmember.service.ts": {"path":"E:\\Luu_Tru_Code\\HOCTRENTRUONG\\LapTrinhDiDong\\E_LEARNING\\frontend\\services\\classmember.service.ts","statementMap":{"0":{"start":{"line":3,"column":34},"end":{"line":111,"column":1}},"1":{"start":{"line":7,"column":2},"end":{"line":17,"column":3}},"2":{"start":{"line":8,"column":16},"end":{"line":8,"column":58}},"3":{"start":{"line":10,"column":4},"end":{"line":13,"column":6}},"4":{"start":{"line":15,"column":4},"end":{"line":15,"column":74}},"5":{"start":{"line":16,"column":4},"end":{"line":16,"column":86}},"6":{"start":{"line":22,"column":4},"end":{"line":28,"column":5}},"7":{"start":{"line":23,"column":18},"end":{"line":23,"column":58}},"8":{"start":{"line":24,"column":6},"end":{"line":24,"column":22}},"9":{"start":{"line":26,"column":6},"end":{"line":26,"column":68}},"10":{"start":{"line":27,"column":6},"end":{"line":27,"column":81}},"11":{"start":{"line":32,"column":4},"end":{"line":38,"column":5}},"12":{"start":{"line":33,"column":18},"end":{"line":33,"column":58}},"13":{"start":{"line":34,"column":6},"end":{"line":34,"column":22}},"14":{"start":{"line":36,"column":6},"end":{"line":36,"column":62}},"15":{"start":{"line":37,"column":6},"end":{"line":37,"column":77}},"16":{"start":{"line":42,"column":4},"end":{"line":48,"column":5}},"17":{"start":{"line":43,"column":18},"end":{"line":43,"column":59}},"18":{"start":{"line":44,"column":6},"end":{"line":44,"column":22}},"19":{"start":{"line":46,"column":6},"end":{"line":46,"column":60}},"20":{"start":{"line":47,"column":6},"end":{"line":47,"column":78}},"21":{"start":{"line":52,"column":4},"end":{"line":58,"column":5}},"22":{"start":{"line":53,"column":18},"end":{"line":53,"column":62}},"23":{"start":{"line":54,"column":6},"end":{"line":54,"column":22}},"24":{"start":{"line":56,"column":6},"end":{"line":56,"column":63}},"25":{"start":{"line":57,"column":6},"end":{"line":57,"column":77}},"26":{"start":{"line":62,"column":4},"end":{"line":68,"column":5}},"27":{"start":{"line":63,"column":18},"end":{"line":63,"column":60}},"28":{"start":{"line":64,"column":6},"end":{"line":64,"column":22}},"29":{"start":{"line":66,"column":6},"end":{"line":66,"column":70}},"30":{"start":{"line":67,"column":6},"end":{"line":67,"column":81}},"31":{"start":{"line":72,"column":4},"end":{"line":78,"column":5}},"32":{"start":{"line":73,"column":18},"end":{"line":73,"column":51}},"33":{"start":{"line":74,"column":6},"end":{"line":74,"column":22}},"34":{"start":{"line":76,"column":6},"end":{"line":76,"column":61}},"35":{"start":{"line":77,"column":6},"end":{"line":77,"column":78}},"36":{"start":{"line":82,"column":4},"end":{"line":88,"column":5}},"37":{"start":{"line":83,"column":18},"end":{"line":83,"column":59}},"38":{"start":{"line":84,"column":6},"end":{"line":84,"column":22}},"39":{"start":{"line":86,"column":6},"end":{"line":86,"column":69}},"40":{"start":{"line":87,"column":6},"end":{"line":87,"column":87}},"41":{"start":{"line":92,"column":4},"end":{"line":98,"column":5}},"42":{"start":{"line":93,"column":18},"end":{"line":93,"column":52}},"43":{"start":{"line":94,"column":6},"end":{"line":94,"column":27}},"44":{"start":{"line":96,"column":6},"end":{"line":96,"column":68}},"45":{"start":{"line":97,"column":6},"end":{"line":97,"column":64}},"46":{"start":{"line":102,"column":4},"end":{"line":108,"column":5}},"47":{"start":{"line":103,"column":18},"end":{"line":103,"column":68}},"48":{"start":{"line":104,"column":6},"end":{"line":104,"column":27}},"49":{"start":{"line":106,"column":6},"end":{"line":106,"column":76}},"50":{"start":{"line":107,"column":6},"end":{"line":107,"column":72}}},"fnMap":{"0":{"name":"(anonymous_0)","decl":{"start":{"line":6,"column":0},"end":{"line":6,"column":1}},"loc":{"start":{"line":6,"column":28},"end":{"line":18,"column":1}},"line":6},"1":{"name":"(anonymous_1)","decl":{"start":{"line":21,"column":2},"end":{"line":21,"column":3}},"loc":{"start":{"line":21,"column":28},"end":{"line":29,"column":3}},"line":21},"2":{"name":"(anonymous_2)","decl":{"start":{"line":31,"column":2},"end":{"line":31,"column":3}},"loc":{"start":{"line":31,"column":36},"end":{"line":39,"column":3}},"line":31},"3":{"name":"(anonymous_3)","decl":{"start":{"line":41,"column":2},"end":{"line":41,"column":3}},"loc":{"start":{"line":41,"column":37},"end":{"line":49,"column":3}},"line":41},"4":{"name":"(anonymous_4)","decl":{"start":{"line":51,"column":2},"end":{"line":51,"column":3}},"loc":{"start":{"line":51,"column":40},"end":{"line":59,"column":3}},"line":51},"5":{"name":"(anonymous_5)","decl":{"start":{"line":61,"column":2},"end":{"line":61,"column":3}},"loc":{"start":{"line":61,"column":30},"end":{"line":69,"column":3}},"line":61},"6":{"name":"(anonymous_6)","decl":{"start":{"line":71,"column":2},"end":{"line":71,"column":3}},"loc":{"start":{"line":71,"column":21},"end":{"line":79,"column":3}},"line":71},"7":{"name":"(anonymous_7)","decl":{"start":{"line":81,"column":2},"end":{"line":81,"column":3}},"loc":{"start":{"line":81,"column":29},"end":{"line":89,"column":3}},"line":81},"8":{"name":"(anonymous_8)","decl":{"start":{"line":91,"column":2},"end":{"line":91,"column":3}},"loc":{"start":{"line":91,"column":22},"end":{"line":99,"column":3}},"line":91},"9":{"name":"(anonymous_9)","decl":{"start":{"line":101,"column":3},"end":{"line":101,"column":4}},"loc":{"start":{"line":101,"column":47},"end":{"line":109,"column":3}},"line":101}},"branchMap":{"0":{"loc":{"start":{"line":11,"column":15},"end":{"line":11,"column":38}},"type":"binary-expr","locations":[{"start":{"line":11,"column":15},"end":{"line":11,"column":32}},{"start":{"line":11,"column":36},"end":{"line":11,"column":38}}],"line":11},"1":{"loc":{"start":{"line":12,"column":12},"end":{"line":12,"column":44}},"type":"binary-expr","locations":[{"start":{"line":12,"column":12},"end":{"line":12,"column":26}},{"start":{"line":12,"column":30},"end":{"line":12,"column":38}},{"start":{"line":12,"column":42},"end":{"line":12,"column":44}}],"line":12},"2":{"loc":{"start":{"line":16,"column":20},"end":{"line":16,"column":84}},"type":"binary-expr","locations":[{"start":{"line":16,"column":20},"end":{"line":16,"column":45}},{"start":{"line":16,"column":49},"end":{"line":16,"column":84}}],"line":16},"3":{"loc":{"start":{"line":27,"column":22},"end":{"line":27,"column":79}},"type":"binary-expr","locations":[{"start":{"line":27,"column":22},"end":{"line":27,"column":47}},{"start":{"line":27,"column":51},"end":{"line":27,"column":79}}],"line":27},"4":{"loc":{"start":{"line":37,"column":22},"end":{"line":37,"column":75}},"type":"binary-expr","locations":[{"start":{"line":37,"column":22},"end":{"line":37,"column":47}},{"start":{"line":37,"column":51},"end":{"line":37,"column":75}}],"line":37},"5":{"loc":{"start":{"line":47,"column":22},"end":{"line":47,"column":76}},"type":"binary-expr","locations":[{"start":{"line":47,"column":22},"end":{"line":47,"column":47}},{"start":{"line":47,"column":51},"end":{"line":47,"column":76}}],"line":47},"6":{"loc":{"start":{"line":57,"column":22},"end":{"line":57,"column":75}},"type":"binary-expr","locations":[{"start":{"line":57,"column":22},"end":{"line":57,"column":47}},{"start":{"line":57,"column":51},"end":{"line":57,"column":75}}],"line":57},"7":{"loc":{"start":{"line":67,"column":22},"end":{"line":67,"column":79}},"type":"binary-expr","locations":[{"start":{"line":67,"column":22},"end":{"line":67,"column":47}},{"start":{"line":67,"column":51},"end":{"line":67,"column":79}}],"line":67},"8":{"loc":{"start":{"line":77,"column":22},"end":{"line":77,"column":76}},"type":"binary-expr","locations":[{"start":{"line":77,"column":22},"end":{"line":77,"column":47}},{"start":{"line":77,"column":51},"end":{"line":77,"column":76}}],"line":77},"9":{"loc":{"start":{"line":87,"column":22},"end":{"line":87,"column":85}},"type":"binary-expr","locations":[{"start":{"line":87,"column":22},"end":{"line":87,"column":47}},{"start":{"line":87,"column":51},"end":{"line":87,"column":85}}],"line":87}},"s":{"0":1,"1":2,"2":2,"3":1,"4":1,"5":1,"6":2,"7":2,"8":1,"9":1,"10":1,"11":2,"12":2,"13":1,"14":1,"15":1,"16":2,"17":2,"18":1,"19":1,"20":1,"21":2,"22":2,"23":1,"24":1,"25":1,"26":2,"27":2,"28":1,"29":1,"30":1,"31":2,"32":2,"33":1,"34":1,"35":1,"36":2,"37":2,"38":1,"39":1,"40":1,"41":2,"42":2,"43":1,"44":1,"45":1,"46":0,"47":0,"48":0,"49":0,"50":0},"f":{"0":2,"1":2,"2":2,"3":2,"4":2,"5":2,"6":2,"7":2,"8":2,"9":0},"b":{"0":[1,0],"1":[1,0,0],"2":[1,1],"3":[1,1],"4":[1,1],"5":[1,1],"6":[1,1],"7":[1,1],"8":[1,1],"9":[1,1]},"_coverageSchema":"1a1c01bbd47fc00a2c39e90264f33305004495a9","hash":"ffb8f54a44743ffe116e09200d05c4739fbb512d"}
,"E:\\Luu_Tru_Code\\HOCTRENTRUONG\\LapTrinhDiDong\\E_LEARNING\\frontend\\services\\course.service.ts": {"path":"E:\\Luu_Tru_Code\\HOCTRENTRUONG\\LapTrinhDiDong\\E_LEARNING\\frontend\\services\\course.service.ts","statementMap":{"0":{"start":{"line":14,"column":29},"end":{"line":126,"column":1}},"1":{"start":{"line":17,"column":4},"end":{"line":23,"column":5}},"2":{"start":{"line":18,"column":23},"end":{"line":18,"column":52}},"3":{"start":{"line":19,"column":6},"end":{"line":19,"column":27}},"4":{"start":{"line":21,"column":6},"end":{"line":21,"column":79}},"5":{"start":{"line":22,"column":6},"end":{"line":22,"column":96}},"6":{"start":{"line":27,"column":4},"end":{"line":33,"column":5}},"7":{"start":{"line":28,"column":23},"end":{"line":28,"column":54}},"8":{"start":{"line":29,"column":6},"end":{"line":29,"column":27}},"9":{"start":{"line":31,"column":6},"end":{"line":31,"column":80}},"10":{"start":{"line":32,"column":6},"end":{"line":32,"column":95}},"11":{"start":{"line":37,"column":4},"end":{"line":43,"column":5}},"12":{"start":{"line":38,"column":23},"end":{"line":38,"column":50}},"13":{"start":{"line":39,"column":6},"end":{"line":39,"column":27}},"14":{"start":{"line":41,"column":6},"end":{"line":41,"column":81}},"15":{"start":{"line":42,"column":6},"end":{"line":42,"column":78}},"16":{"start":{"line":47,"column":4},"end":{"line":53,"column":5}},"17":{"start":{"line":48,"column":23},"end":{"line":48,"column":54}},"18":{"start":{"line":49,"column":6},"end":{"line":49,"column":27}},"19":{"start":{"line":51,"column":6},"end":{"line":51,"column":81}},"20":{"start":{"line":52,"column":6},"end":{"line":52,"column":83}},"21":{"start":{"line":57,"column":4},"end":{"line":63,"column":5}},"22":{"start":{"line":58,"column":23},"end":{"line":58,"column":48}},"23":{"start":{"line":59,"column":6},"end":{"line":59,"column":27}},"24":{"start":{"line":61,"column":6},"end":{"line":61,"column":81}},"25":{"start":{"line":62,"column":6},"end":{"line":62,"column":78}},"26":{"start":{"line":68,"column":4},"end":{"line":74,"column":5}},"27":{"start":{"line":69,"column":23},"end":{"line":69,"column":54}},"28":{"start":{"line":70,"column":6},"end":{"line":70,"column":27}},"29":{"start":{"line":72,"column":6},"end":{"line":72,"column":81}},"30":{"start":{"line":73,"column":6},"end":{"line":73,"column":98}},"31":{"start":{"line":78,"column":4},"end":{"line":84,"column":5}},"32":{"start":{"line":79,"column":23},"end":{"line":79,"column":56}},"33":{"start":{"line":80,"column":6},"end":{"line":80,"column":27}},"34":{"start":{"line":82,"column":6},"end":{"line":82,"column":82}},"35":{"start":{"line":83,"column":6},"end":{"line":83,"column":97}},"36":{"start":{"line":89,"column":2},"end":{"line":102,"column":3}},"37":{"start":{"line":90,"column":4},"end":{"line":90,"column":55}},"38":{"start":{"line":91,"column":21},"end":{"line":91,"column":52}},"39":{"start":{"line":92,"column":4},"end":{"line":92,"column":58}},"40":{"start":{"line":93,"column":4},"end":{"line":93,"column":25}},"41":{"start":{"line":95,"column":4},"end":{"line":98,"column":6}},"42":{"start":{"line":99,"column":4},"end":{"line":101,"column":6}},"43":{"start":{"line":108,"column":4},"end":{"line":114,"column":5}},"44":{"start":{"line":109,"column":23},"end":{"line":109,"column":54}},"45":{"start":{"line":110,"column":6},"end":{"line":110,"column":27}},"46":{"start":{"line":112,"column":6},"end":{"line":112,"column":87}},"47":{"start":{"line":113,"column":6},"end":{"line":113,"column":98}},"48":{"start":{"line":118,"column":4},"end":{"line":124,"column":5}},"49":{"start":{"line":119,"column":23},"end":{"line":119,"column":56}},"50":{"start":{"line":120,"column":6},"end":{"line":120,"column":27}},"51":{"start":{"line":122,"column":6},"end":{"line":122,"column":82}},"52":{"start":{"line":123,"column":6},"end":{"line":123,"column":97}}},"fnMap":{"0":{"name":"(anonymous_0)","decl":{"start":{"line":16,"column":15},"end":{"line":16,"column":16}},"loc":{"start":{"line":16,"column":27},"end":{"line":24,"column":3}},"line":16},"1":{"name":"(anonymous_1)","decl":{"start":{"line":26,"column":16},"end":{"line":26,"column":17}},"loc":{"start":{"line":26,"column":38},"end":{"line":34,"column":3}},"line":26},"2":{"name":"(anonymous_2)","decl":{"start":{"line":36,"column":10},"end":{"line":36,"column":11}},"loc":{"start":{"line":36,"column":31},"end":{"line":44,"column":3}},"line":36},"3":{"name":"(anonymous_3)","decl":{"start":{"line":46,"column":10},"end":{"line":46,"column":11}},"loc":{"start":{"line":46,"column":43},"end":{"line":54,"column":3}},"line":46},"4":{"name":"(anonymous_4)","decl":{"start":{"line":56,"column":10},"end":{"line":56,"column":11}},"loc":{"start":{"line":56,"column":32},"end":{"line":64,"column":3}},"line":56},"5":{"name":"(anonymous_5)","decl":{"start":{"line":67,"column":17},"end":{"line":67,"column":18}},"loc":{"start":{"line":67,"column":29},"end":{"line":75,"column":3}},"line":67},"6":{"name":"(anonymous_6)","decl":{"start":{"line":77,"column":18},"end":{"line":77,"column":19}},"loc":{"start":{"line":77,"column":40},"end":{"line":85,"column":3}},"line":77},"7":{"name":"(anonymous_7)","decl":{"start":{"line":88,"column":23},"end":{"line":88,"column":24}},"loc":{"start":{"line":88,"column":35},"end":{"line":103,"column":1}},"line":88},"8":{"name":"(anonymous_8)","decl":{"start":{"line":107,"column":23},"end":{"line":107,"column":24}},"loc":{"start":{"line":107,"column":35},"end":{"line":115,"column":3}},"line":107},"9":{"name":"(anonymous_9)","decl":{"start":{"line":117,"column":18},"end":{"line":117,"column":19}},"loc":{"start":{"line":117,"column":40},"end":{"line":125,"column":3}},"line":117}},"branchMap":{"0":{"loc":{"start":{"line":21,"column":40},"end":{"line":21,"column":77}},"type":"binary-expr","locations":[{"start":{"line":21,"column":40},"end":{"line":21,"column":60}},{"start":{"line":21,"column":64},"end":{"line":21,"column":77}}],"line":21},"1":{"loc":{"start":{"line":22,"column":22},"end":{"line":22,"column":94}},"type":"binary-expr","locations":[{"start":{"line":22,"column":22},"end":{"line":22,"column":49}},{"start":{"line":22,"column":53},"end":{"line":22,"column":94}}],"line":22},"2":{"loc":{"start":{"line":31,"column":41},"end":{"line":31,"column":78}},"type":"binary-expr","locations":[{"start":{"line":31,"column":41},"end":{"line":31,"column":61}},{"start":{"line":31,"column":65},"end":{"line":31,"column":78}}],"line":31},"3":{"loc":{"start":{"line":32,"column":22},"end":{"line":32,"column":93}},"type":"binary-expr","locations":[{"start":{"line":32,"column":22},"end":{"line":32,"column":49}},{"start":{"line":32,"column":53},"end":{"line":32,"column":93}}],"line":32},"4":{"loc":{"start":{"line":41,"column":42},"end":{"line":41,"column":79}},"type":"binary-expr","locations":[{"start":{"line":41,"column":42},"end":{"line":41,"column":62}},{"start":{"line":41,"column":66},"end":{"line":41,"column":79}}],"line":41},"5":{"loc":{"start":{"line":42,"column":22},"end":{"line":42,"column":76}},"type":"binary-expr","locations":[{"start":{"line":42,"column":22},"end":{"line":42,"column":49}},{"start":{"line":42,"column":53},"end":{"line":42,"column":76}}],"line":42},"6":{"loc":{"start":{"line":51,"column":42},"end":{"line":51,"column":79}},"type":"binary-expr","locations":[{"start":{"line":51,"column":42},"end":{"line":51,"column":62}},{"start":{"line":51,"column":66},"end":{"line":51,"column":79}}],"line":51},"7":{"loc":{"start":{"line":52,"column":22},"end":{"line":52,"column":81}},"type":"binary-expr","locations":[{"start":{"line":52,"column":22},"end":{"line":52,"column":49}},{"start":{"line":52,"column":53},"end":{"line":52,"column":81}}],"line":52},"8":{"loc":{"start":{"line":61,"column":42},"end":{"line":61,"column":79}},"type":"binary-expr","locations":[{"start":{"line":61,"column":42},"end":{"line":61,"column":62}},{"start":{"line":61,"column":66},"end":{"line":61,"column":79}}],"line":61},"9":{"loc":{"start":{"line":62,"column":22},"end":{"line":62,"column":76}},"type":"binary-expr","locations":[{"start":{"line":62,"column":22},"end":{"line":62,"column":49}},{"start":{"line":62,"column":53},"end":{"line":62,"column":76}}],"line":62},"10":{"loc":{"start":{"line":72,"column":42},"end":{"line":72,"column":79}},"type":"binary-expr","locations":[{"start":{"line":72,"column":42},"end":{"line":72,"column":62}},{"start":{"line":72,"column":66},"end":{"line":72,"column":79}}],"line":72},"11":{"loc":{"start":{"line":73,"column":22},"end":{"line":73,"column":96}},"type":"binary-expr","locations":[{"start":{"line":73,"column":22},"end":{"line":73,"column":49}},{"start":{"line":73,"column":53},"end":{"line":73,"column":96}}],"line":73},"12":{"loc":{"start":{"line":82,"column":43},"end":{"line":82,"column":80}},"type":"binary-expr","locations":[{"start":{"line":82,"column":43},"end":{"line":82,"column":63}},{"start":{"line":82,"column":67},"end":{"line":82,"column":80}}],"line":82},"13":{"loc":{"start":{"line":83,"column":22},"end":{"line":83,"column":95}},"type":"binary-expr","locations":[{"start":{"line":83,"column":22},"end":{"line":83,"column":49}},{"start":{"line":83,"column":53},"end":{"line":83,"column":95}}],"line":83},"14":{"loc":{"start":{"line":97,"column":6},"end":{"line":97,"column":43}},"type":"binary-expr","locations":[{"start":{"line":97,"column":6},"end":{"line":97,"column":26}},{"start":{"line":97,"column":30},"end":{"line":97,"column":43}}],"line":97},"15":{"loc":{"start":{"line":100,"column":6},"end":{"line":100,"column":80}},"type":"binary-expr","locations":[{"start":{"line":100,"column":6},"end":{"line":100,"column":33}},{"start":{"line":100,"column":37},"end":{"line":100,"column":80}}],"line":100},"16":{"loc":{"start":{"line":112,"column":48},"end":{"line":112,"column":85}},"type":"binary-expr","locations":[{"start":{"line":112,"column":48},"end":{"line":112,"column":68}},{"start":{"line":112,"column":72},"end":{"line":112,"column":85}}],"line":112},"17":{"loc":{"start":{"line":113,"column":22},"end":{"line":113,"column":96}},"type":"binary-expr","locations":[{"start":{"line":113,"column":22},"end":{"line":113,"column":49}},{"start":{"line":113,"column":53},"end":{"line":113,"column":96}}],"line":113},"18":{"loc":{"start":{"line":122,"column":43},"end":{"line":122,"column":80}},"type":"binary-expr","locations":[{"start":{"line":122,"column":43},"end":{"line":122,"column":63}},{"start":{"line":122,"column":67},"end":{"line":122,"column":80}}],"line":122},"19":{"loc":{"start":{"line":123,"column":22},"end":{"line":123,"column":95}},"type":"binary-expr","locations":[{"start":{"line":123,"column":22},"end":{"line":123,"column":49}},{"start":{"line":123,"column":53},"end":{"line":123,"column":95}}],"line":123}},"s":{"0":1,"1":2,"2":2,"3":1,"4":1,"5":1,"6":2,"7":2,"8":1,"9":1,"10":1,"11":2,"12":2,"13":1,"14":1,"15":1,"16":2,"17":2,"18":1,"19":1,"20":1,"21":2,"22":2,"23":1,"24":1,"25":1,"26":2,"27":2,"28":1,"29":1,"30":1,"31":2,"32":2,"33":1,"34":1,"35":1,"36":2,"37":2,"38":2,"39":1,"40":1,"41":1,"42":1,"43":2,"44":2,"45":1,"46":1,"47":1,"48":2,"49":2,"50":1,"51":1,"52":1},"f":{"0":2,"1":2,"2":2,"3":2,"4":2,"5":2,"6":2,"7":2,"8":2,"9":2},"b":{"0":[1,1],"1":[1,1],"2":[1,1],"3":[1,1],"4":[1,1],"5":[1,1],"6":[1,1],"7":[1,1],"8":[1,1],"9":[1,1],"10":[1,1],"11":[1,1],"12":[1,1],"13":[1,1],"14":[1,1],"15":[1,1],"16":[1,1],"17":[1,1],"18":[1,1],"19":[1,1]},"_coverageSchema":"1a1c01bbd47fc00a2c39e90264f33305004495a9","hash":"9b8c6a88feb2b67d6582a7c2d8b962dbba1a5786"}
,"E:\\Luu_Tru_Code\\HOCTRENTRUONG\\LapTrinhDiDong\\E_LEARNING\\frontend\\services\\courseschedule.service.ts": {"path":"E:\\Luu_Tru_Code\\HOCTRENTRUONG\\LapTrinhDiDong\\E_LEARNING\\frontend\\services\\courseschedule.service.ts","statementMap":{"0":{"start":{"line":11,"column":37},"end":{"line":84,"column":1}},"1":{"start":{"line":14,"column":4},"end":{"line":20,"column":5}},"2":{"start":{"line":15,"column":23},"end":{"line":15,"column":60}},"3":{"start":{"line":16,"column":6},"end":{"line":16,"column":27}},"4":{"start":{"line":18,"column":6},"end":{"line":18,"column":79}},"5":{"start":{"line":19,"column":6},"end":{"line":19,"column":96}},"6":{"start":{"line":24,"column":4},"end":{"line":30,"column":5}},"7":{"start":{"line":25,"column":23},"end":{"line":25,"column":62}},"8":{"start":{"line":26,"column":6},"end":{"line":26,"column":27}},"9":{"start":{"line":28,"column":6},"end":{"line":28,"column":80}},"10":{"start":{"line":29,"column":6},"end":{"line":29,"column":95}},"11":{"start":{"line":34,"column":4},"end":{"line":40,"column":5}},"12":{"start":{"line":35,"column":23},"end":{"line":35,"column":62}},"13":{"start":{"line":36,"column":6},"end":{"line":36,"column":27}},"14":{"start":{"line":38,"column":6},"end":{"line":38,"column":74}},"15":{"start":{"line":39,"column":6},"end":{"line":39,"column":83}},"16":{"start":{"line":44,"column":4},"end":{"line":50,"column":5}},"17":{"start":{"line":45,"column":23},"end":{"line":45,"column":56}},"18":{"start":{"line":46,"column":6},"end":{"line":46,"column":27}},"19":{"start":{"line":48,"column":6},"end":{"line":48,"column":74}},"20":{"start":{"line":49,"column":6},"end":{"line":49,"column":78}},"21":{"start":{"line":55,"column":4},"end":{"line":61,"column":5}},"22":{"start":{"line":56,"column":23},"end":{"line":56,"column":61}},"23":{"start":{"line":57,"column":6},"end":{"line":57,"column":27}},"24":{"start":{"line":59,"column":6},"end":{"line":59,"column":80}},"25":{"start":{"line":60,"column":6},"end":{"line":60,"column":88}},"26":{"start":{"line":66,"column":2},"end":{"line":72,"column":3}},"27":{"start":{"line":67,"column":21},"end":{"line":67,"column":61}},"28":{"start":{"line":68,"column":4},"end":{"line":68,"column":25}},"29":{"start":{"line":70,"column":4},"end":{"line":70,"column":78}},"30":{"start":{"line":71,"column":4},"end":{"line":71,"column":86}},"31":{"start":{"line":76,"column":4},"end":{"line":82,"column":5}},"32":{"start":{"line":77,"column":23},"end":{"line":77,"column":89}},"33":{"start":{"line":78,"column":6},"end":{"line":78,"column":27}},"34":{"start":{"line":80,"column":6},"end":{"line":80,"column":89}},"35":{"start":{"line":81,"column":6},"end":{"line":81,"column":98}}},"fnMap":{"0":{"name":"(anonymous_0)","decl":{"start":{"line":13,"column":15},"end":{"line":13,"column":16}},"loc":{"start":{"line":13,"column":27},"end":{"line":21,"column":3}},"line":13},"1":{"name":"(anonymous_1)","decl":{"start":{"line":23,"column":16},"end":{"line":23,"column":17}},"loc":{"start":{"line":23,"column":38},"end":{"line":31,"column":3}},"line":23},"2":{"name":"(anonymous_2)","decl":{"start":{"line":33,"column":10},"end":{"line":33,"column":11}},"loc":{"start":{"line":33,"column":43},"end":{"line":41,"column":3}},"line":33},"3":{"name":"(anonymous_3)","decl":{"start":{"line":43,"column":10},"end":{"line":43,"column":11}},"loc":{"start":{"line":43,"column":32},"end":{"line":51,"column":3}},"line":43},"4":{"name":"(anonymous_4)","decl":{"start":{"line":54,"column":16},"end":{"line":54,"column":17}},"loc":{"start":{"line":54,"column":28},"end":{"line":62,"column":3}},"line":54},"5":{"name":"(anonymous_5)","decl":{"start":{"line":65,"column":16},"end":{"line":65,"column":17}},"loc":{"start":{"line":65,"column":45},"end":{"line":73,"column":1}},"line":65},"6":{"name":"(anonymous_6)","decl":{"start":{"line":75,"column":25},"end":{"line":75,"column":26}},"loc":{"start":{"line":75,"column":72},"end":{"line":83,"column":3}},"line":75}},"branchMap":{"0":{"loc":{"start":{"line":18,"column":40},"end":{"line":18,"column":77}},"type":"binary-expr","locations":[{"start":{"line":18,"column":40},"end":{"line":18,"column":60}},{"start":{"line":18,"column":64},"end":{"line":18,"column":77}}],"line":18},"1":{"loc":{"start":{"line":19,"column":22},"end":{"line":19,"column":94}},"type":"binary-expr","locations":[{"start":{"line":19,"column":22},"end":{"line":19,"column":49}},{"start":{"line":19,"column":53},"end":{"line":19,"column":94}}],"line":19},"2":{"loc":{"start":{"line":28,"column":41},"end":{"line":28,"column":78}},"type":"binary-expr","locations":[{"start":{"line":28,"column":41},"end":{"line":28,"column":61}},{"start":{"line":28,"column":65},"end":{"line":28,"column":78}}],"line":28},"3":{"loc":{"start":{"line":29,"column":22},"end":{"line":29,"column":93}},"type":"binary-expr","locations":[{"start":{"line":29,"column":22},"end":{"line":29,"column":49}},{"start":{"line":29,"column":53},"end":{"line":29,"column":93}}],"line":29},"4":{"loc":{"start":{"line":38,"column":35},"end":{"line":38,"column":72}},"type":"binary-expr","locations":[{"start":{"line":38,"column":35},"end":{"line":38,"column":55}},{"start":{"line":38,"column":59},"end":{"line":38,"column":72}}],"line":38},"5":{"loc":{"start":{"line":39,"column":22},"end":{"line":39,"column":81}},"type":"binary-expr","locations":[{"start":{"line":39,"column":22},"end":{"line":39,"column":49}},{"start":{"line":39,"column":53},"end":{"line":39,"column":81}}],"line":39},"6":{"loc":{"start":{"line":48,"column":35},"end":{"line":48,"column":72}},"type":"binary-expr","locations":[{"start":{"line":48,"column":35},"end":{"line":48,"column":55}},{"start":{"line":48,"column":59},"end":{"line":48,"column":72}}],"line":48},"7":{"loc":{"start":{"line":49,"column":22},"end":{"line":49,"column":76}},"type":"binary-expr","locations":[{"start":{"line":49,"column":22},"end":{"line":49,"column":49}},{"start":{"line":49,"column":53},"end":{"line":49,"column":76}}],"line":49},"8":{"loc":{"start":{"line":59,"column":41},"end":{"line":59,"column":78}},"type":"binary-expr","locations":[{"start":{"line":59,"column":41},"end":{"line":59,"column":61}},{"start":{"line":59,"column":65},"end":{"line":59,"column":78}}],"line":59},"9":{"loc":{"start":{"line":60,"column":22},"end":{"line":60,"column":86}},"type":"binary-expr","locations":[{"start":{"line":60,"column":22},"end":{"line":60,"column":49}},{"start":{"line":60,"column":53},"end":{"line":60,"column":86}}],"line":60},"10":{"loc":{"start":{"line":70,"column":39},"end":{"line":70,"column":76}},"type":"binary-expr","locations":[{"start":{"line":70,"column":39},"end":{"line":70,"column":59}},{"start":{"line":70,"column":63},"end":{"line":70,"column":76}}],"line":70},"11":{"loc":{"start":{"line":71,"column":20},"end":{"line":71,"column":84}},"type":"binary-expr","locations":[{"start":{"line":71,"column":20},"end":{"line":71,"column":47}},{"start":{"line":71,"column":51},"end":{"line":71,"column":84}}],"line":71},"12":{"loc":{"start":{"line":80,"column":50},"end":{"line":80,"column":87}},"type":"binary-expr","locations":[{"start":{"line":80,"column":50},"end":{"line":80,"column":70}},{"start":{"line":80,"column":74},"end":{"line":80,"column":87}}],"line":80},"13":{"loc":{"start":{"line":81,"column":22},"end":{"line":81,"column":96}},"type":"binary-expr","locations":[{"start":{"line":81,"column":22},"end":{"line":81,"column":49}},{"start":{"line":81,"column":53},"end":{"line":81,"column":96}}],"line":81}},"s":{"0":1,"1":2,"2":2,"3":1,"4":1,"5":1,"6":2,"7":2,"8":1,"9":1,"10":1,"11":2,"12":2,"13":1,"14":1,"15":1,"16":2,"17":2,"18":1,"19":1,"20":1,"21":2,"22":2,"23":1,"24":1,"25":1,"26":2,"27":2,"28":1,"29":1,"30":1,"31":2,"32":2,"33":1,"34":1,"35":1},"f":{"0":2,"1":2,"2":2,"3":2,"4":2,"5":2,"6":2},"b":{"0":[1,1],"1":[1,1],"2":[1,1],"3":[1,1],"4":[1,1],"5":[1,1],"6":[1,1],"7":[1,1],"8":[1,1],"9":[1,1],"10":[1,1],"11":[1,1],"12":[1,1],"13":[1,1]},"_coverageSchema":"1a1c01bbd47fc00a2c39e90264f33305004495a9","hash":"ba7381df660993a535417a0a3c0ce1a8a2106880"}
,"E:\\Luu_Tru_Code\\HOCTRENTRUONG\\LapTrinhDiDong\\E_LEARNING\\frontend\\services\\lesson.service.ts": {"path":"E:\\Luu_Tru_Code\\HOCTRENTRUONG\\LapTrinhDiDong\\E_LEARNING\\frontend\\services\\lesson.service.ts","statementMap":{"0":{"start":{"line":4,"column":29},"end":{"line":84,"column":1}},"1":{"start":{"line":7,"column":4},"end":{"line":12,"column":5}},"2":{"start":{"line":8,"column":18},"end":{"line":8,"column":57}},"3":{"start":{"line":9,"column":6},"end":{"line":9,"column":22}},"4":{"start":{"line":11,"column":6},"end":{"line":11,"column":87}},"5":{"start":{"line":17,"column":4},"end":{"line":22,"column":5}},"6":{"start":{"line":18,"column":18},"end":{"line":18,"column":55}},"7":{"start":{"line":19,"column":6},"end":{"line":19,"column":22}},"8":{"start":{"line":21,"column":6},"end":{"line":21,"column":91}},"9":{"start":{"line":27,"column":4},"end":{"line":32,"column":5}},"10":{"start":{"line":28,"column":18},"end":{"line":28,"column":57}},"11":{"start":{"line":29,"column":6},"end":{"line":29,"column":22}},"12":{"start":{"line":31,"column":6},"end":{"line":31,"column":86}},"13":{"start":{"line":37,"column":2},"end":{"line":56,"column":5}},"14":{"start":{"line":38,"column":23},"end":{"line":38,"column":37}},"15":{"start":{"line":39,"column":6},"end":{"line":39,"column":43}},"16":{"start":{"line":40,"column":6},"end":{"line":40,"column":47}},"17":{"start":{"line":41,"column":6},"end":{"line":41,"column":62}},"18":{"start":{"line":43,"column":6},"end":{"line":49,"column":7}},"19":{"start":{"line":44,"column":8},"end":{"line":48,"column":18}},"20":{"start":{"line":51,"column":18},"end":{"line":51,"column":56}},"21":{"start":{"line":52,"column":6},"end":{"line":52,"column":22}},"22":{"start":{"line":54,"column":6},"end":{"line":54,"column":71}},"23":{"start":{"line":55,"column":6},"end":{"line":55,"column":77}},"24":{"start":{"line":62,"column":4},"end":{"line":72,"column":5}},"25":{"start":{"line":63,"column":23},"end":{"line":63,"column":37}},"26":{"start":{"line":64,"column":6},"end":{"line":64,"column":43}},"27":{"start":{"line":65,"column":6},"end":{"line":65,"column":47}},"28":{"start":{"line":66,"column":6},"end":{"line":66,"column":56}},"29":{"start":{"line":66,"column":21},"end":{"line":66,"column":56}},"30":{"start":{"line":68,"column":18},"end":{"line":68,"column":66}},"31":{"start":{"line":69,"column":6},"end":{"line":69,"column":22}},"32":{"start":{"line":71,"column":6},"end":{"line":71,"column":82}},"33":{"start":{"line":77,"column":4},"end":{"line":82,"column":5}},"34":{"start":{"line":78,"column":18},"end":{"line":78,"column":56}},"35":{"start":{"line":79,"column":6},"end":{"line":79,"column":22}},"36":{"start":{"line":81,"column":6},"end":{"line":81,"column":77}}},"fnMap":{"0":{"name":"(anonymous_0)","decl":{"start":{"line":6,"column":2},"end":{"line":6,"column":3}},"loc":{"start":{"line":6,"column":40},"end":{"line":13,"column":3}},"line":6},"1":{"name":"(anonymous_1)","decl":{"start":{"line":16,"column":2},"end":{"line":16,"column":3}},"loc":{"start":{"line":16,"column":30},"end":{"line":23,"column":3}},"line":16},"2":{"name":"(anonymous_2)","decl":{"start":{"line":26,"column":2},"end":{"line":26,"column":3}},"loc":{"start":{"line":26,"column":40},"end":{"line":33,"column":3}},"line":26},"3":{"name":"(anonymous_3)","decl":{"start":{"line":36,"column":2},"end":{"line":36,"column":3}},"loc":{"start":{"line":36,"column":94},"end":{"line":57,"column":3}},"line":36},"4":{"name":"(anonymous_4)","decl":{"start":{"line":61,"column":2},"end":{"line":61,"column":3}},"loc":{"start":{"line":61,"column":93},"end":{"line":73,"column":3}},"line":61},"5":{"name":"(anonymous_5)","decl":{"start":{"line":76,"column":2},"end":{"line":76,"column":3}},"loc":{"start":{"line":76,"column":39},"end":{"line":83,"column":3}},"line":76}},"branchMap":{"0":{"loc":{"start":{"line":11,"column":22},"end":{"line":11,"column":85}},"type":"binary-expr","locations":[{"start":{"line":11,"column":22},"end":{"line":11,"column":47}},{"start":{"line":11,"column":51},"end":{"line":11,"column":85}}],"line":11},"1":{"loc":{"start":{"line":21,"column":22},"end":{"line":21,"column":89}},"type":"binary-expr","locations":[{"start":{"line":21,"column":22},"end":{"line":21,"column":47}},{"start":{"line":21,"column":51},"end":{"line":21,"column":89}}],"line":21},"2":{"loc":{"start":{"line":31,"column":22},"end":{"line":31,"column":84}},"type":"binary-expr","locations":[{"start":{"line":31,"column":22},"end":{"line":31,"column":47}},{"start":{"line":31,"column":51},"end":{"line":31,"column":84}}],"line":31},"3":{"loc":{"start":{"line":43,"column":6},"end":{"line":49,"column":7}},"type":"if","locations":[{"start":{"line":43,"column":6},"end":{"line":49,"column":7}},{"start":{},"end":{}}],"line":43},"4":{"loc":{"start":{"line":46,"column":16},"end":{"line":46,"column":48}},"type":"binary-expr","locations":[{"start":{"line":46,"column":16},"end":{"line":46,"column":30}},{"start":{"line":46,"column":34},"end":{"line":46,"column":48}}],"line":46},"5":{"loc":{"start":{"line":47,"column":16},"end":{"line":47,"column":51}},"type":"binary-expr","locations":[{"start":{"line":47,"column":16},"end":{"line":47,"column":30}},{"start":{"line":47,"column":34},"end":{"line":47,"column":51}}],"line":47},"6":{"loc":{"start":{"line":54,"column":44},"end":{"line":54,"column":69}},"type":"binary-expr","locations":[{"start":{"line":54,"column":44},"end":{"line":54,"column":62}},{"start":{"line":54,"column":66},"end":{"line":54,"column":69}}],"line":54},"7":{"loc":{"start":{"line":55,"column":22},"end":{"line":55,"column":75}},"type":"binary-expr","locations":[{"start":{"line":55,"column":22},"end":{"line":55,"column":47}},{"start":{"line":55,"column":51},"end":{"line":55,"column":75}}],"line":55},"8":{"loc":{"start":{"line":66,"column":6},"end":{"line":66,"column":56}},"type":"if","locations":[{"start":{"line":66,"column":6},"end":{"line":66,"column":56}},{"start":{},"end":{}}],"line":66},"9":{"loc":{"start":{"line":71,"column":22},"end":{"line":71,"column":80}},"type":"binary-expr","locations":[{"start":{"line":71,"column":22},"end":{"line":71,"column":47}},{"start":{"line":71,"column":51},"end":{"line":71,"column":80}}],"line":71},"10":{"loc":{"start":{"line":81,"column":22},"end":{"line":81,"column":75}},"type":"binary-expr","locations":[{"start":{"line":81,"column":22},"end":{"line":81,"column":47}},{"start":{"line":81,"column":51},"end":{"line":81,"column":75}}],"line":81}},"s":{"0":1,"1":2,"2":2,"3":1,"4":1,"5":2,"6":2,"7":1,"8":1,"9":2,"10":2,"11":1,"12":1,"13":2,"14":2,"15":2,"16":2,"17":2,"18":2,"19":0,"20":2,"21":1,"22":1,"23":1,"24":2,"25":2,"26":2,"27":2,"28":2,"29":0,"30":2,"31":1,"32":1,"33":2,"34":2,"35":1,"36":1},"f":{"0":2,"1":2,"2":2,"3":2,"4":2,"5":2},"b":{"0":[1,1],"1":[1,1],"2":[1,1],"3":[0,2],"4":[0,0],"5":[0,0],"6":[1,1],"7":[1,1],"8":[0,2],"9":[1,1],"10":[1,1]},"_coverageSchema":"1a1c01bbd47fc00a2c39e90264f33305004495a9","hash":"d64e86b0a3a1e152c411abfa5f7fec03b9b0f330"}
,"E:\\Luu_Tru_Code\\HOCTRENTRUONG\\LapTrinhDiDong\\E_LEARNING\\frontend\\services\\registercourse.service.ts": {"path":"E:\\Luu_Tru_Code\\HOCTRENTRUONG\\LapTrinhDiDong\\E_LEARNING\\frontend\\services\\registercourse.service.ts","statementMap":{"0":{"start":{"line":3,"column":37},"end":{"line":57,"column":1}},"1":{"start":{"line":11,"column":4},"end":{"line":17,"column":5}},"2":{"start":{"line":12,"column":18},"end":{"line":12,"column":60}},"3":{"start":{"line":13,"column":6},"end":{"line":13,"column":22}},"4":{"start":{"line":15,"column":6},"end":{"line":15,"column":72}},"5":{"start":{"line":16,"column":6},"end":{"line":16,"column":86}},"6":{"start":{"line":22,"column":4},"end":{"line":28,"column":5}},"7":{"start":{"line":23,"column":18},"end":{"line":23,"column":50}},"8":{"start":{"line":24,"column":6},"end":{"line":24,"column":29}},"9":{"start":{"line":26,"column":6},"end":{"line":26,"column":66}},"10":{"start":{"line":27,"column":6},"end":{"line":27,"column":96}},"11":{"start":{"line":38,"column":4},"end":{"line":44,"column":5}},"12":{"start":{"line":39,"column":18},"end":{"line":39,"column":66}},"13":{"start":{"line":40,"column":6},"end":{"line":40,"column":22}},"14":{"start":{"line":42,"column":6},"end":{"line":42,"column":78}},"15":{"start":{"line":43,"column":6},"end":{"line":43,"column":84}},"16":{"start":{"line":49,"column":4},"end":{"line":55,"column":5}},"17":{"start":{"line":50,"column":18},"end":{"line":50,"column":63}},"18":{"start":{"line":51,"column":6},"end":{"line":51,"column":22}},"19":{"start":{"line":53,"column":6},"end":{"line":53,"column":79}},"20":{"start":{"line":54,"column":6},"end":{"line":54,"column":87}}},"fnMap":{"0":{"name":"(anonymous_0)","decl":{"start":{"line":5,"column":2},"end":{"line":5,"column":3}},"loc":{"start":{"line":10,"column":5},"end":{"line":18,"column":3}},"line":10},"1":{"name":"(anonymous_1)","decl":{"start":{"line":21,"column":2},"end":{"line":21,"column":3}},"loc":{"start":{"line":21,"column":17},"end":{"line":29,"column":3}},"line":21},"2":{"name":"(anonymous_2)","decl":{"start":{"line":32,"column":2},"end":{"line":32,"column":3}},"loc":{"start":{"line":37,"column":5},"end":{"line":45,"column":3}},"line":37},"3":{"name":"(anonymous_3)","decl":{"start":{"line":48,"column":2},"end":{"line":48,"column":3}},"loc":{"start":{"line":48,"column":30},"end":{"line":56,"column":3}},"line":48}},"branchMap":{"0":{"loc":{"start":{"line":16,"column":22},"end":{"line":16,"column":84}},"type":"binary-expr","locations":[{"start":{"line":16,"column":22},"end":{"line":16,"column":47}},{"start":{"line":16,"column":51},"end":{"line":16,"column":84}}],"line":16},"1":{"loc":{"start":{"line":24,"column":13},"end":{"line":24,"column":28}},"type":"binary-expr","locations":[{"start":{"line":24,"column":13},"end":{"line":24,"column":22}},{"start":{"line":24,"column":26},"end":{"line":24,"column":28}}],"line":24},"2":{"loc":{"start":{"line":27,"column":22},"end":{"line":27,"column":94}},"type":"binary-expr","locations":[{"start":{"line":27,"column":22},"end":{"line":27,"column":47}},{"start":{"line":27,"column":51},"end":{"line":27,"column":94}}],"line":27},"3":{"loc":{"start":{"line":43,"column":22},"end":{"line":43,"column":82}},"type":"binary-expr","locations":[{"start":{"line":43,"column":22},"end":{"line":43,"column":47}},{"start":{"line":43,"column":51},"end":{"line":43,"column":82}}],"line":43},"4":{"loc":{"start":{"line":54,"column":22},"end":{"line":54,"column":85}},"type":"binary-expr","locations":[{"start":{"line":54,"column":22},"end":{"line":54,"column":47}},{"start":{"line":54,"column":51},"end":{"line":54,"column":85}}],"line":54}},"s":{"0":1,"1":2,"2":2,"3":1,"4":1,"5":1,"6":2,"7":2,"8":1,"9":1,"10":1,"11":2,"12":2,"13":1,"14":1,"15":1,"16":2,"17":2,"18":1,"19":1,"20":1},"f":{"0":2,"1":2,"2":2,"3":2},"b":{"0":[1,1],"1":[1,0],"2":[1,1],"3":[1,1],"4":[1,1]},"_coverageSchema":"1a1c01bbd47fc00a2c39e90264f33305004495a9","hash":"46ac66e662cc02fbde966982b98d055a6dd9c010"}
,"E:\\Luu_Tru_Code\\HOCTRENTRUONG\\LapTrinhDiDong\\E_LEARNING\\frontend\\services\\subject.service.ts": {"path":"E:\\Luu_Tru_Code\\HOCTRENTRUONG\\LapTrinhDiDong\\E_LEARNING\\frontend\\services\\subject.service.ts","statementMap":{"0":{"start":{"line":9,"column":30},"end":{"line":59,"column":1}},"1":{"start":{"line":11,"column":4},"end":{"line":17,"column":5}},"2":{"start":{"line":12,"column":23},"end":{"line":12,"column":51}},"3":{"start":{"line":13,"column":6},"end":{"line":13,"column":27}},"4":{"start":{"line":15,"column":6},"end":{"line":15,"column":82}},"5":{"start":{"line":16,"column":6},"end":{"line":16,"column":77}},"6":{"start":{"line":21,"column":4},"end":{"line":27,"column":5}},"7":{"start":{"line":22,"column":23},"end":{"line":22,"column":48}},"8":{"start":{"line":23,"column":6},"end":{"line":23,"column":27}},"9":{"start":{"line":25,"column":6},"end":{"line":25,"column":85}},"10":{"start":{"line":26,"column":6},"end":{"line":26,"column":87}},"11":{"start":{"line":31,"column":4},"end":{"line":37,"column":5}},"12":{"start":{"line":32,"column":23},"end":{"line":32,"column":50}},"13":{"start":{"line":33,"column":6},"end":{"line":33,"column":27}},"14":{"start":{"line":35,"column":6},"end":{"line":35,"column":85}},"15":{"start":{"line":36,"column":6},"end":{"line":36,"column":87}},"16":{"start":{"line":41,"column":4},"end":{"line":47,"column":5}},"17":{"start":{"line":42,"column":23},"end":{"line":42,"column":55}},"18":{"start":{"line":43,"column":6},"end":{"line":43,"column":27}},"19":{"start":{"line":45,"column":6},"end":{"line":45,"column":82}},"20":{"start":{"line":46,"column":6},"end":{"line":46,"column":82}},"21":{"start":{"line":51,"column":4},"end":{"line":57,"column":5}},"22":{"start":{"line":52,"column":23},"end":{"line":52,"column":49}},"23":{"start":{"line":53,"column":6},"end":{"line":53,"column":27}},"24":{"start":{"line":55,"column":6},"end":{"line":55,"column":82}},"25":{"start":{"line":56,"column":6},"end":{"line":56,"column":77}}},"fnMap":{"0":{"name":"(anonymous_0)","decl":{"start":{"line":10,"column":10},"end":{"line":10,"column":11}},"loc":{"start":{"line":10,"column":31},"end":{"line":18,"column":3}},"line":10},"1":{"name":"(anonymous_1)","decl":{"start":{"line":20,"column":10},"end":{"line":20,"column":11}},"loc":{"start":{"line":20,"column":22},"end":{"line":28,"column":3}},"line":20},"2":{"name":"(anonymous_2)","decl":{"start":{"line":30,"column":11},"end":{"line":30,"column":12}},"loc":{"start":{"line":30,"column":33},"end":{"line":38,"column":3}},"line":30},"3":{"name":"(anonymous_3)","decl":{"start":{"line":40,"column":10},"end":{"line":40,"column":11}},"loc":{"start":{"line":40,"column":43},"end":{"line":48,"column":3}},"line":40},"4":{"name":"(anonymous_4)","decl":{"start":{"line":50,"column":10},"end":{"line":50,"column":11}},"loc":{"start":{"line":50,"column":32},"end":{"line":58,"column":3}},"line":50}},"branchMap":{"0":{"loc":{"start":{"line":15,"column":43},"end":{"line":15,"column":80}},"type":"binary-expr","locations":[{"start":{"line":15,"column":43},"end":{"line":15,"column":63}},{"start":{"line":15,"column":67},"end":{"line":15,"column":80}}],"line":15},"1":{"loc":{"start":{"line":16,"column":22},"end":{"line":16,"column":75}},"type":"binary-expr","locations":[{"start":{"line":16,"column":22},"end":{"line":16,"column":49}},{"start":{"line":16,"column":53},"end":{"line":16,"column":75}}],"line":16},"2":{"loc":{"start":{"line":25,"column":46},"end":{"line":25,"column":83}},"type":"binary-expr","locations":[{"start":{"line":25,"column":46},"end":{"line":25,"column":66}},{"start":{"line":25,"column":70},"end":{"line":25,"column":83}}],"line":25},"3":{"loc":{"start":{"line":26,"column":22},"end":{"line":26,"column":85}},"type":"binary-expr","locations":[{"start":{"line":26,"column":22},"end":{"line":26,"column":49}},{"start":{"line":26,"column":53},"end":{"line":26,"column":85}}],"line":26},"4":{"loc":{"start":{"line":35,"column":46},"end":{"line":35,"column":83}},"type":"binary-expr","locations":[{"start":{"line":35,"column":46},"end":{"line":35,"column":66}},{"start":{"line":35,"column":70},"end":{"line":35,"column":83}}],"line":35},"5":{"loc":{"start":{"line":36,"column":22},"end":{"line":36,"column":85}},"type":"binary-expr","locations":[{"start":{"line":36,"column":22},"end":{"line":36,"column":49}},{"start":{"line":36,"column":53},"end":{"line":36,"column":85}}],"line":36},"6":{"loc":{"start":{"line":45,"column":43},"end":{"line":45,"column":80}},"type":"binary-expr","locations":[{"start":{"line":45,"column":43},"end":{"line":45,"column":63}},{"start":{"line":45,"column":67},"end":{"line":45,"column":80}}],"line":45},"7":{"loc":{"start":{"line":46,"column":22},"end":{"line":46,"column":80}},"type":"binary-expr","locations":[{"start":{"line":46,"column":22},"end":{"line":46,"column":49}},{"start":{"line":46,"column":53},"end":{"line":46,"column":80}}],"line":46},"8":{"loc":{"start":{"line":55,"column":43},"end":{"line":55,"column":80}},"type":"binary-expr","locations":[{"start":{"line":55,"column":43},"end":{"line":55,"column":63}},{"start":{"line":55,"column":67},"end":{"line":55,"column":80}}],"line":55},"9":{"loc":{"start":{"line":56,"column":22},"end":{"line":56,"column":75}},"type":"binary-expr","locations":[{"start":{"line":56,"column":22},"end":{"line":56,"column":49}},{"start":{"line":56,"column":53},"end":{"line":56,"column":75}}],"line":56}},"s":{"0":1,"1":2,"2":2,"3":1,"4":1,"5":1,"6":2,"7":2,"8":1,"9":1,"10":1,"11":2,"12":2,"13":1,"14":1,"15":1,"16":2,"17":2,"18":1,"19":1,"20":1,"21":2,"22":2,"23":1,"24":1,"25":1},"f":{"0":2,"1":2,"2":2,"3":2,"4":2},"b":{"0":[1,0],"1":[1,0],"2":[1,0],"3":[1,0],"4":[1,0],"5":[1,0],"6":[1,0],"7":[1,0],"8":[1,0],"9":[1,0]},"_coverageSchema":"1a1c01bbd47fc00a2c39e90264f33305004495a9","hash":"cca02d055c099ee6dd16866c511cb7633d534669"}
,"E:\\Luu_Tru_Code\\HOCTRENTRUONG\\LapTrinhDiDong\\E_LEARNING\\frontend\\services\\submission.service.ts": {"path":"E:\\Luu_Tru_Code\\HOCTRENTRUONG\\LapTrinhDiDong\\E_LEARNING\\frontend\\services\\submission.service.ts","statementMap":{"0":{"start":{"line":3,"column":33},"end":{"line":110,"column":1}},"1":{"start":{"line":5,"column":4},"end":{"line":11,"column":5}},"2":{"start":{"line":6,"column":18},"end":{"line":6,"column":78}},"3":{"start":{"line":7,"column":6},"end":{"line":7,"column":22}},"4":{"start":{"line":9,"column":6},"end":{"line":9,"column":78}},"5":{"start":{"line":10,"column":6},"end":{"line":10,"column":87}},"6":{"start":{"line":16,"column":4},"end":{"line":24,"column":5}},"7":{"start":{"line":17,"column":6},"end":{"line":17,"column":59}},"8":{"start":{"line":18,"column":18},"end":{"line":18,"column":59}},"9":{"start":{"line":19,"column":6},"end":{"line":19,"column":60}},"10":{"start":{"line":20,"column":6},"end":{"line":20,"column":22}},"11":{"start":{"line":22,"column":6},"end":{"line":22,"column":87}},"12":{"start":{"line":23,"column":6},"end":{"line":23,"column":86}},"13":{"start":{"line":33,"column":4},"end":{"line":41,"column":5}},"14":{"start":{"line":34,"column":6},"end":{"line":34,"column":71}},"15":{"start":{"line":35,"column":18},"end":{"line":35,"column":60}},"16":{"start":{"line":36,"column":6},"end":{"line":36,"column":61}},"17":{"start":{"line":37,"column":6},"end":{"line":37,"column":22}},"18":{"start":{"line":39,"column":6},"end":{"line":39,"column":87}},"19":{"start":{"line":40,"column":6},"end":{"line":40,"column":73}},"20":{"start":{"line":52,"column":4},"end":{"line":60,"column":5}},"21":{"start":{"line":53,"column":6},"end":{"line":53,"column":79}},"22":{"start":{"line":54,"column":18},"end":{"line":54,"column":64}},"23":{"start":{"line":55,"column":6},"end":{"line":55,"column":61}},"24":{"start":{"line":56,"column":6},"end":{"line":56,"column":22}},"25":{"start":{"line":58,"column":6},"end":{"line":58,"column":87}},"26":{"start":{"line":59,"column":6},"end":{"line":59,"column":82}},"27":{"start":{"line":65,"column":4},"end":{"line":73,"column":5}},"28":{"start":{"line":66,"column":6},"end":{"line":66,"column":59}},"29":{"start":{"line":67,"column":18},"end":{"line":67,"column":58}},"30":{"start":{"line":68,"column":6},"end":{"line":68,"column":61}},"31":{"start":{"line":69,"column":6},"end":{"line":69,"column":22}},"32":{"start":{"line":71,"column":6},"end":{"line":71,"column":87}},"33":{"start":{"line":72,"column":6},"end":{"line":72,"column":77}},"34":{"start":{"line":84,"column":4},"end":{"line":92,"column":5}},"35":{"start":{"line":85,"column":6},"end":{"line":85,"column":78}},"36":{"start":{"line":86,"column":18},"end":{"line":86,"column":63}},"37":{"start":{"line":87,"column":6},"end":{"line":87,"column":60}},"38":{"start":{"line":88,"column":6},"end":{"line":88,"column":22}},"39":{"start":{"line":90,"column":6},"end":{"line":90,"column":86}},"40":{"start":{"line":91,"column":6},"end":{"line":91,"column":83}},"41":{"start":{"line":96,"column":2},"end":{"line":108,"column":3}},"42":{"start":{"line":97,"column":4},"end":{"line":97,"column":69}},"43":{"start":{"line":98,"column":16},"end":{"line":98,"column":58}},"44":{"start":{"line":100,"column":4},"end":{"line":103,"column":5}},"45":{"start":{"line":102,"column":6},"end":{"line":102,"column":16}},"46":{"start":{"line":104,"column":4},"end":{"line":104,"column":20}},"47":{"start":{"line":106,"column":4},"end":{"line":106,"column":84}},"48":{"start":{"line":107,"column":4},"end":{"line":107,"column":99}}},"fnMap":{"0":{"name":"(anonymous_0)","decl":{"start":{"line":4,"column":2},"end":{"line":4,"column":3}},"loc":{"start":{"line":4,"column":57},"end":{"line":12,"column":3}},"line":4},"1":{"name":"(anonymous_1)","decl":{"start":{"line":15,"column":2},"end":{"line":15,"column":3}},"loc":{"start":{"line":15,"column":38},"end":{"line":25,"column":3}},"line":15},"2":{"name":"(anonymous_2)","decl":{"start":{"line":28,"column":2},"end":{"line":28,"column":3}},"loc":{"start":{"line":32,"column":5},"end":{"line":42,"column":3}},"line":32},"3":{"name":"(anonymous_3)","decl":{"start":{"line":45,"column":2},"end":{"line":45,"column":3}},"loc":{"start":{"line":51,"column":4},"end":{"line":61,"column":3}},"line":51},"4":{"name":"(anonymous_4)","decl":{"start":{"line":64,"column":2},"end":{"line":64,"column":3}},"loc":{"start":{"line":64,"column":37},"end":{"line":74,"column":3}},"line":64},"5":{"name":"(anonymous_5)","decl":{"start":{"line":77,"column":2},"end":{"line":77,"column":3}},"loc":{"start":{"line":83,"column":4},"end":{"line":93,"column":3}},"line":83},"6":{"name":"(anonymous_6)","decl":{"start":{"line":95,"column":2},"end":{"line":95,"column":3}},"loc":{"start":{"line":95,"column":31},"end":{"line":109,"column":1}},"line":95}},"branchMap":{"0":{"loc":{"start":{"line":9,"column":51},"end":{"line":9,"column":76}},"type":"binary-expr","locations":[{"start":{"line":9,"column":51},"end":{"line":9,"column":69}},{"start":{"line":9,"column":73},"end":{"line":9,"column":76}}],"line":9},"1":{"loc":{"start":{"line":10,"column":22},"end":{"line":10,"column":85}},"type":"binary-expr","locations":[{"start":{"line":10,"column":22},"end":{"line":10,"column":47}},{"start":{"line":10,"column":51},"end":{"line":10,"column":85}}],"line":10},"2":{"loc":{"start":{"line":22,"column":60},"end":{"line":22,"column":85}},"type":"binary-expr","locations":[{"start":{"line":22,"column":60},"end":{"line":22,"column":78}},{"start":{"line":22,"column":82},"end":{"line":22,"column":85}}],"line":22},"3":{"loc":{"start":{"line":23,"column":22},"end":{"line":23,"column":84}},"type":"binary-expr","locations":[{"start":{"line":23,"column":22},"end":{"line":23,"column":47}},{"start":{"line":23,"column":51},"end":{"line":23,"column":84}}],"line":23},"4":{"loc":{"start":{"line":39,"column":60},"end":{"line":39,"column":85}},"type":"binary-expr","locations":[{"start":{"line":39,"column":60},"end":{"line":39,"column":78}},{"start":{"line":39,"column":82},"end":{"line":39,"column":85}}],"line":39},"5":{"loc":{"start":{"line":40,"column":22},"end":{"line":40,"column":71}},"type":"binary-expr","locations":[{"start":{"line":40,"column":22},"end":{"line":40,"column":47}},{"start":{"line":40,"column":51},"end":{"line":40,"column":71}}],"line":40},"6":{"loc":{"start":{"line":58,"column":60},"end":{"line":58,"column":85}},"type":"binary-expr","locations":[{"start":{"line":58,"column":60},"end":{"line":58,"column":78}},{"start":{"line":58,"column":82},"end":{"line":58,"column":85}}],"line":58},"7":{"loc":{"start":{"line":59,"column":22},"end":{"line":59,"column":80}},"type":"binary-expr","locations":[{"start":{"line":59,"column":22},"end":{"line":59,"column":47}},{"start":{"line":59,"column":51},"end":{"line":59,"column":80}}],"line":59},"8":{"loc":{"start":{"line":71,"column":60},"end":{"line":71,"column":85}},"type":"binary-expr","locations":[{"start":{"line":71,"column":60},"end":{"line":71,"column":78}},{"start":{"line":71,"column":82},"end":{"line":71,"column":85}}],"line":71},"9":{"loc":{"start":{"line":72,"column":22},"end":{"line":72,"column":75}},"type":"binary-expr","locations":[{"start":{"line":72,"column":22},"end":{"line":72,"column":47}},{"start":{"line":72,"column":51},"end":{"line":72,"column":75}}],"line":72},"10":{"loc":{"start":{"line":90,"column":59},"end":{"line":90,"column":84}},"type":"binary-expr","locations":[{"start":{"line":90,"column":59},"end":{"line":90,"column":77}},{"start":{"line":90,"column":81},"end":{"line":90,"column":84}}],"line":90},"11":{"loc":{"start":{"line":91,"column":22},"end":{"line":91,"column":81}},"type":"binary-expr","locations":[{"start":{"line":91,"column":22},"end":{"line":91,"column":47}},{"start":{"line":91,"column":51},"end":{"line":91,"column":81}}],"line":91},"12":{"loc":{"start":{"line":100,"column":4},"end":{"line":103,"column":5}},"type":"if","locations":[{"start":{"line":100,"column":4},"end":{"line":103,"column":5}},{"start":{},"end":{}}],"line":100},"13":{"loc":{"start":{"line":106,"column":57},"end":{"line":106,"column":82}},"type":"binary-expr","locations":[{"start":{"line":106,"column":57},"end":{"line":106,"column":75}},{"start":{"line":106,"column":79},"end":{"line":106,"column":82}}],"line":106},"14":{"loc":{"start":{"line":107,"column":20},"end":{"line":107,"column":97}},"type":"binary-expr","locations":[{"start":{"line":107,"column":20},"end":{"line":107,"column":45}},{"start":{"line":107,"column":49},"end":{"line":107,"column":97}}],"line":107}},"s":{"0":1,"1":2,"2":2,"3":1,"4":1,"5":1,"6":2,"7":2,"8":2,"9":1,"10":1,"11":1,"12":1,"13":2,"14":2,"15":2,"16":1,"17":1,"18":1,"19":1,"20":2,"21":2,"22":2,"23":1,"24":1,"25":1,"26":1,"27":2,"28":2,"29":2,"30":1,"31":1,"32":1,"33":1,"34":2,"35":2,"36":2,"37":1,"38":1,"39":1,"40":1,"41":3,"42":3,"43":3,"44":2,"45":1,"46":1,"47":1,"48":1},"f":{"0":2,"1":2,"2":2,"3":2,"4":2,"5":2,"6":3},"b":{"0":[1,1],"1":[1,1],"2":[1,1],"3":[1,1],"4":[1,1],"5":[1,1],"6":[1,1],"7":[1,1],"8":[1,1],"9":[1,1],"10":[1,1],"11":[1,1],"12":[1,1],"13":[1,1],"14":[1,1]},"_coverageSchema":"1a1c01bbd47fc00a2c39e90264f33305004495a9","hash":"b52666578f4d9f7617b342104fc2494cf2202ef8"}
,"E:\\Luu_Tru_Code\\HOCTRENTRUONG\\LapTrinhDiDong\\E_LEARNING\\frontend\\services\\user.service.ts": {"path":"E:\\Luu_Tru_Code\\HOCTRENTRUONG\\LapTrinhDiDong\\E_LEARNING\\frontend\\services\\user.service.ts","statementMap":{"0":{"start":{"line":11,"column":27},"end":{"line":88,"column":1}},"1":{"start":{"line":14,"column":4},"end":{"line":20,"column":5}},"2":{"start":{"line":15,"column":23},"end":{"line":15,"column":45}},"3":{"start":{"line":16,"column":6},"end":{"line":16,"column":27}},"4":{"start":{"line":18,"column":6},"end":{"line":18,"column":74}},"5":{"start":{"line":19,"column":6},"end":{"line":19,"column":90}},"6":{"start":{"line":25,"column":4},"end":{"line":31,"column":5}},"7":{"start":{"line":26,"column":23},"end":{"line":26,"column":47}},"8":{"start":{"line":27,"column":6},"end":{"line":27,"column":27}},"9":{"start":{"line":29,"column":6},"end":{"line":29,"column":75}},"10":{"start":{"line":30,"column":6},"end":{"line":30,"column":90}},"11":{"start":{"line":36,"column":4},"end":{"line":42,"column":5}},"12":{"start":{"line":37,"column":23},"end":{"line":37,"column":48}},"13":{"start":{"line":38,"column":6},"end":{"line":38,"column":27}},"14":{"start":{"line":40,"column":6},"end":{"line":40,"column":74}},"15":{"start":{"line":41,"column":6},"end":{"line":41,"column":80}},"16":{"start":{"line":47,"column":4},"end":{"line":53,"column":5}},"17":{"start":{"line":48,"column":23},"end":{"line":48,"column":52}},"18":{"start":{"line":49,"column":6},"end":{"line":49,"column":27}},"19":{"start":{"line":51,"column":6},"end":{"line":51,"column":74}},"20":{"start":{"line":52,"column":6},"end":{"line":52,"column":85}},"21":{"start":{"line":58,"column":4},"end":{"line":64,"column":5}},"22":{"start":{"line":59,"column":23},"end":{"line":59,"column":46}},"23":{"start":{"line":60,"column":6},"end":{"line":60,"column":27}},"24":{"start":{"line":62,"column":6},"end":{"line":62,"column":74}},"25":{"start":{"line":63,"column":6},"end":{"line":63,"column":80}},"26":{"start":{"line":69,"column":4},"end":{"line":75,"column":5}},"27":{"start":{"line":70,"column":23},"end":{"line":70,"column":48}},"28":{"start":{"line":71,"column":6},"end":{"line":71,"column":50}},"29":{"start":{"line":73,"column":6},"end":{"line":73,"column":82}},"30":{"start":{"line":74,"column":6},"end":{"line":74,"column":90}},"31":{"start":{"line":80,"column":4},"end":{"line":86,"column":5}},"32":{"start":{"line":81,"column":23},"end":{"line":81,"column":55}},"33":{"start":{"line":82,"column":6},"end":{"line":82,"column":27}},"34":{"start":{"line":84,"column":6},"end":{"line":84,"column":83}},"35":{"start":{"line":85,"column":6},"end":{"line":85,"column":85}}},"fnMap":{"0":{"name":"(anonymous_0)","decl":{"start":{"line":13,"column":10},"end":{"line":13,"column":11}},"loc":{"start":{"line":13,"column":22},"end":{"line":21,"column":3}},"line":13},"1":{"name":"(anonymous_1)","decl":{"start":{"line":24,"column":11},"end":{"line":24,"column":12}},"loc":{"start":{"line":24,"column":33},"end":{"line":32,"column":3}},"line":24},"2":{"name":"(anonymous_2)","decl":{"start":{"line":35,"column":10},"end":{"line":35,"column":11}},"loc":{"start":{"line":35,"column":31},"end":{"line":43,"column":3}},"line":35},"3":{"name":"(anonymous_3)","decl":{"start":{"line":46,"column":10},"end":{"line":46,"column":11}},"loc":{"start":{"line":46,"column":43},"end":{"line":54,"column":3}},"line":46},"4":{"name":"(anonymous_4)","decl":{"start":{"line":57,"column":10},"end":{"line":57,"column":11}},"loc":{"start":{"line":57,"column":32},"end":{"line":65,"column":3}},"line":57},"5":{"name":"(anonymous_5)","decl":{"start":{"line":68,"column":18},"end":{"line":68,"column":19}},"loc":{"start":{"line":68,"column":30},"end":{"line":76,"column":3}},"line":68},"6":{"name":"(anonymous_6)","decl":{"start":{"line":79,"column":19},"end":{"line":79,"column":20}},"loc":{"start":{"line":79,"column":45},"end":{"line":87,"column":3}},"line":79}},"branchMap":{"0":{"loc":{"start":{"line":18,"column":35},"end":{"line":18,"column":72}},"type":"binary-expr","locations":[{"start":{"line":18,"column":35},"end":{"line":18,"column":55}},{"start":{"line":18,"column":59},"end":{"line":18,"column":72}}],"line":18},"1":{"loc":{"start":{"line":19,"column":22},"end":{"line":19,"column":88}},"type":"binary-expr","locations":[{"start":{"line":19,"column":22},"end":{"line":19,"column":49}},{"start":{"line":19,"column":53},"end":{"line":19,"column":88}}],"line":19},"2":{"loc":{"start":{"line":29,"column":36},"end":{"line":29,"column":73}},"type":"binary-expr","locations":[{"start":{"line":29,"column":36},"end":{"line":29,"column":56}},{"start":{"line":29,"column":60},"end":{"line":29,"column":73}}],"line":29},"3":{"loc":{"start":{"line":30,"column":22},"end":{"line":30,"column":88}},"type":"binary-expr","locations":[{"start":{"line":30,"column":22},"end":{"line":30,"column":49}},{"start":{"line":30,"column":53},"end":{"line":30,"column":88}}],"line":30},"4":{"loc":{"start":{"line":40,"column":35},"end":{"line":40,"column":72}},"type":"binary-expr","locations":[{"start":{"line":40,"column":35},"end":{"line":40,"column":55}},{"start":{"line":40,"column":59},"end":{"line":40,"column":72}}],"line":40},"5":{"loc":{"start":{"line":41,"column":22},"end":{"line":41,"column":78}},"type":"binary-expr","locations":[{"start":{"line":41,"column":22},"end":{"line":41,"column":49}},{"start":{"line":41,"column":53},"end":{"line":41,"column":78}}],"line":41},"6":{"loc":{"start":{"line":51,"column":35},"end":{"line":51,"column":72}},"type":"binary-expr","locations":[{"start":{"line":51,"column":35},"end":{"line":51,"column":55}},{"start":{"line":51,"column":59},"end":{"line":51,"column":72}}],"line":51},"7":{"loc":{"start":{"line":52,"column":22},"end":{"line":52,"column":83}},"type":"binary-expr","locations":[{"start":{"line":52,"column":22},"end":{"line":52,"column":49}},{"start":{"line":52,"column":53},"end":{"line":52,"column":83}}],"line":52},"8":{"loc":{"start":{"line":62,"column":35},"end":{"line":62,"column":72}},"type":"binary-expr","locations":[{"start":{"line":62,"column":35},"end":{"line":62,"column":55}},{"start":{"line":62,"column":59},"end":{"line":62,"column":72}}],"line":62},"9":{"loc":{"start":{"line":63,"column":22},"end":{"line":63,"column":78}},"type":"binary-expr","locations":[{"start":{"line":63,"column":22},"end":{"line":63,"column":49}},{"start":{"line":63,"column":53},"end":{"line":63,"column":78}}],"line":63},"10":{"loc":{"start":{"line":71,"column":13},"end":{"line":71,"column":49}},"type":"binary-expr","locations":[{"start":{"line":71,"column":13},"end":{"line":71,"column":32}},{"start":{"line":71,"column":36},"end":{"line":71,"column":49}}],"line":71},"11":{"loc":{"start":{"line":73,"column":43},"end":{"line":73,"column":80}},"type":"binary-expr","locations":[{"start":{"line":73,"column":43},"end":{"line":73,"column":63}},{"start":{"line":73,"column":67},"end":{"line":73,"column":80}}],"line":73},"12":{"loc":{"start":{"line":74,"column":22},"end":{"line":74,"column":88}},"type":"binary-expr","locations":[{"start":{"line":74,"column":22},"end":{"line":74,"column":49}},{"start":{"line":74,"column":53},"end":{"line":74,"column":88}}],"line":74},"13":{"loc":{"start":{"line":84,"column":44},"end":{"line":84,"column":81}},"type":"binary-expr","locations":[{"start":{"line":84,"column":44},"end":{"line":84,"column":64}},{"start":{"line":84,"column":68},"end":{"line":84,"column":81}}],"line":84},"14":{"loc":{"start":{"line":85,"column":22},"end":{"line":85,"column":83}},"type":"binary-expr","locations":[{"start":{"line":85,"column":22},"end":{"line":85,"column":49}},{"start":{"line":85,"column":53},"end":{"line":85,"column":83}}],"line":85}},"s":{"0":1,"1":2,"2":2,"3":1,"4":1,"5":1,"6":2,"7":2,"8":1,"9":1,"10":1,"11":2,"12":2,"13":1,"14":1,"15":1,"16":2,"17":2,"18":1,"19":1,"20":1,"21":2,"22":2,"23":1,"24":1,"25":1,"26":2,"27":2,"28":1,"29":1,"30":1,"31":0,"32":0,"33":0,"34":0,"35":0},"f":{"0":2,"1":2,"2":2,"3":2,"4":2,"5":2,"6":0},"b":{"0":[1,1],"1":[1,1],"2":[1,1],"3":[1,1],"4":[1,1],"5":[1,1],"6":[1,1],"7":[1,1],"8":[1,1],"9":[1,1],"10":[1,0],"11":[1,1],"12":[1,1],"13":[0,0],"14":[0,0]},"_coverageSchema":"1a1c01bbd47fc00a2c39e90264f33305004495a9","hash":"5e402bdd24c9dc3fb93c17c9ee6013b7c4326615"}
}
