{"D:\\IT\\MobileApp\\project\\E_LEARNING\\frontend\\App.js": {"path":"D:\\IT\\MobileApp\\project\\E_LEARNING\\frontend\\App.js","statementMap":{"0":{"start":{"line":5,"column":2},"end":{"line":10,"column":4}},"1":{"start":{"line":13,"column":15},"end":{"line":20,"column":2}}},"fnMap":{"0":{"name":"App","decl":{"start":{"line":4,"column":24},"end":{"line":4,"column":27}},"loc":{"start":{"line":4,"column":30},"end":{"line":11,"column":1}},"line":4}},"branchMap":{},"s":{"0":0,"1":0},"f":{"0":0},"b":{}}
,"D:\\IT\\MobileApp\\project\\E_LEARNING\\frontend\\App.tsx": {"path":"D:\\IT\\MobileApp\\project\\E_LEARNING\\frontend\\App.tsx","statementMap":{"0":{"start":{"line":6,"column":2},"end":{"line":10,"column":4}}},"fnMap":{"0":{"name":"App","decl":{"start":{"line":5,"column":24},"end":{"line":5,"column":27}},"loc":{"start":{"line":5,"column":30},"end":{"line":11,"column":1}},"line":5}},"branchMap":{},"s":{"0":0},"f":{"0":0},"b":{}}
,"D:\\IT\\MobileApp\\project\\E_LEARNING\\frontend\\index.js": {"path":"D:\\IT\\MobileApp\\project\\E_LEARNING\\frontend\\index.js","statementMap":{"0":{"start":{"line":8,"column":0},"end":{"line":8,"column":27}}},"fnMap":{},"branchMap":{},"s":{"0":0},"f":{},"b":{}}
,"D:\\IT\\MobileApp\\project\\E_LEARNING\\frontend\\api\\assignment.api.ts": {"path":"D:\\IT\\MobileApp\\project\\E_LEARNING\\frontend\\api\\assignment.api.ts","statementMap":{"0":{"start":{"line":3,"column":16},"end":{"line":3,"column":33}},"1":{"start":{"line":6,"column":38},"end":{"line":9,"column":1}},"2":{"start":{"line":7,"column":2},"end":{"line":7,"column":57}},"3":{"start":{"line":8,"column":2},"end":{"line":8,"column":50}},"4":{"start":{"line":12,"column":33},"end":{"line":15,"column":1}},"5":{"start":{"line":13,"column":2},"end":{"line":13,"column":44}},"6":{"start":{"line":14,"column":2},"end":{"line":14,"column":37}},"7":{"start":{"line":18,"column":32},"end":{"line":28,"column":1}},"8":{"start":{"line":26,"column":2},"end":{"line":26,"column":43}},"9":{"start":{"line":27,"column":2},"end":{"line":27,"column":33}},"10":{"start":{"line":31,"column":32},"end":{"line":44,"column":1}},"11":{"start":{"line":42,"column":2},"end":{"line":42,"column":50}},"12":{"start":{"line":43,"column":2},"end":{"line":43,"column":43}},"13":{"start":{"line":47,"column":32},"end":{"line":50,"column":1}},"14":{"start":{"line":48,"column":2},"end":{"line":48,"column":47}},"15":{"start":{"line":49,"column":2},"end":{"line":49,"column":40}}},"fnMap":{"0":{"name":"(anonymous_0)","decl":{"start":{"line":6,"column":38},"end":{"line":6,"column":39}},"loc":{"start":{"line":6,"column":60},"end":{"line":9,"column":1}},"line":6},"1":{"name":"(anonymous_1)","decl":{"start":{"line":12,"column":33},"end":{"line":12,"column":34}},"loc":{"start":{"line":12,"column":49},"end":{"line":15,"column":1}},"line":12},"2":{"name":"(anonymous_2)","decl":{"start":{"line":18,"column":32},"end":{"line":18,"column":33}},"loc":{"start":{"line":25,"column":6},"end":{"line":28,"column":1}},"line":25},"3":{"name":"(anonymous_3)","decl":{"start":{"line":31,"column":32},"end":{"line":31,"column":33}},"loc":{"start":{"line":41,"column":5},"end":{"line":44,"column":1}},"line":41},"4":{"name":"(anonymous_4)","decl":{"start":{"line":47,"column":32},"end":{"line":47,"column":33}},"loc":{"start":{"line":47,"column":48},"end":{"line":50,"column":1}},"line":47}},"branchMap":{},"s":{"0":0,"1":0,"2":0,"3":0,"4":0,"5":0,"6":0,"7":0,"8":0,"9":0,"10":0,"11":0,"12":0,"13":0,"14":0,"15":0},"f":{"0":0,"1":0,"2":0,"3":0,"4":0},"b":{}}
,"D:\\IT\\MobileApp\\project\\E_LEARNING\\frontend\\api\\auth.api.ts": {"path":"D:\\IT\\MobileApp\\project\\E_LEARNING\\frontend\\api\\auth.api.ts","statementMap":{"0":{"start":{"line":3,"column":16},"end":{"line":3,"column":27}},"1":{"start":{"line":5,"column":27},"end":{"line":6,"column":60}},"2":{"start":{"line":6,"column":2},"end":{"line":6,"column":60}},"3":{"start":{"line":8,"column":26},"end":{"line":9,"column":60}},"4":{"start":{"line":9,"column":2},"end":{"line":9,"column":60}},"5":{"start":{"line":11,"column":28},"end":{"line":12,"column":67}},"6":{"start":{"line":12,"column":2},"end":{"line":12,"column":67}},"7":{"start":{"line":14,"column":24},"end":{"line":15,"column":51}},"8":{"start":{"line":15,"column":2},"end":{"line":15,"column":51}},"9":{"start":{"line":17,"column":24},"end":{"line":17,"column":54}},"10":{"start":{"line":17,"column":30},"end":{"line":17,"column":54}},"11":{"start":{"line":18,"column":25},"end":{"line":18,"column":60}},"12":{"start":{"line":18,"column":31},"end":{"line":18,"column":60}}},"fnMap":{"0":{"name":"(anonymous_0)","decl":{"start":{"line":5,"column":27},"end":{"line":5,"column":28}},"loc":{"start":{"line":6,"column":2},"end":{"line":6,"column":60}},"line":6},"1":{"name":"(anonymous_1)","decl":{"start":{"line":8,"column":26},"end":{"line":8,"column":27}},"loc":{"start":{"line":9,"column":2},"end":{"line":9,"column":60}},"line":9},"2":{"name":"(anonymous_2)","decl":{"start":{"line":11,"column":28},"end":{"line":11,"column":29}},"loc":{"start":{"line":12,"column":2},"end":{"line":12,"column":67}},"line":12},"3":{"name":"(anonymous_3)","decl":{"start":{"line":14,"column":24},"end":{"line":14,"column":25}},"loc":{"start":{"line":15,"column":2},"end":{"line":15,"column":51}},"line":15},"4":{"name":"(anonymous_4)","decl":{"start":{"line":17,"column":24},"end":{"line":17,"column":25}},"loc":{"start":{"line":17,"column":30},"end":{"line":17,"column":54}},"line":17},"5":{"name":"(anonymous_5)","decl":{"start":{"line":18,"column":25},"end":{"line":18,"column":26}},"loc":{"start":{"line":18,"column":31},"end":{"line":18,"column":60}},"line":18}},"branchMap":{},"s":{"0":0,"1":0,"2":0,"3":0,"4":0,"5":0,"6":0,"7":0,"8":0,"9":0,"10":0,"11":0,"12":0},"f":{"0":0,"1":0,"2":0,"3":0,"4":0,"5":0},"b":{}}
,"D:\\IT\\MobileApp\\project\\E_LEARNING\\frontend\\api\\axiosInstance.ts": {"path":"D:\\IT\\MobileApp\\project\\E_LEARNING\\frontend\\api\\axiosInstance.ts","statementMap":{"0":{"start":{"line":4,"column":12},"end":{"line":7,"column":2}},"1":{"start":{"line":10,"column":0},"end":{"line":16,"column":3}},"2":{"start":{"line":11,"column":16},"end":{"line":11,"column":51}},"3":{"start":{"line":12,"column":2},"end":{"line":14,"column":3}},"4":{"start":{"line":13,"column":4},"end":{"line":13,"column":53}},"5":{"start":{"line":15,"column":2},"end":{"line":15,"column":16}}},"fnMap":{"0":{"name":"(anonymous_0)","decl":{"start":{"line":10,"column":29},"end":{"line":10,"column":30}},"loc":{"start":{"line":10,"column":47},"end":{"line":16,"column":1}},"line":10}},"branchMap":{"0":{"loc":{"start":{"line":12,"column":2},"end":{"line":14,"column":3}},"type":"if","locations":[{"start":{"line":12,"column":2},"end":{"line":14,"column":3}},{"start":{},"end":{}}],"line":12}},"s":{"0":1,"1":1,"2":0,"3":0,"4":0,"5":0},"f":{"0":0},"b":{"0":[0,0]},"_coverageSchema":"1a1c01bbd47fc00a2c39e90264f33305004495a9","hash":"62baa4b416af35f0440c958810939e95688ab807"}
,"D:\\IT\\MobileApp\\project\\E_LEARNING\\frontend\\api\\classmember.api.ts": {"path":"D:\\IT\\MobileApp\\project\\E_LEARNING\\frontend\\api\\classmember.api.ts","statementMap":{"0":{"start":{"line":3,"column":16},"end":{"line":3,"column":34}},"1":{"start":{"line":4,"column":19},"end":{"line":4,"column":52}},"2":{"start":{"line":6,"column":30},"end":{"line":69,"column":1}},"3":{"start":{"line":9,"column":4},"end":{"line":9,"column":38}},"4":{"start":{"line":10,"column":4},"end":{"line":10,"column":28}},"5":{"start":{"line":15,"column":4},"end":{"line":15,"column":67}},"6":{"start":{"line":16,"column":4},"end":{"line":16,"column":57}},"7":{"start":{"line":21,"column":4},"end":{"line":21,"column":54}},"8":{"start":{"line":22,"column":4},"end":{"line":22,"column":44}},"9":{"start":{"line":27,"column":4},"end":{"line":27,"column":66}},"10":{"start":{"line":28,"column":4},"end":{"line":28,"column":56}},"11":{"start":{"line":33,"column":4},"end":{"line":33,"column":49}},"12":{"start":{"line":34,"column":4},"end":{"line":34,"column":39}},"13":{"start":{"line":39,"column":4},"end":{"line":39,"column":48}},"14":{"start":{"line":40,"column":4},"end":{"line":40,"column":38}},"15":{"start":{"line":45,"column":4},"end":{"line":45,"column":53}},"16":{"start":{"line":46,"column":4},"end":{"line":46,"column":43}},"17":{"start":{"line":51,"column":4},"end":{"line":51,"column":41}},"18":{"start":{"line":52,"column":4},"end":{"line":52,"column":31}},"19":{"start":{"line":57,"column":4},"end":{"line":57,"column":48}},"20":{"start":{"line":58,"column":4},"end":{"line":58,"column":38}},"21":{"start":{"line":62,"column":4},"end":{"line":62,"column":72}},"22":{"start":{"line":63,"column":4},"end":{"line":63,"column":62}},"23":{"start":{"line":66,"column":4},"end":{"line":66,"column":74}},"24":{"start":{"line":67,"column":4},"end":{"line":67,"column":64}}},"fnMap":{"0":{"name":"(anonymous_0)","decl":{"start":{"line":8,"column":21},"end":{"line":8,"column":22}},"loc":{"start":{"line":8,"column":27},"end":{"line":11,"column":3}},"line":8},"1":{"name":"(anonymous_1)","decl":{"start":{"line":14,"column":15},"end":{"line":14,"column":16}},"loc":{"start":{"line":14,"column":35},"end":{"line":17,"column":3}},"line":14},"2":{"name":"(anonymous_2)","decl":{"start":{"line":20,"column":13},"end":{"line":20,"column":14}},"loc":{"start":{"line":20,"column":36},"end":{"line":23,"column":3}},"line":20},"3":{"name":"(anonymous_3)","decl":{"start":{"line":26,"column":16},"end":{"line":26,"column":17}},"loc":{"start":{"line":26,"column":39},"end":{"line":29,"column":3}},"line":26},"4":{"name":"(anonymous_4)","decl":{"start":{"line":32,"column":23},"end":{"line":32,"column":24}},"loc":{"start":{"line":32,"column":29},"end":{"line":35,"column":3}},"line":32},"5":{"name":"(anonymous_5)","decl":{"start":{"line":38,"column":14},"end":{"line":38,"column":15}},"loc":{"start":{"line":38,"column":20},"end":{"line":41,"column":3}},"line":38},"6":{"name":"(anonymous_6)","decl":{"start":{"line":44,"column":22},"end":{"line":44,"column":23}},"loc":{"start":{"line":44,"column":28},"end":{"line":47,"column":3}},"line":44},"7":{"name":"(anonymous_7)","decl":{"start":{"line":50,"column":23},"end":{"line":50,"column":24}},"loc":{"start":{"line":50,"column":29},"end":{"line":53,"column":3}},"line":50},"8":{"name":"(anonymous_8)","decl":{"start":{"line":56,"column":15},"end":{"line":56,"column":16}},"loc":{"start":{"line":56,"column":21},"end":{"line":59,"column":3}},"line":56},"9":{"name":"(anonymous_9)","decl":{"start":{"line":61,"column":23},"end":{"line":61,"column":24}},"loc":{"start":{"line":61,"column":45},"end":{"line":64,"column":3}},"line":61},"10":{"name":"(anonymous_10)","decl":{"start":{"line":65,"column":21},"end":{"line":65,"column":22}},"loc":{"start":{"line":65,"column":41},"end":{"line":68,"column":3}},"line":65}},"branchMap":{},"s":{"0":0,"1":0,"2":0,"3":0,"4":0,"5":0,"6":0,"7":0,"8":0,"9":0,"10":0,"11":0,"12":0,"13":0,"14":0,"15":0,"16":0,"17":0,"18":0,"19":0,"20":0,"21":0,"22":0,"23":0,"24":0},"f":{"0":0,"1":0,"2":0,"3":0,"4":0,"5":0,"6":0,"7":0,"8":0,"9":0,"10":0},"b":{}}
,"D:\\IT\\MobileApp\\project\\E_LEARNING\\frontend\\api\\course.api.ts": {"path":"D:\\IT\\MobileApp\\project\\E_LEARNING\\frontend\\api\\course.api.ts","statementMap":{"0":{"start":{"line":4,"column":16},"end":{"line":4,"column":29}},"1":{"start":{"line":8,"column":37},"end":{"line":10,"column":1}},"2":{"start":{"line":9,"column":2},"end":{"line":9,"column":47}},"3":{"start":{"line":13,"column":37},"end":{"line":15,"column":1}},"4":{"start":{"line":14,"column":2},"end":{"line":14,"column":43}},"5":{"start":{"line":18,"column":31},"end":{"line":20,"column":1}},"6":{"start":{"line":19,"column":2},"end":{"line":19,"column":33}},"7":{"start":{"line":23,"column":31},"end":{"line":25,"column":1}},"8":{"start":{"line":24,"column":2},"end":{"line":24,"column":43}},"9":{"start":{"line":28,"column":31},"end":{"line":30,"column":1}},"10":{"start":{"line":29,"column":2},"end":{"line":29,"column":40}},"11":{"start":{"line":34,"column":39},"end":{"line":36,"column":1}},"12":{"start":{"line":35,"column":2},"end":{"line":35,"column":43}},"13":{"start":{"line":39,"column":39},"end":{"line":41,"column":1}},"14":{"start":{"line":40,"column":2},"end":{"line":40,"column":45}},"15":{"start":{"line":44,"column":39},"end":{"line":46,"column":1}},"16":{"start":{"line":45,"column":2},"end":{"line":45,"column":53}},"17":{"start":{"line":50,"column":39},"end":{"line":52,"column":1}},"18":{"start":{"line":51,"column":2},"end":{"line":51,"column":50}},"19":{"start":{"line":55,"column":39},"end":{"line":57,"column":1}},"20":{"start":{"line":56,"column":2},"end":{"line":56,"column":52}}},"fnMap":{"0":{"name":"(anonymous_0)","decl":{"start":{"line":8,"column":37},"end":{"line":8,"column":38}},"loc":{"start":{"line":8,"column":48},"end":{"line":10,"column":1}},"line":8},"1":{"name":"(anonymous_1)","decl":{"start":{"line":13,"column":37},"end":{"line":13,"column":38}},"loc":{"start":{"line":13,"column":53},"end":{"line":15,"column":1}},"line":13},"2":{"name":"(anonymous_2)","decl":{"start":{"line":18,"column":31},"end":{"line":18,"column":32}},"loc":{"start":{"line":18,"column":46},"end":{"line":20,"column":1}},"line":18},"3":{"name":"(anonymous_3)","decl":{"start":{"line":23,"column":31},"end":{"line":23,"column":32}},"loc":{"start":{"line":23,"column":58},"end":{"line":25,"column":1}},"line":23},"4":{"name":"(anonymous_4)","decl":{"start":{"line":28,"column":31},"end":{"line":28,"column":32}},"loc":{"start":{"line":28,"column":47},"end":{"line":30,"column":1}},"line":28},"5":{"name":"(anonymous_5)","decl":{"start":{"line":34,"column":39},"end":{"line":34,"column":40}},"loc":{"start":{"line":34,"column":45},"end":{"line":36,"column":1}},"line":34},"6":{"name":"(anonymous_6)","decl":{"start":{"line":39,"column":39},"end":{"line":39,"column":40}},"loc":{"start":{"line":39,"column":55},"end":{"line":41,"column":1}},"line":39},"7":{"name":"(anonymous_7)","decl":{"start":{"line":44,"column":39},"end":{"line":44,"column":40}},"loc":{"start":{"line":44,"column":50},"end":{"line":46,"column":1}},"line":44},"8":{"name":"(anonymous_8)","decl":{"start":{"line":50,"column":39},"end":{"line":50,"column":40}},"loc":{"start":{"line":50,"column":45},"end":{"line":52,"column":1}},"line":50},"9":{"name":"(anonymous_9)","decl":{"start":{"line":55,"column":39},"end":{"line":55,"column":40}},"loc":{"start":{"line":55,"column":55},"end":{"line":57,"column":1}},"line":55}},"branchMap":{},"s":{"0":0,"1":0,"2":0,"3":0,"4":0,"5":0,"6":0,"7":0,"8":0,"9":0,"10":0,"11":0,"12":0,"13":0,"14":0,"15":0,"16":0,"17":0,"18":0,"19":0,"20":0},"f":{"0":0,"1":0,"2":0,"3":0,"4":0,"5":0,"6":0,"7":0,"8":0,"9":0},"b":{}}
,"D:\\IT\\MobileApp\\project\\E_LEARNING\\frontend\\api\\courseschedule.api.ts": {"path":"D:\\IT\\MobileApp\\project\\E_LEARNING\\frontend\\api\\courseschedule.api.ts","statementMap":{"0":{"start":{"line":3,"column":16},"end":{"line":3,"column":38}},"1":{"start":{"line":7,"column":45},"end":{"line":9,"column":1}},"2":{"start":{"line":8,"column":2},"end":{"line":8,"column":31}},"3":{"start":{"line":12,"column":45},"end":{"line":14,"column":1}},"4":{"start":{"line":13,"column":2},"end":{"line":13,"column":37}},"5":{"start":{"line":17,"column":39},"end":{"line":19,"column":1}},"6":{"start":{"line":18,"column":2},"end":{"line":18,"column":43}},"7":{"start":{"line":22,"column":39},"end":{"line":24,"column":1}},"8":{"start":{"line":23,"column":2},"end":{"line":23,"column":40}},"9":{"start":{"line":28,"column":46},"end":{"line":30,"column":1}},"10":{"start":{"line":29,"column":2},"end":{"line":29,"column":52}},"11":{"start":{"line":34,"column":40},"end":{"line":39,"column":1}},"12":{"start":{"line":35,"column":2},"end":{"line":37,"column":3}},"13":{"start":{"line":36,"column":4},"end":{"line":36,"column":89}},"14":{"start":{"line":38,"column":2},"end":{"line":38,"column":65}},"15":{"start":{"line":42,"column":55},"end":{"line":44,"column":1}},"16":{"start":{"line":43,"column":2},"end":{"line":43,"column":71}}},"fnMap":{"0":{"name":"(anonymous_0)","decl":{"start":{"line":7,"column":45},"end":{"line":7,"column":46}},"loc":{"start":{"line":7,"column":51},"end":{"line":9,"column":1}},"line":7},"1":{"name":"(anonymous_1)","decl":{"start":{"line":12,"column":45},"end":{"line":12,"column":46}},"loc":{"start":{"line":12,"column":61},"end":{"line":14,"column":1}},"line":12},"2":{"name":"(anonymous_2)","decl":{"start":{"line":17,"column":39},"end":{"line":17,"column":40}},"loc":{"start":{"line":17,"column":66},"end":{"line":19,"column":1}},"line":17},"3":{"name":"(anonymous_3)","decl":{"start":{"line":22,"column":39},"end":{"line":22,"column":40}},"loc":{"start":{"line":22,"column":55},"end":{"line":24,"column":1}},"line":22},"4":{"name":"(anonymous_4)","decl":{"start":{"line":28,"column":46},"end":{"line":28,"column":47}},"loc":{"start":{"line":28,"column":52},"end":{"line":30,"column":1}},"line":28},"5":{"name":"(anonymous_5)","decl":{"start":{"line":34,"column":40},"end":{"line":34,"column":41}},"loc":{"start":{"line":34,"column":63},"end":{"line":39,"column":1}},"line":34},"6":{"name":"(anonymous_6)","decl":{"start":{"line":42,"column":55},"end":{"line":42,"column":56}},"loc":{"start":{"line":42,"column":96},"end":{"line":44,"column":1}},"line":42}},"branchMap":{"0":{"loc":{"start":{"line":35,"column":2},"end":{"line":37,"column":3}},"type":"if","locations":[{"start":{"line":35,"column":2},"end":{"line":37,"column":3}},{"start":{},"end":{}}],"line":35}},"s":{"0":1,"1":1,"2":0,"3":1,"4":0,"5":1,"6":0,"7":1,"8":0,"9":1,"10":0,"11":1,"12":0,"13":0,"14":0,"15":1,"16":0},"f":{"0":0,"1":0,"2":0,"3":0,"4":0,"5":0,"6":0},"b":{"0":[0,0]},"_coverageSchema":"1a1c01bbd47fc00a2c39e90264f33305004495a9","hash":"c7f8e05ba8d13475be3d6320528b295ced149b2b"}
,"D:\\IT\\MobileApp\\project\\E_LEARNING\\frontend\\api\\lesson.api.ts": {"path":"D:\\IT\\MobileApp\\project\\E_LEARNING\\frontend\\api\\lesson.api.ts","statementMap":{"0":{"start":{"line":4,"column":17},"end":{"line":4,"column":30}},"1":{"start":{"line":10,"column":29},"end":{"line":11,"column":46}},"2":{"start":{"line":11,"column":2},"end":{"line":11,"column":46}},"3":{"start":{"line":16,"column":35},"end":{"line":17,"column":32}},"4":{"start":{"line":17,"column":2},"end":{"line":17,"column":32}},"5":{"start":{"line":23,"column":29},"end":{"line":24,"column":36}},"6":{"start":{"line":24,"column":2},"end":{"line":24,"column":36}},"7":{"start":{"line":30,"column":28},"end":{"line":33,"column":4}},"8":{"start":{"line":31,"column":2},"end":{"line":33,"column":4}},"9":{"start":{"line":40,"column":28},"end":{"line":43,"column":4}},"10":{"start":{"line":41,"column":2},"end":{"line":43,"column":4}},"11":{"start":{"line":49,"column":28},"end":{"line":50,"column":39}},"12":{"start":{"line":50,"column":2},"end":{"line":50,"column":39}}},"fnMap":{"0":{"name":"(anonymous_0)","decl":{"start":{"line":10,"column":29},"end":{"line":10,"column":30}},"loc":{"start":{"line":11,"column":2},"end":{"line":11,"column":46}},"line":11},"1":{"name":"(anonymous_1)","decl":{"start":{"line":16,"column":35},"end":{"line":16,"column":36}},"loc":{"start":{"line":17,"column":2},"end":{"line":17,"column":32}},"line":17},"2":{"name":"(anonymous_2)","decl":{"start":{"line":23,"column":29},"end":{"line":23,"column":30}},"loc":{"start":{"line":24,"column":2},"end":{"line":24,"column":36}},"line":24},"3":{"name":"(anonymous_3)","decl":{"start":{"line":30,"column":28},"end":{"line":30,"column":29}},"loc":{"start":{"line":31,"column":2},"end":{"line":33,"column":4}},"line":31},"4":{"name":"(anonymous_4)","decl":{"start":{"line":40,"column":28},"end":{"line":40,"column":29}},"loc":{"start":{"line":41,"column":2},"end":{"line":43,"column":4}},"line":41},"5":{"name":"(anonymous_5)","decl":{"start":{"line":49,"column":28},"end":{"line":49,"column":29}},"loc":{"start":{"line":50,"column":2},"end":{"line":50,"column":39}},"line":50}},"branchMap":{},"s":{"0":0,"1":0,"2":0,"3":0,"4":0,"5":0,"6":0,"7":0,"8":0,"9":0,"10":0,"11":0,"12":0},"f":{"0":0,"1":0,"2":0,"3":0,"4":0,"5":0},"b":{}}
,"D:\\IT\\MobileApp\\project\\E_LEARNING\\frontend\\api\\registercourse.api.ts": {"path":"D:\\IT\\MobileApp\\project\\E_LEARNING\\frontend\\api\\registercourse.api.ts","statementMap":{"0":{"start":{"line":3,"column":16},"end":{"line":3,"column":37}},"1":{"start":{"line":5,"column":33},"end":{"line":47,"column":1}},"2":{"start":{"line":13,"column":4},"end":{"line":13,"column":45}},"3":{"start":{"line":14,"column":4},"end":{"line":14,"column":35}},"4":{"start":{"line":19,"column":4},"end":{"line":19,"column":38}},"5":{"start":{"line":20,"column":4},"end":{"line":20,"column":28}},"6":{"start":{"line":30,"column":4},"end":{"line":30,"column":61}},"7":{"start":{"line":31,"column":4},"end":{"line":31,"column":61}},"8":{"start":{"line":32,"column":4},"end":{"line":32,"column":51}},"9":{"start":{"line":37,"column":4},"end":{"line":37,"column":46}},"10":{"start":{"line":38,"column":4},"end":{"line":38,"column":36}},"11":{"start":{"line":43,"column":4},"end":{"line":43,"column":49}},"12":{"start":{"line":44,"column":4},"end":{"line":44,"column":39}}},"fnMap":{"0":{"name":"(anonymous_0)","decl":{"start":{"line":7,"column":16},"end":{"line":7,"column":17}},"loc":{"start":{"line":12,"column":8},"end":{"line":15,"column":3}},"line":12},"1":{"name":"(anonymous_1)","decl":{"start":{"line":18,"column":10},"end":{"line":18,"column":11}},"loc":{"start":{"line":18,"column":16},"end":{"line":21,"column":3}},"line":18},"2":{"name":"(anonymous_2)","decl":{"start":{"line":24,"column":22},"end":{"line":24,"column":23}},"loc":{"start":{"line":29,"column":8},"end":{"line":33,"column":3}},"line":29},"3":{"name":"(anonymous_3)","decl":{"start":{"line":36,"column":23},"end":{"line":36,"column":24}},"loc":{"start":{"line":36,"column":29},"end":{"line":39,"column":3}},"line":36},"4":{"name":"(anonymous_4)","decl":{"start":{"line":42,"column":11},"end":{"line":42,"column":12}},"loc":{"start":{"line":42,"column":27},"end":{"line":45,"column":3}},"line":42}},"branchMap":{},"s":{"0":0,"1":0,"2":0,"3":0,"4":0,"5":0,"6":0,"7":0,"8":0,"9":0,"10":0,"11":0,"12":0},"f":{"0":0,"1":0,"2":0,"3":0,"4":0},"b":{}}
,"D:\\IT\\MobileApp\\project\\E_LEARNING\\frontend\\api\\subject.api.ts": {"path":"D:\\IT\\MobileApp\\project\\E_LEARNING\\frontend\\api\\subject.api.ts","statementMap":{"0":{"start":{"line":4,"column":16},"end":{"line":4,"column":31}},"1":{"start":{"line":7,"column":32},"end":{"line":9,"column":1}},"2":{"start":{"line":8,"column":2},"end":{"line":8,"column":33}},"3":{"start":{"line":12,"column":33},"end":{"line":14,"column":1}},"4":{"start":{"line":13,"column":2},"end":{"line":13,"column":26}},"5":{"start":{"line":17,"column":33},"end":{"line":19,"column":1}},"6":{"start":{"line":18,"column":2},"end":{"line":18,"column":37}},"7":{"start":{"line":22,"column":32},"end":{"line":24,"column":1}},"8":{"start":{"line":23,"column":2},"end":{"line":23,"column":43}},"9":{"start":{"line":27,"column":32},"end":{"line":29,"column":1}},"10":{"start":{"line":28,"column":2},"end":{"line":28,"column":40}}},"fnMap":{"0":{"name":"(anonymous_0)","decl":{"start":{"line":7,"column":32},"end":{"line":7,"column":33}},"loc":{"start":{"line":7,"column":47},"end":{"line":9,"column":1}},"line":7},"1":{"name":"(anonymous_1)","decl":{"start":{"line":12,"column":33},"end":{"line":12,"column":34}},"loc":{"start":{"line":12,"column":39},"end":{"line":14,"column":1}},"line":12},"2":{"name":"(anonymous_2)","decl":{"start":{"line":17,"column":33},"end":{"line":17,"column":34}},"loc":{"start":{"line":17,"column":49},"end":{"line":19,"column":1}},"line":17},"3":{"name":"(anonymous_3)","decl":{"start":{"line":22,"column":32},"end":{"line":22,"column":33}},"loc":{"start":{"line":22,"column":59},"end":{"line":24,"column":1}},"line":22},"4":{"name":"(anonymous_4)","decl":{"start":{"line":27,"column":32},"end":{"line":27,"column":33}},"loc":{"start":{"line":27,"column":48},"end":{"line":29,"column":1}},"line":27}},"branchMap":{},"s":{"0":0,"1":0,"2":0,"3":0,"4":0,"5":0,"6":0,"7":0,"8":0,"9":0,"10":0},"f":{"0":0,"1":0,"2":0,"3":0,"4":0},"b":{}}
,"D:\\IT\\MobileApp\\project\\E_LEARNING\\frontend\\api\\submission.api.ts": {"path":"D:\\IT\\MobileApp\\project\\E_LEARNING\\frontend\\api\\submission.api.ts","statementMap":{"0":{"start":{"line":4,"column":16},"end":{"line":4,"column":33}},"1":{"start":{"line":7,"column":42},"end":{"line":10,"column":1}},"2":{"start":{"line":8,"column":2},"end":{"line":8,"column":65}},"3":{"start":{"line":9,"column":2},"end":{"line":9,"column":58}},"4":{"start":{"line":13,"column":33},"end":{"line":16,"column":1}},"5":{"start":{"line":14,"column":2},"end":{"line":14,"column":44}},"6":{"start":{"line":15,"column":2},"end":{"line":15,"column":37}},"7":{"start":{"line":19,"column":32},"end":{"line":26,"column":1}},"8":{"start":{"line":24,"column":2},"end":{"line":24,"column":43}},"9":{"start":{"line":25,"column":2},"end":{"line":25,"column":33}},"10":{"start":{"line":29,"column":32},"end":{"line":38,"column":1}},"11":{"start":{"line":36,"column":2},"end":{"line":36,"column":50}},"12":{"start":{"line":37,"column":2},"end":{"line":37,"column":43}},"13":{"start":{"line":41,"column":32},"end":{"line":44,"column":1}},"14":{"start":{"line":42,"column":2},"end":{"line":42,"column":47}},"15":{"start":{"line":43,"column":2},"end":{"line":43,"column":40}},"16":{"start":{"line":47,"column":31},"end":{"line":56,"column":1}},"17":{"start":{"line":54,"column":2},"end":{"line":54,"column":56}},"18":{"start":{"line":55,"column":2},"end":{"line":55,"column":49}},"19":{"start":{"line":59,"column":36},"end":{"line":62,"column":1}},"20":{"start":{"line":60,"column":2},"end":{"line":60,"column":41}},"21":{"start":{"line":61,"column":2},"end":{"line":61,"column":34}}},"fnMap":{"0":{"name":"(anonymous_0)","decl":{"start":{"line":7,"column":42},"end":{"line":7,"column":43}},"loc":{"start":{"line":7,"column":68},"end":{"line":10,"column":1}},"line":7},"1":{"name":"(anonymous_1)","decl":{"start":{"line":13,"column":33},"end":{"line":13,"column":34}},"loc":{"start":{"line":13,"column":49},"end":{"line":16,"column":1}},"line":13},"2":{"name":"(anonymous_2)","decl":{"start":{"line":19,"column":32},"end":{"line":19,"column":33}},"loc":{"start":{"line":23,"column":6},"end":{"line":26,"column":1}},"line":23},"3":{"name":"(anonymous_3)","decl":{"start":{"line":29,"column":32},"end":{"line":29,"column":33}},"loc":{"start":{"line":35,"column":5},"end":{"line":38,"column":1}},"line":35},"4":{"name":"(anonymous_4)","decl":{"start":{"line":41,"column":32},"end":{"line":41,"column":33}},"loc":{"start":{"line":41,"column":48},"end":{"line":44,"column":1}},"line":41},"5":{"name":"(anonymous_5)","decl":{"start":{"line":47,"column":31},"end":{"line":47,"column":32}},"loc":{"start":{"line":53,"column":5},"end":{"line":56,"column":1}},"line":53},"6":{"name":"(anonymous_6)","decl":{"start":{"line":59,"column":36},"end":{"line":59,"column":37}},"loc":{"start":{"line":59,"column":42},"end":{"line":62,"column":1}},"line":59}},"branchMap":{},"s":{"0":0,"1":0,"2":0,"3":0,"4":0,"5":0,"6":0,"7":0,"8":0,"9":0,"10":0,"11":0,"12":0,"13":0,"14":0,"15":0,"16":0,"17":0,"18":0,"19":0,"20":0,"21":0},"f":{"0":0,"1":0,"2":0,"3":0,"4":0,"5":0,"6":0},"b":{}}
,"D:\\IT\\MobileApp\\project\\E_LEARNING\\frontend\\api\\user.api.ts": {"path":"D:\\IT\\MobileApp\\project\\E_LEARNING\\frontend\\api\\user.api.ts","statementMap":{"0":{"start":{"line":3,"column":16},"end":{"line":3,"column":28}},"1":{"start":{"line":6,"column":30},"end":{"line":8,"column":1}},"2":{"start":{"line":7,"column":2},"end":{"line":7,"column":26}},"3":{"start":{"line":11,"column":30},"end":{"line":13,"column":1}},"4":{"start":{"line":12,"column":2},"end":{"line":12,"column":37}},"5":{"start":{"line":16,"column":29},"end":{"line":18,"column":1}},"6":{"start":{"line":17,"column":2},"end":{"line":17,"column":33}},"7":{"start":{"line":21,"column":29},"end":{"line":23,"column":1}},"8":{"start":{"line":22,"column":2},"end":{"line":22,"column":43}},"9":{"start":{"line":26,"column":29},"end":{"line":28,"column":1}},"10":{"start":{"line":27,"column":2},"end":{"line":27,"column":40}},"11":{"start":{"line":31,"column":33},"end":{"line":33,"column":1}},"12":{"start":{"line":32,"column":2},"end":{"line":32,"column":40}},"13":{"start":{"line":36,"column":34},"end":{"line":39,"column":1}},"14":{"start":{"line":37,"column":2},"end":{"line":37,"column":56}},"15":{"start":{"line":38,"column":2},"end":{"line":38,"column":46}}},"fnMap":{"0":{"name":"(anonymous_0)","decl":{"start":{"line":6,"column":30},"end":{"line":6,"column":31}},"loc":{"start":{"line":6,"column":36},"end":{"line":8,"column":1}},"line":6},"1":{"name":"(anonymous_1)","decl":{"start":{"line":11,"column":30},"end":{"line":11,"column":31}},"loc":{"start":{"line":11,"column":46},"end":{"line":13,"column":1}},"line":11},"2":{"name":"(anonymous_2)","decl":{"start":{"line":16,"column":29},"end":{"line":16,"column":30}},"loc":{"start":{"line":16,"column":44},"end":{"line":18,"column":1}},"line":16},"3":{"name":"(anonymous_3)","decl":{"start":{"line":21,"column":29},"end":{"line":21,"column":30}},"loc":{"start":{"line":21,"column":56},"end":{"line":23,"column":1}},"line":21},"4":{"name":"(anonymous_4)","decl":{"start":{"line":26,"column":29},"end":{"line":26,"column":30}},"loc":{"start":{"line":26,"column":45},"end":{"line":28,"column":1}},"line":26},"5":{"name":"(anonymous_5)","decl":{"start":{"line":31,"column":33},"end":{"line":31,"column":34}},"loc":{"start":{"line":31,"column":39},"end":{"line":33,"column":1}},"line":31},"6":{"name":"(anonymous_6)","decl":{"start":{"line":36,"column":34},"end":{"line":36,"column":35}},"loc":{"start":{"line":36,"column":54},"end":{"line":39,"column":1}},"line":36}},"branchMap":{},"s":{"0":0,"1":0,"2":0,"3":0,"4":0,"5":0,"6":0,"7":0,"8":0,"9":0,"10":0,"11":0,"12":0,"13":0,"14":0,"15":0},"f":{"0":0,"1":0,"2":0,"3":0,"4":0,"5":0,"6":0},"b":{}}
,"D:\\IT\\MobileApp\\project\\E_LEARNING\\frontend\\constants\\buttonStyles.ts": {"path":"D:\\IT\\MobileApp\\project\\E_LEARNING\\frontend\\constants\\buttonStyles.ts","statementMap":{"0":{"start":{"line":5,"column":28},"end":{"line":116,"column":2}}},"fnMap":{},"branchMap":{},"s":{"0":0},"f":{},"b":{}}
,"D:\\IT\\MobileApp\\project\\E_LEARNING\\frontend\\constants\\cardStyles.ts": {"path":"D:\\IT\\MobileApp\\project\\E_LEARNING\\frontend\\constants\\cardStyles.ts","statementMap":{"0":{"start":{"line":5,"column":26},"end":{"line":22,"column":2}}},"fnMap":{},"branchMap":{},"s":{"0":0},"f":{},"b":{}}
,"D:\\IT\\MobileApp\\project\\E_LEARNING\\frontend\\constants\\colors.ts": {"path":"D:\\IT\\MobileApp\\project\\E_LEARNING\\frontend\\constants\\colors.ts","statementMap":{"0":{"start":{"line":2,"column":22},"end":{"line":13,"column":1}}},"fnMap":{},"branchMap":{},"s":{"0":1},"f":{},"b":{},"_coverageSchema":"1a1c01bbd47fc00a2c39e90264f33305004495a9","hash":"d55350b301947befec54d03b7b61cbd9a8147a70"}
,"D:\\IT\\MobileApp\\project\\E_LEARNING\\frontend\\constants\\imageStyles.ts": {"path":"D:\\IT\\MobileApp\\project\\E_LEARNING\\frontend\\constants\\imageStyles.ts","statementMap":{"0":{"start":{"line":4,"column":27},"end":{"line":12,"column":2}}},"fnMap":{},"branchMap":{},"s":{"0":1},"f":{},"b":{},"_coverageSchema":"1a1c01bbd47fc00a2c39e90264f33305004495a9","hash":"88a1accb7443f38c11755d4dc02c084832ee763e"}
,"D:\\IT\\MobileApp\\project\\E_LEARNING\\frontend\\constants\\inputStyles.ts": {"path":"D:\\IT\\MobileApp\\project\\E_LEARNING\\frontend\\constants\\inputStyles.ts","statementMap":{"0":{"start":{"line":5,"column":27},"end":{"line":36,"column":2}}},"fnMap":{},"branchMap":{},"s":{"0":0},"f":{},"b":{}}
,"D:\\IT\\MobileApp\\project\\E_LEARNING\\frontend\\constants\\layoutStyles.ts": {"path":"D:\\IT\\MobileApp\\project\\E_LEARNING\\frontend\\constants\\layoutStyles.ts","statementMap":{"0":{"start":{"line":5,"column":28},"end":{"line":47,"column":2}}},"fnMap":{},"branchMap":{},"s":{"0":1},"f":{},"b":{},"_coverageSchema":"1a1c01bbd47fc00a2c39e90264f33305004495a9","hash":"0c8712e5b5972ef7640e92f7969fe417efdad549"}
,"D:\\IT\\MobileApp\\project\\E_LEARNING\\frontend\\constants\\listStyles.ts": {"path":"D:\\IT\\MobileApp\\project\\E_LEARNING\\frontend\\constants\\listStyles.ts","statementMap":{"0":{"start":{"line":4,"column":26},"end":{"line":20,"column":2}}},"fnMap":{},"branchMap":{},"s":{"0":0},"f":{},"b":{}}
,"D:\\IT\\MobileApp\\project\\E_LEARNING\\frontend\\constants\\modalStyles.ts": {"path":"D:\\IT\\MobileApp\\project\\E_LEARNING\\frontend\\constants\\modalStyles.ts","statementMap":{"0":{"start":{"line":5,"column":27},"end":{"line":19,"column":2}}},"fnMap":{},"branchMap":{},"s":{"0":0},"f":{},"b":{}}
,"D:\\IT\\MobileApp\\project\\E_LEARNING\\frontend\\constants\\pickerStyles.ts": {"path":"D:\\IT\\MobileApp\\project\\E_LEARNING\\frontend\\constants\\pickerStyles.ts","statementMap":{"0":{"start":{"line":3,"column":28},"end":{"line":10,"column":2}}},"fnMap":{},"branchMap":{},"s":{"0":0},"f":{},"b":{}}
,"D:\\IT\\MobileApp\\project\\E_LEARNING\\frontend\\constants\\scheduleStyles.ts": {"path":"D:\\IT\\MobileApp\\project\\E_LEARNING\\frontend\\constants\\scheduleStyles.ts","statementMap":{"0":{"start":{"line":3,"column":30},"end":{"line":12,"column":2}}},"fnMap":{},"branchMap":{},"s":{"0":0},"f":{},"b":{}}
,"D:\\IT\\MobileApp\\project\\E_LEARNING\\frontend\\constants\\searchStyles.ts": {"path":"D:\\IT\\MobileApp\\project\\E_LEARNING\\frontend\\constants\\searchStyles.ts","statementMap":{"0":{"start":{"line":4,"column":28},"end":{"line":26,"column":2}}},"fnMap":{},"branchMap":{},"s":{"0":0},"f":{},"b":{}}
,"D:\\IT\\MobileApp\\project\\E_LEARNING\\frontend\\constants\\textStyles.ts": {"path":"D:\\IT\\MobileApp\\project\\E_LEARNING\\frontend\\constants\\textStyles.ts","statementMap":{"0":{"start":{"line":5,"column":26},"end":{"line":117,"column":2}}},"fnMap":{},"branchMap":{},"s":{"0":1},"f":{},"b":{},"_coverageSchema":"1a1c01bbd47fc00a2c39e90264f33305004495a9","hash":"8a705108aaf3a11716fbfd60390fec0ccd4360cb"}
,"D:\\IT\\MobileApp\\project\\E_LEARNING\\frontend\\constants\\images\\avatar.ts": {"path":"D:\\IT\\MobileApp\\project\\E_LEARNING\\frontend\\constants\\images\\avatar.ts","statementMap":{"0":{"start":{"line":2,"column":23},"end":{"line":8,"column":1}},"1":{"start":{"line":11,"column":26},"end":{"line":17,"column":1}}},"fnMap":{},"branchMap":{},"s":{"0":0,"1":0},"f":{},"b":{}}
,"D:\\IT\\MobileApp\\project\\E_LEARNING\\frontend\\constants\\images\\common.ts": {"path":"D:\\IT\\MobileApp\\project\\E_LEARNING\\frontend\\constants\\images\\common.ts","statementMap":{"0":{"start":{"line":1,"column":28},"end":{"line":5,"column":1}}},"fnMap":{},"branchMap":{},"s":{"0":0},"f":{},"b":{}}
,"D:\\IT\\MobileApp\\project\\E_LEARNING\\frontend\\constants\\images\\images.ts": {"path":"D:\\IT\\MobileApp\\project\\E_LEARNING\\frontend\\constants\\images\\images.ts","statementMap":{"0":{"start":{"line":7,"column":22},"end":{"line":13,"column":1}}},"fnMap":{},"branchMap":{},"s":{"0":0},"f":{},"b":{}}
,"D:\\IT\\MobileApp\\project\\E_LEARNING\\frontend\\constants\\images\\more-img.ts": {"path":"D:\\IT\\MobileApp\\project\\E_LEARNING\\frontend\\constants\\images\\more-img.ts","statementMap":{"0":{"start":{"line":1,"column":26},"end":{"line":14,"column":1}}},"fnMap":{},"branchMap":{},"s":{"0":0},"f":{},"b":{}}
,"D:\\IT\\MobileApp\\project\\E_LEARNING\\frontend\\constants\\images\\top-banner.ts": {"path":"D:\\IT\\MobileApp\\project\\E_LEARNING\\frontend\\constants\\images\\top-banner.ts","statementMap":{"0":{"start":{"line":1,"column":25},"end":{"line":14,"column":1}}},"fnMap":{},"branchMap":{},"s":{"0":0},"f":{},"b":{}}
,"D:\\IT\\MobileApp\\project\\E_LEARNING\\frontend\\navigation\\AppNavigator.tsx": {"path":"D:\\IT\\MobileApp\\project\\E_LEARNING\\frontend\\navigation\\AppNavigator.tsx","statementMap":{"0":{"start":{"line":118,"column":14},"end":{"line":118,"column":62}},"1":{"start":{"line":121,"column":2},"end":{"line":244,"column":4}}},"fnMap":{"0":{"name":"AppNavigator","decl":{"start":{"line":120,"column":24},"end":{"line":120,"column":36}},"loc":{"start":{"line":120,"column":39},"end":{"line":245,"column":1}},"line":120}},"branchMap":{},"s":{"0":0,"1":0},"f":{"0":0},"b":{}}
,"D:\\IT\\MobileApp\\project\\E_LEARNING\\frontend\\navigation\\BottomTab.tsx": {"path":"D:\\IT\\MobileApp\\project\\E_LEARNING\\frontend\\navigation\\BottomTab.tsx","statementMap":{"0":{"start":{"line":16,"column":12},"end":{"line":16,"column":38}},"1":{"start":{"line":19,"column":30},"end":{"line":19,"column":59}},"2":{"start":{"line":21,"column":2},"end":{"line":31,"column":9}},"3":{"start":{"line":22,"column":22},"end":{"line":29,"column":5}},"4":{"start":{"line":23,"column":6},"end":{"line":28,"column":7}},"5":{"start":{"line":24,"column":21},"end":{"line":24,"column":46}},"6":{"start":{"line":25,"column":8},"end":{"line":25,"column":32}},"7":{"start":{"line":27,"column":8},"end":{"line":27,"column":24}},"8":{"start":{"line":30,"column":4},"end":{"line":30,"column":16}},"9":{"start":{"line":33,"column":24},"end":{"line":56,"column":4}},"10":{"start":{"line":33,"column":56},"end":{"line":56,"column":3}},"11":{"start":{"line":35,"column":21},"end":{"line":35,"column":35}},"12":{"start":{"line":37,"column":6},"end":{"line":47,"column":61}},"13":{"start":{"line":37,"column":33},"end":{"line":37,"column":78}},"14":{"start":{"line":38,"column":11},"end":{"line":47,"column":61}},"15":{"start":{"line":39,"column":8},"end":{"line":39,"column":53}},"16":{"start":{"line":40,"column":11},"end":{"line":47,"column":61}},"17":{"start":{"line":41,"column":8},"end":{"line":41,"column":57}},"18":{"start":{"line":42,"column":11},"end":{"line":47,"column":61}},"19":{"start":{"line":43,"column":8},"end":{"line":43,"column":53}},"20":{"start":{"line":44,"column":11},"end":{"line":47,"column":61}},"21":{"start":{"line":45,"column":8},"end":{"line":45,"column":63}},"22":{"start":{"line":46,"column":11},"end":{"line":47,"column":61}},"23":{"start":{"line":47,"column":8},"end":{"line":47,"column":61}},"24":{"start":{"line":49,"column":6},"end":{"line":49,"column":68}},"25":{"start":{"line":58,"column":21},"end":{"line":120,"column":3}},"26":{"start":{"line":59,"column":4},"end":{"line":119,"column":5}},"27":{"start":{"line":61,"column":6},"end":{"line":77,"column":8}},"28":{"start":{"line":78,"column":11},"end":{"line":119,"column":5}},"29":{"start":{"line":80,"column":6},"end":{"line":95,"column":8}},"30":{"start":{"line":98,"column":6},"end":{"line":118,"column":8}},"31":{"start":{"line":122,"column":2},"end":{"line":124,"column":4}},"32":{"start":{"line":127,"column":15},"end":{"line":139,"column":2}}},"fnMap":{"0":{"name":"BottomTab","decl":{"start":{"line":18,"column":24},"end":{"line":18,"column":33}},"loc":{"start":{"line":18,"column":36},"end":{"line":125,"column":1}},"line":18},"1":{"name":"(anonymous_1)","decl":{"start":{"line":21,"column":12},"end":{"line":21,"column":13}},"loc":{"start":{"line":21,"column":18},"end":{"line":31,"column":3}},"line":21},"2":{"name":"(anonymous_2)","decl":{"start":{"line":22,"column":22},"end":{"line":22,"column":23}},"loc":{"start":{"line":22,"column":34},"end":{"line":29,"column":5}},"line":22},"3":{"name":"(anonymous_3)","decl":{"start":{"line":33,"column":24},"end":{"line":33,"column":25}},"loc":{"start":{"line":33,"column":56},"end":{"line":56,"column":3}},"line":33},"4":{"name":"(anonymous_4)","decl":{"start":{"line":34,"column":16},"end":{"line":34,"column":17}},"loc":{"start":{"line":34,"column":51},"end":{"line":50,"column":5}},"line":34},"5":{"name":"(anonymous_5)","decl":{"start":{"line":58,"column":21},"end":{"line":58,"column":22}},"loc":{"start":{"line":58,"column":27},"end":{"line":120,"column":3}},"line":58}},"branchMap":{"0":{"loc":{"start":{"line":37,"column":6},"end":{"line":47,"column":61}},"type":"if","locations":[{"start":{"line":37,"column":6},"end":{"line":47,"column":61}},{"start":{"line":38,"column":11},"end":{"line":47,"column":61}}],"line":37},"1":{"loc":{"start":{"line":37,"column":44},"end":{"line":37,"column":77}},"type":"cond-expr","locations":[{"start":{"line":37,"column":54},"end":{"line":37,"column":60}},{"start":{"line":37,"column":63},"end":{"line":37,"column":77}}],"line":37},"2":{"loc":{"start":{"line":38,"column":11},"end":{"line":47,"column":61}},"type":"if","locations":[{"start":{"line":38,"column":11},"end":{"line":47,"column":61}},{"start":{"line":40,"column":11},"end":{"line":47,"column":61}}],"line":38},"3":{"loc":{"start":{"line":38,"column":15},"end":{"line":38,"column":69}},"type":"binary-expr","locations":[{"start":{"line":38,"column":15},"end":{"line":38,"column":38}},{"start":{"line":38,"column":42},"end":{"line":38,"column":69}}],"line":38},"4":{"loc":{"start":{"line":39,"column":19},"end":{"line":39,"column":52}},"type":"cond-expr","locations":[{"start":{"line":39,"column":29},"end":{"line":39,"column":35}},{"start":{"line":39,"column":38},"end":{"line":39,"column":52}}],"line":39},"5":{"loc":{"start":{"line":40,"column":11},"end":{"line":47,"column":61}},"type":"if","locations":[{"start":{"line":40,"column":11},"end":{"line":47,"column":61}},{"start":{"line":42,"column":11},"end":{"line":47,"column":61}}],"line":40},"6":{"loc":{"start":{"line":41,"column":19},"end":{"line":41,"column":56}},"type":"cond-expr","locations":[{"start":{"line":41,"column":29},"end":{"line":41,"column":37}},{"start":{"line":41,"column":40},"end":{"line":41,"column":56}}],"line":41},"7":{"loc":{"start":{"line":42,"column":11},"end":{"line":47,"column":61}},"type":"if","locations":[{"start":{"line":42,"column":11},"end":{"line":47,"column":61}},{"start":{"line":44,"column":11},"end":{"line":47,"column":61}}],"line":42},"8":{"loc":{"start":{"line":43,"column":19},"end":{"line":43,"column":52}},"type":"cond-expr","locations":[{"start":{"line":43,"column":29},"end":{"line":43,"column":35}},{"start":{"line":43,"column":38},"end":{"line":43,"column":52}}],"line":43},"9":{"loc":{"start":{"line":44,"column":11},"end":{"line":47,"column":61}},"type":"if","locations":[{"start":{"line":44,"column":11},"end":{"line":47,"column":61}},{"start":{"line":46,"column":11},"end":{"line":47,"column":61}}],"line":44},"10":{"loc":{"start":{"line":45,"column":19},"end":{"line":45,"column":62}},"type":"cond-expr","locations":[{"start":{"line":45,"column":29},"end":{"line":45,"column":40}},{"start":{"line":45,"column":43},"end":{"line":45,"column":62}}],"line":45},"11":{"loc":{"start":{"line":46,"column":11},"end":{"line":47,"column":61}},"type":"if","locations":[{"start":{"line":46,"column":11},"end":{"line":47,"column":61}},{"start":{},"end":{}}],"line":46},"12":{"loc":{"start":{"line":46,"column":15},"end":{"line":46,"column":76}},"type":"binary-expr","locations":[{"start":{"line":46,"column":15},"end":{"line":46,"column":41}},{"start":{"line":46,"column":45},"end":{"line":46,"column":76}}],"line":46},"13":{"loc":{"start":{"line":47,"column":19},"end":{"line":47,"column":60}},"type":"cond-expr","locations":[{"start":{"line":47,"column":29},"end":{"line":47,"column":39}},{"start":{"line":47,"column":42},"end":{"line":47,"column":60}}],"line":47},"14":{"loc":{"start":{"line":59,"column":4},"end":{"line":119,"column":5}},"type":"if","locations":[{"start":{"line":59,"column":4},"end":{"line":119,"column":5}},{"start":{"line":78,"column":11},"end":{"line":119,"column":5}}],"line":59},"15":{"loc":{"start":{"line":78,"column":11},"end":{"line":119,"column":5}},"type":"if","locations":[{"start":{"line":78,"column":11},"end":{"line":119,"column":5}},{"start":{"line":96,"column":11},"end":{"line":119,"column":5}}],"line":78},"16":{"loc":{"start":{"line":130,"column":12},"end":{"line":130,"column":43}},"type":"cond-expr","locations":[{"start":{"line":130,"column":36},"end":{"line":130,"column":38}},{"start":{"line":130,"column":41},"end":{"line":130,"column":43}}],"line":130}},"s":{"0":0,"1":0,"2":0,"3":0,"4":0,"5":0,"6":0,"7":0,"8":0,"9":0,"10":0,"11":0,"12":0,"13":0,"14":0,"15":0,"16":0,"17":0,"18":0,"19":0,"20":0,"21":0,"22":0,"23":0,"24":0,"25":0,"26":0,"27":0,"28":0,"29":0,"30":0,"31":0,"32":0},"f":{"0":0,"1":0,"2":0,"3":0,"4":0,"5":0},"b":{"0":[0,0],"1":[0,0],"2":[0,0],"3":[0,0],"4":[0,0],"5":[0,0],"6":[0,0],"7":[0,0],"8":[0,0],"9":[0,0],"10":[0,0],"11":[0,0],"12":[0,0],"13":[0,0],"14":[0,0],"15":[0,0],"16":[0,0]}}
,"D:\\IT\\MobileApp\\project\\E_LEARNING\\frontend\\screens\\HomeScreen.tsx": {"path":"D:\\IT\\MobileApp\\project\\E_LEARNING\\frontend\\screens\\HomeScreen.tsx","statementMap":{"0":{"start":{"line":5,"column":2},"end":{"line":9,"column":4}},"1":{"start":{"line":12,"column":15},"end":{"line":15,"column":2}}},"fnMap":{"0":{"name":"HomeScreen","decl":{"start":{"line":4,"column":24},"end":{"line":4,"column":34}},"loc":{"start":{"line":4,"column":37},"end":{"line":10,"column":1}},"line":4}},"branchMap":{},"s":{"0":0,"1":0},"f":{"0":0},"b":{}}
,"D:\\IT\\MobileApp\\project\\E_LEARNING\\frontend\\screens\\MoreScreen.tsx": {"path":"D:\\IT\\MobileApp\\project\\E_LEARNING\\frontend\\screens\\MoreScreen.tsx","statementMap":{"0":{"start":{"line":17,"column":21},"end":{"line":17,"column":41}},"1":{"start":{"line":19,"column":24},"end":{"line":37,"column":3}},"2":{"start":{"line":39,"column":2},"end":{"line":91,"column":4}},"3":{"start":{"line":61,"column":8},"end":{"line":76,"column":27}},"4":{"start":{"line":67,"column":25},"end":{"line":67,"column":60}}},"fnMap":{"0":{"name":"MoreScreen","decl":{"start":{"line":16,"column":24},"end":{"line":16,"column":34}},"loc":{"start":{"line":16,"column":37},"end":{"line":92,"column":1}},"line":16},"1":{"name":"(anonymous_1)","decl":{"start":{"line":60,"column":25},"end":{"line":60,"column":26}},"loc":{"start":{"line":61,"column":8},"end":{"line":76,"column":27}},"line":61},"2":{"name":"(anonymous_2)","decl":{"start":{"line":67,"column":19},"end":{"line":67,"column":20}},"loc":{"start":{"line":67,"column":25},"end":{"line":67,"column":60}},"line":67}},"branchMap":{},"s":{"0":0,"1":0,"2":0,"3":0,"4":0},"f":{"0":0,"1":0,"2":0},"b":{}}
,"D:\\IT\\MobileApp\\project\\E_LEARNING\\frontend\\screens\\Assignment\\AddAssignmentScreen.tsx": {"path":"D:\\IT\\MobileApp\\project\\E_LEARNING\\frontend\\screens\\Assignment\\AddAssignmentScreen.tsx","statementMap":{"0":{"start":{"line":30,"column":21},"end":{"line":30,"column":36}},"1":{"start":{"line":31,"column":16},"end":{"line":31,"column":31}},"2":{"start":{"line":32,"column":23},"end":{"line":32,"column":35}},"3":{"start":{"line":34,"column":28},"end":{"line":34,"column":40}},"4":{"start":{"line":35,"column":40},"end":{"line":35,"column":52}},"5":{"start":{"line":36,"column":36},"end":{"line":36,"column":48}},"6":{"start":{"line":37,"column":42},"end":{"line":37,"column":68}},"7":{"start":{"line":38,"column":38},"end":{"line":38,"column":64}},"8":{"start":{"line":39,"column":32},"end":{"line":39,"column":47}},"9":{"start":{"line":41,"column":48},"end":{"line":41,"column":63}},"10":{"start":{"line":42,"column":44},"end":{"line":42,"column":59}},"11":{"start":{"line":45,"column":21},"end":{"line":51,"column":3}},"12":{"start":{"line":46,"column":14},"end":{"line":46,"column":28}},"13":{"start":{"line":47,"column":17},"end":{"line":47,"column":32}},"14":{"start":{"line":48,"column":18},"end":{"line":48,"column":54}},"15":{"start":{"line":49,"column":16},"end":{"line":49,"column":45}},"16":{"start":{"line":50,"column":4},"end":{"line":50,"column":45}},"17":{"start":{"line":53,"column":20},"end":{"line":84,"column":3}},"18":{"start":{"line":54,"column":4},"end":{"line":57,"column":5}},"19":{"start":{"line":55,"column":6},"end":{"line":55,"column":66}},"20":{"start":{"line":56,"column":6},"end":{"line":56,"column":13}},"21":{"start":{"line":59,"column":4},"end":{"line":59,"column":21}},"22":{"start":{"line":60,"column":4},"end":{"line":83,"column":5}},"23":{"start":{"line":61,"column":22},"end":{"line":68,"column":7}},"24":{"start":{"line":70,"column":6},"end":{"line":70,"column":56}},"25":{"start":{"line":72,"column":6},"end":{"line":72,"column":74}},"26":{"start":{"line":73,"column":6},"end":{"line":73,"column":26}},"27":{"start":{"line":75,"column":6},"end":{"line":80,"column":8}},"28":{"start":{"line":82,"column":6},"end":{"line":82,"column":24}},"29":{"start":{"line":86,"column":2},"end":{"line":191,"column":4}},"30":{"start":{"line":103,"column":25},"end":{"line":103,"column":44}},"31":{"start":{"line":128,"column":25},"end":{"line":128,"column":49}},"32":{"start":{"line":138,"column":14},"end":{"line":138,"column":56}},"33":{"start":{"line":139,"column":14},"end":{"line":139,"column":62}},"34":{"start":{"line":139,"column":32},"end":{"line":139,"column":62}},"35":{"start":{"line":147,"column":25},"end":{"line":147,"column":47}},"36":{"start":{"line":157,"column":14},"end":{"line":157,"column":54}},"37":{"start":{"line":158,"column":14},"end":{"line":158,"column":60}},"38":{"start":{"line":158,"column":32},"end":{"line":158,"column":60}}},"fnMap":{"0":{"name":"AddAssignmentScreen","decl":{"start":{"line":29,"column":24},"end":{"line":29,"column":43}},"loc":{"start":{"line":29,"column":46},"end":{"line":192,"column":1}},"line":29},"1":{"name":"(anonymous_1)","decl":{"start":{"line":45,"column":21},"end":{"line":45,"column":22}},"loc":{"start":{"line":45,"column":64},"end":{"line":51,"column":3}},"line":45},"2":{"name":"(anonymous_2)","decl":{"start":{"line":53,"column":20},"end":{"line":53,"column":21}},"loc":{"start":{"line":53,"column":32},"end":{"line":84,"column":3}},"line":53},"3":{"name":"(anonymous_3)","decl":{"start":{"line":103,"column":19},"end":{"line":103,"column":20}},"loc":{"start":{"line":103,"column":25},"end":{"line":103,"column":44}},"line":103},"4":{"name":"(anonymous_4)","decl":{"start":{"line":128,"column":19},"end":{"line":128,"column":20}},"loc":{"start":{"line":128,"column":25},"end":{"line":128,"column":49}},"line":128},"5":{"name":"(anonymous_5)","decl":{"start":{"line":137,"column":22},"end":{"line":137,"column":23}},"loc":{"start":{"line":137,"column":47},"end":{"line":140,"column":13}},"line":137},"6":{"name":"(anonymous_6)","decl":{"start":{"line":147,"column":19},"end":{"line":147,"column":20}},"loc":{"start":{"line":147,"column":25},"end":{"line":147,"column":47}},"line":147},"7":{"name":"(anonymous_7)","decl":{"start":{"line":156,"column":22},"end":{"line":156,"column":23}},"loc":{"start":{"line":156,"column":47},"end":{"line":159,"column":13}},"line":156}},"branchMap":{"0":{"loc":{"start":{"line":45,"column":34},"end":{"line":45,"column":59}},"type":"default-arg","locations":[{"start":{"line":45,"column":49},"end":{"line":45,"column":59}}],"line":45},"1":{"loc":{"start":{"line":54,"column":4},"end":{"line":57,"column":5}},"type":"if","locations":[{"start":{"line":54,"column":4},"end":{"line":57,"column":5}},{"start":{},"end":{}}],"line":54},"2":{"loc":{"start":{"line":54,"column":8},"end":{"line":54,"column":30}},"type":"binary-expr","locations":[{"start":{"line":54,"column":8},"end":{"line":54,"column":14}},{"start":{"line":54,"column":18},"end":{"line":54,"column":30}}],"line":54},"3":{"loc":{"start":{"line":67,"column":12},"end":{"line":67,"column":64}},"type":"binary-expr","locations":[{"start":{"line":67,"column":12},"end":{"line":67,"column":28}},{"start":{"line":67,"column":32},"end":{"line":67,"column":64}}],"line":67},"4":{"loc":{"start":{"line":77,"column":8},"end":{"line":79,"column":35}},"type":"binary-expr","locations":[{"start":{"line":77,"column":8},"end":{"line":77,"column":35}},{"start":{"line":78,"column":10},"end":{"line":78,"column":23}},{"start":{"line":79,"column":10},"end":{"line":79,"column":35}}],"line":77},"5":{"loc":{"start":{"line":132,"column":9},"end":{"line":142,"column":9}},"type":"binary-expr","locations":[{"start":{"line":132,"column":9},"end":{"line":132,"column":24}},{"start":{"line":133,"column":10},"end":{"line":141,"column":12}}],"line":132},"6":{"loc":{"start":{"line":139,"column":14},"end":{"line":139,"column":62}},"type":"if","locations":[{"start":{"line":139,"column":14},"end":{"line":139,"column":62}},{"start":{},"end":{}}],"line":139},"7":{"loc":{"start":{"line":151,"column":9},"end":{"line":161,"column":9}},"type":"binary-expr","locations":[{"start":{"line":151,"column":9},"end":{"line":151,"column":22}},{"start":{"line":152,"column":10},"end":{"line":160,"column":12}}],"line":151},"8":{"loc":{"start":{"line":158,"column":14},"end":{"line":158,"column":60}},"type":"if","locations":[{"start":{"line":158,"column":14},"end":{"line":158,"column":60}},{"start":{},"end":{}}],"line":158},"9":{"loc":{"start":{"line":170,"column":9},"end":{"line":176,"column":9}},"type":"cond-expr","locations":[{"start":{"line":171,"column":10},"end":{"line":171,"column":67}},{"start":{"line":173,"column":10},"end":{"line":175,"column":29}}],"line":170}},"s":{"0":0,"1":0,"2":0,"3":0,"4":0,"5":0,"6":0,"7":0,"8":0,"9":0,"10":0,"11":0,"12":0,"13":0,"14":0,"15":0,"16":0,"17":0,"18":0,"19":0,"20":0,"21":0,"22":0,"23":0,"24":0,"25":0,"26":0,"27":0,"28":0,"29":0,"30":0,"31":0,"32":0,"33":0,"34":0,"35":0,"36":0,"37":0,"38":0},"f":{"0":0,"1":0,"2":0,"3":0,"4":0,"5":0,"6":0,"7":0},"b":{"0":[0],"1":[0,0],"2":[0,0],"3":[0,0],"4":[0,0,0],"5":[0,0],"6":[0,0],"7":[0,0],"8":[0,0],"9":[0,0]}}
,"D:\\IT\\MobileApp\\project\\E_LEARNING\\frontend\\screens\\Assignment\\AssignmentDetailScreen.tsx": {"path":"D:\\IT\\MobileApp\\project\\E_LEARNING\\frontend\\screens\\Assignment\\AssignmentDetailScreen.tsx","statementMap":{"0":{"start":{"line":46,"column":16},"end":{"line":46,"column":31}},"1":{"start":{"line":47,"column":21},"end":{"line":47,"column":52}},"2":{"start":{"line":48,"column":25},"end":{"line":48,"column":43}},"3":{"start":{"line":50,"column":30},"end":{"line":50,"column":59}},"4":{"start":{"line":51,"column":32},"end":{"line":51,"column":46}},"5":{"start":{"line":52,"column":40},"end":{"line":52,"column":66}},"6":{"start":{"line":53,"column":50},"end":{"line":53,"column":75}},"7":{"start":{"line":55,"column":20},"end":{"line":84,"column":3}},"8":{"start":{"line":56,"column":4},"end":{"line":59,"column":5}},"9":{"start":{"line":57,"column":6},"end":{"line":57,"column":56}},"10":{"start":{"line":58,"column":6},"end":{"line":58,"column":13}},"11":{"start":{"line":61,"column":4},"end":{"line":61,"column":21}},"12":{"start":{"line":62,"column":4},"end":{"line":83,"column":5}},"13":{"start":{"line":63,"column":19},"end":{"line":63,"column":44}},"14":{"start":{"line":64,"column":6},"end":{"line":64,"column":30}},"15":{"start":{"line":66,"column":21},"end":{"line":68,"column":7}},"16":{"start":{"line":69,"column":6},"end":{"line":69,"column":34}},"17":{"start":{"line":71,"column":6},"end":{"line":76,"column":7}},"18":{"start":{"line":72,"column":20},"end":{"line":74,"column":9}},"19":{"start":{"line":75,"column":8},"end":{"line":75,"column":28}},"20":{"start":{"line":78,"column":6},"end":{"line":80,"column":7}},"21":{"start":{"line":79,"column":8},"end":{"line":79,"column":79}},"22":{"start":{"line":82,"column":6},"end":{"line":82,"column":24}},"23":{"start":{"line":86,"column":2},"end":{"line":88,"column":9}},"24":{"start":{"line":87,"column":4},"end":{"line":87,"column":16}},"25":{"start":{"line":90,"column":2},"end":{"line":97,"column":3}},"26":{"start":{"line":91,"column":4},"end":{"line":96,"column":6}},"27":{"start":{"line":99,"column":31},"end":{"line":116,"column":3}},"28":{"start":{"line":100,"column":4},"end":{"line":115,"column":23}},"29":{"start":{"line":103,"column":8},"end":{"line":103,"column":69}},"30":{"start":{"line":118,"column":2},"end":{"line":223,"column":4}},"31":{"start":{"line":122,"column":32},"end":{"line":122,"column":61}},"32":{"start":{"line":141,"column":31},"end":{"line":141,"column":50}},"33":{"start":{"line":162,"column":33},"end":{"line":162,"column":77}},"34":{"start":{"line":179,"column":20},"end":{"line":181,"column":22}}},"fnMap":{"0":{"name":"AssignmentDetailScreen","decl":{"start":{"line":45,"column":24},"end":{"line":45,"column":46}},"loc":{"start":{"line":45,"column":49},"end":{"line":224,"column":1}},"line":45},"1":{"name":"(anonymous_1)","decl":{"start":{"line":55,"column":20},"end":{"line":55,"column":21}},"loc":{"start":{"line":55,"column":32},"end":{"line":84,"column":3}},"line":55},"2":{"name":"(anonymous_2)","decl":{"start":{"line":86,"column":12},"end":{"line":86,"column":13}},"loc":{"start":{"line":86,"column":18},"end":{"line":88,"column":3}},"line":86},"3":{"name":"(anonymous_3)","decl":{"start":{"line":99,"column":31},"end":{"line":99,"column":32}},"loc":{"start":{"line":100,"column":4},"end":{"line":115,"column":23}},"line":100},"4":{"name":"(anonymous_4)","decl":{"start":{"line":102,"column":15},"end":{"line":102,"column":16}},"loc":{"start":{"line":103,"column":8},"end":{"line":103,"column":69}},"line":103},"5":{"name":"(anonymous_5)","decl":{"start":{"line":122,"column":22},"end":{"line":122,"column":23}},"loc":{"start":{"line":122,"column":32},"end":{"line":122,"column":61}},"line":122},"6":{"name":"(anonymous_6)","decl":{"start":{"line":141,"column":25},"end":{"line":141,"column":26}},"loc":{"start":{"line":141,"column":31},"end":{"line":141,"column":50}},"line":141},"7":{"name":"(anonymous_7)","decl":{"start":{"line":162,"column":27},"end":{"line":162,"column":28}},"loc":{"start":{"line":162,"column":33},"end":{"line":162,"column":77}},"line":162},"8":{"name":"(anonymous_8)","decl":{"start":{"line":178,"column":27},"end":{"line":178,"column":28}},"loc":{"start":{"line":179,"column":20},"end":{"line":181,"column":22}},"line":179}},"branchMap":{"0":{"loc":{"start":{"line":48,"column":25},"end":{"line":48,"column":43}},"type":"binary-expr","locations":[{"start":{"line":48,"column":25},"end":{"line":48,"column":37}},{"start":{"line":48,"column":41},"end":{"line":48,"column":43}}],"line":48},"1":{"loc":{"start":{"line":56,"column":4},"end":{"line":59,"column":5}},"type":"if","locations":[{"start":{"line":56,"column":4},"end":{"line":59,"column":5}},{"start":{},"end":{}}],"line":56},"2":{"loc":{"start":{"line":56,"column":8},"end":{"line":56,"column":48}},"type":"binary-expr","locations":[{"start":{"line":56,"column":8},"end":{"line":56,"column":19}},{"start":{"line":56,"column":23},"end":{"line":56,"column":48}}],"line":56},"3":{"loc":{"start":{"line":71,"column":6},"end":{"line":76,"column":7}},"type":"if","locations":[{"start":{"line":71,"column":6},"end":{"line":76,"column":7}},{"start":{},"end":{}}],"line":71},"4":{"loc":{"start":{"line":78,"column":6},"end":{"line":80,"column":7}},"type":"if","locations":[{"start":{"line":78,"column":6},"end":{"line":80,"column":7}},{"start":{},"end":{}}],"line":78},"5":{"loc":{"start":{"line":78,"column":10},"end":{"line":78,"column":59}},"type":"binary-expr","locations":[{"start":{"line":78,"column":10},"end":{"line":78,"column":23}},{"start":{"line":78,"column":27},"end":{"line":78,"column":59}}],"line":78},"6":{"loc":{"start":{"line":79,"column":27},"end":{"line":79,"column":77}},"type":"binary-expr","locations":[{"start":{"line":79,"column":27},"end":{"line":79,"column":40}},{"start":{"line":79,"column":44},"end":{"line":79,"column":77}}],"line":79},"7":{"loc":{"start":{"line":90,"column":2},"end":{"line":97,"column":3}},"type":"if","locations":[{"start":{"line":90,"column":2},"end":{"line":97,"column":3}},{"start":{},"end":{}}],"line":90},"8":{"loc":{"start":{"line":107,"column":9},"end":{"line":107,"column":44}},"type":"binary-expr","locations":[{"start":{"line":107,"column":9},"end":{"line":107,"column":21}},{"start":{"line":107,"column":25},"end":{"line":107,"column":44}}],"line":107},"9":{"loc":{"start":{"line":110,"column":18},"end":{"line":110,"column":48}},"type":"binary-expr","locations":[{"start":{"line":110,"column":18},"end":{"line":110,"column":35}},{"start":{"line":110,"column":39},"end":{"line":110,"column":48}}],"line":110},"10":{"loc":{"start":{"line":113,"column":15},"end":{"line":113,"column":40}},"type":"binary-expr","locations":[{"start":{"line":113,"column":15},"end":{"line":113,"column":25}},{"start":{"line":113,"column":29},"end":{"line":113,"column":40}}],"line":113},"11":{"loc":{"start":{"line":121,"column":14},"end":{"line":121,"column":45}},"type":"cond-expr","locations":[{"start":{"line":121,"column":29},"end":{"line":121,"column":40}},{"start":{"line":121,"column":43},"end":{"line":121,"column":45}}],"line":121},"12":{"loc":{"start":{"line":150,"column":17},"end":{"line":150,"column":62}},"type":"binary-expr","locations":[{"start":{"line":150,"column":17},"end":{"line":150,"column":40}},{"start":{"line":150,"column":44},"end":{"line":150,"column":62}}],"line":150},"13":{"loc":{"start":{"line":153,"column":17},"end":{"line":153,"column":66}},"type":"binary-expr","locations":[{"start":{"line":153,"column":17},"end":{"line":153,"column":46}},{"start":{"line":153,"column":50},"end":{"line":153,"column":66}}],"line":153},"14":{"loc":{"start":{"line":159,"column":15},"end":{"line":170,"column":15}},"type":"cond-expr","locations":[{"start":{"line":160,"column":16},"end":{"line":165,"column":23}},{"start":{"line":167,"column":16},"end":{"line":169,"column":23}}],"line":159},"15":{"loc":{"start":{"line":172,"column":29},"end":{"line":172,"column":72}},"type":"binary-expr","locations":[{"start":{"line":172,"column":29},"end":{"line":172,"column":53}},{"start":{"line":172,"column":57},"end":{"line":172,"column":72}}],"line":172},"16":{"loc":{"start":{"line":175,"column":15},"end":{"line":186,"column":15}},"type":"binary-expr","locations":[{"start":{"line":175,"column":15},"end":{"line":175,"column":27}},{"start":{"line":175,"column":31},"end":{"line":175,"column":72}},{"start":{"line":176,"column":16},"end":{"line":185,"column":35}}],"line":175},"17":{"loc":{"start":{"line":190,"column":13},"end":{"line":199,"column":13}},"type":"binary-expr","locations":[{"start":{"line":190,"column":13},"end":{"line":190,"column":25}},{"start":{"line":191,"column":14},"end":{"line":198,"column":21}}],"line":190},"18":{"loc":{"start":{"line":215,"column":10},"end":{"line":219,"column":18}},"type":"cond-expr","locations":[{"start":{"line":216,"column":12},"end":{"line":218,"column":19}},{"start":{"line":219,"column":14},"end":{"line":219,"column":18}}],"line":215}},"s":{"0":0,"1":0,"2":0,"3":0,"4":0,"5":0,"6":0,"7":0,"8":0,"9":0,"10":0,"11":0,"12":0,"13":0,"14":0,"15":0,"16":0,"17":0,"18":0,"19":0,"20":0,"21":0,"22":0,"23":0,"24":0,"25":0,"26":0,"27":0,"28":0,"29":0,"30":0,"31":0,"32":0,"33":0,"34":0},"f":{"0":0,"1":0,"2":0,"3":0,"4":0,"5":0,"6":0,"7":0,"8":0},"b":{"0":[0,0],"1":[0,0],"2":[0,0],"3":[0,0],"4":[0,0],"5":[0,0],"6":[0,0],"7":[0,0],"8":[0,0],"9":[0,0],"10":[0,0],"11":[0,0],"12":[0,0],"13":[0,0],"14":[0,0],"15":[0,0],"16":[0,0,0],"17":[0,0],"18":[0,0]}}
,"D:\\IT\\MobileApp\\project\\E_LEARNING\\frontend\\screens\\Assignment\\AssignmentListScreen.tsx": {"path":"D:\\IT\\MobileApp\\project\\E_LEARNING\\frontend\\screens\\Assignment\\AssignmentListScreen.tsx","statementMap":{"0":{"start":{"line":42,"column":16},"end":{"line":42,"column":31}},"1":{"start":{"line":43,"column":21},"end":{"line":43,"column":52}},"2":{"start":{"line":44,"column":23},"end":{"line":44,"column":35}},"3":{"start":{"line":46,"column":40},"end":{"line":46,"column":66}},"4":{"start":{"line":47,"column":32},"end":{"line":47,"column":55}},"5":{"start":{"line":48,"column":30},"end":{"line":48,"column":59}},"6":{"start":{"line":51,"column":20},"end":{"line":61,"column":3}},"7":{"start":{"line":52,"column":4},"end":{"line":60,"column":5}},"8":{"start":{"line":53,"column":19},"end":{"line":53,"column":44}},"9":{"start":{"line":54,"column":6},"end":{"line":54,"column":30}},"10":{"start":{"line":56,"column":6},"end":{"line":59,"column":8}},"11":{"start":{"line":64,"column":27},"end":{"line":79,"column":3}},"12":{"start":{"line":65,"column":4},"end":{"line":65,"column":21}},"13":{"start":{"line":66,"column":4},"end":{"line":78,"column":5}},"14":{"start":{"line":67,"column":19},"end":{"line":67,"column":75}},"15":{"start":{"line":68,"column":6},"end":{"line":68,"column":33}},"16":{"start":{"line":70,"column":6},"end":{"line":75,"column":8}},"17":{"start":{"line":77,"column":6},"end":{"line":77,"column":24}},"18":{"start":{"line":81,"column":2},"end":{"line":87,"column":19}},"19":{"start":{"line":82,"column":24},"end":{"line":85,"column":6}},"20":{"start":{"line":83,"column":6},"end":{"line":83,"column":24}},"21":{"start":{"line":84,"column":6},"end":{"line":84,"column":31}},"22":{"start":{"line":86,"column":4},"end":{"line":86,"column":23}},"23":{"start":{"line":90,"column":23},"end":{"line":109,"column":3}},"24":{"start":{"line":91,"column":4},"end":{"line":108,"column":7}},"25":{"start":{"line":97,"column":10},"end":{"line":105,"column":11}},"26":{"start":{"line":98,"column":12},"end":{"line":98,"column":57}},"27":{"start":{"line":99,"column":12},"end":{"line":101,"column":14}},"28":{"start":{"line":100,"column":14},"end":{"line":100,"column":56}},"29":{"start":{"line":100,"column":33},"end":{"line":100,"column":55}},"30":{"start":{"line":102,"column":12},"end":{"line":102,"column":57}},"31":{"start":{"line":104,"column":12},"end":{"line":104,"column":74}},"32":{"start":{"line":111,"column":2},"end":{"line":118,"column":3}},"33":{"start":{"line":112,"column":4},"end":{"line":117,"column":6}},"34":{"start":{"line":120,"column":2},"end":{"line":247,"column":4}},"35":{"start":{"line":137,"column":25},"end":{"line":137,"column":44}},"36":{"start":{"line":160,"column":34},"end":{"line":160,"column":63}},"37":{"start":{"line":162,"column":12},"end":{"line":205,"column":19}},"38":{"start":{"line":165,"column":18},"end":{"line":165,"column":79}},"39":{"start":{"line":187,"column":22},"end":{"line":189,"column":24}},"40":{"start":{"line":199,"column":35},"end":{"line":199,"column":67}},"41":{"start":{"line":227,"column":12},"end":{"line":227,"column":68}},"42":{"start":{"line":241,"column":25},"end":{"line":241,"column":68}}},"fnMap":{"0":{"name":"AssignmentListScreen","decl":{"start":{"line":41,"column":24},"end":{"line":41,"column":44}},"loc":{"start":{"line":41,"column":47},"end":{"line":248,"column":1}},"line":41},"1":{"name":"(anonymous_1)","decl":{"start":{"line":51,"column":20},"end":{"line":51,"column":21}},"loc":{"start":{"line":51,"column":32},"end":{"line":61,"column":3}},"line":51},"2":{"name":"(anonymous_2)","decl":{"start":{"line":64,"column":27},"end":{"line":64,"column":28}},"loc":{"start":{"line":64,"column":39},"end":{"line":79,"column":3}},"line":64},"3":{"name":"(anonymous_3)","decl":{"start":{"line":81,"column":12},"end":{"line":81,"column":13}},"loc":{"start":{"line":81,"column":18},"end":{"line":87,"column":3}},"line":81},"4":{"name":"(anonymous_4)","decl":{"start":{"line":82,"column":56},"end":{"line":82,"column":57}},"loc":{"start":{"line":82,"column":68},"end":{"line":85,"column":5}},"line":82},"5":{"name":"(anonymous_5)","decl":{"start":{"line":90,"column":23},"end":{"line":90,"column":24}},"loc":{"start":{"line":90,"column":45},"end":{"line":109,"column":3}},"line":90},"6":{"name":"(anonymous_6)","decl":{"start":{"line":96,"column":17},"end":{"line":96,"column":18}},"loc":{"start":{"line":96,"column":29},"end":{"line":106,"column":9}},"line":96},"7":{"name":"(anonymous_7)","decl":{"start":{"line":99,"column":27},"end":{"line":99,"column":28}},"loc":{"start":{"line":100,"column":14},"end":{"line":100,"column":56}},"line":100},"8":{"name":"(anonymous_8)","decl":{"start":{"line":100,"column":26},"end":{"line":100,"column":27}},"loc":{"start":{"line":100,"column":33},"end":{"line":100,"column":55}},"line":100},"9":{"name":"(anonymous_9)","decl":{"start":{"line":137,"column":19},"end":{"line":137,"column":20}},"loc":{"start":{"line":137,"column":25},"end":{"line":137,"column":44}},"line":137},"10":{"name":"(anonymous_10)","decl":{"start":{"line":160,"column":24},"end":{"line":160,"column":25}},"loc":{"start":{"line":160,"column":34},"end":{"line":160,"column":63}},"line":160},"11":{"name":"(anonymous_11)","decl":{"start":{"line":161,"column":22},"end":{"line":161,"column":23}},"loc":{"start":{"line":162,"column":12},"end":{"line":205,"column":19}},"line":162},"12":{"name":"(anonymous_12)","decl":{"start":{"line":164,"column":25},"end":{"line":164,"column":26}},"loc":{"start":{"line":165,"column":18},"end":{"line":165,"column":79}},"line":165},"13":{"name":"(anonymous_13)","decl":{"start":{"line":186,"column":29},"end":{"line":186,"column":30}},"loc":{"start":{"line":187,"column":22},"end":{"line":189,"column":24}},"line":187},"14":{"name":"(anonymous_14)","decl":{"start":{"line":199,"column":29},"end":{"line":199,"column":30}},"loc":{"start":{"line":199,"column":35},"end":{"line":199,"column":67}},"line":199},"15":{"name":"(anonymous_15)","decl":{"start":{"line":226,"column":19},"end":{"line":226,"column":20}},"loc":{"start":{"line":227,"column":12},"end":{"line":227,"column":68}},"line":227},"16":{"name":"(anonymous_16)","decl":{"start":{"line":241,"column":19},"end":{"line":241,"column":20}},"loc":{"start":{"line":241,"column":25},"end":{"line":241,"column":68}},"line":241}},"branchMap":{"0":{"loc":{"start":{"line":58,"column":8},"end":{"line":58,"column":63}},"type":"binary-expr","locations":[{"start":{"line":58,"column":8},"end":{"line":58,"column":21}},{"start":{"line":58,"column":25},"end":{"line":58,"column":63}}],"line":58},"1":{"loc":{"start":{"line":68,"column":21},"end":{"line":68,"column":31}},"type":"binary-expr","locations":[{"start":{"line":68,"column":21},"end":{"line":68,"column":25}},{"start":{"line":68,"column":29},"end":{"line":68,"column":31}}],"line":68},"2":{"loc":{"start":{"line":72,"column":8},"end":{"line":74,"column":44}},"type":"binary-expr","locations":[{"start":{"line":72,"column":8},"end":{"line":72,"column":35}},{"start":{"line":73,"column":10},"end":{"line":73,"column":23}},{"start":{"line":74,"column":10},"end":{"line":74,"column":44}}],"line":72},"3":{"loc":{"start":{"line":104,"column":31},"end":{"line":104,"column":72}},"type":"binary-expr","locations":[{"start":{"line":104,"column":31},"end":{"line":104,"column":44}},{"start":{"line":104,"column":48},"end":{"line":104,"column":72}}],"line":104},"4":{"loc":{"start":{"line":111,"column":2},"end":{"line":118,"column":3}},"type":"if","locations":[{"start":{"line":111,"column":2},"end":{"line":118,"column":3}},{"start":{},"end":{}}],"line":111},"5":{"loc":{"start":{"line":146,"column":7},"end":{"line":220,"column":7}},"type":"cond-expr","locations":[{"start":{"line":147,"column":8},"end":{"line":156,"column":15}},{"start":{"line":158,"column":8},"end":{"line":219,"column":10}}],"line":146},"6":{"loc":{"start":{"line":171,"column":28},"end":{"line":171,"column":69}},"type":"binary-expr","locations":[{"start":{"line":171,"column":28},"end":{"line":171,"column":45}},{"start":{"line":171,"column":49},"end":{"line":171,"column":69}}],"line":171},"7":{"loc":{"start":{"line":174,"column":31},"end":{"line":174,"column":62}},"type":"binary-expr","locations":[{"start":{"line":174,"column":31},"end":{"line":174,"column":42}},{"start":{"line":174,"column":46},"end":{"line":174,"column":62}}],"line":174},"8":{"loc":{"start":{"line":179,"column":15},"end":{"line":204,"column":15}},"type":"binary-expr","locations":[{"start":{"line":179,"column":16},"end":{"line":179,"column":28}},{"start":{"line":179,"column":32},"end":{"line":179,"column":44}},{"start":{"line":180,"column":16},"end":{"line":203,"column":23}}],"line":179},"9":{"loc":{"start":{"line":223,"column":7},"end":{"line":232,"column":7}},"type":"binary-expr","locations":[{"start":{"line":223,"column":8},"end":{"line":223,"column":20}},{"start":{"line":223,"column":24},"end":{"line":223,"column":36}},{"start":{"line":224,"column":8},"end":{"line":231,"column":27}}],"line":223},"10":{"loc":{"start":{"line":235,"column":7},"end":{"line":245,"column":7}},"type":"binary-expr","locations":[{"start":{"line":235,"column":7},"end":{"line":235,"column":19}},{"start":{"line":236,"column":8},"end":{"line":244,"column":27}}],"line":235}},"s":{"0":0,"1":0,"2":0,"3":0,"4":0,"5":0,"6":0,"7":0,"8":0,"9":0,"10":0,"11":0,"12":0,"13":0,"14":0,"15":0,"16":0,"17":0,"18":0,"19":0,"20":0,"21":0,"22":0,"23":0,"24":0,"25":0,"26":0,"27":0,"28":0,"29":0,"30":0,"31":0,"32":0,"33":0,"34":0,"35":0,"36":0,"37":0,"38":0,"39":0,"40":0,"41":0,"42":0},"f":{"0":0,"1":0,"2":0,"3":0,"4":0,"5":0,"6":0,"7":0,"8":0,"9":0,"10":0,"11":0,"12":0,"13":0,"14":0,"15":0,"16":0},"b":{"0":[0,0],"1":[0,0],"2":[0,0,0],"3":[0,0],"4":[0,0],"5":[0,0],"6":[0,0],"7":[0,0],"8":[0,0,0],"9":[0,0,0],"10":[0,0]}}
,"D:\\IT\\MobileApp\\project\\E_LEARNING\\frontend\\screens\\Assignment\\EditAssignmentScreen.tsx": {"path":"D:\\IT\\MobileApp\\project\\E_LEARNING\\frontend\\screens\\Assignment\\EditAssignmentScreen.tsx","statementMap":{"0":{"start":{"line":29,"column":21},"end":{"line":29,"column":36}},"1":{"start":{"line":30,"column":16},"end":{"line":30,"column":31}},"2":{"start":{"line":31,"column":27},"end":{"line":31,"column":45}},"3":{"start":{"line":33,"column":28},"end":{"line":33,"column":40}},"4":{"start":{"line":34,"column":40},"end":{"line":34,"column":52}},"5":{"start":{"line":35,"column":36},"end":{"line":35,"column":62}},"6":{"start":{"line":36,"column":32},"end":{"line":36,"column":58}},"7":{"start":{"line":37,"column":26},"end":{"line":37,"column":38}},"8":{"start":{"line":38,"column":32},"end":{"line":38,"column":47}},"9":{"start":{"line":40,"column":48},"end":{"line":40,"column":63}},"10":{"start":{"line":41,"column":44},"end":{"line":41,"column":59}},"11":{"start":{"line":43,"column":21},"end":{"line":49,"column":3}},"12":{"start":{"line":44,"column":14},"end":{"line":44,"column":28}},"13":{"start":{"line":45,"column":17},"end":{"line":45,"column":32}},"14":{"start":{"line":46,"column":18},"end":{"line":46,"column":54}},"15":{"start":{"line":47,"column":16},"end":{"line":47,"column":45}},"16":{"start":{"line":48,"column":4},"end":{"line":48,"column":37}},"17":{"start":{"line":51,"column":26},"end":{"line":67,"column":3}},"18":{"start":{"line":52,"column":4},"end":{"line":52,"column":21}},"19":{"start":{"line":53,"column":4},"end":{"line":66,"column":5}},"20":{"start":{"line":54,"column":19},"end":{"line":54,"column":74}},"21":{"start":{"line":55,"column":6},"end":{"line":55,"column":33}},"22":{"start":{"line":56,"column":6},"end":{"line":56,"column":45}},"23":{"start":{"line":57,"column":6},"end":{"line":59,"column":8}},"24":{"start":{"line":60,"column":6},"end":{"line":60,"column":79}},"25":{"start":{"line":61,"column":6},"end":{"line":61,"column":37}},"26":{"start":{"line":63,"column":6},"end":{"line":63,"column":76}},"27":{"start":{"line":65,"column":6},"end":{"line":65,"column":24}},"28":{"start":{"line":69,"column":2},"end":{"line":75,"column":21}},"29":{"start":{"line":70,"column":4},"end":{"line":74,"column":5}},"30":{"start":{"line":70,"column":22},"end":{"line":70,"column":40}},"31":{"start":{"line":72,"column":6},"end":{"line":72,"column":55}},"32":{"start":{"line":73,"column":6},"end":{"line":73,"column":26}},"33":{"start":{"line":77,"column":21},"end":{"line":100,"column":3}},"34":{"start":{"line":78,"column":4},"end":{"line":81,"column":5}},"35":{"start":{"line":79,"column":6},"end":{"line":79,"column":66}},"36":{"start":{"line":80,"column":6},"end":{"line":80,"column":13}},"37":{"start":{"line":83,"column":4},"end":{"line":83,"column":21}},"38":{"start":{"line":84,"column":4},"end":{"line":99,"column":5}},"39":{"start":{"line":85,"column":6},"end":{"line":91,"column":9}},"40":{"start":{"line":93,"column":6},"end":{"line":93,"column":64}},"41":{"start":{"line":94,"column":6},"end":{"line":94,"column":26}},"42":{"start":{"line":96,"column":6},"end":{"line":96,"column":73}},"43":{"start":{"line":98,"column":6},"end":{"line":98,"column":24}},"44":{"start":{"line":102,"column":2},"end":{"line":109,"column":3}},"45":{"start":{"line":103,"column":4},"end":{"line":108,"column":6}},"46":{"start":{"line":111,"column":2},"end":{"line":206,"column":4}},"47":{"start":{"line":147,"column":25},"end":{"line":147,"column":49}},"48":{"start":{"line":157,"column":14},"end":{"line":157,"column":56}},"49":{"start":{"line":158,"column":14},"end":{"line":158,"column":59}},"50":{"start":{"line":158,"column":32},"end":{"line":158,"column":59}},"51":{"start":{"line":166,"column":25},"end":{"line":166,"column":47}},"52":{"start":{"line":176,"column":14},"end":{"line":176,"column":54}},"53":{"start":{"line":177,"column":14},"end":{"line":177,"column":57}},"54":{"start":{"line":177,"column":32},"end":{"line":177,"column":57}}},"fnMap":{"0":{"name":"EditAssignmentScreen","decl":{"start":{"line":28,"column":24},"end":{"line":28,"column":44}},"loc":{"start":{"line":28,"column":47},"end":{"line":207,"column":1}},"line":28},"1":{"name":"(anonymous_1)","decl":{"start":{"line":43,"column":21},"end":{"line":43,"column":22}},"loc":{"start":{"line":43,"column":37},"end":{"line":49,"column":3}},"line":43},"2":{"name":"(anonymous_2)","decl":{"start":{"line":51,"column":26},"end":{"line":51,"column":27}},"loc":{"start":{"line":51,"column":38},"end":{"line":67,"column":3}},"line":51},"3":{"name":"(anonymous_3)","decl":{"start":{"line":69,"column":12},"end":{"line":69,"column":13}},"loc":{"start":{"line":69,"column":18},"end":{"line":75,"column":3}},"line":69},"4":{"name":"(anonymous_4)","decl":{"start":{"line":77,"column":21},"end":{"line":77,"column":22}},"loc":{"start":{"line":77,"column":33},"end":{"line":100,"column":3}},"line":77},"5":{"name":"(anonymous_5)","decl":{"start":{"line":147,"column":19},"end":{"line":147,"column":20}},"loc":{"start":{"line":147,"column":25},"end":{"line":147,"column":49}},"line":147},"6":{"name":"(anonymous_6)","decl":{"start":{"line":156,"column":22},"end":{"line":156,"column":23}},"loc":{"start":{"line":156,"column":47},"end":{"line":159,"column":13}},"line":156},"7":{"name":"(anonymous_7)","decl":{"start":{"line":166,"column":19},"end":{"line":166,"column":20}},"loc":{"start":{"line":166,"column":25},"end":{"line":166,"column":47}},"line":166},"8":{"name":"(anonymous_8)","decl":{"start":{"line":175,"column":22},"end":{"line":175,"column":23}},"loc":{"start":{"line":175,"column":47},"end":{"line":178,"column":13}},"line":175}},"branchMap":{"0":{"loc":{"start":{"line":31,"column":27},"end":{"line":31,"column":45}},"type":"binary-expr","locations":[{"start":{"line":31,"column":27},"end":{"line":31,"column":39}},{"start":{"line":31,"column":43},"end":{"line":31,"column":45}}],"line":31},"1":{"loc":{"start":{"line":55,"column":15},"end":{"line":55,"column":31}},"type":"binary-expr","locations":[{"start":{"line":55,"column":15},"end":{"line":55,"column":25}},{"start":{"line":55,"column":29},"end":{"line":55,"column":31}}],"line":55},"2":{"loc":{"start":{"line":56,"column":21},"end":{"line":56,"column":43}},"type":"binary-expr","locations":[{"start":{"line":56,"column":21},"end":{"line":56,"column":37}},{"start":{"line":56,"column":41},"end":{"line":56,"column":43}}],"line":56},"3":{"loc":{"start":{"line":58,"column":8},"end":{"line":58,"column":72}},"type":"cond-expr","locations":[{"start":{"line":58,"column":30},"end":{"line":58,"column":59}},{"start":{"line":58,"column":62},"end":{"line":58,"column":72}}],"line":58},"4":{"loc":{"start":{"line":60,"column":17},"end":{"line":60,"column":77}},"type":"cond-expr","locations":[{"start":{"line":60,"column":37},"end":{"line":60,"column":64}},{"start":{"line":60,"column":67},"end":{"line":60,"column":77}}],"line":60},"5":{"loc":{"start":{"line":61,"column":14},"end":{"line":61,"column":35}},"type":"binary-expr","locations":[{"start":{"line":61,"column":14},"end":{"line":61,"column":29}},{"start":{"line":61,"column":33},"end":{"line":61,"column":35}}],"line":61},"6":{"loc":{"start":{"line":63,"column":25},"end":{"line":63,"column":74}},"type":"binary-expr","locations":[{"start":{"line":63,"column":25},"end":{"line":63,"column":38}},{"start":{"line":63,"column":42},"end":{"line":63,"column":74}}],"line":63},"7":{"loc":{"start":{"line":70,"column":4},"end":{"line":74,"column":5}},"type":"if","locations":[{"start":{"line":70,"column":4},"end":{"line":74,"column":5}},{"start":{"line":71,"column":9},"end":{"line":74,"column":5}}],"line":70},"8":{"loc":{"start":{"line":78,"column":4
[...]
{"line":10,"column":10},"end":{"line":10,"column":11}},"loc":{"start":{"line":10,"column":31},"end":{"line":18,"column":3}},"line":10},"1":{"name":"(anonymous_1)","decl":{"start":{"line":20,"column":10},"end":{"line":20,"column":11}},"loc":{"start":{"line":20,"column":22},"end":{"line":28,"column":3}},"line":20},"2":{"name":"(anonymous_2)","decl":{"start":{"line":30,"column":11},"end":{"line":30,"column":12}},"loc":{"start":{"line":30,"column":33},"end":{"line":38,"column":3}},"line":30},"3":{"name":"(anonymous_3)","decl":{"start":{"line":40,"column":10},"end":{"line":40,"column":11}},"loc":{"start":{"line":40,"column":43},"end":{"line":48,"column":3}},"line":40},"4":{"name":"(anonymous_4)","decl":{"start":{"line":50,"column":10},"end":{"line":50,"column":11}},"loc":{"start":{"line":50,"column":32},"end":{"line":58,"column":3}},"line":50}},"branchMap":{"0":{"loc":{"start":{"line":16,"column":22},"end":{"line":16,"column":75}},"type":"binary-expr","locations":[{"start":{"line":16,"column":22},"end":{"line":16,"column":49}},{"start":{"line":16,"column":53},"end":{"line":16,"column":75}}],"line":16},"1":{"loc":{"start":{"line":26,"column":22},"end":{"line":26,"column":85}},"type":"binary-expr","locations":[{"start":{"line":26,"column":22},"end":{"line":26,"column":49}},{"start":{"line":26,"column":53},"end":{"line":26,"column":85}}],"line":26},"2":{"loc":{"start":{"line":36,"column":22},"end":{"line":36,"column":85}},"type":"binary-expr","locations":[{"start":{"line":36,"column":22},"end":{"line":36,"column":49}},{"start":{"line":36,"column":53},"end":{"line":36,"column":85}}],"line":36},"3":{"loc":{"start":{"line":46,"column":22},"end":{"line":46,"column":80}},"type":"binary-expr","locations":[{"start":{"line":46,"column":22},"end":{"line":46,"column":49}},{"start":{"line":46,"column":53},"end":{"line":46,"column":80}}],"line":46},"4":{"loc":{"start":{"line":56,"column":22},"end":{"line":56,"column":75}},"type":"binary-expr","locations":[{"start":{"line":56,"column":22},"end":{"line":56,"column":49}},{"start":{"line":56,"column":53},"end":{"line":56,"column":75}}],"line":56}},"s":{"0":0,"1":0,"2":0,"3":0,"4":0,"5":0,"6":0,"7":0,"8":0,"9":0,"10":0,"11":0,"12":0,"13":0,"14":0,"15":0,"16":0,"17":0,"18":0,"19":0,"20":0},"f":{"0":0,"1":0,"2":0,"3":0,"4":0},"b":{"0":[0,0],"1":[0,0],"2":[0,0],"3":[0,0],"4":[0,0]}}
,"D:\\IT\\MobileApp\\project\\E_LEARNING\\frontend\\services\\submission.service.ts": {"path":"D:\\IT\\MobileApp\\project\\E_LEARNING\\frontend\\services\\submission.service.ts","statementMap":{"0":{"start":{"line":3,"column":33},"end":{"line":110,"column":1}},"1":{"start":{"line":5,"column":4},"end":{"line":11,"column":5}},"2":{"start":{"line":6,"column":18},"end":{"line":6,"column":78}},"3":{"start":{"line":7,"column":6},"end":{"line":7,"column":22}},"4":{"start":{"line":9,"column":6},"end":{"line":9,"column":78}},"5":{"start":{"line":10,"column":6},"end":{"line":10,"column":87}},"6":{"start":{"line":16,"column":4},"end":{"line":24,"column":5}},"7":{"start":{"line":17,"column":6},"end":{"line":17,"column":59}},"8":{"start":{"line":18,"column":18},"end":{"line":18,"column":59}},"9":{"start":{"line":19,"column":6},"end":{"line":19,"column":60}},"10":{"start":{"line":20,"column":6},"end":{"line":20,"column":22}},"11":{"start":{"line":22,"column":6},"end":{"line":22,"column":87}},"12":{"start":{"line":23,"column":6},"end":{"line":23,"column":86}},"13":{"start":{"line":33,"column":4},"end":{"line":41,"column":5}},"14":{"start":{"line":34,"column":6},"end":{"line":34,"column":71}},"15":{"start":{"line":35,"column":18},"end":{"line":35,"column":60}},"16":{"start":{"line":36,"column":6},"end":{"line":36,"column":61}},"17":{"start":{"line":37,"column":6},"end":{"line":37,"column":22}},"18":{"start":{"line":39,"column":6},"end":{"line":39,"column":87}},"19":{"start":{"line":40,"column":6},"end":{"line":40,"column":73}},"20":{"start":{"line":52,"column":4},"end":{"line":60,"column":5}},"21":{"start":{"line":53,"column":6},"end":{"line":53,"column":79}},"22":{"start":{"line":54,"column":18},"end":{"line":54,"column":64}},"23":{"start":{"line":55,"column":6},"end":{"line":55,"column":61}},"24":{"start":{"line":56,"column":6},"end":{"line":56,"column":22}},"25":{"start":{"line":58,"column":6},"end":{"line":58,"column":87}},"26":{"start":{"line":59,"column":6},"end":{"line":59,"column":82}},"27":{"start":{"line":65,"column":4},"end":{"line":73,"column":5}},"28":{"start":{"line":66,"column":6},"end":{"line":66,"column":59}},"29":{"start":{"line":67,"column":18},"end":{"line":67,"column":58}},"30":{"start":{"line":68,"column":6},"end":{"line":68,"column":61}},"31":{"start":{"line":69,"column":6},"end":{"line":69,"column":22}},"32":{"start":{"line":71,"column":6},"end":{"line":71,"column":87}},"33":{"start":{"line":72,"column":6},"end":{"line":72,"column":77}},"34":{"start":{"line":84,"column":4},"end":{"line":92,"column":5}},"35":{"start":{"line":85,"column":6},"end":{"line":85,"column":78}},"36":{"start":{"line":86,"column":18},"end":{"line":86,"column":63}},"37":{"start":{"line":87,"column":6},"end":{"line":87,"column":60}},"38":{"start":{"line":88,"column":6},"end":{"line":88,"column":22}},"39":{"start":{"line":90,"column":6},"end":{"line":90,"column":86}},"40":{"start":{"line":91,"column":6},"end":{"line":91,"column":83}},"41":{"start":{"line":96,"column":2},"end":{"line":108,"column":3}},"42":{"start":{"line":97,"column":4},"end":{"line":97,"column":69}},"43":{"start":{"line":98,"column":16},"end":{"line":98,"column":58}},"44":{"start":{"line":100,"column":4},"end":{"line":103,"column":5}},"45":{"start":{"line":102,"column":6},"end":{"line":102,"column":16}},"46":{"start":{"line":104,"column":4},"end":{"line":104,"column":20}},"47":{"start":{"line":106,"column":4},"end":{"line":106,"column":84}},"48":{"start":{"line":107,"column":4},"end":{"line":107,"column":99}}},"fnMap":{"0":{"name":"(anonymous_0)","decl":{"start":{"line":4,"column":2},"end":{"line":4,"column":3}},"loc":{"start":{"line":4,"column":57},"end":{"line":12,"column":3}},"line":4},"1":{"name":"(anonymous_1)","decl":{"start":{"line":15,"column":2},"end":{"line":15,"column":3}},"loc":{"start":{"line":15,"column":38},"end":{"line":25,"column":3}},"line":15},"2":{"name":"(anonymous_2)","decl":{"start":{"line":28,"column":2},"end":{"line":28,"column":3}},"loc":{"start":{"line":32,"column":5},"end":{"line":42,"column":3}},"line":32},"3":{"name":"(anonymous_3)","decl":{"start":{"line":45,"column":2},"end":{"line":45,"column":3}},"loc":{"start":{"line":51,"column":4},"end":{"line":61,"column":3}},"line":51},"4":{"name":"(anonymous_4)","decl":{"start":{"line":64,"column":2},"end":{"line":64,"column":3}},"loc":{"start":{"line":64,"column":37},"end":{"line":74,"column":3}},"line":64},"5":{"name":"(anonymous_5)","decl":{"start":{"line":77,"column":2},"end":{"line":77,"column":3}},"loc":{"start":{"line":83,"column":4},"end":{"line":93,"column":3}},"line":83},"6":{"name":"(anonymous_6)","decl":{"start":{"line":95,"column":2},"end":{"line":95,"column":3}},"loc":{"start":{"line":95,"column":31},"end":{"line":109,"column":1}},"line":95}},"branchMap":{"0":{"loc":{"start":{"line":9,"column":51},"end":{"line":9,"column":76}},"type":"binary-expr","locations":[{"start":{"line":9,"column":51},"end":{"line":9,"column":69}},{"start":{"line":9,"column":73},"end":{"line":9,"column":76}}],"line":9},"1":{"loc":{"start":{"line":10,"column":22},"end":{"line":10,"column":85}},"type":"binary-expr","locations":[{"start":{"line":10,"column":22},"end":{"line":10,"column":47}},{"start":{"line":10,"column":51},"end":{"line":10,"column":85}}],"line":10},"2":{"loc":{"start":{"line":22,"column":60},"end":{"line":22,"column":85}},"type":"binary-expr","locations":[{"start":{"line":22,"column":60},"end":{"line":22,"column":78}},{"start":{"line":22,"column":82},"end":{"line":22,"column":85}}],"line":22},"3":{"loc":{"start":{"line":23,"column":22},"end":{"line":23,"column":84}},"type":"binary-expr","locations":[{"start":{"line":23,"column":22},"end":{"line":23,"column":47}},{"start":{"line":23,"column":51},"end":{"line":23,"column":84}}],"line":23},"4":{"loc":{"start":{"line":39,"column":60},"end":{"line":39,"column":85}},"type":"binary-expr","locations":[{"start":{"line":39,"column":60},"end":{"line":39,"column":78}},{"start":{"line":39,"column":82},"end":{"line":39,"column":85}}],"line":39},"5":{"loc":{"start":{"line":40,"column":22},"end":{"line":40,"column":71}},"type":"binary-expr","locations":[{"start":{"line":40,"column":22},"end":{"line":40,"column":47}},{"start":{"line":40,"column":51},"end":{"line":40,"column":71}}],"line":40},"6":{"loc":{"start":{"line":58,"column":60},"end":{"line":58,"column":85}},"type":"binary-expr","locations":[{"start":{"line":58,"column":60},"end":{"line":58,"column":78}},{"start":{"line":58,"column":82},"end":{"line":58,"column":85}}],"line":58},"7":{"loc":{"start":{"line":59,"column":22},"end":{"line":59,"column":80}},"type":"binary-expr","locations":[{"start":{"line":59,"column":22},"end":{"line":59,"column":47}},{"start":{"line":59,"column":51},"end":{"line":59,"column":80}}],"line":59},"8":{"loc":{"start":{"line":71,"column":60},"end":{"line":71,"column":85}},"type":"binary-expr","locations":[{"start":{"line":71,"column":60},"end":{"line":71,"column":78}},{"start":{"line":71,"column":82},"end":{"line":71,"column":85}}],"line":71},"9":{"loc":{"start":{"line":72,"column":22},"end":{"line":72,"column":75}},"type":"binary-expr","locations":[{"start":{"line":72,"column":22},"end":{"line":72,"column":47}},{"start":{"line":72,"column":51},"end":{"line":72,"column":75}}],"line":72},"10":{"loc":{"start":{"line":90,"column":59},"end":{"line":90,"column":84}},"type":"binary-expr","locations":[{"start":{"line":90,"column":59},"end":{"line":90,"column":77}},{"start":{"line":90,"column":81},"end":{"line":90,"column":84}}],"line":90},"11":{"loc":{"start":{"line":91,"column":22},"end":{"line":91,"column":81}},"type":"binary-expr","locations":[{"start":{"line":91,"column":22},"end":{"line":91,"column":47}},{"start":{"line":91,"column":51},"end":{"line":91,"column":81}}],"line":91},"12":{"loc":{"start":{"line":100,"column":4},"end":{"line":103,"column":5}},"type":"if","locations":[{"start":{"line":100,"column":4},"end":{"line":103,"column":5}},{"start":{},"end":{}}],"line":100},"13":{"loc":{"start":{"line":106,"column":57},"end":{"line":106,"column":82}},"type":"binary-expr","locations":[{"start":{"line":106,"column":57},"end":{"line":106,"column":75}},{"start":{"line":106,"column":79},"end":{"line":106,"column":82}}],"line":106},"14":{"loc":{"start":{"line":107,"column":20},"end":{"line":107,"column":97}},"type":"binary-expr","locations":[{"start":{"line":107,"column":20},"end":{"line":107,"column":45}},{"start":{"line":107,"column":49},"end":{"line":107,"column":97}}],"line":107}},"s":{"0":0,"1":0,"2":0,"3":0,"4":0,"5":0,"6":0,"7":0,"8":0,"9":0,"10":0,"11":0,"12":0,"13":0,"14":0,"15":0,"16":0,"17":0,"18":0,"19":0,"20":0,"21":0,"22":0,"23":0,"24":0,"25":0,"26":0,"27":0,"28":0,"29":0,"30":0,"31":0,"32":0,"33":0,"34":0,"35":0,"36":0,"37":0,"38":0,"39":0,"40":0,"41":0,"42":0,"43":0,"44":0,"45":0,"46":0,"47":0,"48":0},"f":{"0":0,"1":0,"2":0,"3":0,"4":0,"5":0,"6":0},"b":{"0":[0,0],"1":[0,0],"2":[0,0],"3":[0,0],"4":[0,0],"5":[0,0],"6":[0,0],"7":[0,0],"8":[0,0],"9":[0,0],"10":[0,0],"11":[0,0],"12":[0,0],"13":[0,0],"14":[0,0]}}
,"D:\\IT\\MobileApp\\project\\E_LEARNING\\frontend\\services\\user.service.ts": {"path":"D:\\IT\\MobileApp\\project\\E_LEARNING\\frontend\\services\\user.service.ts","statementMap":{"0":{"start":{"line":11,"column":27},"end":{"line":88,"column":1}},"1":{"start":{"line":14,"column":4},"end":{"line":20,"column":5}},"2":{"start":{"line":15,"column":23},"end":{"line":15,"column":45}},"3":{"start":{"line":16,"column":6},"end":{"line":16,"column":27}},"4":{"start":{"line":18,"column":6},"end":{"line":18,"column":74}},"5":{"start":{"line":19,"column":6},"end":{"line":19,"column":90}},"6":{"start":{"line":25,"column":4},"end":{"line":31,"column":5}},"7":{"start":{"line":26,"column":23},"end":{"line":26,"column":47}},"8":{"start":{"line":27,"column":6},"end":{"line":27,"column":27}},"9":{"start":{"line":29,"column":6},"end":{"line":29,"column":75}},"10":{"start":{"line":30,"column":6},"end":{"line":30,"column":90}},"11":{"start":{"line":36,"column":4},"end":{"line":42,"column":5}},"12":{"start":{"line":37,"column":23},"end":{"line":37,"column":48}},"13":{"start":{"line":38,"column":6},"end":{"line":38,"column":27}},"14":{"start":{"line":40,"column":6},"end":{"line":40,"column":74}},"15":{"start":{"line":41,"column":6},"end":{"line":41,"column":80}},"16":{"start":{"line":47,"column":4},"end":{"line":53,"column":5}},"17":{"start":{"line":48,"column":23},"end":{"line":48,"column":52}},"18":{"start":{"line":49,"column":6},"end":{"line":49,"column":27}},"19":{"start":{"line":51,"column":6},"end":{"line":51,"column":74}},"20":{"start":{"line":52,"column":6},"end":{"line":52,"column":85}},"21":{"start":{"line":58,"column":4},"end":{"line":64,"column":5}},"22":{"start":{"line":59,"column":23},"end":{"line":59,"column":46}},"23":{"start":{"line":60,"column":6},"end":{"line":60,"column":27}},"24":{"start":{"line":62,"column":6},"end":{"line":62,"column":74}},"25":{"start":{"line":63,"column":6},"end":{"line":63,"column":80}},"26":{"start":{"line":69,"column":4},"end":{"line":75,"column":5}},"27":{"start":{"line":70,"column":23},"end":{"line":70,"column":48}},"28":{"start":{"line":71,"column":6},"end":{"line":71,"column":50}},"29":{"start":{"line":73,"column":6},"end":{"line":73,"column":82}},"30":{"start":{"line":74,"column":6},"end":{"line":74,"column":90}},"31":{"start":{"line":80,"column":4},"end":{"line":86,"column":5}},"32":{"start":{"line":81,"column":23},"end":{"line":81,"column":55}},"33":{"start":{"line":82,"column":6},"end":{"line":82,"column":27}},"34":{"start":{"line":84,"column":6},"end":{"line":84,"column":83}},"35":{"start":{"line":85,"column":6},"end":{"line":85,"column":85}}},"fnMap":{"0":{"name":"(anonymous_0)","decl":{"start":{"line":13,"column":10},"end":{"line":13,"column":11}},"loc":{"start":{"line":13,"column":22},"end":{"line":21,"column":3}},"line":13},"1":{"name":"(anonymous_1)","decl":{"start":{"line":24,"column":11},"end":{"line":24,"column":12}},"loc":{"start":{"line":24,"column":33},"end":{"line":32,"column":3}},"line":24},"2":{"name":"(anonymous_2)","decl":{"start":{"line":35,"column":10},"end":{"line":35,"column":11}},"loc":{"start":{"line":35,"column":31},"end":{"line":43,"column":3}},"line":35},"3":{"name":"(anonymous_3)","decl":{"start":{"line":46,"column":10},"end":{"line":46,"column":11}},"loc":{"start":{"line":46,"column":43},"end":{"line":54,"column":3}},"line":46},"4":{"name":"(anonymous_4)","decl":{"start":{"line":57,"column":10},"end":{"line":57,"column":11}},"loc":{"start":{"line":57,"column":32},"end":{"line":65,"column":3}},"line":57},"5":{"name":"(anonymous_5)","decl":{"start":{"line":68,"column":18},"end":{"line":68,"column":19}},"loc":{"start":{"line":68,"column":30},"end":{"line":76,"column":3}},"line":68},"6":{"name":"(anonymous_6)","decl":{"start":{"line":79,"column":19},"end":{"line":79,"column":20}},"loc":{"start":{"line":79,"column":45},"end":{"line":87,"column":3}},"line":79}},"branchMap":{"0":{"loc":{"start":{"line":18,"column":35},"end":{"line":18,"column":72}},"type":"binary-expr","locations":[{"start":{"line":18,"column":35},"end":{"line":18,"column":55}},{"start":{"line":18,"column":59},"end":{"line":18,"column":72}}],"line":18},"1":{"loc":{"start":{"line":19,"column":22},"end":{"line":19,"column":88}},"type":"binary-expr","locations":[{"start":{"line":19,"column":22},"end":{"line":19,"column":49}},{"start":{"line":19,"column":53},"end":{"line":19,"column":88}}],"line":19},"2":{"loc":{"start":{"line":29,"column":36},"end":{"line":29,"column":73}},"type":"binary-expr","locations":[{"start":{"line":29,"column":36},"end":{"line":29,"column":56}},{"start":{"line":29,"column":60},"end":{"line":29,"column":73}}],"line":29},"3":{"loc":{"start":{"line":30,"column":22},"end":{"line":30,"column":88}},"type":"binary-expr","locations":[{"start":{"line":30,"column":22},"end":{"line":30,"column":49}},{"start":{"line":30,"column":53},"end":{"line":30,"column":88}}],"line":30},"4":{"loc":{"start":{"line":40,"column":35},"end":{"line":40,"column":72}},"type":"binary-expr","locations":[{"start":{"line":40,"column":35},"end":{"line":40,"column":55}},{"start":{"line":40,"column":59},"end":{"line":40,"column":72}}],"line":40},"5":{"loc":{"start":{"line":41,"column":22},"end":{"line":41,"column":78}},"type":"binary-expr","locations":[{"start":{"line":41,"column":22},"end":{"line":41,"column":49}},{"start":{"line":41,"column":53},"end":{"line":41,"column":78}}],"line":41},"6":{"loc":{"start":{"line":51,"column":35},"end":{"line":51,"column":72}},"type":"binary-expr","locations":[{"start":{"line":51,"column":35},"end":{"line":51,"column":55}},{"start":{"line":51,"column":59},"end":{"line":51,"column":72}}],"line":51},"7":{"loc":{"start":{"line":52,"column":22},"end":{"line":52,"column":83}},"type":"binary-expr","locations":[{"start":{"line":52,"column":22},"end":{"line":52,"column":49}},{"start":{"line":52,"column":53},"end":{"line":52,"column":83}}],"line":52},"8":{"loc":{"start":{"line":62,"column":35},"end":{"line":62,"column":72}},"type":"binary-expr","locations":[{"start":{"line":62,"column":35},"end":{"line":62,"column":55}},{"start":{"line":62,"column":59},"end":{"line":62,"column":72}}],"line":62},"9":{"loc":{"start":{"line":63,"column":22},"end":{"line":63,"column":78}},"type":"binary-expr","locations":[{"start":{"line":63,"column":22},"end":{"line":63,"column":49}},{"start":{"line":63,"column":53},"end":{"line":63,"column":78}}],"line":63},"10":{"loc":{"start":{"line":71,"column":13},"end":{"line":71,"column":49}},"type":"binary-expr","locations":[{"start":{"line":71,"column":13},"end":{"line":71,"column":32}},{"start":{"line":71,"column":36},"end":{"line":71,"column":49}}],"line":71},"11":{"loc":{"start":{"line":73,"column":43},"end":{"line":73,"column":80}},"type":"binary-expr","locations":[{"start":{"line":73,"column":43},"end":{"line":73,"column":63}},{"start":{"line":73,"column":67},"end":{"line":73,"column":80}}],"line":73},"12":{"loc":{"start":{"line":74,"column":22},"end":{"line":74,"column":88}},"type":"binary-expr","locations":[{"start":{"line":74,"column":22},"end":{"line":74,"column":49}},{"start":{"line":74,"column":53},"end":{"line":74,"column":88}}],"line":74},"13":{"loc":{"start":{"line":84,"column":44},"end":{"line":84,"column":81}},"type":"binary-expr","locations":[{"start":{"line":84,"column":44},"end":{"line":84,"column":64}},{"start":{"line":84,"column":68},"end":{"line":84,"column":81}}],"line":84},"14":{"loc":{"start":{"line":85,"column":22},"end":{"line":85,"column":83}},"type":"binary-expr","locations":[{"start":{"line":85,"column":22},"end":{"line":85,"column":49}},{"start":{"line":85,"column":53},"end":{"line":85,"column":83}}],"line":85}},"s":{"0":0,"1":0,"2":0,"3":0,"4":0,"5":0,"6":0,"7":0,"8":0,"9":0,"10":0,"11":0,"12":0,"13":0,"14":0,"15":0,"16":0,"17":0,"18":0,"19":0,"20":0,"21":0,"22":0,"23":0,"24":0,"25":0,"26":0,"27":0,"28":0,"29":0,"30":0,"31":0,"32":0,"33":0,"34":0,"35":0},"f":{"0":0,"1":0,"2":0,"3":0,"4":0,"5":0,"6":0},"b":{"0":[0,0],"1":[0,0],"2":[0,0],"3":[0,0],"4":[0,0],"5":[0,0],"6":[0,0],"7":[0,0],"8":[0,0],"9":[0,0],"10":[0,0],"11":[0,0],"12":[0,0],"13":[0,0],"14":[0,0]}}
,"D:\\IT\\MobileApp\\project\\E_LEARNING\\frontend\\utils\\format.ts": {"path":"D:\\IT\\MobileApp\\project\\E_LEARNING\\frontend\\utils\\format.ts","statementMap":{"0":{"start":{"line":1,"column":27},"end":{"line":3,"column":1}},"1":{"start":{"line":2,"column":2},"end":{"line":2,"column":54}}},"fnMap":{"0":{"name":"(anonymous_0)","decl":{"start":{"line":1,"column":27},"end":{"line":1,"column":28}},"loc":{"start":{"line":1,"column":46},"end":{"line":3,"column":1}},"line":1}},"branchMap":{},"s":{"0":0,"1":0},"f":{"0":0},"b":{}}
}
