TN:
SF:api\assignment.api.ts
FN:6,(anonymous_0)
FN:12,(anonymous_1)
FN:18,(anonymous_2)
FN:31,(anonymous_3)
FN:47,(anonymous_4)
FNF:5
FNH:0
FNDA:0,(anonymous_0)
FNDA:0,(anonymous_1)
FNDA:0,(anonymous_2)
FNDA:0,(anonymous_3)
FNDA:0,(anonymous_4)
DA:3,0
DA:6,0
DA:7,0
DA:8,0
DA:12,0
DA:13,0
DA:14,0
DA:18,0
DA:26,0
DA:27,0
DA:31,0
DA:42,0
DA:43,0
DA:47,0
DA:48,0
DA:49,0
LF:16
LH:0
BRF:0
BRH:0
end_of_record
TN:
SF:api\auth.api.ts
FN:5,(anonymous_0)
FN:8,(anonymous_1)
FN:11,(anonymous_2)
FN:14,(anonymous_3)
FN:17,(anonymous_4)
FN:18,(anonymous_5)
FNF:6
FNH:0
FNDA:0,(anonymous_0)
FNDA:0,(anonymous_1)
FNDA:0,(anonymous_2)
FNDA:0,(anonymous_3)
FNDA:0,(anonymous_4)
FNDA:0,(anonymous_5)
DA:3,0
DA:5,0
DA:6,0
DA:8,0
DA:9,0
DA:11,0
DA:12,0
DA:14,0
DA:15,0
DA:17,0
DA:18,0
LF:11
LH:0
BRF:0
BRH:0
end_of_record
TN:
SF:api\classmember.api.ts
FN:8,(anonymous_0)
FN:14,(anonymous_1)
FN:20,(anonymous_2)
FN:26,(anonymous_3)
FN:32,(anonymous_4)
FN:38,(anonymous_5)
FN:44,(anonymous_6)
FN:50,(anonymous_7)
FN:56,(anonymous_8)
FN:61,(anonymous_9)
FNF:10
FNH:0
FNDA:0,(anonymous_0)
FNDA:0,(anonymous_1)
FNDA:0,(anonymous_2)
FNDA:0,(anonymous_3)
FNDA:0,(anonymous_4)
FNDA:0,(anonymous_5)
FNDA:0,(anonymous_6)
FNDA:0,(anonymous_7)
FNDA:0,(anonymous_8)
FNDA:0,(anonymous_9)
DA:3,0
DA:4,0
DA:6,0
DA:9,0
DA:10,0
DA:15,0
DA:16,0
DA:21,0
DA:22,0
DA:27,0
DA:28,0
DA:33,0
DA:34,0
DA:39,0
DA:40,0
DA:45,0
DA:46,0
DA:51,0
DA:52,0
DA:57,0
DA:58,0
DA:62,0
DA:63,0
LF:23
LH:0
BRF:0
BRH:0
end_of_record
TN:
SF:api\course.api.ts
FN:8,(anonymous_0)
FN:13,(anonymous_1)
FN:18,(anonymous_2)
FN:23,(anonymous_3)
FN:28,(anonymous_4)
FN:34,(anonymous_5)
FN:39,(anonymous_6)
FN:44,(anonymous_7)
FN:50,(anonymous_8)
FN:55,(anonymous_9)
FNF:10
FNH:0
FNDA:0,(anonymous_0)
FNDA:0,(anonymous_1)
FNDA:0,(anonymous_2)
FNDA:0,(anonymous_3)
FNDA:0,(anonymous_4)
FNDA:0,(anonymous_5)
FNDA:0,(anonymous_6)
FNDA:0,(anonymous_7)
FNDA:0,(anonymous_8)
FNDA:0,(anonymous_9)
DA:4,0
DA:8,0
DA:9,0
DA:13,0
DA:14,0
DA:18,0
DA:19,0
DA:23,0
DA:24,0
DA:28,0
DA:29,0
DA:34,0
DA:35,0
DA:39,0
DA:40,0
DA:44,0
DA:45,0
DA:50,0
DA:51,0
DA:55,0
DA:56,0
LF:21
LH:0
BRF:0
BRH:0
end_of_record
TN:
SF:api\courseschedule.api.ts
FN:7,(anonymous_0)
FN:12,(anonymous_1)
FN:17,(anonymous_2)
FN:22,(anonymous_3)
FN:28,(anonymous_4)
FN:34,(anonymous_5)
FN:42,(anonymous_6)
FNF:7
FNH:0
FNDA:0,(anonymous_0)
FNDA:0,(anonymous_1)
FNDA:0,(anonymous_2)
FNDA:0,(anonymous_3)
FNDA:0,(anonymous_4)
FNDA:0,(anonymous_5)
FNDA:0,(anonymous_6)
DA:3,0
DA:7,0
DA:8,0
DA:12,0
DA:13,0
DA:17,0
DA:18,0
DA:22,0
DA:23,0
DA:28,0
DA:29,0
DA:34,0
DA:35,0
DA:36,0
DA:38,0
DA:42,0
DA:43,0
LF:17
LH:0
BRDA:35,0,0,0
BRDA:35,0,1,0
BRF:2
BRH:0
end_of_record
TN:
SF:api\lesson.api.ts
FN:10,(anonymous_0)
FN:16,(anonymous_1)
FN:23,(anonymous_2)
FN:30,(anonymous_3)
FN:40,(anonymous_4)
FN:49,(anonymous_5)
FNF:6
FNH:0
FNDA:0,(anonymous_0)
FNDA:0,(anonymous_1)
FNDA:0,(anonymous_2)
FNDA:0,(anonymous_3)
FNDA:0,(anonymous_4)
FNDA:0,(anonymous_5)
DA:4,0
DA:10,0
DA:11,0
DA:16,0
DA:17,0
DA:23,0
DA:24,0
DA:30,0
DA:31,0
DA:40,0
DA:41,0
DA:49,0
DA:50,0
LF:13
LH:0
BRF:0
BRH:0
end_of_record
TN:
SF:api\registercourse.api.ts
FN:7,(anonymous_0)
FN:18,(anonymous_1)
FN:24,(anonymous_2)
FN:35,(anonymous_3)
FNF:4
FNH:0
FNDA:0,(anonymous_0)
FNDA:0,(anonymous_1)
FNDA:0,(anonymous_2)
FNDA:0,(anonymous_3)
DA:3,0
DA:5,0
DA:13,0
DA:14,0
DA:19,0
DA:20,0
DA:30,0
DA:31,0
DA:36,0
DA:37,0
LF:10
LH:0
BRF:0
BRH:0
end_of_record
TN:
SF:api\subject.api.ts
FN:7,(anonymous_0)
FN:12,(anonymous_1)
FN:17,(anonymous_2)
FN:22,(anonymous_3)
FN:27,(anonymous_4)
FNF:5
FNH:0
FNDA:0,(anonymous_0)
FNDA:0,(anonymous_1)
FNDA:0,(anonymous_2)
FNDA:0,(anonymous_3)
FNDA:0,(anonymous_4)
DA:4,1
DA:7,1
DA:8,0
DA:12,1
DA:13,0
DA:17,1
DA:18,0
DA:22,1
DA:23,0
DA:27,1
DA:28,0
LF:11
LH:6
BRF:0
BRH:0
end_of_record
TN:
SF:api\submission.api.ts
FN:7,(anonymous_0)
FN:13,(anonymous_1)
FN:19,(anonymous_2)
FN:29,(anonymous_3)
FN:41,(anonymous_4)
FN:47,(anonymous_5)
FN:59,(anonymous_6)
FNF:7
FNH:0
FNDA:0,(anonymous_0)
FNDA:0,(anonymous_1)
FNDA:0,(anonymous_2)
FNDA:0,(anonymous_3)
FNDA:0,(anonymous_4)
FNDA:0,(anonymous_5)
FNDA:0,(anonymous_6)
DA:4,0
DA:7,0
DA:8,0
DA:9,0
DA:13,0
DA:14,0
DA:15,0
DA:19,0
DA:24,0
DA:25,0
DA:29,0
DA:36,0
DA:37,0
DA:41,0
DA:42,0
DA:43,0
DA:47,0
DA:54,0
DA:55,0
DA:59,0
DA:60,0
DA:61,0
LF:22
LH:0
BRF:0
BRH:0
end_of_record
TN:
SF:api\user.api.ts
FN:6,(anonymous_0)
FN:11,(anonymous_1)
FN:16,(anonymous_2)
FN:21,(anonymous_3)
FN:26,(anonymous_4)
FN:31,(anonymous_5)
FN:36,(anonymous_6)
FNF:7
FNH:0
FNDA:0,(anonymous_0)
FNDA:0,(anonymous_1)
FNDA:0,(anonymous_2)
FNDA:0,(anonymous_3)
FNDA:0,(anonymous_4)
FNDA:0,(anonymous_5)
FNDA:0,(anonymous_6)
DA:3,0
DA:6,0
DA:7,0
DA:11,0
DA:12,0
DA:16,0
DA:17,0
DA:21,0
DA:22,0
DA:26,0
DA:27,0
DA:31,0
DA:32,0
DA:36,0
DA:37,0
DA:38,0
LF:16
LH:0
BRF:0
BRH:0
end_of_record
TN:
SF:services\assignment.service.ts
FN:5,(anonymous_0)
FN:18,(anonymous_1)
FN:31,(anonymous_2)
FN:51,(anonymous_3)
FN:74,(anonymous_4)
FNF:5
FNH:5
FNDA:2,(anonymous_0)
FNDA:2,(anonymous_1)
FNDA:2,(anonymous_2)
FNDA:2,(anonymous_3)
FNDA:2,(anonymous_4)
DA:3,1
DA:6,2
DA:7,2
DA:8,2
DA:9,1
DA:10,1
DA:12,1
DA:13,1
DA:19,2
DA:20,2
DA:21,2
DA:22,1
DA:23,1
DA:25,1
DA:26,1
DA:39,2
DA:40,2
DA:41,2
DA:42,1
DA:43,1
DA:45,1
DA:46,1
DA:62,2
DA:63,2
DA:64,2
DA:65,1
DA:66,1
DA:68,1
DA:69,1
DA:75,2
DA:76,2
DA:77,2
DA:78,1
DA:79,1
DA:81,1
DA:82,1
LF:36
LH:36
BRDA:12,0,0,1
BRDA:12,0,1,1
BRDA:13,1,0,1
BRDA:13,1,1,1
BRDA:25,2,0,1
BRDA:25,2,1,1
BRDA:26,3,0,1
BRDA:26,3,1,1
BRDA:45,4,0,1
BRDA:45,4,1,1
BRDA:46,5,0,1
BRDA:46,5,1,1
BRDA:68,6,0,1
BRDA:68,6,1,1
BRDA:69,7,0,1
BRDA:69,7,1,1
BRDA:81,8,0,1
BRDA:81,8,1,1
BRDA:82,9,0,1
BRDA:82,9,1,1
BRF:20
BRH:20
end_of_record
TN:
SF:services\auth.service.ts
FN:12,(anonymous_0)
FN:17,(anonymous_1)
FN:22,(anonymous_2)
FN:27,(anonymous_3)
FN:41,(anonymous_4)
FN:46,(anonymous_5)
FN:52,(anonymous_6)
FNF:7
FNH:7
FNDA:2,(anonymous_0)
FNDA:2,(anonymous_1)
FNDA:2,(anonymous_2)
FNDA:3,(anonymous_3)
FNDA:2,(anonymous_4)
FNDA:2,(anonymous_5)
FNDA:2,(anonymous_6)
DA:11,1
DA:13,2
DA:14,1
DA:18,2
DA:19,1
DA:23,2
DA:24,1
DA:28,3
DA:31,2
DA:32,1
DA:33,1
DA:34,1
DA:37,2
DA:38,2
DA:42,2
DA:43,1
DA:47,2
DA:48,1
DA:49,1
DA:53,2
DA:54,2
LF:21
LH:21
BRDA:31,0,0,1
BRDA:31,0,1,1
BRDA:33,1,0,1
BRDA:33,1,1,0
BRDA:54,2,0,1
BRDA:54,2,1,1
BRF:6
BRH:5
end_of_record
TN:
SF:services\classmember.service.ts
FN:6,(anonymous_0)
FN:21,(anonymous_1)
FN:31,(anonymous_2)
FN:41,(anonymous_3)
FN:51,(anonymous_4)
FN:61,(anonymous_5)
FN:71,(anonymous_6)
FN:81,(anonymous_7)
FN:91,(anonymous_8)
FN:101,(anonymous_9)
FNF:10
FNH:9
FNDA:2,(anonymous_0)
FNDA:2,(anonymous_1)
FNDA:2,(anonymous_2)
FNDA:2,(anonymous_3)
FNDA:2,(anonymous_4)
FNDA:2,(anonymous_5)
FNDA:2,(anonymous_6)
FNDA:2,(anonymous_7)
FNDA:2,(anonymous_8)
FNDA:0,(anonymous_9)
DA:3,1
DA:7,2
DA:8,2
DA:10,1
DA:15,1
DA:16,1
DA:22,2
DA:23,2
DA:24,1
DA:26,1
DA:27,1
DA:32,2
DA:33,2
DA:34,1
DA:36,1
DA:37,1
DA:42,2
DA:43,2
DA:44,1
DA:46,1
DA:47,1
DA:52,2
DA:53,2
DA:54,1
DA:56,1
DA:57,1
DA:62,2
DA:63,2
DA:64,1
DA:66,1
DA:67,1
DA:72,2
DA:73,2
DA:74,1
DA:76,1
DA:77,1
DA:82,2
DA:83,2
DA:84,1
DA:86,1
DA:87,1
DA:92,2
DA:93,2
DA:94,1
DA:96,1
DA:97,1
DA:102,0
DA:103,0
DA:104,0
DA:106,0
DA:107,0
LF:51
LH:46
BRDA:11,0,0,1
BRDA:11,0,1,0
BRDA:12,1,0,1
BRDA:12,1,1,0
BRDA:12,1,2,0
BRDA:16,2,0,1
BRDA:16,2,1,1
BRDA:27,3,0,1
BRDA:27,3,1,1
BRDA:37,4,0,1
BRDA:37,4,1,1
BRDA:47,5,0,1
BRDA:47,5,1,1
BRDA:57,6,0,1
BRDA:57,6,1,1
BRDA:67,7,0,1
BRDA:67,7,1,1
BRDA:77,8,0,1
BRDA:77,8,1,1
BRDA:87,9,0,1
BRDA:87,9,1,1
BRF:21
BRH:18
end_of_record
TN:
SF:services\course.service.ts
FN:16,(anonymous_0)
FN:26,(anonymous_1)
FN:36,(anonymous_2)
FN:46,(anonymous_3)
FN:56,(anonymous_4)
FN:67,(anonymous_5)
FN:77,(anonymous_6)
FN:88,(anonymous_7)
FN:107,(anonymous_8)
FN:117,(anonymous_9)
FNF:10
FNH:10
FNDA:2,(anonymous_0)
FNDA:2,(anonymous_1)
FNDA:2,(anonymous_2)
FNDA:2,(anonymous_3)
FNDA:2,(anonymous_4)
FNDA:2,(anonymous_5)
FNDA:2,(anonymous_6)
FNDA:2,(anonymous_7)
FNDA:2,(anonymous_8)
FNDA:2,(anonymous_9)
DA:14,1
DA:17,2
DA:18,2
DA:19,1
DA:21,1
DA:22,1
DA:27,2
DA:28,2
DA:29,1
DA:31,1
DA:32,1
DA:37,2
DA:38,2
DA:39,1
DA:41,1
DA:42,1
DA:47,2
DA:48,2
DA:49,1
DA:51,1
DA:52,1
DA:57,2
DA:58,2
DA:59,1
DA:61,1
DA:62,1
DA:68,2
DA:69,2
DA:70,1
DA:72,1
DA:73,1
DA:78,2
DA:79,2
DA:80,1
DA:82,1
DA:83,1
DA:89,2
DA:90,2
DA:91,2
DA:92,1
DA:93,1
DA:95,1
DA:99,1
DA:108,2
DA:109,2
DA:110,1
DA:112,1
DA:113,1
DA:118,2
DA:119,2
DA:120,1
DA:122,1
DA:123,1
LF:53
LH:53
BRDA:21,0,0,1
BRDA:21,0,1,1
BRDA:22,1,0,1
BRDA:22,1,1,1
BRDA:31,2,0,1
BRDA:31,2,1,1
BRDA:32,3,0,1
BRDA:32,3,1,1
BRDA:41,4,0,1
BRDA:41,4,1,1
BRDA:42,5,0,1
BRDA:42,5,1,1
BRDA:51,6,0,1
BRDA:51,6,1,1
BRDA:52,7,0,1
BRDA:52,7,1,1
BRDA:61,8,0,1
BRDA:61,8,1,1
BRDA:62,9,0,1
BRDA:62,9,1,1
BRDA:72,10,0,1
BRDA:72,10,1,1
BRDA:73,11,0,1
BRDA:73,11,1,1
BRDA:82,12,0,1
BRDA:82,12,1,1
BRDA:83,13,0,1
BRDA:83,13,1,1
BRDA:97,14,0,1
BRDA:97,14,1,1
BRDA:100,15,0,1
BRDA:100,15,1,1
BRDA:112,16,0,1
BRDA:112,16,1,1
BRDA:113,17,0,1
BRDA:113,17,1,1
BRDA:122,18,0,1
BRDA:122,18,1,1
BRDA:123,19,0,1
BRDA:123,19,1,1
BRF:40
BRH:40
end_of_record
TN:
SF:services\courseschedule.service.ts
FN:13,(anonymous_0)
FN:23,(anonymous_1)
FN:33,(anonymous_2)
FN:43,(anonymous_3)
FN:54,(anonymous_4)
FN:65,(anonymous_5)
FN:75,(anonymous_6)
FNF:7
FNH:7
FNDA:2,(anonymous_0)
FNDA:2,(anonymous_1)
FNDA:2,(anonymous_2)
FNDA:2,(anonymous_3)
FNDA:2,(anonymous_4)
FNDA:2,(anonymous_5)
FNDA:2,(anonymous_6)
DA:11,1
DA:14,2
DA:15,2
DA:16,1
DA:18,1
DA:19,1
DA:24,2
DA:25,2
DA:26,1
DA:28,1
DA:29,1
DA:34,2
DA:35,2
DA:36,1
DA:38,1
DA:39,1
DA:44,2
DA:45,2
DA:46,1
DA:48,1
DA:49,1
DA:55,2
DA:56,2
DA:57,1
DA:59,1
DA:60,1
DA:66,2
DA:67,2
DA:68,1
DA:70,1
DA:71,1
DA:76,2
DA:77,2
DA:78,1
DA:80,1
DA:81,1
LF:36
LH:36
BRDA:18,0,0,1
BRDA:18,0,1,1
BRDA:19,1,0,1
BRDA:19,1,1,1
BRDA:28,2,0,1
BRDA:28,2,1,1
BRDA:29,3,0,1
BRDA:29,3,1,1
BRDA:38,4,0,1
BRDA:38,4,1,1
BRDA:39,5,0,1
BRDA:39,5,1,1
BRDA:48,6,0,1
BRDA:48,6,1,1
BRDA:49,7,0,1
BRDA:49,7,1,1
BRDA:59,8,0,1
BRDA:59,8,1,1
BRDA:60,9,0,1
BRDA:60,9,1,1
BRDA:70,10,0,1
BRDA:70,10,1,1
BRDA:71,11,0,1
BRDA:71,11,1,1
BRDA:80,12,0,1
BRDA:80,12,1,1
BRDA:81,13,0,1
BRDA:81,13,1,1
BRF:28
BRH:28
end_of_record
TN:
SF:services\lesson.service.ts
FN:6,(anonymous_0)
FN:16,(anonymous_1)
FN:26,(anonymous_2)
FN:36,(anonymous_3)
FN:61,(anonymous_4)
FN:76,(anonymous_5)
FNF:6
FNH:6
FNDA:2,(anonymous_0)
FNDA:2,(anonymous_1)
FNDA:2,(anonymous_2)
FNDA:2,(anonymous_3)
FNDA:2,(anonymous_4)
FNDA:2,(anonymous_5)
DA:4,1
DA:7,2
DA:8,2
DA:9,1
DA:11,1
DA:17,2
DA:18,2
DA:19,1
DA:21,1
DA:27,2
DA:28,2
DA:29,1
DA:31,1
DA:37,2
DA:38,2
DA:39,2
DA:40,2
DA:41,2
DA:43,2
DA:44,0
DA:51,2
DA:52,1
DA:54,1
DA:55,1
DA:62,2
DA:63,2
DA:64,2
DA:65,2
DA:66,2
DA:68,2
DA:69,1
DA:71,1
DA:77,2
DA:78,2
DA:79,1
DA:81,1
LF:36
LH:35
BRDA:11,0,0,1
BRDA:11,0,1,1
BRDA:21,1,0,1
BRDA:21,1,1,1
BRDA:31,2,0,1
BRDA:31,2,1,1
BRDA:43,3,0,0
BRDA:43,3,1,2
BRDA:46,4,0,0
BRDA:46,4,1,0
BRDA:47,5,0,0
BRDA:47,5,1,0
BRDA:54,6,0,1
BRDA:54,6,1,1
BRDA:55,7,0,1
BRDA:55,7,1,1
BRDA:66,8,0,0
BRDA:66,8,1,2
BRDA:71,9,0,1
BRDA:71,9,1,1
BRDA:81,10,0,1
BRDA:81,10,1,1
BRF:22
BRH:16
end_of_record
TN:
SF:services\registercourse.service.ts
FN:5,(anonymous_0)
FN:21,(anonymous_1)
FN:32,(anonymous_2)
FN:48,(anonymous_3)
FNF:4
FNH:4
FNDA:2,(anonymous_0)
FNDA:2,(anonymous_1)
FNDA:2,(anonymous_2)
FNDA:2,(anonymous_3)
DA:3,1
DA:11,2
DA:12,2
DA:13,1
DA:15,1
DA:16,1
DA:22,2
DA:23,2
DA:24,1
DA:26,1
DA:27,1
DA:38,2
DA:39,2
DA:40,1
DA:42,1
DA:43,1
DA:49,2
DA:50,2
DA:51,1
DA:53,1
DA:54,1
LF:21
LH:21
BRDA:16,0,0,1
BRDA:16,0,1,1
BRDA:24,1,0,1
BRDA:24,1,1,0
BRDA:27,2,0,1
BRDA:27,2,1,1
BRDA:43,3,0,1
BRDA:43,3,1,1
BRDA:54,4,0,1
BRDA:54,4,1,1
BRF:10
BRH:9
end_of_record
TN:
SF:services\subject.service.ts
FN:10,(anonymous_0)
FN:20,(anonymous_1)
FN:30,(anonymous_2)
FN:40,(anonymous_3)
FN:50,(anonymous_4)
FNF:5
FNH:5
FNDA:2,(anonymous_0)
FNDA:2,(anonymous_1)
FNDA:2,(anonymous_2)
FNDA:2,(anonymous_3)
FNDA:2,(anonymous_4)
DA:9,1
DA:11,2
DA:12,2
DA:13,1
DA:15,1
DA:16,1
DA:21,2
DA:22,2
DA:23,1
DA:25,1
DA:26,1
DA:31,2
DA:32,2
DA:33,1
DA:35,1
DA:36,1
DA:41,2
DA:42,2
DA:43,1
DA:45,1
DA:46,1
DA:51,2
DA:52,2
DA:53,1
DA:55,1
DA:56,1
LF:26
LH:26
BRDA:15,0,0,1
BRDA:15,0,1,0
BRDA:16,1,0,1
BRDA:16,1,1,0
BRDA:25,2,0,1
BRDA:25,2,1,0
BRDA:26,3,0,1
BRDA:26,3,1,0
BRDA:35,4,0,1
BRDA:35,4,1,0
BRDA:36,5,0,1
BRDA:36,5,1,0
BRDA:45,6,0,1
BRDA:45,6,1,0
BRDA:46,7,0,1
BRDA:46,7,1,0
BRDA:55,8,0,1
BRDA:55,8,1,0
BRDA:56,9,0,1
BRDA:56,9,1,0
BRF:20
BRH:10
end_of_record
TN:
SF:services\submission.service.ts
FN:4,(anonymous_0)
FN:15,(anonymous_1)
FN:28,(anonymous_2)
FN:45,(anonymous_3)
FN:64,(anonymous_4)
FN:77,(anonymous_5)
FN:95,(anonymous_6)
FNF:7
FNH:7
FNDA:2,(anonymous_0)
FNDA:2,(anonymous_1)
FNDA:2,(anonymous_2)
FNDA:2,(anonymous_3)
FNDA:2,(anonymous_4)
FNDA:2,(anonymous_5)
FNDA:3,(anonymous_6)
DA:3,1
DA:5,2
DA:6,2
DA:7,1
DA:9,1
DA:10,1
DA:16,2
DA:17,2
DA:18,2
DA:19,1
DA:20,1
DA:22,1
DA:23,1
DA:33,2
DA:34,2
DA:35,2
DA:36,1
DA:37,1
DA:39,1
DA:40,1
DA:52,2
DA:53,2
DA:54,2
DA:55,1
DA:56,1
DA:58,1
DA:59,1
DA:65,2
DA:66,2
DA:67,2
DA:68,1
DA:69,1
DA:71,1
DA:72,1
DA:84,2
DA:85,2
DA:86,2
DA:87,1
DA:88,1
DA:90,1
DA:91,1
DA:96,3
DA:97,3
DA:98,3
DA:100,2
DA:102,1
DA:104,1
DA:106,1
DA:107,1
LF:49
LH:49
BRDA:9,0,0,1
BRDA:9,0,1,1
BRDA:10,1,0,1
BRDA:10,1,1,1
BRDA:22,2,0,1
BRDA:22,2,1,1
BRDA:23,3,0,1
BRDA:23,3,1,1
BRDA:39,4,0,1
BRDA:39,4,1,1
BRDA:40,5,0,1
BRDA:40,5,1,1
BRDA:58,6,0,1
BRDA:58,6,1,1
BRDA:59,7,0,1
BRDA:59,7,1,1
BRDA:71,8,0,1
BRDA:71,8,1,1
BRDA:72,9,0,1
BRDA:72,9,1,1
BRDA:90,10,0,1
BRDA:90,10,1,1
BRDA:91,11,0,1
BRDA:91,11,1,1
BRDA:100,12,0,1
BRDA:100,12,1,1
BRDA:106,13,0,1
BRDA:106,13,1,1
BRDA:107,14,0,1
BRDA:107,14,1,1
BRF:30
BRH:30
end_of_record
TN:
SF:services\user.service.ts
FN:13,(anonymous_0)
FN:24,(anonymous_1)
FN:35,(anonymous_2)
FN:46,(anonymous_3)
FN:57,(anonymous_4)
FN:68,(anonymous_5)
FN:79,(anonymous_6)
FNF:7
FNH:6
FNDA:2,(anonymous_0)
FNDA:2,(anonymous_1)
FNDA:2,(anonymous_2)
FNDA:2,(anonymous_3)
FNDA:2,(anonymous_4)
FNDA:2,(anonymous_5)
FNDA:0,(anonymous_6)
DA:11,1
DA:14,2
DA:15,2
DA:16,1
DA:18,1
DA:19,1
DA:25,2
DA:26,2
DA:27,1
DA:29,1
DA:30,1
DA:36,2
DA:37,2
DA:38,1
DA:40,1
DA:41,1
DA:47,2
DA:48,2
DA:49,1
DA:51,1
DA:52,1
DA:58,2
DA:59,2
DA:60,1
DA:62,1
DA:63,1
DA:69,2
DA:70,2
DA:71,1
DA:73,1
DA:74,1
DA:80,0
DA:81,0
DA:82,0
DA:84,0
DA:85,0
LF:36
LH:31
BRDA:18,0,0,1
BRDA:18,0,1,1
BRDA:19,1,0,1
BRDA:19,1,1,1
BRDA:29,2,0,1
BRDA:29,2,1,1
BRDA:30,3,0,1
BRDA:30,3,1,1
BRDA:40,4,0,1
BRDA:40,4,1,1
BRDA:41,5,0,1
BRDA:41,5,1,1
BRDA:51,6,0,1
BRDA:51,6,1,1
BRDA:52,7,0,1
BRDA:52,7,1,1
BRDA:62,8,0,1
BRDA:62,8,1,1
BRDA:63,9,0,1
BRDA:63,9,1,1
BRDA:71,10,0,1
BRDA:71,10,1,0
BRDA:73,11,0,1
BRDA:73,11,1,1
BRDA:74,12,0,1
BRDA:74,12,1,1
BRDA:84,13,0,0
BRDA:84,13,1,0
BRDA:85,14,0,0
BRDA:85,14,1,0
BRF:30
BRH:25
end_of_record
