TN:
SF:App.js
FN:4,App
FNF:1
FNH:0
FNDA:0,App
DA:5,0
DA:13,0
LF:2
LH:0
BRF:0
BRH:0
end_of_record
TN:
SF:App.tsx
FN:5,App
FNF:1
FNH:0
FNDA:0,App
DA:6,0
LF:1
LH:0
BRF:0
BRH:0
end_of_record
TN:
SF:index.js
FNF:0
FNH:0
DA:8,0
LF:1
LH:0
BRF:0
BRH:0
end_of_record
TN:
SF:api\assignment.api.ts
FN:6,(anonymous_0)
FN:12,(anonymous_1)
FN:18,(anonymous_2)
FN:31,(anonymous_3)
FN:47,(anonymous_4)
FNF:5
FNH:0
FNDA:0,(anonymous_0)
FNDA:0,(anonymous_1)
FNDA:0,(anonymous_2)
FNDA:0,(anonymous_3)
FNDA:0,(anonymous_4)
DA:3,0
DA:6,0
DA:7,0
DA:8,0
DA:12,0
DA:13,0
DA:14,0
DA:18,0
DA:26,0
DA:27,0
DA:31,0
DA:42,0
DA:43,0
DA:47,0
DA:48,0
DA:49,0
LF:16
LH:0
BRF:0
BRH:0
end_of_record
TN:
SF:api\auth.api.ts
FN:5,(anonymous_0)
FN:8,(anonymous_1)
FN:11,(anonymous_2)
FN:14,(anonymous_3)
FN:17,(anonymous_4)
FN:18,(anonymous_5)
FNF:6
FNH:0
FNDA:0,(anonymous_0)
FNDA:0,(anonymous_1)
FNDA:0,(anonymous_2)
FNDA:0,(anonymous_3)
FNDA:0,(anonymous_4)
FNDA:0,(anonymous_5)
DA:3,1
DA:5,1
DA:6,0
DA:8,1
DA:9,0
DA:11,1
DA:12,0
DA:14,1
DA:15,0
DA:17,1
DA:18,1
LF:11
LH:7
BRF:0
BRH:0
end_of_record
TN:
SF:api\axiosInstance.ts
FN:11,(anonymous_0)
FNF:1
FNH:0
FNDA:0,(anonymous_0)
DA:4,2
DA:11,2
DA:12,0
DA:13,0
DA:14,0
DA:16,0
LF:6
LH:2
BRDA:13,0,0,0
BRDA:13,0,1,0
BRF:2
BRH:0
end_of_record
TN:
SF:api\classmember.api.ts
FN:8,(anonymous_0)
FN:14,(anonymous_1)
FN:20,(anonymous_2)
FN:26,(anonymous_3)
FN:32,(anonymous_4)
FN:38,(anonymous_5)
FN:44,(anonymous_6)
FN:50,(anonymous_7)
FN:56,(anonymous_8)
FN:61,(anonymous_9)
FN:65,(anonymous_10)
FNF:11
FNH:0
FNDA:0,(anonymous_0)
FNDA:0,(anonymous_1)
FNDA:0,(anonymous_2)
FNDA:0,(anonymous_3)
FNDA:0,(anonymous_4)
FNDA:0,(anonymous_5)
FNDA:0,(anonymous_6)
FNDA:0,(anonymous_7)
FNDA:0,(anonymous_8)
FNDA:0,(anonymous_9)
FNDA:0,(anonymous_10)
DA:3,0
DA:4,0
DA:6,0
DA:9,0
DA:10,0
DA:15,0
DA:16,0
DA:21,0
DA:22,0
DA:27,0
DA:28,0
DA:33,0
DA:34,0
DA:39,0
DA:40,0
DA:45,0
DA:46,0
DA:51,0
DA:52,0
DA:57,0
DA:58,0
DA:62,0
DA:63,0
DA:66,0
DA:67,0
LF:25
LH:0
BRF:0
BRH:0
end_of_record
TN:
SF:api\course.api.ts
FN:8,(anonymous_0)
FN:13,(anonymous_1)
FN:18,(anonymous_2)
FN:23,(anonymous_3)
FN:28,(anonymous_4)
FN:34,(anonymous_5)
FN:39,(anonymous_6)
FN:44,(anonymous_7)
FN:50,(anonymous_8)
FN:55,(anonymous_9)
FNF:10
FNH:0
FNDA:0,(anonymous_0)
FNDA:0,(anonymous_1)
FNDA:0,(anonymous_2)
FNDA:0,(anonymous_3)
FNDA:0,(anonymous_4)
FNDA:0,(anonymous_5)
FNDA:0,(anonymous_6)
FNDA:0,(anonymous_7)
FNDA:0,(anonymous_8)
FNDA:0,(anonymous_9)
DA:4,0
DA:8,0
DA:9,0
DA:13,0
DA:14,0
DA:18,0
DA:19,0
DA:23,0
DA:24,0
DA:28,0
DA:29,0
DA:34,0
DA:35,0
DA:39,0
DA:40,0
DA:44,0
DA:45,0
DA:50,0
DA:51,0
DA:55,0
DA:56,0
LF:21
LH:0
BRF:0
BRH:0
end_of_record
TN:
SF:api\courseschedule.api.ts
FN:7,(anonymous_0)
FN:12,(anonymous_1)
FN:17,(anonymous_2)
FN:22,(anonymous_3)
FN:28,(anonymous_4)
FN:34,(anonymous_5)
FN:42,(anonymous_6)
FNF:7
FNH:0
FNDA:0,(anonymous_0)
FNDA:0,(anonymous_1)
FNDA:0,(anonymous_2)
FNDA:0,(anonymous_3)
FNDA:0,(anonymous_4)
FNDA:0,(anonymous_5)
FNDA:0,(anonymous_6)
DA:3,1
DA:7,1
DA:8,0
DA:12,1
DA:13,0
DA:17,1
DA:18,0
DA:22,1
DA:23,0
DA:28,1
DA:29,0
DA:34,1
DA:35,0
DA:36,0
DA:38,0
DA:42,1
DA:43,0
LF:17
LH:8
BRDA:35,0,0,0
BRDA:35,0,1,0
BRF:2
BRH:0
end_of_record
TN:
SF:api\lesson.api.ts
FN:10,(anonymous_0)
FN:16,(anonymous_1)
FN:23,(anonymous_2)
FN:30,(anonymous_3)
FN:40,(anonymous_4)
FN:49,(anonymous_5)
FNF:6
FNH:0
FNDA:0,(anonymous_0)
FNDA:0,(anonymous_1)
FNDA:0,(anonymous_2)
FNDA:0,(anonymous_3)
FNDA:0,(anonymous_4)
FNDA:0,(anonymous_5)
DA:4,0
DA:10,0
DA:11,0
DA:16,0
DA:17,0
DA:23,0
DA:24,0
DA:30,0
DA:31,0
DA:40,0
DA:41,0
DA:49,0
DA:50,0
LF:13
LH:0
BRF:0
BRH:0
end_of_record
TN:
SF:api\registercourse.api.ts
FN:7,(anonymous_0)
FN:18,(anonymous_1)
FN:24,(anonymous_2)
FN:36,(anonymous_3)
FN:42,(anonymous_4)
FNF:5
FNH:0
FNDA:0,(anonymous_0)
FNDA:0,(anonymous_1)
FNDA:0,(anonymous_2)
FNDA:0,(anonymous_3)
FNDA:0,(anonymous_4)
DA:3,0
DA:5,0
DA:13,0
DA:14,0
DA:19,0
DA:20,0
DA:30,0
DA:31,0
DA:32,0
DA:37,0
DA:38,0
DA:43,0
DA:44,0
LF:13
LH:0
BRF:0
BRH:0
end_of_record
TN:
SF:api\subject.api.ts
FN:7,(anonymous_0)
FN:12,(anonymous_1)
FN:17,(anonymous_2)
FN:22,(anonymous_3)
FN:27,(anonymous_4)
FNF:5
FNH:0
FNDA:0,(anonymous_0)
FNDA:0,(anonymous_1)
FNDA:0,(anonymous_2)
FNDA:0,(anonymous_3)
FNDA:0,(anonymous_4)
DA:4,0
DA:7,0
DA:8,0
DA:12,0
DA:13,0
DA:17,0
DA:18,0
DA:22,0
DA:23,0
DA:27,0
DA:28,0
LF:11
LH:0
BRF:0
BRH:0
end_of_record
TN:
SF:api\submission.api.ts
FN:7,(anonymous_0)
FN:13,(anonymous_1)
FN:19,(anonymous_2)
FN:29,(anonymous_3)
FN:41,(anonymous_4)
FN:47,(anonymous_5)
FN:59,(anonymous_6)
FNF:7
FNH:0
FNDA:0,(anonymous_0)
FNDA:0,(anonymous_1)
FNDA:0,(anonymous_2)
FNDA:0,(anonymous_3)
FNDA:0,(anonymous_4)
FNDA:0,(anonymous_5)
FNDA:0,(anonymous_6)
DA:4,0
DA:7,0
DA:8,0
DA:9,0
DA:13,0
DA:14,0
DA:15,0
DA:19,0
DA:24,0
DA:25,0
DA:29,0
DA:36,0
DA:37,0
DA:41,0
DA:42,0
DA:43,0
DA:47,0
DA:54,0
DA:55,0
DA:59,0
DA:60,0
DA:61,0
LF:22
LH:0
BRF:0
BRH:0
end_of_record
TN:
SF:api\user.api.ts
FN:6,(anonymous_0)
FN:11,(anonymous_1)
FN:16,(anonymous_2)
FN:21,(anonymous_3)
FN:26,(anonymous_4)
FN:31,(anonymous_5)
FN:36,(anonymous_6)
FNF:7
FNH:0
FNDA:0,(anonymous_0)
FNDA:0,(anonymous_1)
FNDA:0,(anonymous_2)
FNDA:0,(anonymous_3)
FNDA:0,(anonymous_4)
FNDA:0,(anonymous_5)
FNDA:0,(anonymous_6)
DA:3,0
DA:6,0
DA:7,0
DA:11,0
DA:12,0
DA:16,0
DA:17,0
DA:21,0
DA:22,0
DA:26,0
DA:27,0
DA:31,0
DA:32,0
DA:36,0
DA:37,0
DA:38,0
LF:16
LH:0
BRF:0
BRH:0
end_of_record
TN:
SF:constants\buttonStyles.ts
FNF:0
FNH:0
DA:5,1
LF:1
LH:1
BRF:0
BRH:0
end_of_record
TN:
SF:constants\cardStyles.ts
FNF:0
FNH:0
DA:5,0
LF:1
LH:0
BRF:0
BRH:0
end_of_record
TN:
SF:constants\colors.ts
FNF:0
FNH:0
DA:2,1
LF:1
LH:1
BRF:0
BRH:0
end_of_record
TN:
SF:constants\imageStyles.ts
FNF:0
FNH:0
DA:4,1
LF:1
LH:1
BRF:0
BRH:0
end_of_record
TN:
SF:constants\inputStyles.ts
FNF:0
FNH:0
DA:5,0
LF:1
LH:0
BRF:0
BRH:0
end_of_record
TN:
SF:constants\layoutStyles.ts
FNF:0
FNH:0
DA:5,1
LF:1
LH:1
BRF:0
BRH:0
end_of_record
TN:
SF:constants\listStyles.ts
FNF:0
FNH:0
DA:4,0
LF:1
LH:0
BRF:0
BRH:0
end_of_record
TN:
SF:constants\modalStyles.ts
FNF:0
FNH:0
DA:5,0
LF:1
LH:0
BRF:0
BRH:0
end_of_record
TN:
SF:constants\pickerStyles.ts
FNF:0
FNH:0
DA:3,0
LF:1
LH:0
BRF:0
BRH:0
end_of_record
TN:
SF:constants\scheduleStyles.ts
FNF:0
FNH:0
DA:3,0
LF:1
LH:0
BRF:0
BRH:0
end_of_record
TN:
SF:constants\searchStyles.ts
FNF:0
FNH:0
DA:4,0
LF:1
LH:0
BRF:0
BRH:0
end_of_record
TN:
SF:constants\textStyles.ts
FNF:0
FNH:0
DA:5,1
LF:1
LH:1
BRF:0
BRH:0
end_of_record
TN:
SF:constants\images\avatar.ts
FNF:0
FNH:0
DA:2,1
DA:11,1
LF:2
LH:2
BRF:0
BRH:0
end_of_record
TN:
SF:constants\images\common.ts
FNF:0
FNH:0
DA:1,1
LF:1
LH:1
BRF:0
BRH:0
end_of_record
TN:
SF:constants\images\images.ts
FNF:0
FNH:0
DA:7,1
LF:1
LH:1
BRF:0
BRH:0
end_of_record
TN:
SF:constants\images\more-img.ts
FNF:0
FNH:0
DA:1,1
LF:1
LH:1
BRF:0
BRH:0
end_of_record
TN:
SF:constants\images\top-banner.ts
FNF:0
FNH:0
DA:1,1
LF:1
LH:1
BRF:0
BRH:0
end_of_record
TN:
SF:navigation\AppNavigator.tsx
FN:120,AppNavigator
FNF:1
FNH:0
FNDA:0,AppNavigator
DA:118,0
DA:121,0
LF:2
LH:0
BRF:0
BRH:0
end_of_record
TN:
SF:navigation\BottomTab.tsx
FN:18,BottomTab
FN:21,(anonymous_1)
FN:22,(anonymous_2)
FN:33,(anonymous_3)
FN:34,(anonymous_4)
FN:58,(anonymous_5)
FNF:6
FNH:0
FNDA:0,BottomTab
FNDA:0,(anonymous_1)
FNDA:0,(anonymous_2)
FNDA:0,(anonymous_3)
FNDA:0,(anonymous_4)
FNDA:0,(anonymous_5)
DA:16,0
DA:19,0
DA:21,0
DA:22,0
DA:23,0
DA:24,0
DA:25,0
DA:27,0
DA:30,0
DA:33,0
DA:35,0
DA:37,0
DA:38,0
DA:39,0
DA:40,0
DA:41,0
DA:42,0
DA:43,0
DA:44,0
DA:45,0
DA:46,0
DA:47,0
DA:49,0
DA:58,0
DA:59,0
DA:61,0
DA:78,0
DA:80,0
DA:98,0
DA:122,0
DA:127,0
LF:31
LH:0
BRDA:37,0,0,0
BRDA:37,0,1,0
BRDA:37,1,0,0
BRDA:37,1,1,0
BRDA:38,2,0,0
BRDA:38,2,1,0
BRDA:38,3,0,0
BRDA:38,3,1,0
BRDA:39,4,0,0
BRDA:39,4,1,0
BRDA:40,5,0,0
BRDA:40,5,1,0
BRDA:41,6,0,0
BRDA:41,6,1,0
BRDA:42,7,0,0
BRDA:42,7,1,0
BRDA:43,8,0,0
BRDA:43,8,1,0
BRDA:44,9,0,0
BRDA:44,9,1,0
BRDA:45,10,0,0
BRDA:45,10,1,0
BRDA:46,11,0,0
BRDA:46,11,1,0
BRDA:46,12,0,0
BRDA:46,12,1,0
BRDA:47,13,0,0
BRDA:47,13,1,0
BRDA:59,14,0,0
BRDA:59,14,1,0
BRDA:78,15,0,0
BRDA:78,15,1,0
BRDA:130,16,0,0
BRDA:130,16,1,0
BRF:34
BRH:0
end_of_record
TN:
SF:screens\HomeScreen.tsx
FN:27,(anonymous_0)
FN:100,HomeScreen
FN:108,(anonymous_2)
FN:115,(anonymous_3)
FN:130,(anonymous_4)
FN:131,(anonymous_5)
FN:138,(anonymous_6)
FN:139,(anonymous_7)
FN:140,(anonymous_8)
FN:147,(anonymous_9)
FN:150,(anonymous_10)
FN:201,(anonymous_11)
FN:261,(anonymous_12)
FN:308,(anonymous_13)
FN:340,(anonymous_14)
FN:372,(anonymous_15)
FN:441,(anonymous_16)
FN:454,(anonymous_17)
FNF:18
FNH:0
FNDA:0,(anonymous_0)
FNDA:0,HomeScreen
FNDA:0,(anonymous_2)
FNDA:0,(anonymous_3)
FNDA:0,(anonymous_4)
FNDA:0,(anonymous_5)
FNDA:0,(anonymous_6)
FNDA:0,(anonymous_7)
FNDA:0,(anonymous_8)
FNDA:0,(anonymous_9)
FNDA:0,(anonymous_10)
FNDA:0,(anonymous_11)
FNDA:0,(anonymous_12)
FNDA:0,(anonymous_13)
FNDA:0,(anonymous_14)
FNDA:0,(anonymous_15)
FNDA:0,(anonymous_16)
FNDA:0,(anonymous_17)
DA:22,0
DA:26,0
DA:27,0
DA:30,0
DA:55,0
DA:85,0
DA:93,0
DA:101,0
DA:102,0
DA:103,0
DA:104,0
DA:105,0
DA:106,0
DA:108,0
DA:109,0
DA:110,0
DA:111,0
DA:115,0
DA:116,0
DA:117,0
DA:118,0
DA:119,0
DA:120,0
DA:123,0
DA:125,0
DA:130,0
DA:131,0
DA:132,0
DA:134,0
DA:138,0
DA:139,0
DA:140,0
DA:141,0
DA:142,0
DA:143,0
DA:147,0
DA:150,0
DA:151,0
DA:201,0
DA:202,0
DA:242,0
DA:243,0
DA:253,0
DA:261,0
DA:308,0
DA:340,0
DA:373,0
DA:441,0
DA:455,0
LF:49
LH:0
BRDA:110,0,0,0
BRDA:110,0,1,0
BRDA:119,1,0,0
BRDA:119,1,1,0
BRDA:242,2,0,0
BRDA:242,2,1,0
BRDA:296,3,0,0
BRDA:296,3,1,0
BRDA:301,4,0,0
BRDA:301,4,1,0
BRDA:306,5,0,0
BRDA:306,5,1,0
BRDA:314,6,0,0
BRDA:314,6,1,0
BRDA:318,7,0,0
BRDA:318,7,1,0
BRF:16
BRH:0
end_of_record
TN:
SF:screens\MoreScreen.tsx
FN:16,MoreScreen
FN:60,(anonymous_1)
FN:67,(anonymous_2)
FNF:3
FNH:0
FNDA:0,MoreScreen
FNDA:0,(anonymous_1)
FNDA:0,(anonymous_2)
DA:17,0
DA:19,0
DA:39,0
DA:61,0
DA:67,0
LF:5
LH:0
BRF:0
BRH:0
end_of_record
TN:
SF:screens\Assignment\AddAssignmentScreen.tsx
FN:29,AddAssignmentScreen
FN:45,(anonymous_1)
FN:53,(anonymous_2)
FN:106,(anonymous_3)
FN:133,(anonymous_4)
FN:142,(anonymous_5)
FN:152,(anonymous_6)
FN:161,(anonymous_7)
FNF:8
FNH:0
FNDA:0,AddAssignmentScreen
FNDA:0,(anonymous_1)
FNDA:0,(anonymous_2)
FNDA:0,(anonymous_3)
FNDA:0,(anonymous_4)
FNDA:0,(anonymous_5)
FNDA:0,(anonymous_6)
FNDA:0,(anonymous_7)
DA:30,0
DA:31,0
DA:32,0
DA:34,0
DA:35,0
DA:36,0
DA:37,0
DA:38,0
DA:39,0
DA:41,0
DA:42,0
DA:45,0
DA:46,0
DA:47,0
DA:48,0
DA:49,0
DA:50,0
DA:53,0
DA:54,0
DA:55,0
DA:56,0
DA:59,0
DA:60,0
DA:61,0
DA:70,0
DA:72,0
DA:73,0
DA:75,0
DA:82,0
DA:86,0
DA:106,0
DA:133,0
DA:143,0
DA:144,0
DA:152,0
DA:162,0
DA:163,0
LF:37
LH:0
BRDA:45,0,0,0
BRDA:54,1,0,0
BRDA:54,1,1,0
BRDA:54,2,0,0
BRDA:54,2,1,0
BRDA:67,3,0,0
BRDA:67,3,1,0
BRDA:77,4,0,0
BRDA:77,4,1,0
BRDA:77,4,2,0
BRDA:137,5,0,0
BRDA:137,5,1,0
BRDA:144,6,0,0
BRDA:144,6,1,0
BRDA:156,7,0,0
BRDA:156,7,1,0
BRDA:163,8,0,0
BRDA:163,8,1,0
BRDA:175,9,0,0
BRDA:175,9,1,0
BRF:20
BRH:0
end_of_record
TN:
SF:screens\Assignment\AssignmentDetailScreen.tsx
FN:43,AssignmentDetailScreen
FN:53,(anonymous_1)
FN:83,(anonymous_2)
FN:96,(anonymous_3)
FN:100,(anonymous_4)
FN:128,(anonymous_5)
FN:154,(anonymous_6)
FN:195,(anonymous_7)
FN:212,(anonymous_8)
FNF:9
FNH:0
FNDA:0,AssignmentDetailScreen
FNDA:0,(anonymous_1)
FNDA:0,(anonymous_2)
FNDA:0,(anonymous_3)
FNDA:0,(anonymous_4)
FNDA:0,(anonymous_5)
FNDA:0,(anonymous_6)
FNDA:0,(anonymous_7)
FNDA:0,(anonymous_8)
DA:44,0
DA:45,0
DA:46,0
DA:48,0
DA:49,0
DA:50,0
DA:51,0
DA:53,0
DA:54,0
DA:55,0
DA:56,0
DA:58,0
DA:59,0
DA:60,0
DA:61,0
DA:63,0
DA:66,0
DA:68,0
DA:69,0
DA:72,0
DA:75,0
DA:76,0
DA:79,0
DA:83,0
DA:84,0
DA:87,0
DA:88,0
DA:96,0
DA:97,0
DA:101,0
DA:124,0
DA:128,0
DA:154,0
DA:195,0
DA:213,0
LF:35
LH:0
BRDA:46,0,0,0
BRDA:46,0,1,0
BRDA:54,1,0,0
BRDA:54,1,1,0
BRDA:68,2,0,0
BRDA:68,2,1,0
BRDA:75,3,0,0
BRDA:75,3,1,0
BRDA:76,4,0,0
BRDA:76,4,1,0
BRDA:87,5,0,0
BRDA:87,5,1,0
BRDA:106,6,0,0
BRDA:106,6,1,0
BRDA:109,7,0,0
BRDA:109,7,1,0
BRDA:112,8,0,0
BRDA:112,8,1,0
BRDA:127,9,0,0
BRDA:127,9,1,0
BRDA:180,10,0,0
BRDA:180,10,1,0
BRDA:183,11,0,0
BRDA:183,11,1,0
BRDA:189,12,0,0
BRDA:189,12,1,0
BRDA:205,13,0,0
BRDA:205,13,1,0
BRDA:208,14,0,0
BRDA:208,14,1,0
BRDA:208,14,2,0
BRDA:224,15,0,0
BRDA:224,15,1,0
BRDA:249,16,0,0
BRDA:249,16,1,0
BRF:35
BRH:0
end_of_record
TN:
SF:screens\Assignment\AssignmentListScreen.tsx
FN:40,AssignmentListScreen
FN:53,(anonymous_1)
FN:65,(anonymous_2)
FN:83,(anonymous_3)
FN:84,(anonymous_4)
FN:91,(anonymous_5)
FN:98,(anonymous_6)
FN:103,(anonymous_7)
FN:109,(anonymous_8)
FN:112,(anonymous_9)
FN:158,(anonymous_10)
FN:194,(anonymous_11)
FN:213,(anonymous_12)
FN:214,(anonymous_13)
FN:218,(anonymous_14)
FN:247,(anonymous_15)
FN:261,(anonymous_16)
FN:277,(anonymous_17)
FN:293,(anonymous_18)
FNF:19
FNH:0
FNDA:0,AssignmentListScreen
FNDA:0,(anonymous_1)
FNDA:0,(anonymous_2)
FNDA:0,(anonymous_3)
FNDA:0,(anonymous_4)
FNDA:0,(anonymous_5)
FNDA:0,(anonymous_6)
FNDA:0,(anonymous_7)
FNDA:0,(anonymous_8)
FNDA:0,(anonymous_9)
FNDA:0,(anonymous_10)
FNDA:0,(anonymous_11)
FNDA:0,(anonymous_12)
FNDA:0,(anonymous_13)
FNDA:0,(anonymous_14)
FNDA:0,(anonymous_15)
FNDA:0,(anonymous_16)
FNDA:0,(anonymous_17)
FNDA:0,(anonymous_18)
DA:41,0
DA:42,0
DA:43,0
DA:45,0
DA:46,0
DA:49,0
DA:50,0
DA:51,0
DA:53,0
DA:54,0
DA:55,0
DA:56,0
DA:58,0
DA:65,0
DA:66,0
DA:67,0
DA:68,0
DA:69,0
DA:70,0
DA:72,0
DA:79,0
DA:83,0
DA:84,0
DA:85,0
DA:86,0
DA:88,0
DA:91,0
DA:92,0
DA:93,0
DA:94,0
DA:96,0
DA:97,0
DA:98,0
DA:103,0
DA:104,0
DA:110,0
DA:111,0
DA:112,0
DA:113,0
DA:114,0
DA:115,0
DA:117,0
DA:124,0
DA:125,0
DA:133,0
DA:158,0
DA:194,0
DA:213,0
DA:215,0
DA:219,0
DA:248,0
DA:261,0
DA:278,0
DA:293,0
LF:54
LH:0
BRDA:60,0,0,0
BRDA:60,0,1,0
BRDA:69,1,0,0
BRDA:69,1,1,0
BRDA:70,2,0,0
BRDA:70,2,1,0
BRDA:74,3,0,0
BRDA:74,3,1,0
BRDA:74,3,2,0
BRDA:93,4,0,0
BRDA:93,4,1,0
BRDA:117,5,0,0
BRDA:117,5,1,0
BRDA:124,6,0,0
BRDA:124,6,1,0
BRDA:193,7,0,0
BRDA:193,7,1,0
BRDA:201,8,0,0
BRDA:201,8,1,0
BRDA:232,9,0,0
BRDA:232,9,1,0
BRDA:235,10,0,0
BRDA:235,10,1,0
BRDA:239,11,0,0
BRDA:239,11,1,0
BRDA:239,11,2,0
BRDA:273,12,0,0
BRDA:273,12,1,0
BRDA:273,12,2,0
BRDA:286,13,0,0
BRDA:286,13,1,0
BRF:31
BRH:0
end_of_record
TN:
SF:screens\Assignment\EditAssignmentScreen.tsx
FN:29,EditAssignmentScreen
FN:44,(anonymous_1)
FN:52,(anonymous_2)
FN:70,(anonymous_3)
FN:78,(anonymous_4)
FN:137,(anonymous_5)
FN:162,(anonymous_6)
FN:171,(anonymous_7)
FN:181,(anonymous_8)
FN:190,(anonymous_9)
FNF:10
FNH:0
FNDA:0,EditAssignmentScreen
FNDA:0,(anonymous_1)
FNDA:0,(anonymous_2)
FNDA:0,(anonymous_3)
FNDA:0,(anonymous_4)
FNDA:0,(anonymous_5)
FNDA:0,(anonymous_6)
FNDA:0,(anonymous_7)
FNDA:0,(anonymous_8)
FNDA:0,(anonymous_9)
DA:30,0
DA:31,0
DA:32,0
DA:34,0
DA:35,0
DA:36,0
DA:37,0
DA:38,0
DA:39,0
DA:41,0
DA:42,0
DA:44,0
DA:45,0
DA:46,0
DA:47,0
DA:48,0
DA:49,0
DA:52,0
DA:53,0
DA:54,0
DA:55,0
DA:56,0
DA:57,0
DA:58,0
DA:61,0
DA:62,0
DA:64,0
DA:66,0
DA:70,0
DA:71,0
DA:73,0
DA:74,0
DA:78,0
DA:79,0
DA:80,0
DA:81,0
DA:84,0
DA:85,0
DA:86,0
DA:94,0
DA:95,0
DA:97,0
DA:99,0
DA:103,0
DA:104,0
DA:112,0
DA:137,0
DA:162,0
DA:172,0
DA:173,0
DA:181,0
DA:191,0
DA:192,0
LF:53
LH:0
BRDA:32,0,0,0
BRDA:32,0,1,0
BRDA:56,1,0,0
BRDA:56,1,1,0
BRDA:57,2,0,0
BRDA:57,2,1,0
BRDA:59,3,0,0
BRDA:59,3,1,0
BRDA:61,4,0,0
BRDA:61,4,1,0
BRDA:62,5,0,0
BRDA:62,5,1,0
BRDA:64,6,0,0
BRDA:64,6,1,0
BRDA:71,7,0,0
BRDA:71,7,1,0
BRDA:79,8,0,0
BRDA:79,8,1,0
BRDA:79,9,0,0
BRDA:79,9,1,0
BRDA:79,9,2,0
BRDA:79,9,3,0
BRDA:91,10,0,0
BRDA:91,10,1,0
BRDA:97,11,0,0
BRDA:97,11,1,0
BRDA:103,12,0,0
BRDA:103,12,1,0
BRDA:166,13,0,0
BRDA:166,13,1,0
BRDA:173,14,0,0
BRDA:173,14,1,0
BRDA:185,15,0,0
BRDA:185,15,1,0
BRDA:192,16,0,0
BRDA:192,16,1,0
BRF:36
BRH:0
end_of_record
TN:
SF:screens\Auth\AccountScreen.tsx
FN:30,AccountScreen
FN:36,(anonymous_1)
FN:37,(anonymous_2)
FN:87,(anonymous_3)
FN:103,(anonymous_4)
FN:109,(anonymous_5)
FNF:6
FNH:0
FNDA:0,AccountScreen
FNDA:0,(anonymous_1)
FNDA:0,(anonymous_2)
FNDA:0,(anonymous_3)
FNDA:0,(anonymous_4)
FNDA:0,(anonymous_5)
DA:31,0
DA:32,0
DA:33,0
DA:36,0
DA:37,0
DA:38,0
DA:39,0
DA:40,0
DA:41,0
DA:43,0
DA:47,0
DA:49,0
DA:53,0
DA:65,0
DA:87,0
DA:103,0
DA:109,0
DA:122,0
LF:18
LH:0
BRDA:45,0,0,0
BRDA:45,0,1,0
BRDA:75,1,0,0
BRDA:75,1,1,0
BRF:4
BRH:0
end_of_record
TN:
SF:screens\Auth\LoginScreen.tsx
FN:25,LoginScreen
FN:34,(anonymous_1)
FN:62,(anonymous_2)
FN:85,(anonymous_3)
FN:86,(anonymous_4)
FN:103,(anonymous_5)
FN:104,(anonymous_6)
FN:109,(anonymous_7)
FN:137,(anonymous_8)
FNF:9
FNH:0
FNDA:0,LoginScreen
FNDA:0,(anonymous_1)
FNDA:0,(anonymous_2)
FNDA:0,(anonymous_3)
FNDA:0,(anonymous_4)
FNDA:0,(anonymous_5)
FNDA:0,(anonymous_6)
FNDA:0,(anonymous_7)
FNDA:0,(anonymous_8)
DA:26,0
DA:27,0
DA:28,0
DA:29,0
DA:30,0
DA:32,0
DA:34,0
DA:35,0
DA:36,0
DA:37,0
DA:40,0
DA:41,0
DA:42,0
DA:43,0
DA:44,0
DA:46,0
DA:50,0
DA:52,0
DA:56,0
DA:62,0
DA:85,0
DA:86,0
DA:103,0
DA:104,0
DA:109,0
DA:137,0
DA:148,0
LF:27
LH:0
BRDA:35,0,0,0
BRDA:35,0,1,0
BRDA:35,1,0,0
BRDA:35,1,1,0
BRDA:43,2,0,0
BRDA:43,2,1,0
BRDA:48,3,0,0
BRDA:48,3,1,0
BRDA:48,3,2,0
BRDA:50,4,0,0
BRDA:50,4,1,0
BRDA:81,5,0,0
BRDA:81,5,1,0
BRDA:98,6,0,0
BRDA:98,6,1,0
BRDA:112,7,0,0
BRDA:112,7,1,0
BRDA:125,8,0,0
BRDA:125,8,1,0
BRF:19
BRH:0
end_of_record
TN:
SF:screens\Auth\OTPScreen.tsx
FN:25,OTPScreen
FN:34,(anonymous_1)
FN:64,(anonymous_2)
FN:86,(anonymous_3)
FN:87,(anonymous_4)
FN:106,(anonymous_5)
FNF:6
FNH:0
FNDA:0,OTPScreen
FNDA:0,(anonymous_1)
FNDA:0,(anonymous_2)
FNDA:0,(anonymous_3)
FNDA:0,(anonymous_4)
FNDA:0,(anonymous_5)
DA:26,0
DA:27,0
DA:29,0
DA:30,0
DA:31,0
DA:32,0
DA:34,0
DA:35,0
DA:36,0
DA:37,0
DA:40,0
DA:41,0
DA:42,0
DA:43,0
DA:45,0
DA:46,0
DA:48,0
DA:49,0
DA:54,0
DA:58,0
DA:64,0
DA:86,0
DA:87,0
DA:106,0
DA:117,0
LF:25
LH:0
BRDA:35,0,0,0
BRDA:35,0,1,0
BRDA:45,1,0,0
BRDA:45,1,1,0
BRDA:48,2,0,0
BRDA:48,2,1,0
BRDA:51,3,0,0
BRDA:51,3,1,0
BRDA:82,4,0,0
BRDA:82,4,1,0
BRDA:95,5,0,0
BRDA:95,5,1,0
BRF:12
BRH:0
end_of_record
TN:
SF:screens\Auth\ProfileScreen.tsx
FN:31,(anonymous_0)
FN:33,ProfileScreen
FN:58,(anonymous_2)
FN:69,(anonymous_3)
FN:76,(anonymous_4)
FN:82,(anonymous_5)
FN:98,(anonymous_6)
FN:116,(anonymous_7)
FN:142,(anonymous_8)
FN:148,(anonymous_9)
FN:174,(anonymous_10)
FN:246,(anonymous_11)
FN:269,(anonymous_12)
FN:341,(anonymous_13)
FN:344,(anonymous_14)
FN:394,(anonymous_15)
FN:437,(anonymous_16)
FN:459,(anonymous_17)
FN:481,(anonymous_18)
FN:508,(anonymous_19)
FNF:20
FNH:0
FNDA:0,(anonymous_0)
FNDA:0,ProfileScreen
FNDA:0,(anonymous_2)
FNDA:0,(anonymous_3)
FNDA:0,(anonymous_4)
FNDA:0,(anonymous_5)
FNDA:0,(anonymous_6)
FNDA:0,(anonymous_7)
FNDA:0,(anonymous_8)
FNDA:0,(anonymous_9)
FNDA:0,(anonymous_10)
FNDA:0,(anonymous_11)
FNDA:0,(anonymous_12)
FNDA:0,(anonymous_13)
FNDA:0,(anonymous_14)
FNDA:0,(anonymous_15)
FNDA:0,(anonymous_16)
FNDA:0,(anonymous_17)
FNDA:0,(anonymous_18)
FNDA:0,(anonymous_19)
DA:30,0
DA:31,0
DA:34,0
DA:35,0
DA:36,0
DA:37,0
DA:39,0
DA:40,0
DA:43,0
DA:44,0
DA:47,0
DA:48,0
DA:49,0
DA:51,0
DA:52,0
DA:53,0
DA:56,0
DA:58,0
DA:59,0
DA:60,0
DA:61,0
DA:62,0
DA:63,0
DA:65,0
DA:69,0
DA:70,0
DA:71,0
DA:72,0
DA:76,0
DA:77,0
DA:78,0
DA:79,0
DA:82,0
DA:83,0
DA:84,0
DA:85,0
DA:86,0
DA:87,0
DA:88,0
DA:89,0
DA:90,0
DA:92,0
DA:94,0
DA:98,0
DA:99,0
DA:100,0
DA:101,0
DA:103,0
DA:104,0
DA:105,0
DA:106,0
DA:107,0
DA:108,0
DA:110,0
DA:112,0
DA:116,0
DA:117,0
DA:118,0
DA:119,0
DA:121,0
DA:122,0
DA:123,0
DA:126,0
DA:127,0
DA:128,0
DA:129,0
DA:130,0
DA:131,0
DA:132,0
DA:133,0
DA:134,0
DA:136,0
DA:138,0
DA:142,0
DA:143,0
DA:144,0
DA:145,0
DA:148,0
DA:149,0
DA:152,0
DA:153,0
DA:161,0
DA:174,0
DA:246,0
DA:269,0
DA:342,0
DA:344,0
DA:394,0
DA:437,0
DA:459,0
DA:481,0
DA:508,0
LF:92
LH:0
BRDA:61,0,0,0
BRDA:61,0,1,0
BRDA:62,1,0,0
BRDA:62,1,1,0
BRDA:71,2,0,0
BRDA:71,2,1,0
BRDA:77,3,0,0
BRDA:77,3,1,0
BRDA:87,4,0,0
BRDA:87,4,1,0
BRDA:88,5,0,0
BRDA:88,5,1,0
BRDA:92,6,0,0
BRDA:92,6,1,0
BRDA:99,7,0,0
BRDA:99,7,1,0
BRDA:99,8,0,0
BRDA:99,8,1,0
BRDA:110,9,0,0
BRDA:110,9,1,0
BRDA:117,10,0,0
BRDA:117,10,1,0
BRDA:117,11,0,0
BRDA:117,11,1,0
BRDA:117,11,2,0
BRDA:121,12,0,0
BRDA:121,12,1,0
BRDA:136,13,0,0
BRDA:136,13,1,0
BRDA:152,14,0,0
BRDA:152,14,1,0
BRDA:196,15,0,0
BRDA:196,15,1,0
BRDA:200,16,0,0
BRDA:200,16,1,0
BRDA:209,17,0,0
BRDA:209,17,1,0
BRDA:353,18,0,0
BRDA:353,18,1,0
BRDA:355,19,0,0
BRDA:355,19,1,0
BRDA:441,20,0,0
BRDA:441,20,1,0
BRDA:463,21,0,0
BRDA:463,21,1,0
BRDA:485,22,0,0
BRDA:485,22,1,0
BRF:47
BRH:0
end_of_record
TN:
SF:screens\Auth\RegisterScreen.tsx
FN:25,RegisterScreen
FN:35,(anonymous_1)
FN:63,(anonymous_2)
FN:86,(anonymous_3)
FN:87,(anonymous_4)
FN:100,(anonymous_5)
FN:101,(anonymous_6)
FN:118,(anonymous_7)
FN:119,(anonymous_8)
FN:124,(anonymous_9)
FN:152,(anonymous_10)
FNF:11
FNH:0
FNDA:0,RegisterScreen
FNDA:0,(anonymous_1)
FNDA:0,(anonymous_2)
FNDA:0,(anonymous_3)
FNDA:0,(anonymous_4)
FNDA:0,(anonymous_5)
FNDA:0,(anonymous_6)
FNDA:0,(anonymous_7)
FNDA:0,(anonymous_8)
FNDA:0,(anonymous_9)
FNDA:0,(anonymous_10)
DA:26,0
DA:27,0
DA:28,0
DA:29,0
DA:30,0
DA:31,0
DA:33,0
DA:35,0
DA:36,0
DA:37,0
DA:38,0
DA:41,0
DA:42,0
DA:43,0
DA:44,0
DA:45,0
DA:47,0
DA:51,0
DA:53,0
DA:57,0
DA:63,0
DA:86,0
DA:87,0
DA:100,0
DA:101,0
DA:118,0
DA:119,0
DA:124,0
DA:152,0
DA:163,0
LF:30
LH:0
BRDA:36,0,0,0
BRDA:36,0,1,0
BRDA:36,1,0,0
BRDA:36,1,1,0
BRDA:36,1,2,0
BRDA:44,2,0,0
BRDA:44,2,1,0
BRDA:49,3,0,0
BRDA:49,3,1,0
BRDA:49,3,2,0
BRDA:51,4,0,0
BRDA:51,4,1,0
BRDA:82,5,0,0
BRDA:82,5,1,0
BRDA:96,6,0,0
BRDA:96,6,1,0
BRDA:113,7,0,0
BRDA:113,7,1,0
BRDA:127,8,0,0
BRDA:127,8,1,0
BRDA:140,9,0,0
BRDA:140,9,1,0
BRF:22
BRH:0
end_of_record
TN:
SF:screens\Auth\UserManagementScreen.tsx
FN:39,UserManagementScreen
FN:58,(anonymous_1)
FN:62,(anonymous_2)
FN:82,(anonymous_3)
FN:86,(anonymous_4)
FN:92,(anonymous_5)
FN:99,(anonymous_6)
FN:109,(anonymous_7)
FN:119,(anonymous_8)
FN:154,(anonymous_9)
FN:160,(anonymous_10)
FN:200,(anonymous_11)
FN:244,(anonymous_12)
FN:245,(anonymous_13)
FN:248,(anonymous_14)
FN:265,(anonymous_15)
FN:275,(anonymous_16)
FN:345,(anonymous_17)
FN:345,(anonymous_18)
FN:358,(anonymous_19)
FN:378,(anonymous_20)
FNF:21
FNH:0
FNDA:0,UserManagementScreen
FNDA:0,(anonymous_1)
FNDA:0,(anonymous_2)
FNDA:0,(anonymous_3)
FNDA:0,(anonymous_4)
FNDA:0,(anonymous_5)
FNDA:0,(anonymous_6)
FNDA:0,(anonymous_7)
FNDA:0,(anonymous_8)
FNDA:0,(anonymous_9)
FNDA:0,(anonymous_10)
FNDA:0,(anonymous_11)
FNDA:0,(anonymous_12)
FNDA:0,(anonymous_13)
FNDA:0,(anonymous_14)
FNDA:0,(anonymous_15)
FNDA:0,(anonymous_16)
FNDA:0,(anonymous_17)
FNDA:0,(anonymous_18)
FNDA:0,(anonymous_19)
FNDA:0,(anonymous_20)
DA:40,0
DA:41,0
DA:42,0
DA:43,0
DA:45,0
DA:46,0
DA:47,0
DA:49,0
DA:50,0
DA:51,0
DA:52,0
DA:53,0
DA:56,0
DA:58,0
DA:59,0
DA:60,0
DA:61,0
DA:62,0
DA:70,0
DA:71,0
DA:73,0
DA:78,0
DA:82,0
DA:83,0
DA:86,0
DA:87,0
DA:88,0
DA:89,0
DA:91,0
DA:92,0
DA:93,0
DA:95,0
DA:99,0
DA:100,0
DA:101,0
DA:102,0
DA:103,0
DA:104,0
DA:105,0
DA:106,0
DA:109,0
DA:110,0
DA:111,0
DA:112,0
DA:113,0
DA:114,0
DA:115,0
DA:116,0
DA:119,0
DA:120,0
DA:121,0
DA:122,0
DA:125,0
DA:126,0
DA:127,0
DA:133,0
DA:134,0
DA:135,0
DA:137,0
DA:138,0
DA:139,0
DA:141,0
DA:142,0
DA:143,0
DA:144,0
DA:146,0
DA:148,0
DA:150,0
DA:154,0
DA:155,0
DA:161,0
DA:162,0
DA:163,0
DA:164,0
DA:166,0
DA:173,0
DA:174,0
DA:182,0
DA:200,0
DA:244,0
DA:246,0
DA:248,0
DA:265,0
DA:275,0
DA:345,0
DA:359,0
DA:378,0
LF:87
LH:0
BRDA:63,0,0,0
BRDA:63,0,1,0
BRDA:63,0,2,0
BRDA:67,1,0,0
BRDA:67,1,1,0
BRDA:68,2,0,0
BRDA:68,2,1,0
BRDA:68,3,0,0
BRDA:68,3,1,0
BRDA:75,4,0,0
BRDA:75,4,1,0
BRDA:88,5,0,0
BRDA:88,5,1,0
BRDA:120,6,0,0
BRDA:120,6,1,0
BRDA:120,7,0,0
BRDA:120,7,1,0
BRDA:120,7,2,0
BRDA:120,7,3,0
BRDA:133,8,0,0
BRDA:133,8,1,0
BRDA:133,9,0,0
BRDA:133,9,1,0
BRDA:135,10,0,0
BRDA:135,10,1,0
BRDA:148,11,0,0
BRDA:148,11,1,0
BRDA:166,12,0,0
BRDA:166,12,1,0
BRDA:173,13,0,0
BRDA:173,13,1,0
BRDA:232,14,0,0
BRDA:232,14,1,0
BRDA:314,15,0,0
BRDA:314,15,1,0
BRDA:348,16,0,0
BRDA:348,16,1,0
BRDA:373,17,0,0
BRDA:373,17,1,0
BRF:39
BRH:0
end_of_record
TN:
SF:screens\ClassMember\AdminClassMemberListScreen.tsx
FN:26,AdminClassMemberListScreen
FN:31,(anonymous_1)
FN:43,(anonymous_2)
FN:47,(anonymous_3)
FN:103,(anonymous_4)
FN:125,(anonymous_5)
FNF:6
FNH:0
FNDA:0,AdminClassMemberListScreen
FNDA:0,(anonymous_1)
FNDA:0,(anonymous_2)
FNDA:0,(anonymous_3)
FNDA:0,(anonymous_4)
FNDA:0,(anonymous_5)
DA:27,0
DA:28,0
DA:29,0
DA:31,0
DA:32,0
DA:33,0
DA:34,0
DA:35,0
DA:37,0
DA:39,0
DA:43,0
DA:44,0
DA:47,0
DA:48,0
DA:77,0
DA:78,0
DA:86,0
DA:103,0
DA:125,0
LF:19
LH:0
BRDA:35,0,0,0
BRDA:35,0,1,0
BRDA:37,1,0,0
BRDA:37,1,1,0
BRDA:77,2,0,0
BRDA:77,2,1,0
BRDA:111,3,0,0
BRDA:111,3,1,0
BRF:8
BRH:0
end_of_record
TN:
SF:screens\ClassMember\CheckoutListScreen.tsx
FN:21,CheckoutListScreen
FN:26,(anonymous_1)
FN:40,(anonymous_2)
FN:44,(anonymous_3)
FN:78,(anonymous_4)
FNF:5
FNH:0
FNDA:0,CheckoutListScreen
FNDA:0,(anonymous_1)
FNDA:0,(anonymous_2)
FNDA:0,(anonymous_3)
FNDA:0,(anonymous_4)
DA:22,0
DA:23,0
DA:26,0
DA:27,0
DA:28,0
DA:29,0
DA:30,0
DA:31,0
DA:33,0
DA:34,0
DA:36,0
DA:40,0
DA:41,0
DA:44,0
DA:45,0
DA:59,0
DA:60,0
DA:68,0
DA:78,0
DA:86,0
LF:20
LH:0
BRDA:34,0,0,0
BRDA:34,0,1,0
BRDA:51,1,0,0
BRDA:51,1,1,0
BRDA:54,2,0,0
BRDA:54,2,1,0
BRDA:59,3,0,0
BRDA:59,3,1,0
BRDA:71,4,0,0
BRDA:71,4,1,0
BRF:10
BRH:0
end_of_record
TN:
SF:screens\ClassMember\StudentCourseListScreen.tsx
FN:25,StudentCourseListScreen
FN:35,(anonymous_1)
FN:50,(anonymous_2)
FN:76,(anonymous_3)
FN:80,(anonymous_4)
FN:87,(anonymous_5)
FN:95,(anonymous_6)
FN:96,(anonymous_7)
FN:97,(anonymous_8)
FN:101,(anonymous_9)
FN:106,(anonymous_10)
FN:130,(anonymous_11)
FN:133,(anonymous_12)
FN:139,(anonymous_13)
FN:143,(anonymous_14)
FN:145,(anonymous_15)
FN:153,(anonymous_16)
FN:156,(anonymous_17)
FN:293,(anonymous_18)
FN:296,(anonymous_19)
FN:338,(anonymous_20)
FN:351,(anonymous_21)
FN:362,(anonymous_22)
FN:398,(anonymous_23)
FNF:24
FNH:0
FNDA:0,StudentCourseListScreen
FNDA:0,(anonymous_1)
FNDA:0,(anonymous_2)
FNDA:0,(anonymous_3)
FNDA:0,(anonymous_4)
FNDA:0,(anonymous_5)
FNDA:0,(anonymous_6)
FNDA:0,(anonymous_7)
FNDA:0,(anonymous_8)
FNDA:0,(anonymous_9)
FNDA:0,(anonymous_10)
FNDA:0,(anonymous_11)
FNDA:0,(anonymous_12)
FNDA:0,(anonymous_13)
FNDA:0,(anonymous_14)
FNDA:0,(anonymous_15)
FNDA:0,(anonymous_16)
FNDA:0,(anonymous_17)
FNDA:0,(anonymous_18)
FNDA:0,(anonymous_19)
FNDA:0,(anonymous_20)
FNDA:0,(anonymous_21)
FNDA:0,(anonymous_22)
FNDA:0,(anonymous_23)
DA:26,0
DA:27,0
DA:28,0
DA:29,0
DA:30,0
DA:31,0
DA:32,0
DA:33,0
DA:35,0
DA:36,0
DA:37,0
DA:38,0
DA:39,0
DA:41,0
DA:42,0
DA:43,0
DA:45,0
DA:47,0
DA:50,0
DA:51,0
DA:52,0
DA:53,0
DA:55,0
DA:56,0
DA:59,0
DA:61,0
DA:63,0
DA:66,0
DA:67,0
DA:68,0
DA:70,0
DA:72,0
DA:76,0
DA:77,0
DA:80,0
DA:81,0
DA:82,0
DA:84,0
DA:85,0
DA:88,0
DA:95,0
DA:96,0
DA:97,0
DA:101,0
DA:102,0
DA:103,0
DA:106,0
DA:107,0
DA:108,0
DA:109,0
DA:113,0
DA:115,0
DA:116,0
DA:117,0
DA:118,0
DA:119,0
DA:122,0
DA:123,0
DA:125,0
DA:130,0
DA:131,0
DA:132,0
DA:134,0
DA:139,0
DA:140,0
DA:141,0
DA:143,0
DA:146,0
DA:153,0
DA:154,0
DA:155,0
DA:157,0
DA:161,0
DA:162,0
DA:170,0
DA:294,0
DA:296,0
DA:338,0
DA:352,0
DA:353,0
DA:363,0
DA:398,0
LF:82
LH:0
BRDA:39,0,0,0
BRDA:39,0,1,0
BRDA:42,1,0,0
BRDA:42,1,1,0
BRDA:43,2,0,0
BRDA:43,2,1,0
BRDA:45,3,0,0
BRDA:45,3,1,0
BRDA:51,4,0,0
BRDA:51,4,1,0
BRDA:59,5,0,0
BRDA:59,5,1,0
BRDA:66,6,0,0
BRDA:66,6,1,0
BRDA:70,7,0,0
BRDA:70,7,1,0
BRDA:81,8,0,0
BRDA:81,8,1,0
BRDA:88,9,0,0
BRDA:88,9,1,0
BRDA:97,10,0,0
BRDA:97,10,1,0
BRDA:108,11,0,0
BRDA:108,11,1,0
BRDA:117,12,0,0
BRDA:117,12,1,0
BRDA:117,13,0,0
BRDA:117,13,1,0
BRDA:134,14,0,0
BRDA:134,14,1,0
BRDA:142,15,0,0
BRDA:142,15,1,0
BRDA:157,16,0,0
BRDA:157,16,1,0
BRDA:161,17,0,0
BRDA:161,17,1,0
BRDA:192,18,0,0
BRDA:192,18,1,0
BRDA:211,19,0,0
BRDA:211,19,1,0
BRDA:248,20,0,0
BRDA:248,20,1,0
BRDA:299,21,0,0
BRDA:299,21,1,0
BRDA:307,22,0,0
BRDA:307,22,1,0
BRDA:358,23,0,0
BRDA:358,23,1,0
BRDA:358,23,2,0
BRDA:360,24,0,0
BRDA:360,24,1,0
BRDA:363,25,0,0
BRDA:363,25,1,0
BRDA:367,26,0,0
BRDA:367,26,1,0
BRDA:372,27,0,0
BRDA:372,27,1,0
BRF:57
BRH:0
end_of_record
TN:
SF:screens\ClassMember\StudentRegisteredCoursesScreen.tsx
FN:24,StudentRegisteredCoursesScreen
FN:33,(anonymous_1)
FN:41,(anonymous_2)
FN:51,(anonymous_3)
FN:64,(anonymous_4)
FN:68,(anonymous_5)
FN:78,(anonymous_6)
FN:94,(anonymous_7)
FN:100,(anonymous_8)
FN:143,(anonymous_9)
FN:152,(anonymous_10)
FN:191,(anonymous_11)
FN:210,(anonymous_12)
FN:268,(anonymous_13)
FN:327,(anonymous_14)
FNF:15
FNH:0
FNDA:0,StudentRegisteredCoursesScreen
FNDA:0,(anonymous_1)
FNDA:0,(anonymous_2)
FNDA:0,(anonymous_3)
FNDA:0,(anonymous_4)
FNDA:0,(anonymous_5)
FNDA:0,(anonymous_6)
FNDA:0,(anonymous_7)
FNDA:0,(anonymous_8)
FNDA:0,(anonymous_9)
FNDA:0,(anonymous_10)
FNDA:0,(anonymous_11)
FNDA:0,(anonymous_12)
FNDA:0,(anonymous_13)
FNDA:0,(anonymous_14)
DA:25,0
DA:26,0
DA:27,0
DA:28,0
DA:29,0
DA:30,0
DA:31,0
DA:33,0
DA:34,0
DA:35,0
DA:36,0
DA:37,0
DA:40,0
DA:41,0
DA:43,0
DA:44,0
DA:45,0
DA:46,0
DA:48,0
DA:49,0
DA:51,0
DA:52,0
DA:53,0
DA:55,0
DA:58,0
DA:60,0
DA:64,0
DA:65,0
DA:68,0
DA:69,0
DA:70,0
DA:71,0
DA:72,0
DA:74,0
DA:78,0
DA:79,0
DA:80,0
DA:81,0
DA:84,0
DA:85,0
DA:86,0
DA:87,0
DA:88,0
DA:90,0
DA:94,0
DA:95,0
DA:101,0
DA:102,0
DA:103,0
DA:104,0
DA:106,0
DA:113,0
DA:114,0
DA:122,0
DA:143,0
DA:152,0
DA:192,0
DA:193,0
DA:210,0
DA:269,0
DA:270,0
DA:327,0
LF:62
LH:0
BRDA:37,0,0,0
BRDA:37,0,1,0
BRDA:40,1,0,0
BRDA:40,1,1,0
BRDA:43,2,0,0
BRDA:43,2,1,0
BRDA:52,3,0,0
BRDA:52,3,1,0
BRDA:58,4,0,0
BRDA:58,4,1,0
BRDA:71,5,0,0
BRDA:71,5,1,0
BRDA:79,6,0,0
BRDA:79,6,1,0
BRDA:86,7,0,0
BRDA:86,7,1,0
BRDA:103,8,0,0
BRDA:103,8,1,0
BRDA:106,9,0,0
BRDA:106,9,1,0
BRDA:113,10,0,0
BRDA:113,10,1,0
BRDA:151,11,0,0
BRDA:151,11,1,0
BRDA:152,12,0,0
BRDA:152,12,1,0
BRDA:156,13,0,0
BRDA:156,13,1,0
BRDA:168,14,0,0
BRDA:168,14,1,0
BRDA:192,15,0,0
BRDA:192,15,1,0
BRDA:202,16,0,0
BRDA:202,16,1,0
BRDA:231,17,0,0
BRDA:231,17,1,0
BRDA:241,18,0,0
BRDA:241,18,1,0
BRDA:282,19,0,0
BRDA:282,19,1,0
BRF:40
BRH:0
end_of_record
TN:
SF:screens\ClassMember\TeacherStudentListScreen.tsx
FN:36,TeacherStudentListScreen
FN:46,(anonymous_1)
FN:58,(anonymous_2)
FN:62,(anonymous_3)
FN:65,(anonymous_4)
FN:101,(anonymous_5)
FN:123,(anonymous_6)
FN:146,(anonymous_7)
FN:173,(anonymous_8)
FNF:9
FNH:0
FNDA:0,TeacherStudentListScreen
FNDA:0,(anonymous_1)
FNDA:0,(anonymous_2)
FNDA:0,(anonymous_3)
FNDA:0,(anonymous_4)
FNDA:0,(anonymous_5)
FNDA:0,(anonymous_6)
FNDA:0,(anonymous_7)
FNDA:0,(anonymous_8)
DA:37,0
DA:38,0
DA:39,0
DA:40,0
DA:41,0
DA:42,0
DA:46,0
DA:47,0
DA:48,0
DA:49,0
DA:50,0
DA:52,0
DA:54,0
DA:58,0
DA:59,0
DA:62,0
DA:63,0
DA:65,0
DA:75,0
DA:76,0
DA:84,0
DA:101,0
DA:123,0
DA:146,0
DA:173,0
LF:25
LH:0
BRDA:52,0,0,0
BRDA:52,0,1,0
BRDA:75,1,0,0
BRDA:75,1,1,0
BRDA:109,2,0,0
BRDA:109,2,1,0
BRDA:141,3,0,0
BRDA:141,3,1,0
BRF:8
BRH:0
end_of_record
TN:
SF:screens\Course\AddCourseScreen.tsx
FN:54,AddCourseScreen
FN:81,(anonymous_1)
FN:82,(anonymous_2)
FN:97,(anonymous_3)
FN:104,(anonymous_4)
FN:114,(anonymous_5)
FN:121,(anonymous_6)
FN:184,(anonymous_7)
FN:211,(anonymous_8)
FN:226,(anonymous_9)
FN:229,(anonymous_10)
FN:284,(anonymous_11)
FN:287,(anonymous_12)
FN:299,(anonymous_13)
FN:304,(anonymous_14)
FN:312,(anonymous_15)
FN:327,(anonymous_16)
FN:344,(anonymous_17)
FN:363,(anonymous_18)
FN:376,(anonymous_19)
FN:393,(anonymous_20)
FN:401,(anonymous_21)
FNF:22
FNH:0
FNDA:0,AddCourseScreen
FNDA:0,(anonymous_1)
FNDA:0,(anonymous_2)
FNDA:0,(anonymous_3)
FNDA:0,(anonymous_4)
FNDA:0,(anonymous_5)
FNDA:0,(anonymous_6)
FNDA:0,(anonymous_7)
FNDA:0,(anonymous_8)
FNDA:0,(anonymous_9)
FNDA:0,(anonymous_10)
FNDA:0,(anonymous_11)
FNDA:0,(anonymous_12)
FNDA:0,(anonymous_13)
FNDA:0,(anonymous_14)
FNDA:0,(anonymous_15)
FNDA:0,(anonymous_16)
FNDA:0,(anonymous_17)
FNDA:0,(anonymous_18)
FNDA:0,(anonymous_19)
FNDA:0,(anonymous_20)
FNDA:0,(anonymous_21)
DA:55,0
DA:57,0
DA:58,0
DA:59,0
DA:60,0
DA:62,0
DA:63,0
DA:64,0
DA:65,0
DA:67,0
DA:71,0
DA:75,0
DA:81,0
DA:82,0
DA:83,0
DA:84,0
DA:88,0
DA:89,0
DA:91,0
DA:94,0
DA:97,0
DA:98,0
DA:104,0
DA:109,0
DA:110,0
DA:111,0
DA:114,0
DA:115,0
DA:116,0
DA:117,0
DA:118,0
DA:121,0
DA:122,0
DA:130,0
DA:131,0
DA:135,0
DA:136,0
DA:137,0
DA:138,0
DA:139,0
DA:143,0
DA:144,0
DA:145,0
DA:146,0
DA:149,0
DA:153,0
DA:154,0
DA:158,0
DA:159,0
DA:160,0
DA:161,0
DA:165,0
DA:166,0
DA:167,0
DA:171,0
DA:172,0
DA:182,0
DA:183,0
DA:184,0
DA:187,0
DA:191,0
DA:211,0
DA:226,0
DA:230,0
DA:284,0
DA:288,0
DA:300,0
DA:304,0
DA:313,0
DA:314,0
DA:315,0
DA:328,0
DA:345,0
DA:350,0
DA:351,0
DA:364,0
DA:377,0
DA:382,0
DA:383,0
DA:393,0
DA:401,0
DA:427,0
LF:82
LH:0
BRDA:91,0,0,0
BRDA:91,0,1,0
BRDA:122,1,0,0
BRDA:122,1,1,0
BRDA:123,2,0,0
BRDA:123,2,1,0
BRDA:123,2,2,0
BRDA:123,2,3,0
BRDA:123,2,4,0
BRDA:123,2,5,0
BRDA:137,3,0,0
BRDA:137,3,1,0
BRDA:137,4,0,0
BRDA:137,4,1,0
BRDA:137,4,2,0
BRDA:149,5,0,0
BRDA:149,5,1,0
BRDA:159,6,0,0
BRDA:159,6,1,0
BRDA:159,7,0,0
BRDA:159,7,1,0
BRDA:165,8,0,0
BRDA:165,8,1,0
BRDA:187,9,0,0
BRDA:187,9,1,0
BRDA:306,10,0,0
BRDA:306,10,1,0
BRDA:308,11,0,0
BRDA:308,11,1,0
BRDA:308,11,2,0
BRDA:311,12,0,0
BRDA:311,12,1,0
BRDA:314,13,0,0
BRDA:314,13,1,0
BRDA:335,14,0,0
BRDA:335,14,1,0
BRDA:337,15,0,0
BRDA:337,15,1,0
BRDA:337,15,2,0
BRDA:337,15,3,0
BRDA:350,16,0,0
BRDA:350,16,1,0
BRDA:367,17,0,0
BRDA:367,17,1,0
BRDA:369,18,0,0
BRDA:369,18,1,0
BRDA:369,18,2,0
BRDA:369,18,3,0
BRDA:382,19,0,0
BRDA:382,19,1,0
BRF:50
BRH:0
end_of_record
TN:
SF:screens\Course\CourseDetailScreen.tsx
FN:50,CourseDetailScreen
FN:60,(anonymous_1)
FN:84,(anonymous_2)
FN:85,(anonymous_3)
FN:95,(anonymous_4)
FN:146,(anonymous_5)
FN:197,(anonymous_6)
FN:206,(anonymous_7)
FN:216,(anonymous_8)
FNF:9
FNH:0
FNDA:0,CourseDetailScreen
FNDA:0,(anonymous_1)
FNDA:0,(anonymous_2)
FNDA:0,(anonymous_3)
FNDA:0,(anonymous_4)
FNDA:0,(anonymous_5)
FNDA:0,(anonymous_6)
FNDA:0,(anonymous_7)
FNDA:0,(anonymous_8)
DA:51,0
DA:52,0
DA:53,0
DA:55,0
DA:56,0
DA:57,0
DA:58,0
DA:60,0
DA:61,0
DA:62,0
DA:64,0
DA:65,0
DA:66,0
DA:67,0
DA:69,0
DA:72,0
DA:73,0
DA:74,0
DA:77,0
DA:78,0
DA:80,0
DA:84,0
DA:85,0
DA:86,0
DA:87,0
DA:88,0
DA:90,0
DA:95,0
DA:96,0
DA:99,0
DA:100,0
DA:108,0
DA:109,0
DA:116,0
DA:146,0
DA:198,0
DA:207,0
DA:217,0
DA:229,0
LF:39
LH:0
BRDA:64,0,0,0
BRDA:64,0,1,0
BRDA:65,1,0,0
BRDA:65,1,1,0
BRDA:66,2,0,0
BRDA:66,2,1,0
BRDA:72,3,0,0
BRDA:72,3,1,0
BRDA:77,4,0,0
BRDA:77,4,1,0
BRDA:96,5,0,0
BRDA:96,5,1,0
BRDA:99,6,0,0
BRDA:99,6,1,0
BRDA:108,7,0,0
BRDA:108,7,1,0
BRDA:180,8,0,0
BRDA:180,8,1,0
BRDA:187,9,0,0
BRDA:187,9,1,0
BRDA:212,10,0,0
BRDA:212,10,1,0
BRF:22
BRH:0
end_of_record
TN:
SF:screens\Course\CourseListScreen.tsx
FN:43,CourseListScreen
FN:61,(anonymous_1)
FN:71,(anonymous_2)
FN:97,(anonymous_3)
FN:102,(anonymous_4)
FN:111,(anonymous_5)
FN:115,(anonymous_6)
FN:123,(anonymous_7)
FN:129,(anonymous_8)
FN:215,(anonymous_9)
FN:218,(anonymous_10)
FN:253,(anonymous_11)
FN:254,(anonymous_12)
FN:257,(anonymous_13)
FN:282,(anonymous_14)
FN:295,(anonymous_15)
FN:325,(anonymous_16)
FNF:17
FNH:0
FNDA:0,CourseListScreen
FNDA:0,(anonymous_1)
FNDA:0,(anonymous_2)
FNDA:0,(anonymous_3)
FNDA:0,(anonymous_4)
FNDA:0,(anonymous_5)
FNDA:0,(anonymous_6)
FNDA:0,(anonymous_7)
FNDA:0,(anonymous_8)
FNDA:0,(anonymous_9)
FNDA:0,(anonymous_10)
FNDA:0,(anonymous_11)
FNDA:0,(anonymous_12)
FNDA:0,(anonymous_13)
FNDA:0,(anonymous_14)
FNDA:0,(anonymous_15)
FNDA:0,(anonymous_16)
DA:44,0
DA:46,0
DA:52,0
DA:53,0
DA:54,0
DA:55,0
DA:56,0
DA:61,0
DA:62,0
DA:63,0
DA:64,0
DA:66,0
DA:71,0
DA:72,0
DA:73,0
DA:74,0
DA:75,0
DA:76,0
DA:77,0
DA:78,0
DA:79,0
DA:80,0
DA:85,0
DA:86,0
DA:87,0
DA:90,0
DA:92,0
DA:97,0
DA:98,0
DA:99,0
DA:100,0
DA:101,0
DA:103,0
DA:108,0
DA:111,0
DA:112,0
DA:115,0
DA:116,0
DA:117,0
DA:118,0
DA:119,0
DA:123,0
DA:124,0
DA:130,0
DA:131,0
DA:132,0
DA:133,0
DA:135,0
DA:142,0
DA:143,0
DA:151,0
DA:216,0
DA:218,0
DA:253,0
DA:255,0
DA:258,0
DA:283,0
DA:295,0
DA:325,0
LF:59
LH:0
BRDA:66,0,0,0
BRDA:66,0,1,0
BRDA:72,1,0,0
BRDA:72,1,1,0
BRDA:75,2,0,0
BRDA:75,2,1,0
BRDA:78,3,0,0
BRDA:78,3,1,0
BRDA:81,4,0,0
BRDA:81,4,1,0
BRDA:82,5,0,0
BRDA:82,5,1,0
BRDA:83,6,0,0
BRDA:83,6,1,0
BRDA:85,7,0,0
BRDA:85,7,1,0
BRDA:90,8,0,0
BRDA:90,8,1,0
BRDA:98,9,0,0
BRDA:98,9,1,0
BRDA:99,10,0,0
BRDA:99,10,1,0
BRDA:103,11,0,0
BRDA:103,11,1,0
BRDA:103,11,2,0
BRDA:116,12,0,0
BRDA:116,12,1,0
BRDA:135,13,0,0
BRDA:135,13,1,0
BRDA:142,14,0,0
BRDA:142,14,1,0
BRDA:203,15,0,0
BRDA:203,15,1,0
BRDA:223,16,0,0
BRDA:223,16,1,0
BRDA:230,17,0,0
BRDA:230,17,1,0
BRDA:241,18,0,0
BRDA:241,18,1,0
BRDA:275,19,0,0
BRDA:275,19,1,0
BRDA:322,20,0,0
BRDA:322,20,1,0
BRF:43
BRH:0
end_of_record
TN:
SF:screens\Course\EditCourseScreen.tsx
FN:26,EditCourseScreen
FN:40,(anonymous_1)
FN:41,(anonymous_2)
FN:63,(anonymous_3)
FN:80,(anonymous_4)
FN:119,(anonymous_5)
FNF:6
FNH:0
FNDA:0,EditCourseScreen
FNDA:0,(anonymous_1)
FNDA:0,(anonymous_2)
FNDA:0,(anonymous_3)
FNDA:0,(anonymous_4)
FNDA:0,(anonymous_5)
DA:27,0
DA:28,0
DA:29,0
DA:31,0
DA:32,0
DA:33,0
DA:34,0
DA:35,0
DA:36,0
DA:37,0
DA:40,0
DA:41,0
DA:42,0
DA:43,0
DA:44,0
DA:45,0
DA:46,0
DA:47,0
DA:48,0
DA:50,0
DA:54,0
DA:56,0
DA:59,0
DA:63,0
DA:64,0
DA:65,0
DA:66,0
DA:69,0
DA:70,0
DA:71,0
DA:78,0
DA:79,0
DA:80,0
DA:83,0
DA:85,0
DA:89,0
DA:90,0
DA:98,0
DA:119,0
DA:188,0
LF:40
LH:0
BRDA:44,0,0,0
BRDA:44,0,1,0
BRDA:45,1,0,0
BRDA:45,1,1,0
BRDA:46,2,0,0
BRDA:46,2,1,0
BRDA:47,3,0,0
BRDA:47,3,1,0
BRDA:48,4,0,0
BRDA:48,4,1,0
BRDA:52,5,0,0
BRDA:52,5,1,0
BRDA:64,6,0,0
BRDA:64,6,1,0
BRDA:64,7,0,0
BRDA:64,7,1,0
BRDA:64,7,2,0
BRDA:64,7,3,0
BRDA:64,7,4,0
BRDA:83,8,0,0
BRDA:83,8,1,0
BRDA:89,9,0,0
BRDA:89,9,1,0
BRDA:181,10,0,0
BRDA:181,10,1,0
BRF:25
BRH:0
end_of_record
TN:
SF:screens\Lesson\AddLessonScreen.tsx
FN:27,AddLessonScreen
FN:39,(anonymous_1)
FN:51,(anonymous_2)
FN:56,(anonymous_3)
FN:81,(anonymous_4)
FN:137,(anonymous_5)
FNF:6
FNH:0
FNDA:0,AddLessonScreen
FNDA:0,(anonymous_1)
FNDA:0,(anonymous_2)
FNDA:0,(anonymous_3)
FNDA:0,(anonymous_4)
FNDA:0,(anonymous_5)
DA:28,0
DA:29,0
DA:30,0
DA:32,0
DA:33,0
DA:34,0
DA:35,0
DA:36,0
DA:39,0
DA:40,0
DA:41,0
DA:42,0
DA:44,0
DA:51,0
DA:52,0
DA:56,0
DA:57,0
DA:58,0
DA:63,0
DA:64,0
DA:65,0
DA:68,0
DA:69,0
DA:75,0
DA:76,0
DA:81,0
DA:82,0
DA:83,0
DA:84,0
DA:87,0
DA:88,0
DA:89,0
DA:92,0
DA:93,0
DA:94,0
DA:97,0
DA:98,0
DA:99,0
DA:106,0
DA:107,0
DA:109,0
DA:111,0
DA:115,0
DA:137,0
LF:44
LH:0
BRDA:46,0,0,0
BRDA:46,0,1,0
BRDA:63,1,0,0
BRDA:63,1,1,0
BRDA:71,2,0,0
BRDA:71,2,1,0
BRDA:72,3,0,0
BRDA:72,3,1,0
BRDA:82,4,0,0
BRDA:82,4,1,0
BRDA:82,5,0,0
BRDA:82,5,1,0
BRDA:87,6,0,0
BRDA:87,6,1,0
BRDA:87,7,0,0
BRDA:87,7,1,0
BRDA:92,8,0,0
BRDA:92,8,1,0
BRDA:109,9,0,0
BRDA:109,9,1,0
BRDA:166,10,0,0
BRDA:166,10,1,0
BRDA:179,11,0,0
BRDA:179,11,1,0
BRF:24
BRH:0
end_of_record
TN:
SF:screens\Lesson\EditLessonScreen.tsx
FN:28,EditLessonScreen
FN:40,(anonymous_1)
FN:41,fetchLesson
FN:58,(anonymous_3)
FN:88,(anonymous_4)
FN:149,(anonymous_5)
FNF:6
FNH:0
FNDA:0,EditLessonScreen
FNDA:0,(anonymous_1)
FNDA:0,fetchLesson
FNDA:0,(anonymous_3)
FNDA:0,(anonymous_4)
FNDA:0,(anonymous_5)
DA:29,0
DA:30,0
DA:31,0
DA:33,0
DA:34,0
DA:35,0
DA:36,0
DA:37,0
DA:38,0
DA:40,0
DA:42,0
DA:43,0
DA:44,0
DA:45,0
DA:46,0
DA:48,0
DA:49,0
DA:51,0
DA:54,0
DA:58,0
DA:59,0
DA:60,0
DA:66,0
DA:67,0
DA:68,0
DA:71,0
DA:72,0
DA:73,0
DA:79,0
DA:82,0
DA:83,0
DA:88,0
DA:89,0
DA:90,0
DA:91,0
DA:94,0
DA:95,0
DA:96,0
DA:101,0
DA:102,0
DA:104,0
DA:106,0
DA:110,0
DA:111,0
DA:119,0
DA:149,0
LF:46
LH:0
BRDA:44,0,0,0
BRDA:44,0,1,0
BRDA:45,1,0,0
BRDA:45,1,1,0
BRDA:46,2,0,0
BRDA:46,2,1,0
BRDA:48,3,0,0
BRDA:48,3,1,0
BRDA:66,4,0,0
BRDA:66,4,1,0
BRDA:72,5,0,0
BRDA:72,5,1,0
BRDA:75,6,0,0
BRDA:75,6,1,0
BRDA:76,7,0,0
BRDA:76,7,1,0
BRDA:89,8,0,0
BRDA:89,8,1,0
BRDA:89,9,0,0
BRDA:89,9,1,0
BRDA:99,10,0,0
BRDA:99,10,1,0
BRDA:104,11,0,0
BRDA:104,11,1,0
BRDA:110,12,0,0
BRDA:110,12,1,0
BRDA:176,13,0,0
BRDA:176,13,1,0
BRDA:186,14,0,0
BRDA:186,14,1,0
BRDA:199,15,0,0
BRDA:199,15,1,0
BRF:32
BRH:0
end_of_record
TN:
SF:screens\Lesson\LessonDetailScreen.tsx
FN:32,LessonDetailScreen
FN:40,(anonymous_1)
FN:41,fetchLesson
FN:63,(anonymous_3)
FN:68,(anonymous_4)
FN:123,(anonymous_5)
FN:153,(anonymous_6)
FNF:7
FNH:0
FNDA:0,LessonDetailScreen
FNDA:0,(anonymous_1)
FNDA:0,fetchLesson
FNDA:0,(anonymous_3)
FNDA:0,(anonymous_4)
FNDA:0,(anonymous_5)
FNDA:0,(anonymous_6)
DA:33,0
DA:34,0
DA:35,0
DA:37,0
DA:38,0
DA:40,0
DA:42,0
DA:43,0
DA:44,0
DA:46,0
DA:51,0
DA:52,0
DA:54,0
DA:55,0
DA:57,0
DA:60,0
DA:63,0
DA:64,0
DA:65,0
DA:66,0
DA:68,0
DA:69,0
DA:76,0
DA:77,0
DA:85,0
DA:86,0
DA:93,0
DA:123,0
DA:154,0
LF:29
LH:0
BRDA:48,0,0,0
BRDA:48,0,1,0
BRDA:54,1,0,0
BRDA:54,1,1,0
BRDA:64,2,0,0
BRDA:64,2,1,0
BRDA:76,3,0,0
BRDA:76,3,1,0
BRDA:85,4,0,0
BRDA:85,4,1,0
BRDA:135,5,0,0
BRDA:135,5,1,0
BRDA:139,6,0,0
BRDA:139,6,1,0
BRF:14
BRH:0
end_of_record
TN:
SF:screens\Lesson\LessonListScreen.tsx
FN:42,LessonListScreen
FN:51,(anonymous_1)
FN:67,(anonymous_2)
FN:87,(anonymous_3)
FN:93,(anonymous_4)
FN:96,(anonymous_5)
FN:96,(anonymous_6)
FN:106,(anonymous_7)
FN:149,(anonymous_8)
FN:162,(anonymous_9)
FN:181,(anonymous_10)
FN:182,(anonymous_11)
FN:187,(anonymous_12)
FN:222,(anonymous_13)
FN:237,(anonymous_14)
FNF:15
FNH:0
FNDA:0,LessonListScreen
FNDA:0,(anonymous_1)
FNDA:0,(anonymous_2)
FNDA:0,(anonymous_3)
FNDA:0,(anonymous_4)
FNDA:0,(anonymous_5)
FNDA:0,(anonymous_6)
FNDA:0,(anonymous_7)
FNDA:0,(anonymous_8)
FNDA:0,(anonymous_9)
FNDA:0,(anonymous_10)
FNDA:0,(anonymous_11)
FNDA:0,(anonymous_12)
FNDA:0,(anonymous_13)
FNDA:0,(anonymous_14)
DA:43,0
DA:44,0
DA:45,0
DA:47,0
DA:48,0
DA:49,0
DA:51,0
DA:52,0
DA:53,0
DA:54,0
DA:55,0
DA:56,0
DA:57,0
DA:59,0
DA:63,0
DA:67,0
DA:68,0
DA:69,0
DA:70,0
DA:71,0
DA:74,0
DA:75,0
DA:76,0
DA:77,0
DA:79,0
DA:81,0
DA:83,0
DA:87,0
DA:88,0
DA:94,0
DA:95,0
DA:96,0
DA:97,0
DA:99,0
DA:106,0
DA:107,0
DA:110,0
DA:111,0
DA:119,0
DA:149,0
DA:162,0
DA:181,0
DA:183,0
DA:188,0
DA:223,0
DA:237,0
LF:46
LH:0
BRDA:54,0,0,0
BRDA:54,0,1,0
BRDA:61,1,0,0
BRDA:61,1,1,0
BRDA:71,2,0,0
BRDA:71,2,1,0
BRDA:74,3,0,0
BRDA:74,3,1,0
BRDA:74,4,0,0
BRDA:74,4,1,0
BRDA:76,5,0,0
BRDA:76,5,1,0
BRDA:81,6,0,0
BRDA:81,6,1,0
BRDA:99,7,0,0
BRDA:99,7,1,0
BRDA:110,8,0,0
BRDA:110,8,1,0
BRDA:158,9,0,0
BRDA:158,9,1,0
BRDA:158,9,2,0
BRDA:169,10,0,0
BRDA:169,10,1,0
BRDA:209,11,0,0
BRDA:209,11,1,0
BRDA:214,12,0,0
BRDA:214,12,1,0
BRF:27
BRH:0
end_of_record
TN:
SF:screens\Registration\AddRegistrationScreen.tsx
FN:17,AddRegistrationScreen
FN:28,(anonymous_1)
FN:48,(anonymous_2)
FNF:3
FNH:0
FNDA:0,AddRegistrationScreen
FNDA:0,(anonymous_1)
FNDA:0,(anonymous_2)
DA:18,0
DA:19,0
DA:20,0
DA:21,0
DA:22,0
DA:24,0
DA:25,0
DA:28,0
DA:29,0
DA:30,0
DA:31,0
DA:32,0
DA:33,0
DA:34,0
DA:36,0
DA:37,0
DA:39,0
DA:40,0
DA:43,0
DA:48,0
DA:49,0
DA:50,0
DA:51,0
DA:54,0
DA:55,0
DA:62,0
DA:63,0
DA:64,0
DA:66,0
DA:70,0
DA:112,0
LF:31
LH:0
BRDA:29,0,0,0
BRDA:29,0,1,0
BRDA:32,1,0,0
BRDA:32,1,1,0
BRDA:49,2,0,0
BRDA:49,2,1,0
BRDA:49,3,0,0
BRDA:49,3,1,0
BRDA:49,3,2,0
BRDA:49,3,3,0
BRDA:63,4,0,0
BRDA:63,4,1,0
BRDA:66,5,0,0
BRDA:66,5,1,0
BRDA:103,6,0,0
BRDA:103,6,1,0
BRDA:104,7,0,0
BRDA:104,7,1,0
BRF:18
BRH:0
end_of_record
TN:
SF:screens\Registration\EditRegistrationScreen.tsx
FN:13,EditRegistrationScreen
FN:23,(anonymous_1)
FNF:2
FNH:0
FNDA:0,EditRegistrationScreen
FNDA:0,(anonymous_1)
DA:14,0
DA:17,0
DA:18,0
DA:19,0
DA:20,0
DA:23,0
DA:24,0
DA:25,0
DA:26,0
DA:29,0
DA:31,0
DA:35,0
DA:37,0
DA:41,0
DA:84,0
LF:15
LH:0
BRDA:24,0,0,0
BRDA:24,0,1,0
BRDA:24,1,0,0
BRDA:24,1,1,0
BRDA:24,1,2,0
BRDA:24,1,3,0
BRDA:37,2,0,0
BRDA:37,2,1,0
BRF:8
BRH:0
end_of_record
TN:
SF:screens\Registration\RegisterCourseDetailScreen.tsx
FN:32,RegisterCourseDetailScreen
FN:40,(anonymous_1)
FN:45,(anonymous_2)
FN:57,(anonymous_3)
FN:76,(anonymous_4)
FN:95,(anonymous_5)
FN:152,(anonymous_6)
FNF:7
FNH:0
FNDA:0,RegisterCourseDetailScreen
FNDA:0,(anonymous_1)
FNDA:0,(anonymous_2)
FNDA:0,(anonymous_3)
FNDA:0,(anonymous_4)
FNDA:0,(anonymous_5)
FNDA:0,(anonymous_6)
DA:33,0
DA:34,0
DA:35,0
DA:37,0
DA:38,0
DA:40,0
DA:41,0
DA:42,0
DA:45,0
DA:46,0
DA:47,0
DA:48,0
DA:49,0
DA:51,0
DA:53,0
DA:57,0
DA:58,0
DA:61,0
DA:62,0
DA:70,0
DA:71,0
DA:76,0
DA:83,0
DA:95,0
DA:153,0
DA:176,0
LF:26
LH:0
BRDA:41,0,0,0
BRDA:41,0,1,0
BRDA:49,1,0,0
BRDA:49,1,1,0
BRDA:51,2,0,0
BRDA:51,2,1,0
BRDA:61,3,0,0
BRDA:61,3,1,0
BRDA:70,4,0,0
BRDA:70,4,1,0
BRDA:133,5,0,0
BRDA:133,5,1,0
BRDA:138,6,0,0
BRDA:138,6,1,0
BRDA:147,7,0,0
BRDA:147,7,1,0
BRDA:147,7,2,0
BRF:17
BRH:0
end_of_record
TN:
SF:screens\Registration\RegisterTimeScreen.tsx
FN:45,RegisterTimeScreen
FN:63,(anonymous_1)
FN:68,(anonymous_2)
FN:70,(anonymous_3)
FN:71,(anonymous_4)
FN:78,(anonymous_5)
FN:84,(anonymous_6)
FN:93,(anonymous_7)
FN:109,(anonymous_8)
FN:113,(anonymous_9)
FN:132,(anonymous_10)
FN:183,(anonymous_11)
FN:202,(anonymous_12)
FN:227,(anonymous_13)
FN:250,(anonymous_14)
FN:274,(anonymous_15)
FN:291,(anonymous_16)
FN:300,(anonymous_17)
FN:309,(anonymous_18)
FN:318,(anonymous_19)
FN:348,(anonymous_20)
FNF:21
FNH:0
FNDA:0,RegisterTimeScreen
FNDA:0,(anonymous_1)
FNDA:0,(anonymous_2)
FNDA:0,(anonymous_3)
FNDA:0,(anonymous_4)
FNDA:0,(anonymous_5)
FNDA:0,(anonymous_6)
FNDA:0,(anonymous_7)
FNDA:0,(anonymous_8)
FNDA:0,(anonymous_9)
FNDA:0,(anonymous_10)
FNDA:0,(anonymous_11)
FNDA:0,(anonymous_12)
FNDA:0,(anonymous_13)
FNDA:0,(anonymous_14)
FNDA:0,(anonymous_15)
FNDA:0,(anonymous_16)
FNDA:0,(anonymous_17)
FNDA:0,(anonymous_18)
FNDA:0,(anonymous_19)
FNDA:0,(anonymous_20)
DA:46,0
DA:47,0
DA:48,0
DA:49,0
DA:50,0
DA:52,0
DA:53,0
DA:54,0
DA:55,0
DA:57,0
DA:58,0
DA:60,0
DA:61,0
DA:63,0
DA:64,0
DA:65,0
DA:68,0
DA:70,0
DA:71,0
DA:72,0
DA:73,0
DA:75,0
DA:78,0
DA:79,0
DA:80,0
DA:81,0
DA:84,0
DA:85,0
DA:92,0
DA:94,0
DA:97,0
DA:98,0
DA:101,0
DA:103,0
DA:105,0
DA:109,0
DA:110,0
DA:113,0
DA:114,0
DA:116,0
DA:117,0
DA:118,0
DA:119,0
DA:120,0
DA:121,0
DA:123,0
DA:124,0
DA:125,0
DA:126,0
DA:127,0
DA:129,0
DA:132,0
DA:133,0
DA:134,0
DA:135,0
DA:138,0
DA:139,0
DA:140,0
DA:141,0
DA:149,0
DA:151,0
DA:152,0
DA:154,0
DA:161,0
DA:163,0
DA:164,0
DA:165,0
DA:166,0
DA:168,0
DA:171,0
DA:174,0
DA:175,0
DA:177,0
DA:179,0
DA:183,0
DA:184,0
DA:202,0
DA:210,0
DA:227,0
DA:250,0
DA:274,0
DA:291,0
DA:301,0
DA:302,0
DA:309,0
DA:319,0
DA:320,0
DA:348,0
LF:88
LH:0
BRDA:73,0,0,0
BRDA:73,0,1,0
BRDA:94,1,0,0
BRDA:94,1,1,0
BRDA:97,2,0,0
BRDA:97,2,1,0
BRDA:103,3,0,0
BRDA:103,3,1,0
BRDA:110,4,0,0
BRDA:110,4,1,0
BRDA:114,5,0,0
BRDA:114,5,1,0
BRDA:133,6,0,0
BRDA:133,6,1,0
BRDA:133,7,0,0
BRDA:133,7,1,0
BRDA:140,8,0,0
BRDA:140,8,1,0
BRDA:140,9,0,0
BRDA:140,9,1,0
BRDA:161,10,0,0
BRDA:161,10,1,0
BRDA:163,11,0,0
BRDA:163,11,1,0
BRDA:177,12,0,0
BRDA:177,12,1,0
BRDA:199,13,0,0
BRDA:199,13,1,0
BRDA:199,13,2,0
BRDA:234,14,0,0
BRDA:234,14,1,0
BRDA:236,15,0,0
BRDA:236,15,1,0
BRDA:271,16,0,0
BRDA:271,16,1,0
BRDA:280,17,0,0
BRDA:280,17,1,0
BRDA:285,18,0,0
BRDA:285,18,1,0
BRDA:295,19,0,0
BRDA:295,19,1,0
BRDA:302,20,0,0
BRDA:302,20,1,0
BRDA:313,21,0,0
BRDA:313,21,1,0
BRDA:320,22,0,0
BRDA:320,22,1,0
BRF:47
BRH:0
end_of_record
TN:
SF:screens\Registration\RegistrationListScreen.tsx
FN:48,(anonymous_0)
FN:53,RegistrationListScreen
FN:63,(anonymous_2)
FN:76,(anonymous_3)
FN:81,(anonymous_4)
FN:87,(anonymous_5)
FN:94,(anonymous_6)
FN:102,(anonymous_7)
FN:105,(anonymous_8)
FN:155,(anonymous_9)
FN:183,(anonymous_10)
FN:187,(anonymous_11)
FN:215,(anonymous_12)
FNF:13
FNH:0
FNDA:0,(anonymous_0)
FNDA:0,RegistrationListScreen
FNDA:0,(anonymous_2)
FNDA:0,(anonymous_3)
FNDA:0,(anonymous_4)
FNDA:0,(anonymous_5)
FNDA:0,(anonymous_6)
FNDA:0,(anonymous_7)
FNDA:0,(anonymous_8)
FNDA:0,(anonymous_9)
FNDA:0,(anonymous_10)
FNDA:0,(anonymous_11)
FNDA:0,(anonymous_12)
DA:48,0
DA:49,0
DA:50,0
DA:54,0
DA:55,0
DA:56,0
DA:57,0
DA:60,0
DA:61,0
DA:63,0
DA:64,0
DA:65,0
DA:66,0
DA:67,0
DA:68,0
DA:70,0
DA:72,0
DA:76,0
DA:77,0
DA:81,0
DA:82,0
DA:85,0
DA:86,0
DA:87,0
DA:92,0
DA:93,0
DA:94,0
DA:95,0
DA:99,0
DA:102,0
DA:103,0
DA:106,0
DA:129,0
DA:130,0
DA:138,0
DA:155,0
DA:184,0
DA:187,0
DA:216,0
DA:225,0
DA:235,0
DA:240,0
DA:245,0
LF:43
LH:0
BRDA:49,0,0,0
BRDA:49,0,1,0
BRDA:70,1,0,0
BRDA:70,1,1,0
BRDA:85,2,0,0
BRDA:85,2,1,0
BRDA:92,3,0,0
BRDA:92,3,1,0
BRDA:123,4,0,0
BRDA:123,4,1,0
BRDA:129,5,0,0
BRDA:129,5,1,0
BRDA:186,6,0,0
BRDA:186,6,1,0
BRDA:192,7,0,0
BRDA:192,7,1,0
BRDA:203,8,0,0
BRDA:203,8,1,0
BRDA:216,9,0,0
BRDA:216,9,1,0
BRF:20
BRH:0
end_of_record
TN:
SF:screens\Schedule\EditCourseScheduleScreen.tsx
FN:38,EditCourseScheduleScreen
FN:53,(anonymous_1)
FN:68,(anonymous_2)
FN:73,(anonymous_3)
FN:84,(anonymous_4)
FN:109,(anonymous_5)
FN:144,(anonymous_6)
FN:152,(anonymous_7)
FN:160,(anonymous_8)
FN:172,(anonymous_9)
FN:184,(anonymous_10)
FN:197,(anonymous_11)
FN:205,(anonymous_12)
FN:211,(anonymous_13)
FN:229,(anonymous_14)
FN:246,(anonymous_15)
FN:268,(anonymous_16)
FNF:17
FNH:0
FNDA:0,EditCourseScheduleScreen
FNDA:0,(anonymous_1)
FNDA:0,(anonymous_2)
FNDA:0,(anonymous_3)
FNDA:0,(anonymous_4)
FNDA:0,(anonymous_5)
FNDA:0,(anonymous_6)
FNDA:0,(anonymous_7)
FNDA:0,(anonymous_8)
FNDA:0,(anonymous_9)
FNDA:0,(anonymous_10)
FNDA:0,(anonymous_11)
FNDA:0,(anonymous_12)
FNDA:0,(anonymous_13)
FNDA:0,(anonymous_14)
FNDA:0,(anonymous_15)
FNDA:0,(anonymous_16)
DA:39,0
DA:40,0
DA:41,0
DA:43,0
DA:44,0
DA:47,0
DA:48,0
DA:49,0
DA:50,0
DA:53,0
DA:54,0
DA:55,0
DA:56,0
DA:57,0
DA:58,0
DA:59,0
DA:61,0
DA:62,0
DA:64,0
DA:68,0
DA:69,0
DA:73,0
DA:78,0
DA:79,0
DA:80,0
DA:84,0
DA:85,0
DA:86,0
DA:92,0
DA:96,0
DA:98,0
DA:106,0
DA:109,0
DA:112,0
DA:116,0
DA:117,0
DA:125,0
DA:144,0
DA:153,0
DA:161,0
DA:162,0
DA:173,0
DA:174,0
DA:185,0
DA:186,0
DA:197,0
DA:205,0
DA:211,0
DA:230,0
DA:231,0
DA:232,0
DA:233,0
DA:247,0
DA:248,0
DA:249,0
DA:255,0
DA:269,0
DA:270,0
DA:271,0
DA:277,0
DA:303,0
LF:61
LH:0
BRDA:61,0,0,0
BRDA:61,0,1,0
BRDA:86,1,0,0
BRDA:86,1,1,0
BRDA:87,2,0,0
BRDA:87,2,1,0
BRDA:87,2,2,0
BRDA:87,2,3,0
BRDA:103,3,0,0
BRDA:103,3,1,0
BRDA:112,4,0,0
BRDA:112,4,1,0
BRDA:116,5,0,0
BRDA:116,5,1,0
BRDA:165,6,0,0
BRDA:165,6,1,0
BRDA:177,7,0,0
BRDA:177,7,1,0
BRDA:189,8,0,0
BRDA:189,8,1,0
BRDA:204,9,0,0
BRDA:204,9,1,0
BRDA:220,10,0,0
BRDA:220,10,1,0
BRDA:220,10,2,0
BRDA:223,11,0,0
BRDA:223,11,1,0
BRDA:231,12,0,0
BRDA:231,12,1,0
BRDA:240,13,0,0
BRDA:240,13,1,0
BRDA:240,13,2,0
BRDA:248,14,0,0
BRDA:248,14,1,0
BRDA:262,15,0,0
BRDA:262,15,1,0
BRDA:262,15,2,0
BRDA:270,16,0,0
BRDA:270,16,1,0
BRF:39
BRH:0
end_of_record
TN:
SF:screens\Schedule\ScheduleListScreen.tsx
FN:42,ScheduleListScreen
FN:51,(anonymous_1)
FN:60,(anonymous_2)
FN:66,(anonymous_3)
FN:69,(anonymous_4)
FN:84,(anonymous_5)
FN:90,(anonymous_6)
FN:103,(anonymous_7)
FN:107,(anonymous_8)
FN:141,(anonymous_9)
FN:154,(anonymous_10)
FN:156,(anonymous_11)
FN:189,(anonymous_12)
FN:199,(anonymous_13)
FN:207,(anonymous_14)
FNF:15
FNH:0
FNDA:0,ScheduleListScreen
FNDA:0,(anonymous_1)
FNDA:0,(anonymous_2)
FNDA:0,(anonymous_3)
FNDA:0,(anonymous_4)
FNDA:0,(anonymous_5)
FNDA:0,(anonymous_6)
FNDA:0,(anonymous_7)
FNDA:0,(anonymous_8)
FNDA:0,(anonymous_9)
FNDA:0,(anonymous_10)
FNDA:0,(anonymous_11)
FNDA:0,(anonymous_12)
FNDA:0,(anonymous_13)
FNDA:0,(anonymous_14)
DA:43,0
DA:44,0
DA:45,0
DA:46,0
DA:47,0
DA:48,0
DA:49,0
DA:51,0
DA:52,0
DA:53,0
DA:54,0
DA:56,0
DA:60,0
DA:61,0
DA:62,0
DA:64,0
DA:65,0
DA:66,0
DA:67,0
DA:68,0
DA:69,0
DA:70,0
DA:71,0
DA:72,0
DA:74,0
DA:76,0
DA:78,0
DA:80,0
DA:84,0
DA:85,0
DA:91,0
DA:92,0
DA:93,0
DA:94,0
DA:96,0
DA:103,0
DA:104,0
DA:107,0
DA:108,0
DA:109,0
DA:113,0
DA:114,0
DA:122,0
DA:141,0
DA:154,0
DA:157,0
DA:190,0
DA:199,0
DA:208,0
DA:230,0
LF:50
LH:0
BRDA:64,0,0,0
BRDA:64,0,1,0
BRDA:67,1,0,0
BRDA:67,1,1,0
BRDA:70,2,0,0
BRDA:70,2,1,0
BRDA:78,3,0,0
BRDA:78,3,1,0
BRDA:96,4,0,0
BRDA:96,4,1,0
BRDA:108,5,0,0
BRDA:108,5,1,0
BRDA:108,6,0,0
BRDA:108,6,1,0
BRDA:113,7,0,0
BRDA:113,7,1,0
BRDA:174,8,0,0
BRDA:174,8,1,0
BRDA:185,9,0,0
BRDA:185,9,1,0
BRF:20
BRH:0
end_of_record
TN:
SF:screens\Subject\AddSubjectScreen.tsx
FN:33,AddSubjectScreen
FN:39,(anonymous_1)
FN:52,(anonymous_2)
FN:73,(anonymous_3)
FNF:4
FNH:0
FNDA:0,AddSubjectScreen
FNDA:0,(anonymous_1)
FNDA:0,(anonymous_2)
FNDA:0,(anonymous_3)
DA:34,0
DA:35,0
DA:36,0
DA:37,0
DA:39,0
DA:40,0
DA:41,0
DA:42,0
DA:45,0
DA:46,0
DA:47,0
DA:51,0
DA:52,0
DA:55,0
DA:57,0
DA:61,0
DA:73,0
LF:17
LH:0
BRDA:40,0,0,0
BRDA:40,0,1,0
BRDA:40,1,0,0
BRDA:40,1,1,0
BRDA:55,2,0,0
BRDA:55,2,1,0
BRDA:101,3,0,0
BRDA:101,3,1,0
BRF:8
BRH:0
end_of_record
TN:
SF:screens\Subject\EditSubjectScreen.tsx
FN:27,EditSubjectScreen
FN:37,(anonymous_1)
FN:38,(anonymous_2)
FN:52,(anonymous_3)
FN:90,(anonymous_4)
FNF:5
FNH:0
FNDA:0,EditSubjectScreen
FNDA:0,(anonymous_1)
FNDA:0,(anonymous_2)
FNDA:0,(anonymous_3)
FNDA:0,(anonymous_4)
DA:28,0
DA:29,0
DA:30,0
DA:32,0
DA:33,0
DA:34,0
DA:35,0
DA:37,0
DA:38,0
DA:39,0
DA:40,0
DA:41,0
DA:42,0
DA:44,0
DA:45,0
DA:47,0
DA:52,0
DA:53,0
DA:54,0
DA:55,0
DA:58,0
DA:59,0
DA:60,0
DA:61,0
DA:62,0
DA:64,0
DA:66,0
DA:70,0
DA:71,0
DA:79,0
DA:90,0
LF:31
LH:0
BRDA:41,0,0,0
BRDA:41,0,1,0
BRDA:42,1,0,0
BRDA:42,1,1,0
BRDA:44,2,0,0
BRDA:44,2,1,0
BRDA:53,3,0,0
BRDA:53,3,1,0
BRDA:53,4,0,0
BRDA:53,4,1,0
BRDA:64,5,0,0
BRDA:64,5,1,0
BRDA:70,6,0,0
BRDA:70,6,1,0
BRDA:117,7,0,0
BRDA:117,7,1,0
BRF:16
BRH:0
end_of_record
TN:
SF:screens\Subject\SubjectListScreen.tsx
FN:40,SubjectListScreen
FN:48,(anonymous_1)
FN:61,(anonymous_2)
FN:66,(anonymous_3)
FN:72,(anonymous_4)
FN:79,(anonymous_5)
FN:85,(anonymous_6)
FN:126,(anonymous_7)
FN:154,(anonymous_8)
FN:174,(anonymous_9)
FN:175,(anonymous_10)
FN:178,(anonymous_11)
FN:200,(anonymous_12)
FN:214,(anonymous_13)
FN:252,(anonymous_14)
FN:283,(anonymous_15)
FNF:16
FNH:0
FNDA:0,SubjectListScreen
FNDA:0,(anonymous_1)
FNDA:0,(anonymous_2)
FNDA:0,(anonymous_3)
FNDA:0,(anonymous_4)
FNDA:0,(anonymous_5)
FNDA:0,(anonymous_6)
FNDA:0,(anonymous_7)
FNDA:0,(anonymous_8)
FNDA:0,(anonymous_9)
FNDA:0,(anonymous_10)
FNDA:0,(anonymous_11)
FNDA:0,(anonymous_12)
FNDA:0,(anonymous_13)
FNDA:0,(anonymous_14)
FNDA:0,(anonymous_15)
DA:41,0
DA:42,0
DA:43,0
DA:44,0
DA:45,0
DA:46,0
DA:48,0
DA:49,0
DA:50,0
DA:51,0
DA:52,0
DA:53,0
DA:55,0
DA:57,0
DA:61,0
DA:62,0
DA:63,0
DA:66,0
DA:67,0
DA:68,0
DA:69,0
DA:71,0
DA:72,0
DA:73,0
DA:75,0
DA:79,0
DA:80,0
DA:86,0
DA:87,0
DA:88,0
DA:89,0
DA:91,0
DA:98,0
DA:99,0
DA:107,0
DA:126,0
DA:154,0
DA:174,0
DA:176,0
DA:178,0
DA:201,0
DA:214,0
DA:252,0
DA:283,0
LF:44
LH:0
BRDA:55,0,0,0
BRDA:55,0,1,0
BRDA:68,1,0,0
BRDA:68,1,1,0
BRDA:91,2,0,0
BRDA:91,2,1,0
BRDA:98,3,0,0
BRDA:98,3,1,0
BRDA:160,4,0,0
BRDA:160,4,1,0
BRDA:183,5,0,0
BRDA:183,5,1,0
BRDA:247,6,0,0
BRDA:247,6,1,0
BRDA:276,7,0,0
BRDA:276,7,1,0
BRF:16
BRH:0
end_of_record
TN:
SF:screens\Submission\GradeSubmissionScreen.tsx
FN:25,GradeSubmissionScreen
FN:34,(anonymous_1)
FN:86,(anonymous_2)
FNF:3
FNH:0
FNDA:0,GradeSubmissionScreen
FNDA:0,(anonymous_1)
FNDA:0,(anonymous_2)
DA:26,0
DA:27,0
DA:28,0
DA:30,0
DA:31,0
DA:32,0
DA:34,0
DA:35,0
DA:36,0
DA:37,0
DA:40,0
DA:41,0
DA:42,0
DA:43,0
DA:46,0
DA:47,0
DA:48,0
DA:53,0
DA:57,0
DA:59,0
DA:60,0
DA:62,0
DA:66,0
DA:86,0
LF:24
LH:0
BRDA:30,0,0,0
BRDA:30,0,1,0
BRDA:31,1,0,0
BRDA:31,1,1,0
BRDA:35,2,0,0
BRDA:35,2,1,0
BRDA:41,3,0,0
BRDA:41,3,1,0
BRDA:41,4,0,0
BRDA:41,4,1,0
BRDA:41,4,2,0
BRDA:55,5,0,0
BRDA:55,5,1,0
BRDA:60,6,0,0
BRDA:60,6,1,0
BRDA:111,7,0,0
BRDA:111,7,1,0
BRF:17
BRH:0
end_of_record
TN:
SF:screens\Submission\SubmissionDetailScreen.tsx
FN:31,SubmissionDetailScreen
FN:36,(anonymous_1)
FN:38,(anonymous_2)
FN:46,(anonymous_3)
FN:72,(anonymous_4)
FN:119,(anonymous_5)
FNF:6
FNH:0
FNDA:0,SubmissionDetailScreen
FNDA:0,(anonymous_1)
FNDA:0,(anonymous_2)
FNDA:0,(anonymous_3)
FNDA:0,(anonymous_4)
FNDA:0,(anonymous_5)
DA:32,0
DA:33,0
DA:34,0
DA:36,0
DA:37,0
DA:38,0
DA:39,0
DA:42,0
DA:46,0
DA:47,0
DA:48,0
DA:49,0
DA:52,0
DA:72,0
DA:120,0
LF:15
LH:0
BRDA:37,0,0,0
BRDA:37,0,1,0
BRDA:47,1,0,0
BRDA:47,1,1,0
BRDA:88,2,0,0
BRDA:88,2,1,0
BRDA:94,3,0,0
BRDA:94,3,1,0
BRDA:97,4,0,0
BRDA:97,4,1,0
BRDA:104,5,0,0
BRDA:104,5,1,0
BRDA:106,6,0,0
BRDA:106,6,1,0
BRF:14
BRH:0
end_of_record
TN:
SF:screens\Submission\SubmitAssignmentScreen.tsx
FN:27,SubmitAssignmentScreen
FN:36,(anonymous_1)
FN:83,(anonymous_2)
FNF:3
FNH:0
FNDA:0,SubmitAssignmentScreen
FNDA:0,(anonymous_1)
FNDA:0,(anonymous_2)
DA:28,0
DA:29,0
DA:30,0
DA:32,0
DA:33,0
DA:34,0
DA:36,0
DA:37,0
DA:38,0
DA:42,0
DA:45,0
DA:46,0
DA:47,0
DA:53,0
DA:55,0
DA:56,0
DA:58,0
DA:59,0
DA:61,0
DA:65,0
DA:83,0
LF:21
LH:0
BRDA:37,0,0,0
BRDA:37,0,1,0
BRDA:37,1,0,0
BRDA:37,1,1,0
BRDA:49,2,0,0
BRDA:49,2,1,0
BRDA:50,3,0,0
BRDA:50,3,1,0
BRDA:59,4,0,0
BRDA:59,4,1,0
BRDA:108,5,0,0
BRDA:108,5,1,0
BRF:12
BRH:0
end_of_record
TN:
SF:screens\Submission\SubmittedAssignmentDetailScreen.tsx
FN:42,SubmittedAssignmentDetailScreen
FN:56,(anonymous_1)
FN:64,(anonymous_2)
FN:66,(anonymous_3)
FN:74,(anonymous_4)
FN:98,(anonymous_5)
FNF:6
FNH:0
FNDA:0,SubmittedAssignmentDetailScreen
FNDA:0,(anonymous_1)
FNDA:0,(anonymous_2)
FNDA:0,(anonymous_3)
FNDA:0,(anonymous_4)
FNDA:0,(anonymous_5)
DA:43,0
DA:44,0
DA:45,0
DA:47,0
DA:48,0
DA:56,0
DA:64,0
DA:65,0
DA:66,0
DA:67,0
DA:70,0
DA:74,0
DA:75,0
DA:76,0
DA:77,0
DA:80,0
DA:98,0
LF:17
LH:0
BRDA:47,0,0,0
BRDA:47,0,1,0
BRDA:65,1,0,0
BRDA:65,1,1,0
BRDA:75,2,0,0
BRDA:75,2,1,0
BRDA:114,3,0,0
BRDA:114,3,1,0
BRDA:120,4,0,0
BRDA:120,4,1,0
BRDA:123,5,0,0
BRDA:123,5,1,0
BRDA:138,6,0,0
BRDA:138,6,1,0
BRDA:142,7,0,0
BRDA:142,7,1,0
BRF:16
BRH:0
end_of_record
TN:
SF:screens\Submission\SubmittedAssignmentsScreen.tsx
FN:41,SubmittedAssignmentsScreen
FN:46,(anonymous_1)
FN:59,(anonymous_2)
FN:63,(anonymous_3)
FN:96,(anonymous_4)
FN:122,(anonymous_5)
FN:123,(anonymous_6)
FN:127,(anonymous_7)
FNF:8
FNH:0
FNDA:0,SubmittedAssignmentsScreen
FNDA:0,(anonymous_1)
FNDA:0,(anonymous_2)
FNDA:0,(anonymous_3)
FNDA:0,(anonymous_4)
FNDA:0,(anonymous_5)
FNDA:0,(anonymous_6)
FNDA:0,(anonymous_7)
DA:42,0
DA:43,0
DA:44,0
DA:46,0
DA:47,0
DA:48,0
DA:49,0
DA:50,0
DA:52,0
DA:53,0
DA:55,0
DA:59,0
DA:60,0
DA:63,0
DA:64,0
DA:65,0
DA:66,0
DA:69,0
DA:70,0
DA:78,0
DA:96,0
DA:122,0
DA:124,0
DA:128,0
LF:24
LH:0
BRDA:50,0,0,0
BRDA:50,0,1,0
BRDA:53,1,0,0
BRDA:53,1,1,0
BRDA:64,2,0,0
BRDA:64,2,1,0
BRDA:69,3,0,0
BRDA:69,3,1,0
BRDA:110,4,0,0
BRDA:110,4,1,0
BRDA:135,5,0,0
BRDA:135,5,1,0
BRDA:141,6,0,0
BRDA:141,6,1,0
BRF:14
BRH:0
end_of_record
TN:
SF:screens\Timetable\AdminUserListScreen.tsx
FN:23,AdminUserListScreen
FN:30,(anonymous_1)
FN:35,(anonymous_2)
FN:46,(anonymous_3)
FN:51,(anonymous_4)
FN:58,(anonymous_5)
FN:132,(anonymous_6)
FN:133,(anonymous_7)
FN:136,(anonymous_8)
FNF:9
FNH:0
FNDA:0,AdminUserListScreen
FNDA:0,(anonymous_1)
FNDA:0,(anonymous_2)
FNDA:0,(anonymous_3)
FNDA:0,(anonymous_4)
FNDA:0,(anonymous_5)
FNDA:0,(anonymous_6)
FNDA:0,(anonymous_7)
FNDA:0,(anonymous_8)
DA:24,0
DA:25,0
DA:26,0
DA:27,0
DA:28,0
DA:30,0
DA:31,0
DA:32,0
DA:33,0
DA:34,0
DA:35,0
DA:37,0
DA:38,0
DA:40,0
DA:42,0
DA:46,0
DA:47,0
DA:48,0
DA:51,0
DA:52,0
DA:53,0
DA:54,0
DA:56,0
DA:57,0
DA:58,0
DA:63,0
DA:64,0
DA:72,0
DA:132,0
DA:134,0
DA:137,0
LF:31
LH:0
BRDA:35,0,0,0
BRDA:35,0,1,0
BRDA:53,1,0,0
BRDA:53,1,1,0
BRDA:63,2,0,0
BRDA:63,2,1,0
BRDA:120,3,0,0
BRDA:120,3,1,0
BRDA:147,4,0,0
BRDA:147,4,1,0
BRF:10
BRH:0
end_of_record
TN:
SF:screens\Timetable\UserTimetableScreen.tsx
FN:35,TimetableScreen
FN:42,(anonymous_1)
FN:58,(anonymous_2)
FN:80,(anonymous_3)
FN:84,(anonymous_4)
FN:86,(anonymous_5)
FN:90,(anonymous_6)
FN:94,(anonymous_7)
FN:130,(anonymous_8)
FN:150,(anonymous_9)
FN:161,(anonymous_10)
FN:172,(anonymous_11)
FN:183,(anonymous_12)
FNF:13
FNH:10
FNDA:10,TimetableScreen
FNDA:10,(anonymous_1)
FNDA:5,(anonymous_2)
FNDA:5,(anonymous_3)
FNDA:70,(anonymous_4)
FNDA:21,(anonymous_5)
FNDA:70,(anonymous_6)
FNDA:70,(anonymous_7)
FNDA:0,(anonymous_8)
FNDA:0,(anonymous_9)
FNDA:0,(anonymous_10)
FNDA:3,(anonymous_11)
FNDA:3,(anonymous_12)
DA:36,10
DA:37,10
DA:38,10
DA:39,10
DA:40,10
DA:42,10
DA:43,10
DA:44,10
DA:45,10
DA:46,10
DA:48,10
DA:49,10
DA:50,70
DA:51,70
DA:52,70
DA:54,10
DA:56,10
DA:58,10
DA:59,5
DA:60,5
DA:61,5
DA:62,5
DA:65,5
DA:66,0
DA:67,5
DA:68,2
DA:69,3
DA:70,3
DA:72,5
DA:74,0
DA:76,5
DA:80,10
DA:81,5
DA:84,10
DA:85,70
DA:86,70
DA:89,10
DA:90,70
DA:94,70
DA:96,10
DA:97,5
DA:105,5
DA:130,0
DA:150,0
DA:161,0
DA:173,3
DA:176,3
DA:184,3
DA:220,1
LF:49
LH:44
BRDA:65,0,0,0
BRDA:65,0,1,5
BRDA:67,1,0,2
BRDA:67,1,1,3
BRDA:69,2,0,3
BRDA:69,2,1,0
BRDA:72,3,0,5
BRDA:72,3,1,2
BRDA:96,4,0,5
BRDA:96,4,1,5
BRDA:127,5,0,5
BRDA:127,5,1,0
BRDA:171,6,0,3
BRDA:171,6,1,2
BRDA:194,7,0,3
BRDA:194,7,1,0
BRDA:199,8,0,3
BRDA:199,8,1,0
BRDA:199,8,2,0
BRDA:204,9,0,3
BRDA:204,9,1,0
BRF:21
BRH:14
end_of_record
TN:
SF:services\assignment.service.ts
FN:5,(anonymous_0)
FN:18,(anonymous_1)
FN:31,(anonymous_2)
FN:51,(anonymous_3)
FN:74,(anonymous_4)
FNF:5
FNH:0
FNDA:0,(anonymous_0)
FNDA:0,(anonymous_1)
FNDA:0,(anonymous_2)
FNDA:0,(anonymous_3)
FNDA:0,(anonymous_4)
DA:3,0
DA:6,0
DA:7,0
DA:8,0
DA:9,0
DA:10,0
DA:12,0
DA:13,0
DA:19,0
DA:20,0
DA:21,0
DA:22,0
DA:23,0
DA:25,0
DA:26,0
DA:39,0
DA:40,0
DA:41,0
DA:42,0
DA:43,0
DA:45,0
DA:46,0
DA:62,0
DA:63,0
DA:64,0
DA:65,0
DA:66,0
DA:68,0
DA:69,0
DA:75,0
DA:76,0
DA:77,0
DA:78,0
DA:79,0
DA:81,0
DA:82,0
LF:36
LH:0
BRDA:12,0,0,0
BRDA:12,0,1,0
BRDA:13,1,0,0
BRDA:13,1,1,0
BRDA:25,2,0,0
BRDA:25,2,1,0
BRDA:26,3,0,0
BRDA:26,3,1,0
BRDA:45,4,0,0
BRDA:45,4,1,0
BRDA:46,5,0,0
BRDA:46,5,1,0
BRDA:68,6,0,0
BRDA:68,6,1,0
BRDA:69,7,0,0
BRDA:69,7,1,0
BRDA:81,8,0,0
BRDA:81,8,1,0
BRDA:82,9,0,0
BRDA:82,9,1,0
BRF:20
BRH:0
end_of_record
TN:
SF:services\auth.service.ts
FN:12,(anonymous_0)
FN:17,(anonymous_1)
FN:22,(anonymous_2)
FN:27,(anonymous_3)
FN:41,(anonymous_4)
FN:46,(anonymous_5)
FN:52,(anonymous_6)
FNF:7
FNH:0
FNDA:0,(anonymous_0)
FNDA:0,(anonymous_1)
FNDA:0,(anonymous_2)
FNDA:0,(anonymous_3)
FNDA:0,(anonymous_4)
FNDA:0,(anonymous_5)
FNDA:0,(anonymous_6)
DA:11,1
DA:13,0
DA:14,0
DA:18,0
DA:19,0
DA:23,0
DA:24,0
DA:28,0
DA:31,0
DA:32,0
DA:33,0
DA:34,0
DA:37,0
DA:38,0
DA:42,0
DA:43,0
DA:47,0
DA:48,0
DA:49,0
DA:53,0
DA:54,0
LF:21
LH:1
BRDA:31,0,0,0
BRDA:31,0,1,0
BRDA:33,1,0,0
BRDA:33,1,1,0
BRDA:54,2,0,0
BRDA:54,2,1,0
BRF:6
BRH:0
end_of_record
TN:
SF:services\classmember.service.ts
FN:5,(anonymous_0)
FN:21,(anonymous_1)
FN:33,(anonymous_2)
FN:43,(anonymous_3)
FN:53,(anonymous_4)
FN:63,(anonymous_5)
FN:75,(anonymous_6)
FN:85,(anonymous_7)
FN:97,(anonymous_8)
FN:107,(anonymous_9)
FN:116,(anonymous_10)
FNF:11
FNH:0
FNDA:0,(anonymous_0)
FNDA:0,(anonymous_1)
FNDA:0,(anonymous_2)
FNDA:0,(anonymous_3)
FNDA:0,(anonymous_4)
FNDA:0,(anonymous_5)
FNDA:0,(anonymous_6)
FNDA:0,(anonymous_7)
FNDA:0,(anonymous_8)
FNDA:0,(anonymous_9)
FNDA:0,(anonymous_10)
DA:3,0
DA:6,0
DA:7,0
DA:9,0
DA:14,0
DA:15,0
DA:22,0
DA:23,0
DA:24,0
DA:26,0
DA:27,0
DA:34,0
DA:35,0
DA:36,0
DA:38,0
DA:39,0
DA:44,0
DA:45,0
DA:46,0
DA:48,0
DA:49,0
DA:54,0
DA:55,0
DA:56,0
DA:58,0
DA:59,0
DA:64,0
DA:65,0
DA:66,0
DA:68,0
DA:69,0
DA:76,0
DA:77,0
DA:78,0
DA:80,0
DA:81,0
DA:86,0
DA:87,0
DA:88,0
DA:90,0
DA:91,0
DA:98,0
DA:99,0
DA:100,0
DA:102,0
DA:103,0
DA:108,0
DA:109,0
DA:110,0
DA:112,0
DA:113,0
DA:117,0
DA:118,0
DA:119,0
DA:121,0
DA:122,0
LF:56
LH:0
BRDA:10,0,0,0
BRDA:10,0,1,0
BRDA:11,1,0,0
BRDA:11,1,1,0
BRDA:11,1,2,0
BRDA:16,2,0,0
BRDA:16,2,1,0
BRDA:28,3,0,0
BRDA:28,3,1,0
BRDA:39,4,0,0
BRDA:39,4,1,0
BRDA:49,5,0,0
BRDA:49,5,1,0
BRDA:59,6,0,0
BRDA:59,6,1,0
BRDA:70,7,0,0
BRDA:70,7,1,0
BRDA:81,8,0,0
BRDA:81,8,1,0
BRDA:92,9,0,0
BRDA:92,9,1,0
BRDA:123,10,0,0
BRDA:123,10,1,0
BRF:23
BRH:0
end_of_record
TN:
SF:services\course.service.ts
FN:16,(anonymous_0)
FN:26,(anonymous_1)
FN:36,(anonymous_2)
FN:46,(anonymous_3)
FN:56,(anonymous_4)
FN:67,(anonymous_5)
FN:77,(anonymous_6)
FN:88,(anonymous_7)
FN:107,(anonymous_8)
FN:117,(anonymous_9)
FNF:10
FNH:0
FNDA:0,(anonymous_0)
FNDA:0,(anonymous_1)
FNDA:0,(anonymous_2)
FNDA:0,(anonymous_3)
FNDA:0,(anonymous_4)
FNDA:0,(anonymous_5)
FNDA:0,(anonymous_6)
FNDA:0,(anonymous_7)
FNDA:0,(anonymous_8)
FNDA:0,(anonymous_9)
DA:14,0
DA:17,0
DA:18,0
DA:19,0
DA:21,0
DA:22,0
DA:27,0
DA:28,0
DA:29,0
DA:31,0
DA:32,0
DA:37,0
DA:38,0
DA:39,0
DA:41,0
DA:42,0
DA:47,0
DA:48,0
DA:49,0
DA:51,0
DA:52,0
DA:57,0
DA:58,0
DA:59,0
DA:61,0
DA:62,0
DA:68,0
DA:69,0
DA:70,0
DA:72,0
DA:73,0
DA:78,0
DA:79,0
DA:80,0
DA:82,0
DA:83,0
DA:89,0
DA:90,0
DA:91,0
DA:92,0
DA:93,0
DA:95,0
DA:99,0
DA:108,0
DA:109,0
DA:110,0
DA:112,0
DA:113,0
DA:118,0
DA:119,0
DA:120,0
DA:122,0
DA:123,0
LF:53
LH:0
BRDA:21,0,0,0
BRDA:21,0,1,0
BRDA:22,1,0,0
BRDA:22,1,1,0
BRDA:31,2,0,0
BRDA:31,2,1,0
BRDA:32,3,0,0
BRDA:32,3,1,0
BRDA:41,4,0,0
BRDA:41,4,1,0
BRDA:42,5,0,0
BRDA:42,5,1,0
BRDA:51,6,0,0
BRDA:51,6,1,0
BRDA:52,7,0,0
BRDA:52,7,1,0
BRDA:61,8,0,0
BRDA:61,8,1,0
BRDA:62,9,0,0
BRDA:62,9,1,0
BRDA:72,10,0,0
BRDA:72,10,1,0
BRDA:73,11,0,0
BRDA:73,11,1,0
BRDA:82,12,0,0
BRDA:82,12,1,0
BRDA:83,13,0,0
BRDA:83,13,1,0
BRDA:97,14,0,0
BRDA:97,14,1,0
BRDA:100,15,0,0
BRDA:100,15,1,0
BRDA:112,16,0,0
BRDA:112,16,1,0
BRDA:113,17,0,0
BRDA:113,17,1,0
BRDA:122,18,0,0
BRDA:122,18,1,0
BRDA:123,19,0,0
BRDA:123,19,1,0
BRF:40
BRH:0
end_of_record
TN:
SF:services\courseschedule.service.ts
FN:13,(anonymous_0)
FN:23,(anonymous_1)
FN:33,(anonymous_2)
FN:43,(anonymous_3)
FN:54,(anonymous_4)
FN:65,(anonymous_5)
FN:75,(anonymous_6)
FNF:7
FNH:0
FNDA:0,(anonymous_0)
FNDA:0,(anonymous_1)
FNDA:0,(anonymous_2)
FNDA:0,(anonymous_3)
FNDA:0,(anonymous_4)
FNDA:0,(anonymous_5)
FNDA:0,(anonymous_6)
DA:11,1
DA:14,0
DA:15,0
DA:16,0
DA:18,0
DA:19,0
DA:24,0
DA:25,0
DA:26,0
DA:28,0
DA:29,0
DA:34,0
DA:35,0
DA:36,0
DA:38,0
DA:39,0
DA:44,0
DA:45,0
DA:46,0
DA:48,0
DA:49,0
DA:55,0
DA:56,0
DA:57,0
DA:59,0
DA:60,0
DA:66,0
DA:67,0
DA:68,0
DA:70,0
DA:71,0
DA:76,0
DA:77,0
DA:78,0
DA:80,0
DA:81,0
LF:36
LH:1
BRDA:18,0,0,0
BRDA:18,0,1,0
BRDA:19,1,0,0
BRDA:19,1,1,0
BRDA:28,2,0,0
BRDA:28,2,1,0
BRDA:29,3,0,0
BRDA:29,3,1,0
BRDA:38,4,0,0
BRDA:38,4,1,0
BRDA:39,5,0,0
BRDA:39,5,1,0
BRDA:48,6,0,0
BRDA:48,6,1,0
BRDA:49,7,0,0
BRDA:49,7,1,0
BRDA:59,8,0,0
BRDA:59,8,1,0
BRDA:60,9,0,0
BRDA:60,9,1,0
BRDA:70,10,0,0
BRDA:70,10,1,0
BRDA:71,11,0,0
BRDA:71,11,1,0
BRDA:80,12,0,0
BRDA:80,12,1,0
BRDA:81,13,0,0
BRDA:81,13,1,0
BRF:28
BRH:0
end_of_record
TN:
SF:services\lesson.service.ts
FN:6,(anonymous_0)
FN:16,(anonymous_1)
FN:26,(anonymous_2)
FN:36,(anonymous_3)
FN:61,(anonymous_4)
FN:76,(anonymous_5)
FNF:6
FNH:0
FNDA:0,(anonymous_0)
FNDA:0,(anonymous_1)
FNDA:0,(anonymous_2)
FNDA:0,(anonymous_3)
FNDA:0,(anonymous_4)
FNDA:0,(anonymous_5)
DA:4,0
DA:7,0
DA:8,0
DA:9,0
DA:11,0
DA:17,0
DA:18,0
DA:19,0
DA:21,0
DA:27,0
DA:28,0
DA:29,0
DA:31,0
DA:37,0
DA:38,0
DA:39,0
DA:40,0
DA:41,0
DA:43,0
DA:44,0
DA:51,0
DA:52,0
DA:54,0
DA:55,0
DA:62,0
DA:63,0
DA:64,0
DA:65,0
DA:66,0
DA:68,0
DA:69,0
DA:71,0
DA:77,0
DA:78,0
DA:79,0
DA:81,0
LF:36
LH:0
BRDA:11,0,0,0
BRDA:11,0,1,0
BRDA:21,1,0,0
BRDA:21,1,1,0
BRDA:31,2,0,0
BRDA:31,2,1,0
BRDA:43,3,0,0
BRDA:43,3,1,0
BRDA:46,4,0,0
BRDA:46,4,1,0
BRDA:47,5,0,0
BRDA:47,5,1,0
BRDA:54,6,0,0
BRDA:54,6,1,0
BRDA:55,7,0,0
BRDA:55,7,1,0
BRDA:66,8,0,0
BRDA:66,8,1,0
BRDA:71,9,0,0
BRDA:71,9,1,0
BRDA:81,10,0,0
BRDA:81,10,1,0
BRF:22
BRH:0
end_of_record
TN:
SF:services\registercourse.service.ts
FN:5,(anonymous_0)
FN:21,(anonymous_1)
FN:32,(anonymous_2)
FN:49,(anonymous_3)
FN:60,(anonymous_4)
FNF:5
FNH:0
FNDA:0,(anonymous_0)
FNDA:0,(anonymous_1)
FNDA:0,(anonymous_2)
FNDA:0,(anonymous_3)
FNDA:0,(anonymous_4)
DA:3,0
DA:11,0
DA:12,0
DA:13,0
DA:15,0
DA:16,0
DA:22,0
DA:23,0
DA:24,0
DA:26,0
DA:27,0
DA:38,0
DA:39,0
DA:40,0
DA:41,0
DA:43,0
DA:44,0
DA:50,0
DA:51,0
DA:52,0
DA:54,0
DA:55,0
DA:61,0
DA:62,0
DA:63,0
DA:65,0
DA:66,0
LF:27
LH:0
BRDA:16,0,0,0
BRDA:16,0,1,0
BRDA:24,1,0,0
BRDA:24,1,1,0
BRDA:27,2,0,0
BRDA:27,2,1,0
BRDA:44,3,0,0
BRDA:44,3,1,0
BRDA:55,4,0,0
BRDA:55,4,1,0
BRDA:66,5,0,0
BRDA:66,5,1,0
BRF:12
BRH:0
end_of_record
TN:
SF:services\subject.service.ts
FN:10,(anonymous_0)
FN:20,(anonymous_1)
FN:30,(anonymous_2)
FN:40,(anonymous_3)
FN:50,(anonymous_4)
FNF:5
FNH:0
FNDA:0,(anonymous_0)
FNDA:0,(anonymous_1)
FNDA:0,(anonymous_2)
FNDA:0,(anonymous_3)
FNDA:0,(anonymous_4)
DA:9,0
DA:11,0
DA:12,0
DA:13,0
DA:16,0
DA:21,0
DA:22,0
DA:23,0
DA:26,0
DA:31,0
DA:32,0
DA:33,0
DA:36,0
DA:41,0
DA:42,0
DA:43,0
DA:46,0
DA:51,0
DA:52,0
DA:53,0
DA:56,0
LF:21
LH:0
BRDA:16,0,0,0
BRDA:16,0,1,0
BRDA:26,1,0,0
BRDA:26,1,1,0
BRDA:36,2,0,0
BRDA:36,2,1,0
BRDA:46,3,0,0
BRDA:46,3,1,0
BRDA:56,4,0,0
BRDA:56,4,1,0
BRF:10
BRH:0
end_of_record
TN:
SF:services\submission.service.ts
FN:4,(anonymous_0)
FN:15,(anonymous_1)
FN:28,(anonymous_2)
FN:45,(anonymous_3)
FN:64,(anonymous_4)
FN:77,(anonymous_5)
FN:95,(anonymous_6)
FNF:7
FNH:0
FNDA:0,(anonymous_0)
FNDA:0,(anonymous_1)
FNDA:0,(anonymous_2)
FNDA:0,(anonymous_3)
FNDA:0,(anonymous_4)
FNDA:0,(anonymous_5)
FNDA:0,(anonymous_6)
DA:3,0
DA:5,0
DA:6,0
DA:7,0
DA:9,0
DA:10,0
DA:16,0
DA:17,0
DA:18,0
DA:19,0
DA:20,0
DA:22,0
DA:23,0
DA:33,0
DA:34,0
DA:35,0
DA:36,0
DA:37,0
DA:39,0
DA:40,0
DA:52,0
DA:53,0
DA:54,0
DA:55,0
DA:56,0
DA:58,0
DA:59,0
DA:65,0
DA:66,0
DA:67,0
DA:68,0
DA:69,0
DA:71,0
DA:72,0
DA:84,0
DA:85,0
DA:86,0
DA:87,0
DA:88,0
DA:90,0
DA:91,0
DA:96,0
DA:97,0
DA:98,0
DA:100,0
DA:102,0
DA:104,0
DA:106,0
DA:107,0
LF:49
LH:0
BRDA:9,0,0,0
BRDA:9,0,1,0
BRDA:10,1,0,0
BRDA:10,1,1,0
BRDA:22,2,0,0
BRDA:22,2,1,0
BRDA:23,3,0,0
BRDA:23,3,1,0
BRDA:39,4,0,0
BRDA:39,4,1,0
BRDA:40,5,0,0
BRDA:40,5,1,0
BRDA:58,6,0,0
BRDA:58,6,1,0
BRDA:59,7,0,0
BRDA:59,7,1,0
BRDA:71,8,0,0
BRDA:71,8,1,0
BRDA:72,9,0,0
BRDA:72,9,1,0
BRDA:90,10,0,0
BRDA:90,10,1,0
BRDA:91,11,0,0
BRDA:91,11,1,0
BRDA:100,12,0,0
BRDA:100,12,1,0
BRDA:106,13,0,0
BRDA:106,13,1,0
BRDA:107,14,0,0
BRDA:107,14,1,0
BRF:30
BRH:0
end_of_record
TN:
SF:services\user.service.ts
FN:13,(anonymous_0)
FN:24,(anonymous_1)
FN:35,(anonymous_2)
FN:46,(anonymous_3)
FN:57,(anonymous_4)
FN:68,(anonymous_5)
FN:79,(anonymous_6)
FNF:7
FNH:0
FNDA:0,(anonymous_0)
FNDA:0,(anonymous_1)
FNDA:0,(anonymous_2)
FNDA:0,(anonymous_3)
FNDA:0,(anonymous_4)
FNDA:0,(anonymous_5)
FNDA:0,(anonymous_6)
DA:11,0
DA:14,0
DA:15,0
DA:16,0
DA:18,0
DA:19,0
DA:25,0
DA:26,0
DA:27,0
DA:29,0
DA:30,0
DA:36,0
DA:37,0
DA:38,0
DA:40,0
DA:41,0
DA:47,0
DA:48,0
DA:49,0
DA:51,0
DA:52,0
DA:58,0
DA:59,0
DA:60,0
DA:62,0
DA:63,0
DA:69,0
DA:70,0
DA:71,0
DA:73,0
DA:74,0
DA:80,0
DA:81,0
DA:82,0
DA:84,0
DA:85,0
LF:36
LH:0
BRDA:18,0,0,0
BRDA:18,0,1,0
BRDA:19,1,0,0
BRDA:19,1,1,0
BRDA:29,2,0,0
BRDA:29,2,1,0
BRDA:30,3,0,0
BRDA:30,3,1,0
BRDA:40,4,0,0
BRDA:40,4,1,0
BRDA:41,5,0,0
BRDA:41,5,1,0
BRDA:51,6,0,0
BRDA:51,6,1,0
BRDA:52,7,0,0
BRDA:52,7,1,0
BRDA:62,8,0,0
BRDA:62,8,1,0
BRDA:63,9,0,0
BRDA:63,9,1,0
BRDA:71,10,0,0
BRDA:71,10,1,0
BRDA:73,11,0,0
BRDA:73,11,1,0
BRDA:74,12,0,0
BRDA:74,12,1,0
BRDA:84,13,0,0
BRDA:84,13,1,0
BRDA:85,14,0,0
BRDA:85,14,1,0
BRF:30
BRH:0
end_of_record
TN:
SF:src\config.js
FN:27,(anonymous_0)
FNF:1
FNH:0
FNDA:0,(anonymous_0)
DA:5,0
DA:6,0
DA:7,0
DA:11,0
DA:12,0
DA:15,0
DA:16,0
DA:19,0
DA:20,0
DA:24,0
DA:26,0
DA:27,0
LF:12
LH:0
BRDA:6,0,0,0
BRDA:6,0,1,0
BRDA:11,1,0,0
BRDA:11,1,1,0
BRDA:12,2,0,0
BRDA:12,2,1,0
BRDA:15,3,0,0
BRDA:15,3,1,0
BRDA:16,4,0,0
BRDA:16,4,1,0
BRDA:20,5,0,0
BRDA:20,5,1,0
BRDA:24,6,0,0
BRDA:24,6,1,0
BRF:14
BRH:0
end_of_record
TN:
SF:utils\format.ts
FN:1,(anonymous_0)
FNF:1
FNH:0
FNDA:0,(anonymous_0)
DA:1,0
DA:2,0
LF:2
LH:0
BRF:0
BRH:0
end_of_record
